#
# There is insufficient memory for the Java Runtime Environment to continue.
# Native memory allocation (malloc) failed to allocate 1956496 bytes for Chunk::new
# Possible reasons:
#   The system is out of physical RAM or swap space
#   The process is running with CompressedOops enabled, and the Java Heap may be blocking the growth of the native heap
# Possible solutions:
#   Reduce memory load on the system
#   Increase physical memory or swap space
#   Check if swap backing store is full
#   Decrease Java heap size (-Xmx/-Xms)
#   Decrease number of Java threads
#   Decrease Java thread stack sizes (-Xss)
#   Set larger code cache with -XX:ReservedCodeCacheSize=
#   JVM is running with Unscaled Compressed Oops mode in which the Java heap is
#     placed in the first 4GB address space. The Java Heap base address is the
#     maximum limit for the native heap growth. Please use -XX:HeapBaseMinAddress
#     to set the Java Heap base and to place the Java Heap above 4GB virtual address.
# This output file may be truncated or incomplete.
#
#  Out of Memory Error (arena.cpp:189), pid=20948, tid=5592
#
# JRE version: Java(TM) SE Runtime Environment (17.0.9+11) (build 17.0.9+11-LTS-201)
# Java VM: Java HotSpot(TM) 64-Bit Server VM (17.0.9+11-LTS-201, mixed mode, sharing, tiered, compressed oops, compressed class ptrs, g1 gc, windows-amd64)
# No core dump will be written. Minidumps are not enabled by default on client versions of Windows
#

---------------  S U M M A R Y ------------

Command Line: --add-opens=java.base/java.lang=ALL-UNNAMED --add-opens=java.base/java.lang.invoke=ALL-UNNAMED --add-opens=java.base/java.util=ALL-UNNAMED --add-opens=java.prefs/java.util.prefs=ALL-UNNAMED --add-exports=jdk.compiler/com.sun.tools.javac.api=ALL-UNNAMED --add-exports=jdk.compiler/com.sun.tools.javac.util=ALL-UNNAMED --add-opens=java.base/java.util=ALL-UNNAMED --add-opens=java.prefs/java.util.prefs=ALL-UNNAMED --add-opens=java.base/java.nio.charset=ALL-UNNAMED --add-opens=java.base/java.net=ALL-UNNAMED --add-opens=java.base/java.util.concurrent.atomic=ALL-UNNAMED --add-opens=java.xml/javax.xml.namespace=ALL-UNNAMED -Xmx2048m -Dfile.encoding=UTF-8 -Duser.country=US -Duser.language=en -Duser.variant -javaagent:E:\Download\gradle-8.5\wrapper\dists\gradle-8.13-bin\5xuhj0ry160q40clulazy9h7d\gradle-8.13\lib\agents\gradle-instrumentation-agent-8.13.jar org.gradle.launcher.daemon.bootstrap.GradleDaemon 8.13

Host: 11th Gen Intel(R) Core(TM) i5-11400H @ 2.70GHz, 12 cores, 15G,  Windows 11 , 64 bit Build 26100 (10.0.26100.7309)
Time: Tue Jan 13 21:35:14 2026 SE Asia Standard Time elapsed time: 6.520375 seconds (0d 0h 0m 6s)

---------------  T H R E A D  ---------------

Current thread (0x000001d7cddccc40):  JavaThread "C2 CompilerThread0" daemon [_thread_in_native, id=5592, stack(0x0000008236b00000,0x0000008236c00000)]


Current CompileTask:
C2:   6520 2299   !   4       java.lang.ClassLoader::loadClass (121 bytes)

Stack: [0x0000008236b00000,0x0000008236c00000]
Native frames: (J=compiled Java code, j=interpreted, Vv=VM code, C=native code)
V  [jvm.dll+0x678a4a]
V  [jvm.dll+0x7d9cfd]
V  [jvm.dll+0x7db60e]
V  [jvm.dll+0x7dbc73]
V  [jvm.dll+0x245e1f]
V  [jvm.dll+0xaaafb]
V  [jvm.dll+0xab09c]
V  [jvm.dll+0x36232f]
V  [jvm.dll+0x32ca01]
V  [jvm.dll+0x32be9a]
V  [jvm.dll+0x21812f]
V  [jvm.dll+0x217561]
V  [jvm.dll+0x1a3bc0]
V  [jvm.dll+0x2272de]
V  [jvm.dll+0x22548b]
V  [jvm.dll+0x78f58c]
V  [jvm.dll+0x78998a]
V  [jvm.dll+0x677875]
C  [ucrtbase.dll+0x37b0]
C  [KERNEL32.DLL+0x2e8d7]
C  [ntdll.dll+0x8c53c]


---------------  P R O C E S S  ---------------

Threads class SMR info:
_java_thread_list=0x000001d81523b330, length=25, elements={
0x000001d7af723430, 0x000001d7cddb0340, 0x000001d7cddb0e10, 0x000001d7cddc7da0,
0x000001d7cddca680, 0x000001d7cddcaf50, 0x000001d7cddcb820, 0x000001d7cddccc40,
0x000001d7cddcd550, 0x000001d81303c880, 0x000001d7cdd9ce20, 0x000001d8131d5180,
0x000001d8141bb820, 0x000001d814a62010, 0x000001d814c3e390, 0x000001d813e75500,
0x000001d813e75f20, 0x000001d813e787a0, 0x000001d813e77d80, 0x000001d813e74ff0,
0x000001d813e76940, 0x000001d813e76e50, 0x000001d813e76430, 0x000001d813e77870,
0x000001d813e77360
}

Java Threads: ( => current thread )
  0x000001d7af723430 JavaThread "main" [_thread_blocked, id=20592, stack(0x0000008235e00000,0x0000008235f00000)]
  0x000001d7cddb0340 JavaThread "Reference Handler" daemon [_thread_blocked, id=15284, stack(0x0000008236500000,0x0000008236600000)]
  0x000001d7cddb0e10 JavaThread "Finalizer" daemon [_thread_blocked, id=12784, stack(0x0000008236600000,0x0000008236700000)]
  0x000001d7cddc7da0 JavaThread "Signal Dispatcher" daemon [_thread_blocked, id=17936, stack(0x0000008236700000,0x0000008236800000)]
  0x000001d7cddca680 JavaThread "Attach Listener" daemon [_thread_blocked, id=3520, stack(0x0000008236800000,0x0000008236900000)]
  0x000001d7cddcaf50 JavaThread "Service Thread" daemon [_thread_blocked, id=5640, stack(0x0000008236900000,0x0000008236a00000)]
  0x000001d7cddcb820 JavaThread "Monitor Deflation Thread" daemon [_thread_blocked, id=17728, stack(0x0000008236a00000,0x0000008236b00000)]
=>0x000001d7cddccc40 JavaThread "C2 CompilerThread0" daemon [_thread_in_native, id=5592, stack(0x0000008236b00000,0x0000008236c00000)]
  0x000001d7cddcd550 JavaThread "C1 CompilerThread0" daemon [_thread_blocked, id=1660, stack(0x0000008236c00000,0x0000008236d00000)]
  0x000001d81303c880 JavaThread "Sweeper thread" daemon [_thread_blocked, id=20724, stack(0x0000008236d00000,0x0000008236e00000)]
  0x000001d7cdd9ce20 JavaThread "Common-Cleaner" daemon [_thread_blocked, id=17580, stack(0x0000008236e00000,0x0000008236f00000)]
  0x000001d8131d5180 JavaThread "Notification Thread" daemon [_thread_blocked, id=3472, stack(0x0000008236f00000,0x0000008237000000)]
  0x000001d8141bb820 JavaThread "Daemon health stats" [_thread_blocked, id=4448, stack(0x0000008237600000,0x0000008237700000)]
  0x000001d814a62010 JavaThread "Incoming local TCP Connector on port 52834" [_thread_in_native, id=12584, stack(0x0000008237700000,0x0000008237800000)]
  0x000001d814c3e390 JavaThread "Daemon periodic checks" [_thread_blocked, id=17632, stack(0x0000008237800000,0x0000008237900000)]
  0x000001d813e75500 JavaThread "Daemon" [_thread_blocked, id=21312, stack(0x0000008237900000,0x0000008237a00000)]
  0x000001d813e75f20 JavaThread "Handler for socket connection from /127.0.0.1:52834 to /127.0.0.1:52835" [_thread_in_native, id=16740, stack(0x0000008237a00000,0x0000008237b00000)]
  0x000001d813e787a0 JavaThread "Cancel handler" [_thread_blocked, id=9312, stack(0x0000008237b00000,0x0000008237c00000)]
  0x000001d813e77d80 JavaThread "Daemon worker" [_thread_in_native, id=11548, stack(0x0000008237c00000,0x0000008237d00000)]
  0x000001d813e74ff0 JavaThread "Asynchronous log dispatcher for DefaultDaemonConnection: socket connection from /127.0.0.1:52834 to /127.0.0.1:52835" [_thread_blocked, id=4576, stack(0x0000008237d00000,0x0000008237e00000)]
  0x000001d813e76940 JavaThread "Stdin handler" [_thread_blocked, id=12020, stack(0x0000008237e00000,0x0000008237f00000)]
  0x000001d813e76e50 JavaThread "Daemon client event forwarder" [_thread_blocked, id=1668, stack(0x0000008237f00000,0x0000008238000000)]
  0x000001d813e76430 JavaThread "Cache worker for journal cache (E:\Download\gradle-8.5\caches\journal-1)" [_thread_blocked, id=5740, stack(0x0000008238000000,0x0000008238100000)]
  0x000001d813e77870 JavaThread "File lock request listener" [_thread_in_native, id=1552, stack(0x0000008238100000,0x0000008238200000)]
  0x000001d813e77360 JavaThread "Cache worker for file hash cache (E:\Download\gradle-8.5\caches\8.13\fileHashes)" [_thread_blocked, id=20348, stack(0x0000008238200000,0x0000008238300000)]

Other Threads:
  0x000001d7cdda9cd0 VMThread "VM Thread" [stack: 0x0000008236400000,0x0000008236500000] [id=17504]
  0x000001d7af7a2560 WatcherThread [stack: 0x0000008237000000,0x0000008237100000] [id=6196]
  0x000001d7af77e990 GCTaskThread "GC Thread#0" [stack: 0x0000008235f00000,0x0000008236000000] [id=20500]
  0x000001d813461240 GCTaskThread "GC Thread#1" [stack: 0x0000008237100000,0x0000008237200000] [id=18088]
  0x000001d813594d70 GCTaskThread "GC Thread#2" [stack: 0x0000008237200000,0x0000008237300000] [id=18112]
  0x000001d8133abac0 GCTaskThread "GC Thread#3" [stack: 0x0000008237300000,0x0000008237400000] [id=10516]
  0x000001d8133abd80 GCTaskThread "GC Thread#4" [stack: 0x0000008237400000,0x0000008237500000] [id=10616]
  0x000001d8135c7630 GCTaskThread "GC Thread#5" [stack: 0x0000008237500000,0x0000008237600000] [id=12564]
  0x000001d7af790800 ConcurrentGCThread "G1 Main Marker" [stack: 0x0000008236000000,0x0000008236100000] [id=8628]
  0x000001d7af791df0 ConcurrentGCThread "G1 Conc#0" [stack: 0x0000008236100000,0x0000008236200000] [id=13432]
  0x000001d7af7eec30 ConcurrentGCThread "G1 Refine#0" [stack: 0x0000008236200000,0x0000008236300000] [id=11116]
  0x000001d7cdc69800 ConcurrentGCThread "G1 Service" [stack: 0x0000008236300000,0x0000008236400000] [id=2400]

Threads with active compile tasks:
C2 CompilerThread0     6530 2299   !   4       java.lang.ClassLoader::loadClass (121 bytes)

VM state: not at safepoint (normal execution)

VM Mutex/Monitor currently owned by a thread: None

Heap address: 0x0000000080000000, size: 2048 MB, Compressed Oops mode: 32-bit

CDS archive(s) mapped at: [0x000001d7ce000000-0x000001d7cebd0000-0x000001d7cebd0000), size 12386304, SharedBaseAddress: 0x000001d7ce000000, ArchiveRelocationMode: 1.
Compressed class space mapped at: 0x000001d7cf000000-0x000001d80f000000, reserved size: 1073741824
Narrow klass base: 0x000001d7ce000000, Narrow klass shift: 0, Narrow klass range: 0x100000000

GC Precious Log:
 CPUs: 12 total, 12 available
 Memory: 16163M
 Large Page Support: Disabled
 NUMA Support: Disabled
 Compressed Oops: Enabled (32-bit)
 Heap Region Size: 1M
 Heap Min Capacity: 8M
 Heap Initial Capacity: 254M
 Heap Max Capacity: 2G
 Pre-touch: Disabled
 Parallel Workers: 10
 Concurrent Workers: 3
 Concurrent Refinement Workers: 10
 Periodic GC: Disabled

Heap:
 garbage-first heap   total 260096K, used 71680K [0x0000000080000000, 0x0000000100000000)
  region size 1024K, 62 young (63488K), 7 survivors (7168K)
 Metaspace       used 15447K, committed 15744K, reserved 1114112K
  class space    used 2145K, committed 2304K, reserved 1048576K

Heap Regions: E=young(eden), S=young(survivor), O=old, HS=humongous(starts), HC=humongous(continues), CS=collection set, F=free, OA=open archive, CA=closed archive, TAMS=top-at-mark-start (previous, next)
|   0|0x0000000080000000, 0x0000000080100000, 0x0000000080100000|100%|HS|  |TAMS 0x0000000080000000, 0x0000000080000000| Complete 
|   1|0x0000000080100000, 0x0000000080200000, 0x0000000080200000|100%|HC|  |TAMS 0x0000000080100000, 0x0000000080100000| Complete 
|   2|0x0000000080200000, 0x0000000080300000, 0x0000000080300000|100%|HC|  |TAMS 0x0000000080200000, 0x0000000080200000| Complete 
|   3|0x0000000080300000, 0x0000000080400000, 0x0000000080400000|100%| O|  |TAMS 0x0000000080300000, 0x0000000080300000| Untracked 
|   4|0x0000000080400000, 0x0000000080500000, 0x0000000080500000|100%| O|  |TAMS 0x0000000080400000, 0x0000000080400000| Untracked 
|   5|0x0000000080500000, 0x0000000080600000, 0x0000000080600000|100%| O|  |TAMS 0x0000000080500000, 0x0000000080500000| Untracked 
|   6|0x0000000080600000, 0x0000000080700000, 0x0000000080700000|100%|HS|  |TAMS 0x0000000080600000, 0x0000000080600000| Complete 
|   7|0x0000000080700000, 0x0000000080700000, 0x0000000080800000|  0%| F|  |TAMS 0x0000000080700000, 0x0000000080700000| Untracked 
|   8|0x0000000080800000, 0x0000000080900000, 0x0000000080900000|100%| O|  |TAMS 0x0000000080800000, 0x0000000080800000| Untracked 
|   9|0x0000000080900000, 0x0000000080a00000, 0x0000000080a00000|100%| O|  |TAMS 0x0000000080900000, 0x0000000080900000| Untracked 
|  10|0x0000000080a00000, 0x0000000080a00000, 0x0000000080b00000|  0%| F|  |TAMS 0x0000000080a00000, 0x0000000080a00000| Untracked 
|  11|0x0000000080b00000, 0x0000000080b00000, 0x0000000080c00000|  0%| F|  |TAMS 0x0000000080b00000, 0x0000000080b00000| Untracked 
|  12|0x0000000080c00000, 0x0000000080c00000, 0x0000000080d00000|  0%| F|  |TAMS 0x0000000080c00000, 0x0000000080c00000| Untracked 
|  13|0x0000000080d00000, 0x0000000080d00000, 0x0000000080e00000|  0%| F|  |TAMS 0x0000000080d00000, 0x0000000080d00000| Untracked 
|  14|0x0000000080e00000, 0x0000000080e00000, 0x0000000080f00000|  0%| F|  |TAMS 0x0000000080e00000, 0x0000000080e00000| Untracked 
|  15|0x0000000080f00000, 0x0000000080f00000, 0x0000000081000000|  0%| F|  |TAMS 0x0000000080f00000, 0x0000000080f00000| Untracked 
|  16|0x0000000081000000, 0x0000000081000000, 0x0000000081100000|  0%| F|  |TAMS 0x0000000081000000, 0x0000000081000000| Untracked 
|  17|0x0000000081100000, 0x0000000081100000, 0x0000000081200000|  0%| F|  |TAMS 0x0000000081100000, 0x0000000081100000| Untracked 
|  18|0x0000000081200000, 0x0000000081200000, 0x0000000081300000|  0%| F|  |TAMS 0x0000000081200000, 0x0000000081200000| Untracked 
|  19|0x0000000081300000, 0x0000000081300000, 0x0000000081400000|  0%| F|  |TAMS 0x0000000081300000, 0x0000000081300000| Untracked 
|  20|0x0000000081400000, 0x0000000081400000, 0x0000000081500000|  0%| F|  |TAMS 0x0000000081400000, 0x0000000081400000| Untracked 
|  21|0x0000000081500000, 0x0000000081500000, 0x0000000081600000|  0%| F|  |TAMS 0x0000000081500000, 0x0000000081500000| Untracked 
|  22|0x0000000081600000, 0x0000000081600000, 0x0000000081700000|  0%| F|  |TAMS 0x0000000081600000, 0x0000000081600000| Untracked 
|  23|0x0000000081700000, 0x0000000081700000, 0x0000000081800000|  0%| F|  |TAMS 0x0000000081700000, 0x0000000081700000| Untracked 
|  24|0x0000000081800000, 0x0000000081800000, 0x0000000081900000|  0%| F|  |TAMS 0x0000000081800000, 0x0000000081800000| Untracked 
|  25|0x0000000081900000, 0x0000000081900000, 0x0000000081a00000|  0%| F|  |TAMS 0x0000000081900000, 0x0000000081900000| Untracked 
|  26|0x0000000081a00000, 0x0000000081a00000, 0x0000000081b00000|  0%| F|  |TAMS 0x0000000081a00000, 0x0000000081a00000| Untracked 
|  27|0x0000000081b00000, 0x0000000081b00000, 0x0000000081c00000|  0%| F|  |TAMS 0x0000000081b00000, 0x0000000081b00000| Untracked 
|  28|0x0000000081c00000, 0x0000000081c00000, 0x0000000081d00000|  0%| F|  |TAMS 0x0000000081c00000, 0x0000000081c00000| Untracked 
|  29|0x0000000081d00000, 0x0000000081d00000, 0x0000000081e00000|  0%| F|  |TAMS 0x0000000081d00000, 0x0000000081d00000| Untracked 
|  30|0x0000000081e00000, 0x0000000081e00000, 0x0000000081f00000|  0%| F|  |TAMS 0x0000000081e00000, 0x0000000081e00000| Untracked 
|  31|0x0000000081f00000, 0x0000000081f00000, 0x0000000082000000|  0%| F|  |TAMS 0x0000000081f00000, 0x0000000081f00000| Untracked 
|  32|0x0000000082000000, 0x0000000082000000, 0x0000000082100000|  0%| F|  |TAMS 0x0000000082000000, 0x0000000082000000| Untracked 
|  33|0x0000000082100000, 0x0000000082100000, 0x0000000082200000|  0%| F|  |TAMS 0x0000000082100000, 0x0000000082100000| Untracked 
|  34|0x0000000082200000, 0x0000000082200000, 0x0000000082300000|  0%| F|  |TAMS 0x0000000082200000, 0x0000000082200000| Untracked 
|  35|0x0000000082300000, 0x0000000082300000, 0x0000000082400000|  0%| F|  |TAMS 0x0000000082300000, 0x0000000082300000| Untracked 
|  36|0x0000000082400000, 0x0000000082400000, 0x0000000082500000|  0%| F|  |TAMS 0x0000000082400000, 0x0000000082400000| Untracked 
|  37|0x0000000082500000, 0x0000000082500000, 0x0000000082600000|  0%| F|  |TAMS 0x0000000082500000, 0x0000000082500000| Untracked 
|  38|0x0000000082600000, 0x0000000082600000, 0x0000000082700000|  0%| F|  |TAMS 0x0000000082600000, 0x0000000082600000| Untracked 
|  39|0x0000000082700000, 0x0000000082700000, 0x0000000082800000|  0%| F|  |TAMS 0x0000000082700000, 0x0000000082700000| Untracked 
|  40|0x0000000082800000, 0x0000000082800000, 0x0000000082900000|  0%| F|  |TAMS 0x0000000082800000, 0x0000000082800000| Untracked 
|  41|0x0000000082900000, 0x0000000082900000, 0x0000000082a00000|  0%| F|  |TAMS 0x0000000082900000, 0x0000000082900000| Untracked 
|  42|0x0000000082a00000, 0x0000000082a00000, 0x0000000082b00000|  0%| F|  |TAMS 0x0000000082a00000, 0x0000000082a00000| Untracked 
|  43|0x0000000082b00000, 0x0000000082b00000, 0x0000000082c00000|  0%| F|  |TAMS 0x0000000082b00000, 0x0000000082b00000| Untracked 
|  44|0x0000000082c00000, 0x0000000082c00000, 0x0000000082d00000|  0%| F|  |TAMS 0x0000000082c00000, 0x0000000082c00000| Untracked 
|  45|0x0000000082d00000, 0x0000000082d00000, 0x0000000082e00000|  0%| F|  |TAMS 0x0000000082d00000, 0x0000000082d00000| Untracked 
|  46|0x0000000082e00000, 0x0000000082e00000, 0x0000000082f00000|  0%| F|  |TAMS 0x0000000082e00000, 0x0000000082e00000| Untracked 
|  47|0x0000000082f00000, 0x0000000082f00000, 0x0000000083000000|  0%| F|  |TAMS 0x0000000082f00000, 0x0000000082f00000| Untracked 
|  48|0x0000000083000000, 0x0000000083000000, 0x0000000083100000|  0%| F|  |TAMS 0x0000000083000000, 0x0000000083000000| Untracked 
|  49|0x0000000083100000, 0x0000000083100000, 0x0000000083200000|  0%| F|  |TAMS 0x0000000083100000, 0x0000000083100000| Untracked 
|  50|0x0000000083200000, 0x0000000083200000, 0x0000000083300000|  0%| F|  |TAMS 0x0000000083200000, 0x0000000083200000| Untracked 
|  51|0x0000000083300000, 0x0000000083300000, 0x0000000083400000|  0%| F|  |TAMS 0x0000000083300000, 0x0000000083300000| Untracked 
|  52|0x0000000083400000, 0x0000000083400000, 0x0000000083500000|  0%| F|  |TAMS 0x0000000083400000, 0x0000000083400000| Untracked 
|  53|0x0000000083500000, 0x0000000083500000, 0x0000000083600000|  0%| F|  |TAMS 0x0000000083500000, 0x0000000083500000| Untracked 
|  54|0x0000000083600000, 0x0000000083600000, 0x0000000083700000|  0%| F|  |TAMS 0x0000000083600000, 0x0000000083600000| Untracked 
|  55|0x0000000083700000, 0x0000000083700000, 0x0000000083800000|  0%| F|  |TAMS 0x0000000083700000, 0x0000000083700000| Untracked 
|  56|0x0000000083800000, 0x0000000083800000, 0x0000000083900000|  0%| F|  |TAMS 0x0000000083800000, 0x0000000083800000| Untracked 
|  57|0x0000000083900000, 0x0000000083900000, 0x0000000083a00000|  0%| F|  |TAMS 0x0000000083900000, 0x0000000083900000| Untracked 
|  58|0x0000000083a00000, 0x0000000083a00000, 0x0000000083b00000|  0%| F|  |TAMS 0x0000000083a00000, 0x0000000083a00000| Untracked 
|  59|0x0000000083b00000, 0x0000000083b00000, 0x0000000083c00000|  0%| F|  |TAMS 0x0000000083b00000, 0x0000000083b00000| Untracked 
|  60|0x0000000083c00000, 0x0000000083c00000, 0x0000000083d00000|  0%| F|  |TAMS 0x0000000083c00000, 0x0000000083c00000| Untracked 
|  61|0x0000000083d00000, 0x0000000083d00000, 0x0000000083e00000|  0%| F|  |TAMS 0x0000000083d00000, 0x0000000083d00000| Untracked 
|  62|0x0000000083e00000, 0x0000000083e00000, 0x0000000083f00000|  0%| F|  |TAMS 0x0000000083e00000, 0x0000000083e00000| Untracked 
|  63|0x0000000083f00000, 0x0000000083f00000, 0x0000000084000000|  0%| F|  |TAMS 0x0000000083f00000, 0x0000000083f00000| Untracked 
|  64|0x0000000084000000, 0x0000000084000000, 0x0000000084100000|  0%| F|  |TAMS 0x0000000084000000, 0x0000000084000000| Untracked 
|  65|0x0000000084100000, 0x0000000084100000, 0x0000000084200000|  0%| F|  |TAMS 0x0000000084100000, 0x0000000084100000| Untracked 
|  66|0x0000000084200000, 0x0000000084200000, 0x0000000084300000|  0%| F|  |TAMS 0x0000000084200000, 0x0000000084200000| Untracked 
|  67|0x0000000084300000, 0x0000000084300000, 0x0000000084400000|  0%| F|  |TAMS 0x0000000084300000, 0x0000000084300000| Untracked 
|  68|0x0000000084400000, 0x0000000084400000, 0x0000000084500000|  0%| F|  |TAMS 0x0000000084400000, 0x0000000084400000| Untracked 
|  69|0x0000000084500000, 0x0000000084500000, 0x0000000084600000|  0%| F|  |TAMS 0x0000000084500000, 0x0000000084500000| Untracked 
|  70|0x0000000084600000, 0x0000000084600000, 0x0000000084700000|  0%| F|  |TAMS 0x0000000084600000, 0x0000000084600000| Untracked 
|  71|0x0000000084700000, 0x0000000084700000, 0x0000000084800000|  0%| F|  |TAMS 0x0000000084700000, 0x0000000084700000| Untracked 
|  72|0x0000000084800000, 0x0000000084800000, 0x0000000084900000|  0%| F|  |TAMS 0x0000000084800000, 0x0000000084800000| Untracked 
|  73|0x0000000084900000, 0x0000000084900000, 0x0000000084a00000|  0%| F|  |TAMS 0x0000000084900000, 0x0000000084900000| Untracked 
|  74|0x0000000084a00000, 0x0000000084a00000, 0x0000000084b00000|  0%| F|  |TAMS 0x0000000084a00000, 0x0000000084a00000| Untracked 
|  75|0x0000000084b00000, 0x0000000084b00000, 0x0000000084c00000|  0%| F|  |TAMS 0x0000000084b00000, 0x0000000084b00000| Untracked 
|  76|0x0000000084c00000, 0x0000000084c00000, 0x0000000084d00000|  0%| F|  |TAMS 0x0000000084c00000, 0x0000000084c00000| Untracked 
|  77|0x0000000084d00000, 0x0000000084d00000, 0x0000000084e00000|  0%| F|  |TAMS 0x0000000084d00000, 0x0000000084d00000| Untracked 
|  78|0x0000000084e00000, 0x0000000084e00000, 0x0000000084f00000|  0%| F|  |TAMS 0x0000000084e00000, 0x0000000084e00000| Untracked 
|  79|0x0000000084f00000, 0x0000000084f00000, 0x0000000085000000|  0%| F|  |TAMS 0x0000000084f00000, 0x0000000084f00000| Untracked 
|  80|0x0000000085000000, 0x0000000085000000, 0x0000000085100000|  0%| F|  |TAMS 0x0000000085000000, 0x0000000085000000| Untracked 
|  81|0x0000000085100000, 0x0000000085100000, 0x0000000085200000|  0%| F|  |TAMS 0x0000000085100000, 0x0000000085100000| Untracked 
|  82|0x0000000085200000, 0x0000000085200000, 0x0000000085300000|  0%| F|  |TAMS 0x0000000085200000, 0x0000000085200000| Untracked 
|  83|0x0000000085300000, 0x0000000085300000, 0x0000000085400000|  0%| F|  |TAMS 0x0000000085300000, 0x0000000085300000| Untracked 
|  84|0x0000000085400000, 0x0000000085400000, 0x0000000085500000|  0%| F|  |TAMS 0x0000000085400000, 0x0000000085400000| Untracked 
|  85|0x0000000085500000, 0x0000000085500000, 0x0000000085600000|  0%| F|  |TAMS 0x0000000085500000, 0x0000000085500000| Untracked 
|  86|0x0000000085600000, 0x0000000085600000, 0x0000000085700000|  0%| F|  |TAMS 0x0000000085600000, 0x0000000085600000| Untracked 
|  87|0x0000000085700000, 0x0000000085700000, 0x0000000085800000|  0%| F|  |TAMS 0x0000000085700000, 0x0000000085700000| Untracked 
|  88|0x0000000085800000, 0x0000000085800000, 0x0000000085900000|  0%| F|  |TAMS 0x0000000085800000, 0x0000000085800000| Untracked 
|  89|0x0000000085900000, 0x0000000085900000, 0x0000000085a00000|  0%| F|  |TAMS 0x0000000085900000, 0x0000000085900000| Untracked 
|  90|0x0000000085a00000, 0x0000000085a00000, 0x0000000085b00000|  0%| F|  |TAMS 0x0000000085a00000, 0x0000000085a00000| Untracked 
|  91|0x0000000085b00000, 0x0000000085b00000, 0x0000000085c00000|  0%| F|  |TAMS 0x0000000085b00000, 0x0000000085b00000| Untracked 
|  92|0x0000000085c00000, 0x0000000085c00000, 0x0000000085d00000|  0%| F|  |TAMS 0x0000000085c00000, 0x0000000085c00000| Untracked 
|  93|0x0000000085d00000, 0x0000000085d00000, 0x0000000085e00000|  0%| F|  |TAMS 0x0000000085d00000, 0x0000000085d00000| Untracked 
|  94|0x0000000085e00000, 0x0000000085e00000, 0x0000000085f00000|  0%| F|  |TAMS 0x0000000085e00000, 0x0000000085e00000| Untracked 
|  95|0x0000000085f00000, 0x0000000085f00000, 0x0000000086000000|  0%| F|  |TAMS 0x0000000085f00000, 0x0000000085f00000| Untracked 
|  96|0x0000000086000000, 0x0000000086000000, 0x0000000086100000|  0%| F|  |TAMS 0x0000000086000000, 0x0000000086000000| Untracked 
|  97|0x0000000086100000, 0x0000000086100000, 0x0000000086200000|  0%| F|  |TAMS 0x0000000086100000, 0x0000000086100000| Untracked 
|  98|0x0000000086200000, 0x0000000086200000, 0x0000000086300000|  0%| F|  |TAMS 0x0000000086200000, 0x0000000086200000| Untracked 
|  99|0x0000000086300000, 0x0000000086300000, 0x0000000086400000|  0%| F|  |TAMS 0x0000000086300000, 0x0000000086300000| Untracked 
| 100|0x0000000086400000, 0x0000000086400000, 0x0000000086500000|  0%| F|  |TAMS 0x0000000086400000, 0x0000000086400000| Untracked 
| 101|0x0000000086500000, 0x0000000086500000, 0x0000000086600000|  0%| F|  |TAMS 0x0000000086500000, 0x0000000086500000| Untracked 
| 102|0x0000000086600000, 0x0000000086600000, 0x0000000086700000|  0%| F|  |TAMS 0x0000000086600000, 0x0000000086600000| Untracked 
| 103|0x0000000086700000, 0x0000000086700000, 0x0000000086800000|  0%| F|  |TAMS 0x0000000086700000, 0x0000000086700000| Untracked 
| 104|0x0000000086800000, 0x0000000086800000, 0x0000000086900000|  0%| F|  |TAMS 0x0000000086800000, 0x0000000086800000| Untracked 
| 105|0x0000000086900000, 0x0000000086900000, 0x0000000086a00000|  0%| F|  |TAMS 0x0000000086900000, 0x0000000086900000| Untracked 
| 106|0x0000000086a00000, 0x0000000086a00000, 0x0000000086b00000|  0%| F|  |TAMS 0x0000000086a00000, 0x0000000086a00000| Untracked 
| 107|0x0000000086b00000, 0x0000000086b00000, 0x0000000086c00000|  0%| F|  |TAMS 0x0000000086b00000, 0x0000000086b00000| Untracked 
| 108|0x0000000086c00000, 0x0000000086c00000, 0x0000000086d00000|  0%| F|  |TAMS 0x0000000086c00000, 0x0000000086c00000| Untracked 
| 109|0x0000000086d00000, 0x0000000086d00000, 0x0000000086e00000|  0%| F|  |TAMS 0x0000000086d00000, 0x0000000086d00000| Untracked 
| 110|0x0000000086e00000, 0x0000000086e00000, 0x0000000086f00000|  0%| F|  |TAMS 0x0000000086e00000, 0x0000000086e00000| Untracked 
| 111|0x0000000086f00000, 0x0000000086f00000, 0x0000000087000000|  0%| F|  |TAMS 0x0000000086f00000, 0x0000000086f00000| Untracked 
| 112|0x0000000087000000, 0x0000000087000000, 0x0000000087100000|  0%| F|  |TAMS 0x0000000087000000, 0x0000000087000000| Untracked 
| 113|0x0000000087100000, 0x0000000087100000, 0x0000000087200000|  0%| F|  |TAMS 0x0000000087100000, 0x0000000087100000| Untracked 
| 114|0x0000000087200000, 0x0000000087200000, 0x0000000087300000|  0%| F|  |TAMS 0x0000000087200000, 0x0000000087200000| Untracked 
| 115|0x0000000087300000, 0x0000000087300000, 0x0000000087400000|  0%| F|  |TAMS 0x0000000087300000, 0x0000000087300000| Untracked 
| 116|0x0000000087400000, 0x0000000087400000, 0x0000000087500000|  0%| F|  |TAMS 0x0000000087400000, 0x0000000087400000| Untracked 
| 117|0x0000000087500000, 0x0000000087500000, 0x0000000087600000|  0%| F|  |TAMS 0x0000000087500000, 0x0000000087500000| Untracked 
| 118|0x0000000087600000, 0x0000000087600000, 0x0000000087700000|  0%| F|  |TAMS 0x0000000087600000, 0x0000000087600000| Untracked 
| 119|0x0000000087700000, 0x0000000087700000, 0x0000000087800000|  0%| F|  |TAMS 0x0000000087700000, 0x0000000087700000| Untracked 
| 120|0x0000000087800000, 0x0000000087800000, 0x0000000087900000|  0%| F|  |TAMS 0x0000000087800000, 0x0000000087800000| Untracked 
| 121|0x0000000087900000, 0x0000000087900000, 0x0000000087a00000|  0%| F|  |TAMS 0x0000000087900000, 0x0000000087900000| Untracked 
| 122|0x0000000087a00000, 0x0000000087a00000, 0x0000000087b00000|  0%| F|  |TAMS 0x0000000087a00000, 0x0000000087a00000| Untracked 
| 123|0x0000000087b00000, 0x0000000087b00000, 0x0000000087c00000|  0%| F|  |TAMS 0x0000000087b00000, 0x0000000087b00000| Untracked 
| 124|0x0000000087c00000, 0x0000000087c00000, 0x0000000087d00000|  0%| F|  |TAMS 0x0000000087c00000, 0x0000000087c00000| Untracked 
| 125|0x0000000087d00000, 0x0000000087d00000, 0x0000000087e00000|  0%| F|  |TAMS 0x0000000087d00000, 0x0000000087d00000| Untracked 
| 126|0x0000000087e00000, 0x0000000087e00000, 0x0000000087f00000|  0%| F|  |TAMS 0x0000000087e00000, 0x0000000087e00000| Untracked 
| 127|0x0000000087f00000, 0x0000000087f00000, 0x0000000088000000|  0%| F|  |TAMS 0x0000000087f00000, 0x0000000087f00000| Untracked 
| 128|0x0000000088000000, 0x0000000088000000, 0x0000000088100000|  0%| F|  |TAMS 0x0000000088000000, 0x0000000088000000| Untracked 
| 129|0x0000000088100000, 0x0000000088100000, 0x0000000088200000|  0%| F|  |TAMS 0x0000000088100000, 0x0000000088100000| Untracked 
| 130|0x0000000088200000, 0x0000000088200000, 0x0000000088300000|  0%| F|  |TAMS 0x0000000088200000, 0x0000000088200000| Untracked 
| 131|0x0000000088300000, 0x0000000088300000, 0x0000000088400000|  0%| F|  |TAMS 0x0000000088300000, 0x0000000088300000| Untracked 
| 132|0x0000000088400000, 0x0000000088400000, 0x0000000088500000|  0%| F|  |TAMS 0x0000000088400000, 0x0000000088400000| Untracked 
| 133|0x0000000088500000, 0x0000000088500000, 0x0000000088600000|  0%| F|  |TAMS 0x0000000088500000, 0x0000000088500000| Untracked 
| 134|0x0000000088600000, 0x0000000088600000, 0x0000000088700000|  0%| F|  |TAMS 0x0000000088600000, 0x0000000088600000| Untracked 
| 135|0x0000000088700000, 0x0000000088700000, 0x0000000088800000|  0%| F|  |TAMS 0x0000000088700000, 0x0000000088700000| Untracked 
| 136|0x0000000088800000, 0x0000000088800000, 0x0000000088900000|  0%| F|  |TAMS 0x0000000088800000, 0x0000000088800000| Untracked 
| 137|0x0000000088900000, 0x0000000088900000, 0x0000000088a00000|  0%| F|  |TAMS 0x0000000088900000, 0x0000000088900000| Untracked 
| 138|0x0000000088a00000, 0x0000000088a00000, 0x0000000088b00000|  0%| F|  |TAMS 0x0000000088a00000, 0x0000000088a00000| Untracked 
| 139|0x0000000088b00000, 0x0000000088b00000, 0x0000000088c00000|  0%| F|  |TAMS 0x0000000088b00000, 0x0000000088b00000| Untracked 
| 140|0x0000000088c00000, 0x0000000088c00000, 0x0000000088d00000|  0%| F|  |TAMS 0x0000000088c00000, 0x0000000088c00000| Untracked 
| 141|0x0000000088d00000, 0x0000000088d00000, 0x0000000088e00000|  0%| F|  |TAMS 0x0000000088d00000, 0x0000000088d00000| Untracked 
| 142|0x0000000088e00000, 0x0000000088e00000, 0x0000000088f00000|  0%| F|  |TAMS 0x0000000088e00000, 0x0000000088e00000| Untracked 
| 143|0x0000000088f00000, 0x0000000088f00000, 0x0000000089000000|  0%| F|  |TAMS 0x0000000088f00000, 0x0000000088f00000| Untracked 
| 144|0x0000000089000000, 0x0000000089000000, 0x0000000089100000|  0%| F|  |TAMS 0x0000000089000000, 0x0000000089000000| Untracked 
| 145|0x0000000089100000, 0x0000000089100000, 0x0000000089200000|  0%| F|  |TAMS 0x0000000089100000, 0x0000000089100000| Untracked 
| 146|0x0000000089200000, 0x0000000089200000, 0x0000000089300000|  0%| F|  |TAMS 0x0000000089200000, 0x0000000089200000| Untracked 
| 147|0x0000000089300000, 0x0000000089300000, 0x0000000089400000|  0%| F|  |TAMS 0x0000000089300000, 0x0000000089300000| Untracked 
| 148|0x0000000089400000, 0x0000000089400000, 0x0000000089500000|  0%| F|  |TAMS 0x0000000089400000, 0x0000000089400000| Untracked 
| 149|0x0000000089500000, 0x0000000089500000, 0x0000000089600000|  0%| F|  |TAMS 0x0000000089500000, 0x0000000089500000| Untracked 
| 150|0x0000000089600000, 0x0000000089600000, 0x0000000089700000|  0%| F|  |TAMS 0x0000000089600000, 0x0000000089600000| Untracked 
| 151|0x0000000089700000, 0x0000000089700000, 0x0000000089800000|  0%| F|  |TAMS 0x0000000089700000, 0x0000000089700000| Untracked 
| 152|0x0000000089800000, 0x0000000089800000, 0x0000000089900000|  0%| F|  |TAMS 0x0000000089800000, 0x0000000089800000| Untracked 
| 153|0x0000000089900000, 0x0000000089900000, 0x0000000089a00000|  0%| F|  |TAMS 0x0000000089900000, 0x0000000089900000| Untracked 
| 154|0x0000000089a00000, 0x0000000089a00000, 0x0000000089b00000|  0%| F|  |TAMS 0x0000000089a00000, 0x0000000089a00000| Untracked 
| 155|0x0000000089b00000, 0x0000000089b00000, 0x0000000089c00000|  0%| F|  |TAMS 0x0000000089b00000, 0x0000000089b00000| Untracked 
| 156|0x0000000089c00000, 0x0000000089c00000, 0x0000000089d00000|  0%| F|  |TAMS 0x0000000089c00000, 0x0000000089c00000| Untracked 
| 157|0x0000000089d00000, 0x0000000089d00000, 0x0000000089e00000|  0%| F|  |TAMS 0x0000000089d00000, 0x0000000089d00000| Untracked 
| 158|0x0000000089e00000, 0x0000000089e00000, 0x0000000089f00000|  0%| F|  |TAMS 0x0000000089e00000, 0x0000000089e00000| Untracked 
| 159|0x0000000089f00000, 0x0000000089f00000, 0x000000008a000000|  0%| F|  |TAMS 0x0000000089f00000, 0x0000000089f00000| Untracked 
| 160|0x000000008a000000, 0x000000008a000000, 0x000000008a100000|  0%| F|  |TAMS 0x000000008a000000, 0x000000008a000000| Untracked 
| 161|0x000000008a100000, 0x000000008a100000, 0x000000008a200000|  0%| F|  |TAMS 0x000000008a100000, 0x000000008a100000| Untracked 
| 162|0x000000008a200000, 0x000000008a200000, 0x000000008a300000|  0%| F|  |TAMS 0x000000008a200000, 0x000000008a200000| Untracked 
| 163|0x000000008a300000, 0x000000008a300000, 0x000000008a400000|  0%| F|  |TAMS 0x000000008a300000, 0x000000008a300000| Untracked 
| 164|0x000000008a400000, 0x000000008a400000, 0x000000008a500000|  0%| F|  |TAMS 0x000000008a400000, 0x000000008a400000| Untracked 
| 165|0x000000008a500000, 0x000000008a500000, 0x000000008a600000|  0%| F|  |TAMS 0x000000008a500000, 0x000000008a500000| Untracked 
| 166|0x000000008a600000, 0x000000008a600000, 0x000000008a700000|  0%| F|  |TAMS 0x000000008a600000, 0x000000008a600000| Untracked 
| 167|0x000000008a700000, 0x000000008a700000, 0x000000008a800000|  0%| F|  |TAMS 0x000000008a700000, 0x000000008a700000| Untracked 
| 168|0x000000008a800000, 0x000000008a800000, 0x000000008a900000|  0%| F|  |TAMS 0x000000008a800000, 0x000000008a800000| Untracked 
| 169|0x000000008a900000, 0x000000008a900000, 0x000000008aa00000|  0%| F|  |TAMS 0x000000008a900000, 0x000000008a900000| Untracked 
| 170|0x000000008aa00000, 0x000000008aa00000, 0x000000008ab00000|  0%| F|  |TAMS 0x000000008aa00000, 0x000000008aa00000| Untracked 
| 171|0x000000008ab00000, 0x000000008ab00000, 0x000000008ac00000|  0%| F|  |TAMS 0x000000008ab00000, 0x000000008ab00000| Untracked 
| 172|0x000000008ac00000, 0x000000008ac00000, 0x000000008ad00000|  0%| F|  |TAMS 0x000000008ac00000, 0x000000008ac00000| Untracked 
| 173|0x000000008ad00000, 0x000000008ad00000, 0x000000008ae00000|  0%| F|  |TAMS 0x000000008ad00000, 0x000000008ad00000| Untracked 
| 174|0x000000008ae00000, 0x000000008ae00000, 0x000000008af00000|  0%| F|  |TAMS 0x000000008ae00000, 0x000000008ae00000| Untracked 
| 175|0x000000008af00000, 0x000000008af00000, 0x000000008b000000|  0%| F|  |TAMS 0x000000008af00000, 0x000000008af00000| Untracked 
| 176|0x000000008b000000, 0x000000008b000000, 0x000000008b100000|  0%| F|  |TAMS 0x000000008b000000, 0x000000008b000000| Untracked 
| 177|0x000000008b100000, 0x000000008b100000, 0x000000008b200000|  0%| F|  |TAMS 0x000000008b100000, 0x000000008b100000| Untracked 
| 178|0x000000008b200000, 0x000000008b200000, 0x000000008b300000|  0%| F|  |TAMS 0x000000008b200000, 0x000000008b200000| Untracked 
| 179|0x000000008b300000, 0x000000008b300000, 0x000000008b400000|  0%| F|  |TAMS 0x000000008b300000, 0x000000008b300000| Untracked 
| 180|0x000000008b400000, 0x000000008b400000, 0x000000008b500000|  0%| F|  |TAMS 0x000000008b400000, 0x000000008b400000| Untracked 
| 181|0x000000008b500000, 0x000000008b500000, 0x000000008b600000|  0%| F|  |TAMS 0x000000008b500000, 0x000000008b500000| Untracked 
| 182|0x000000008b600000, 0x000000008b600000, 0x000000008b700000|  0%| F|  |TAMS 0x000000008b600000, 0x000000008b600000| Untracked 
| 183|0x000000008b700000, 0x000000008b700000, 0x000000008b800000|  0%| F|  |TAMS 0x000000008b700000, 0x000000008b700000| Untracked 
| 184|0x000000008b800000, 0x000000008b800000, 0x000000008b900000|  0%| F|  |TAMS 0x000000008b800000, 0x000000008b800000| Untracked 
| 185|0x000000008b900000, 0x000000008b900000, 0x000000008ba00000|  0%| F|  |TAMS 0x000000008b900000, 0x000000008b900000| Untracked 
| 186|0x000000008ba00000, 0x000000008ba00000, 0x000000008bb00000|  0%| F|  |TAMS 0x000000008ba00000, 0x000000008ba00000| Untracked 
| 187|0x000000008bb00000, 0x000000008bb00000, 0x000000008bc00000|  0%| F|  |TAMS 0x000000008bb00000, 0x000000008bb00000| Untracked 
| 188|0x000000008bc00000, 0x000000008bc00000, 0x000000008bd00000|  0%| F|  |TAMS 0x000000008bc00000, 0x000000008bc00000| Untracked 
| 189|0x000000008bd00000, 0x000000008bd00000, 0x000000008be00000|  0%| F|  |TAMS 0x000000008bd00000, 0x000000008bd00000| Untracked 
| 190|0x000000008be00000, 0x000000008be00000, 0x000000008bf00000|  0%| F|  |TAMS 0x000000008be00000, 0x000000008be00000| Untracked 
| 191|0x000000008bf00000, 0x000000008bf00000, 0x000000008c000000|  0%| F|  |TAMS 0x000000008bf00000, 0x000000008bf00000| Untracked 
| 192|0x000000008c000000, 0x000000008c100000, 0x000000008c100000|100%| E|  |TAMS 0x000000008c000000, 0x000000008c000000| Complete 
| 193|0x000000008c100000, 0x000000008c200000, 0x000000008c200000|100%| E|CS|TAMS 0x000000008c100000, 0x000000008c100000| Complete 
| 194|0x000000008c200000, 0x000000008c300000, 0x000000008c300000|100%| E|CS|TAMS 0x000000008c200000, 0x000000008c200000| Complete 
| 195|0x000000008c300000, 0x000000008c400000, 0x000000008c400000|100%| E|CS|TAMS 0x000000008c300000, 0x000000008c300000| Complete 
| 196|0x000000008c400000, 0x000000008c500000, 0x000000008c500000|100%| E|CS|TAMS 0x000000008c400000, 0x000000008c400000| Complete 
| 197|0x000000008c500000, 0x000000008c600000, 0x000000008c600000|100%| S|CS|TAMS 0x000000008c500000, 0x000000008c500000| Complete 
| 198|0x000000008c600000, 0x000000008c700000, 0x000000008c700000|100%| S|CS|TAMS 0x000000008c600000, 0x000000008c600000| Complete 
| 199|0x000000008c700000, 0x000000008c800000, 0x000000008c800000|100%| S|CS|TAMS 0x000000008c700000, 0x000000008c700000| Complete 
| 200|0x000000008c800000, 0x000000008c900000, 0x000000008c900000|100%| S|CS|TAMS 0x000000008c800000, 0x000000008c800000| Complete 
| 201|0x000000008c900000, 0x000000008ca00000, 0x000000008ca00000|100%| S|CS|TAMS 0x000000008c900000, 0x000000008c900000| Complete 
| 202|0x000000008ca00000, 0x000000008cb00000, 0x000000008cb00000|100%| S|CS|TAMS 0x000000008ca00000, 0x000000008ca00000| Complete 
| 203|0x000000008cb00000, 0x000000008cc00000, 0x000000008cc00000|100%| S|CS|TAMS 0x000000008cb00000, 0x000000008cb00000| Complete 
| 204|0x000000008cc00000, 0x000000008cd00000, 0x000000008cd00000|100%| E|CS|TAMS 0x000000008cc00000, 0x000000008cc00000| Complete 
| 205|0x000000008cd00000, 0x000000008ce00000, 0x000000008ce00000|100%| E|CS|TAMS 0x000000008cd00000, 0x000000008cd00000| Complete 
| 206|0x000000008ce00000, 0x000000008cf00000, 0x000000008cf00000|100%| E|CS|TAMS 0x000000008ce00000, 0x000000008ce00000| Complete 
| 207|0x000000008cf00000, 0x000000008d000000, 0x000000008d000000|100%| E|CS|TAMS 0x000000008cf00000, 0x000000008cf00000| Complete 
| 208|0x000000008d000000, 0x000000008d100000, 0x000000008d100000|100%| E|CS|TAMS 0x000000008d000000, 0x000000008d000000| Complete 
| 209|0x000000008d100000, 0x000000008d200000, 0x000000008d200000|100%| E|CS|TAMS 0x000000008d100000, 0x000000008d100000| Complete 
| 210|0x000000008d200000, 0x000000008d300000, 0x000000008d300000|100%| E|CS|TAMS 0x000000008d200000, 0x000000008d200000| Complete 
| 211|0x000000008d300000, 0x000000008d400000, 0x000000008d400000|100%| E|CS|TAMS 0x000000008d300000, 0x000000008d300000| Complete 
| 212|0x000000008d400000, 0x000000008d500000, 0x000000008d500000|100%| E|CS|TAMS 0x000000008d400000, 0x000000008d400000| Complete 
| 213|0x000000008d500000, 0x000000008d600000, 0x000000008d600000|100%| E|CS|TAMS 0x000000008d500000, 0x000000008d500000| Complete 
| 214|0x000000008d600000, 0x000000008d700000, 0x000000008d700000|100%| E|CS|TAMS 0x000000008d600000, 0x000000008d600000| Complete 
| 215|0x000000008d700000, 0x000000008d800000, 0x000000008d800000|100%| E|CS|TAMS 0x000000008d700000, 0x000000008d700000| Complete 
| 216|0x000000008d800000, 0x000000008d900000, 0x000000008d900000|100%| E|CS|TAMS 0x000000008d800000, 0x000000008d800000| Complete 
| 217|0x000000008d900000, 0x000000008da00000, 0x000000008da00000|100%| E|CS|TAMS 0x000000008d900000, 0x000000008d900000| Complete 
| 218|0x000000008da00000, 0x000000008db00000, 0x000000008db00000|100%| E|CS|TAMS 0x000000008da00000, 0x000000008da00000| Complete 
| 219|0x000000008db00000, 0x000000008dc00000, 0x000000008dc00000|100%| E|CS|TAMS 0x000000008db00000, 0x000000008db00000| Complete 
| 220|0x000000008dc00000, 0x000000008dd00000, 0x000000008dd00000|100%| E|CS|TAMS 0x000000008dc00000, 0x000000008dc00000| Complete 
| 221|0x000000008dd00000, 0x000000008de00000, 0x000000008de00000|100%| E|CS|TAMS 0x000000008dd00000, 0x000000008dd00000| Complete 
| 222|0x000000008de00000, 0x000000008df00000, 0x000000008df00000|100%| E|CS|TAMS 0x000000008de00000, 0x000000008de00000| Complete 
| 223|0x000000008df00000, 0x000000008e000000, 0x000000008e000000|100%| E|CS|TAMS 0x000000008df00000, 0x000000008df00000| Complete 
| 224|0x000000008e000000, 0x000000008e100000, 0x000000008e100000|100%| E|CS|TAMS 0x000000008e000000, 0x000000008e000000| Complete 
| 225|0x000000008e100000, 0x000000008e200000, 0x000000008e200000|100%| E|CS|TAMS 0x000000008e100000, 0x000000008e100000| Complete 
| 226|0x000000008e200000, 0x000000008e300000, 0x000000008e300000|100%| E|CS|TAMS 0x000000008e200000, 0x000000008e200000| Complete 
| 227|0x000000008e300000, 0x000000008e400000, 0x000000008e400000|100%| E|CS|TAMS 0x000000008e300000, 0x000000008e300000| Complete 
| 228|0x000000008e400000, 0x000000008e500000, 0x000000008e500000|100%| E|CS|TAMS 0x000000008e400000, 0x000000008e400000| Complete 
| 229|0x000000008e500000, 0x000000008e600000, 0x000000008e600000|100%| E|CS|TAMS 0x000000008e500000, 0x000000008e500000| Complete 
| 230|0x000000008e600000, 0x000000008e700000, 0x000000008e700000|100%| E|CS|TAMS 0x000000008e600000, 0x000000008e600000| Complete 
| 231|0x000000008e700000, 0x000000008e800000, 0x000000008e800000|100%| E|CS|TAMS 0x000000008e700000, 0x000000008e700000| Complete 
| 232|0x000000008e800000, 0x000000008e900000, 0x000000008e900000|100%| E|CS|TAMS 0x000000008e800000, 0x000000008e800000| Complete 
| 233|0x000000008e900000, 0x000000008ea00000, 0x000000008ea00000|100%| E|CS|TAMS 0x000000008e900000, 0x000000008e900000| Complete 
| 234|0x000000008ea00000, 0x000000008eb00000, 0x000000008eb00000|100%| E|CS|TAMS 0x000000008ea00000, 0x000000008ea00000| Complete 
| 235|0x000000008eb00000, 0x000000008ec00000, 0x000000008ec00000|100%| E|CS|TAMS 0x000000008eb00000, 0x000000008eb00000| Complete 
| 236|0x000000008ec00000, 0x000000008ed00000, 0x000000008ed00000|100%| E|CS|TAMS 0x000000008ec00000, 0x000000008ec00000| Complete 
| 237|0x000000008ed00000, 0x000000008ee00000, 0x000000008ee00000|100%| E|CS|TAMS 0x000000008ed00000, 0x000000008ed00000| Complete 
| 238|0x000000008ee00000, 0x000000008ef00000, 0x000000008ef00000|100%| E|CS|TAMS 0x000000008ee00000, 0x000000008ee00000| Complete 
| 239|0x000000008ef00000, 0x000000008f000000, 0x000000008f000000|100%| E|CS|TAMS 0x000000008ef00000, 0x000000008ef00000| Complete 
| 240|0x000000008f000000, 0x000000008f100000, 0x000000008f100000|100%| E|CS|TAMS 0x000000008f000000, 0x000000008f000000| Complete 
| 241|0x000000008f100000, 0x000000008f200000, 0x000000008f200000|100%| E|CS|TAMS 0x000000008f100000, 0x000000008f100000| Complete 
| 242|0x000000008f200000, 0x000000008f300000, 0x000000008f300000|100%| E|CS|TAMS 0x000000008f200000, 0x000000008f200000| Complete 
| 243|0x000000008f300000, 0x000000008f400000, 0x000000008f400000|100%| E|CS|TAMS 0x000000008f300000, 0x000000008f300000| Complete 
| 244|0x000000008f400000, 0x000000008f500000, 0x000000008f500000|100%| E|CS|TAMS 0x000000008f400000, 0x000000008f400000| Complete 
| 245|0x000000008f500000, 0x000000008f600000, 0x000000008f600000|100%| E|CS|TAMS 0x000000008f500000, 0x000000008f500000| Complete 
| 246|0x000000008f600000, 0x000000008f700000, 0x000000008f700000|100%| E|CS|TAMS 0x000000008f600000, 0x000000008f600000| Complete 
| 247|0x000000008f700000, 0x000000008f800000, 0x000000008f800000|100%| E|CS|TAMS 0x000000008f700000, 0x000000008f700000| Complete 
| 248|0x000000008f800000, 0x000000008f900000, 0x000000008f900000|100%| E|CS|TAMS 0x000000008f800000, 0x000000008f800000| Complete 
| 249|0x000000008f900000, 0x000000008fa00000, 0x000000008fa00000|100%| E|CS|TAMS 0x000000008f900000, 0x000000008f900000| Complete 
| 250|0x000000008fa00000, 0x000000008fb00000, 0x000000008fb00000|100%| E|CS|TAMS 0x000000008fa00000, 0x000000008fa00000| Complete 
| 251|0x000000008fb00000, 0x000000008fc00000, 0x000000008fc00000|100%| E|CS|TAMS 0x000000008fb00000, 0x000000008fb00000| Complete 
| 252|0x000000008fc00000, 0x000000008fd00000, 0x000000008fd00000|100%| E|CS|TAMS 0x000000008fc00000, 0x000000008fc00000| Complete 
| 253|0x000000008fd00000, 0x000000008fe00000, 0x000000008fe00000|100%| E|CS|TAMS 0x000000008fd00000, 0x000000008fd00000| Complete 

Card table byte_map: [0x000001d7c6920000,0x000001d7c6d20000] _byte_map_base: 0x000001d7c6520000

Marking Bits (Prev, Next): (CMBitMap*) 0x000001d7af77fed0, (CMBitMap*) 0x000001d7af77ff10
 Prev Bits: [0x000001d7c7120000, 0x000001d7c9120000)
 Next Bits: [0x000001d7c9120000, 0x000001d7cb120000)

Polling page: 0x000001d7ad850000

Metaspace:

Usage:
  Non-class:     12.99 MB used.
      Class:      2.10 MB used.
       Both:     15.08 MB used.

Virtual space:
  Non-class space:       64.00 MB reserved,      13.12 MB ( 21%) committed,  1 nodes.
      Class space:        1.00 GB reserved,       2.25 MB ( <1%) committed,  1 nodes.
             Both:        1.06 GB reserved,      15.38 MB (  1%) committed. 

Chunk freelists:
   Non-Class:  2.57 MB
       Class:  13.78 MB
        Both:  16.35 MB

MaxMetaspaceSize: unlimited
CompressedClassSpaceSize: 1.00 GB
Initial GC threshold: 21.00 MB
Current GC threshold: 21.00 MB
CDS: on
MetaspaceReclaimPolicy: balanced
 - commit_granule_bytes: 65536.
 - commit_granule_words: 8192.
 - virtual_space_node_default_size: 8388608.
 - enlarge_chunks_in_place: 1.
 - new_chunks_are_fully_committed: 0.
 - uncommit_free_chunks: 1.
 - use_allocation_guard: 0.
 - handle_deallocations: 1.


Internal statistics:

num_allocs_failed_limit: 0.
num_arena_births: 182.
num_arena_deaths: 0.
num_vsnodes_births: 2.
num_vsnodes_deaths: 0.
num_space_committed: 246.
num_space_uncommitted: 0.
num_chunks_returned_to_freelist: 0.
num_chunks_taken_from_freelist: 679.
num_chunk_merges: 0.
num_chunk_splits: 451.
num_chunks_enlarged: 336.
num_inconsistent_stats: 0.

CodeHeap 'non-profiled nmethods': size=120000Kb used=1231Kb max_used=1231Kb free=118768Kb
 bounds [0x000001d7bea90000, 0x000001d7bed00000, 0x000001d7c5fc0000]
CodeHeap 'profiled nmethods': size=120000Kb used=4782Kb max_used=4782Kb free=115217Kb
 bounds [0x000001d7b6fc0000, 0x000001d7b7470000, 0x000001d7be4f0000]
CodeHeap 'non-nmethods': size=5760Kb used=1236Kb max_used=1271Kb free=4523Kb
 bounds [0x000001d7be4f0000, 0x000001d7be760000, 0x000001d7bea90000]
 total_blobs=2896 nmethods=2366 adapters=442
 compilation: enabled
              stopped_count=0, restarted_count=0
 full_count=0

Compilation events (20 events):
Event: 5.485 Thread 0x000001d7cddcd550 nmethod 2357 0x000001d7b7468c90 code [0x000001d7b7468e20, 0x000001d7b7468f38]
Event: 5.485 Thread 0x000001d7cddcd550 2355       3       sun.security.provider.MD5::GG (33 bytes)
Event: 5.485 Thread 0x000001d7cddcd550 nmethod 2355 0x000001d7b7469010 code [0x000001d7b74691a0, 0x000001d7b74692b8]
Event: 5.485 Thread 0x000001d814d8da90 nmethod 2353 0x000001d7bebc1b10 code [0x000001d7bebc1ca0, 0x000001d7bebc1e48]
Event: 5.487 Thread 0x000001d7cddcd550 2358   !   3       org.gradle.internal.service.DefaultServiceRegistry$ManagedObjectServiceProvider::getInstance (47 bytes)
Event: 5.487 Thread 0x000001d7cddcd550 nmethod 2358 0x000001d7b7469390 code [0x000001d7b7469560, 0x000001d7b7469a58]
Event: 5.489 Thread 0x000001d814d8da90 2359       4       java.util.jar.JarFile::maybeInstantiateVerifier (42 bytes)
Event: 5.490 Thread 0x000001d814d8da90 nmethod 2359 0x000001d7bebc1f90 code [0x000001d7bebc2120, 0x000001d7bebc2208]
Event: 5.490 Thread 0x000001d814d8da90 2360       4       java.lang.ref.Cleaner::register (25 bytes)
Event: 5.494 Thread 0x000001d7cddcd550 2363       3       java.util.concurrent.locks.AbstractQueuedSynchronizer::release (19 bytes)
Event: 5.494 Thread 0x000001d7cddcd550 nmethod 2363 0x000001d7b7469c90 code [0x000001d7b7469e80, 0x000001d7b746a308]
Event: 5.494 Thread 0x000001d7cddcd550 2364       3       java.util.concurrent.locks.AbstractQueuedSynchronizer::compareAndSetState (13 bytes)
Event: 5.495 Thread 0x000001d7cddcd550 nmethod 2364 0x000001d7b746a490 code [0x000001d7b746a620, 0x000001d7b746a758]
Event: 5.495 Thread 0x000001d7cddcd550 2365       3       java.util.concurrent.locks.ReentrantLock$Sync::tryRelease (51 bytes)
Event: 5.495 Thread 0x000001d7cddcd550 nmethod 2365 0x000001d7b746a810 code [0x000001d7b746a9c0, 0x000001d7b746ad08]
Event: 5.500 Thread 0x000001d814d8da90 nmethod 2360 0x000001d7bebc2c10 code [0x000001d7bebc2dc0, 0x000001d7bebc3938]
Event: 6.238 Thread 0x000001d7cddcd550 2367       3       java.util.concurrent.locks.ReentrantLock::unlock (10 bytes)
Event: 6.239 Thread 0x000001d7cddcd550 nmethod 2367 0x000001d7b746ae10 code [0x000001d7b746afe0, 0x000001d7b746b2b8]
Event: 6.503 Thread 0x000001d7cddcd550 2368       3       java.util.concurrent.locks.ReentrantLock$NonfairSync::initialTryLock (58 bytes)
Event: 6.503 Thread 0x000001d7cddcd550 nmethod 2368 0x000001d7b746b410 code [0x000001d7b746b5e0, 0x000001d7b746b9f8]

GC Heap History (6 events):
Event: 1.383 GC heap before
{Heap before GC invocations=0 (full 0):
 garbage-first heap   total 260096K, used 22528K [0x0000000080000000, 0x0000000100000000)
  region size 1024K, 23 young (23552K), 0 survivors (0K)
 Metaspace       used 1061K, committed 1216K, reserved 1114112K
  class space    used 73K, committed 128K, reserved 1048576K
}
Event: 1.385 GC heap after
{Heap after GC invocations=1 (full 0):
 garbage-first heap   total 260096K, used 2802K [0x0000000080000000, 0x0000000100000000)
  region size 1024K, 3 young (3072K), 3 survivors (3072K)
 Metaspace       used 1061K, committed 1216K, reserved 1114112K
  class space    used 73K, committed 128K, reserved 1048576K
}
Event: 2.947 GC heap before
{Heap before GC invocations=1 (full 0):
 garbage-first heap   total 260096K, used 40690K [0x0000000080000000, 0x0000000100000000)
  region size 1024K, 38 young (38912K), 3 survivors (3072K)
 Metaspace       used 4406K, committed 4544K, reserved 1114112K
  class space    used 548K, committed 640K, reserved 1048576K
}
Event: 2.952 GC heap after
{Heap after GC invocations=2 (full 0):
 garbage-first heap   total 260096K, used 10870K [0x0000000080000000, 0x0000000100000000)
  region size 1024K, 5 young (5120K), 5 survivors (5120K)
 Metaspace       used 4406K, committed 4544K, reserved 1114112K
  class space    used 548K, committed 640K, reserved 1048576K
}
Event: 3.925 GC heap before
{Heap before GC invocations=2 (full 0):
 garbage-first heap   total 260096K, used 58998K [0x0000000080000000, 0x0000000100000000)
  region size 1024K, 50 young (51200K), 5 survivors (5120K)
 Metaspace       used 4997K, committed 5184K, reserved 1114112K
  class space    used 646K, committed 704K, reserved 1048576K
}
Event: 3.929 GC heap after
{Heap after GC invocations=3 (full 0):
 garbage-first heap   total 260096K, used 16384K [0x0000000080000000, 0x0000000100000000)
  region size 1024K, 7 young (7168K), 7 survivors (7168K)
 Metaspace       used 4997K, committed 5184K, reserved 1114112K
  class space    used 646K, committed 704K, reserved 1048576K
}

Deoptimization events (20 events):
Event: 4.971 Thread 0x000001d813e77d80 Uncommon trap: trap_request=0xffffff45 fr.pc=0x000001d7beb56738 relative=0x0000000000000198
Event: 4.971 Thread 0x000001d813e77d80 Uncommon trap: reason=unstable_if action=reinterpret pc=0x000001d7beb56738 method=java.util.WeakHashMap.expungeStaleEntries()V @ 9 c2
Event: 4.971 Thread 0x000001d813e77d80 DEOPT PACKING pc=0x000001d7beb56738 sp=0x0000008237cfb710
Event: 4.971 Thread 0x000001d813e77d80 DEOPT UNPACKING pc=0x000001d7be545ba3 sp=0x0000008237cfb6a8 mode 2
Event: 5.236 Thread 0x000001d813e77d80 DEOPT PACKING pc=0x000001d7b739956a sp=0x0000008237cfc640
Event: 5.236 Thread 0x000001d813e77d80 DEOPT UNPACKING pc=0x000001d7be5466e3 sp=0x0000008237cfbb50 mode 0
Event: 5.395 Thread 0x000001d813e77d80 DEOPT PACKING pc=0x000001d7b70a0e3d sp=0x0000008237cfa8b0
Event: 5.395 Thread 0x000001d813e77d80 DEOPT UNPACKING pc=0x000001d7be5466e3 sp=0x0000008237cf9d48 mode 0
Event: 5.434 Thread 0x000001d813e77d80 Uncommon trap: trap_request=0xffffff45 fr.pc=0x000001d7beab9c14 relative=0x0000000000000b94
Event: 5.434 Thread 0x000001d813e77d80 Uncommon trap: reason=unstable_if action=reinterpret pc=0x000001d7beab9c14 method=java.io.WinNTFileSystem.resolve(Ljava/lang/String;Ljava/lang/String;)Ljava/lang/String; @ 19 c2
Event: 5.434 Thread 0x000001d813e77d80 DEOPT PACKING pc=0x000001d7beab9c14 sp=0x0000008237cfb180
Event: 5.434 Thread 0x000001d813e77d80 DEOPT UNPACKING pc=0x000001d7be545ba3 sp=0x0000008237cfb128 mode 2
Event: 5.435 Thread 0x000001d813e77d80 Uncommon trap: trap_request=0xffffff45 fr.pc=0x000001d7beb2f79c relative=0x00000000000005fc
Event: 5.435 Thread 0x000001d813e77d80 Uncommon trap: reason=unstable_if action=reinterpret pc=0x000001d7beb2f79c method=java.io.File.getName()Ljava/lang/String; @ 16 c2
Event: 5.435 Thread 0x000001d813e77d80 DEOPT PACKING pc=0x000001d7beb2f79c sp=0x0000008237cfb130
Event: 5.435 Thread 0x000001d813e77d80 DEOPT UNPACKING pc=0x000001d7be545ba3 sp=0x0000008237cfb100 mode 2
Event: 5.487 Thread 0x000001d813e77d80 Uncommon trap: trap_request=0xffffff45 fr.pc=0x000001d7beade278 relative=0x00000000000000d8
Event: 5.487 Thread 0x000001d813e77d80 Uncommon trap: reason=unstable_if action=reinterpret pc=0x000001d7beade278 method=java.util.HashMap.hash(Ljava/lang/Object;)I @ 1 c2
Event: 5.487 Thread 0x000001d813e77d80 DEOPT PACKING pc=0x000001d7beade278 sp=0x0000008237cfc150
Event: 5.487 Thread 0x000001d813e77d80 DEOPT UNPACKING pc=0x000001d7be545ba3 sp=0x0000008237cfc090 mode 2

Classes unloaded (0 events):
No events

Classes redefined (0 events):
No events

Internal exceptions (20 events):
Event: 4.515 Thread 0x000001d7af723430 Exception <a 'java/lang/NoSuchMethodError'{0x000000008f052290}: 'java.lang.Object java.lang.invoke.DirectMethodHandle$Holder.invokeStaticInit(java.lang.Object, java.lang.Object, int, int, int, int)'> (0x000000008f052290) 
thrown [s\open\src\hotspot\share\interpreter\linkResolver.cpp, line 759]
Event: 4.569 Thread 0x000001d7af723430 Exception <a 'java/io/IOException'{0x000000008eee3ab0}> (0x000000008eee3ab0) 
thrown [s\open\src\hotspot\share\prims\jni.cpp, line 516]
Event: 4.576 Thread 0x000001d7af723430 Implicit null exception at 0x000001d7beae6855 to 0x000001d7beae6e68
Event: 4.579 Thread 0x000001d7af723430 Exception <a 'java/lang/NoSuchMethodError'{0x000000008ed49670}: 'java.lang.Object java.lang.invoke.DirectMethodHandle$Holder.newInvokeSpecial(java.lang.Object, java.lang.Object, java.lang.Object, java.lang.Object, java.lang.Object)'> (0x000000008ed49670) 
thrown [s\open\src\hotspot\share\interpreter\linkResolver.cpp, line 759]
Event: 4.730 Thread 0x000001d813e75500 Exception <a 'java/lang/NoSuchMethodError'{0x000000008ea79ca8}: 'void java.lang.invoke.DirectMethodHandle$Holder.invokeSpecial(java.lang.Object, java.lang.Object, java.lang.Object)'> (0x000000008ea79ca8) 
thrown [s\open\src\hotspot\share\interpreter\linkResolver.cpp, line 759]
Event: 4.873 Thread 0x000001d813e77d80 Exception <a 'java/lang/NoSuchMethodError'{0x000000008e4aa020}: 'long java.lang.invoke.DirectMethodHandle$Holder.invokeInterface(java.lang.Object, java.lang.Object)'> (0x000000008e4aa020) 
thrown [s\open\src\hotspot\share\interpreter\linkResolver.cpp, line 759]
Event: 4.946 Thread 0x000001d813e77d80 Exception <a 'java/lang/NoSuchMethodError'{0x000000008e0f4a48}: 'void java.lang.invoke.DirectMethodHandle$Holder.invokeStatic(java.lang.Object, java.lang.Object)'> (0x000000008e0f4a48) 
thrown [s\open\src\hotspot\share\interpreter\linkResolver.cpp, line 759]
Event: 4.972 Thread 0x000001d813e77d80 Exception <a 'java/lang/NoSuchMethodError'{0x000000008dd169c0}: 'int java.lang.invoke.DirectMethodHandle$Holder.invokeVirtual(java.lang.Object, java.lang.Object, java.lang.Object)'> (0x000000008dd169c0) 
thrown [s\open\src\hotspot\share\interpreter\linkResolver.cpp, line 759]
Event: 4.998 Thread 0x000001d813e77d80 Exception <a 'java/lang/NoSuchMethodError'{0x000000008dbaf6d0}: 'java.lang.Object java.lang.invoke.DirectMethodHandle$Holder.newInvokeSpecial(java.lang.Object, java.lang.Object, java.lang.Object, java.lang.Object, java.lang.Object, java.lang.Object)'> (0x000000008dbaf6d0) 
thrown [s\open\src\hotspot\share\interpreter\linkResolver.cpp, line 759]
Event: 5.059 Thread 0x000001d813e77d80 Exception <a 'java/lang/NoSuchMethodError'{0x000000008d8bc0c8}: 'void java.lang.invoke.DelegatingMethodHandle$Holder.reinvoke_L(java.lang.Object, java.lang.Object, java.lang.Object, java.lang.Object, java.lang.Object, java.lang.Object, java.lang.Object, java.lang.Object, java.lang.Object, java.lang.Object)'> (0x000000008d8bc0c8) 
thrown [s\open\src\hotspot\share\interpreter\linkResolver.cpp, line 759]
Event: 5.060 Thread 0x000001d813e77d80 Exception <a 'java/lang/NoSuchMethodError'{0x000000008d8c4538}: 'java.lang.Object java.lang.invoke.DirectMethodHandle$Holder.invokeSpecial(java.lang.Object, java.lang.Object, java.lang.Object, java.lang.Object, java.lang.Object, java.lang.Object, java.lang.Object, java.lang.Object, java.lang.Object, java.lang.Object)'> (0x000000008d8c4538) 
thrown [s\open\src\hotspot\share\interpreter\linkResolver.cpp, line 759]
Event: 5.060 Thread 0x000001d813e77d80 Exception <a 'java/lang/NoSuchMethodError'{0x000000008d8c8e08}: 'java.lang.Object java.lang.invoke.Invokers$Holder.invoker(java.lang.Object, java.lang.Object, java.lang.Object, java.lang.Object, java.lang.Object, java.lang.Object, java.lang.Object, java.lang.Object, java.lang.Object, java.lang.Object)'> (0x000000008d8c8e08) 
thrown [s\open\src\hotspot\share\interpreter\linkResolver.cpp, line 759]
Event: 5.060 Thread 0x000001d813e77d80 Exception <a 'java/lang/NoSuchMethodError'{0x000000008d8cea10}: 'java.lang.Object java.lang.invoke.DirectMethodHandle$Holder.invokeSpecial(java.lang.Object, java.lang.Object, java.lang.Object, java.lang.Object, java.lang.Object, java.lang.Object, java.lang.Object, java.lang.Object, java.lang.Object, java.lang.Object, java.lang.Object)'> (0x000000008d8cea10) 
thrown [s\open\src\hotspot\share\interpreter\linkResolver.cpp, line 759]
Event: 5.375 Thread 0x000001d813e77d80 Exception <a 'java/lang/NoSuchMethodError'{0x000000008d0d8538}: 'java.lang.Object java.lang.invoke.DirectMethodHandle$Holder.newInvokeSpecial(java.lang.Object, java.lang.Object, int)'> (0x000000008d0d8538) 
thrown [s\open\src\hotspot\share\interpreter\linkResolver.cpp, line 759]
Event: 5.456 Thread 0x000001d813e77d80 Exception <a 'java/lang/NoSuchMethodError'{0x000000008c4fa300}: 'java.lang.Object java.lang.invoke.DirectMethodHandle$Holder.invokeInterface(java.lang.Object, java.lang.Object, java.lang.Object)'> (0x000000008c4fa300) 
thrown [s\open\src\hotspot\share\interpreter\linkResolver.cpp, line 759]
Event: 5.468 Thread 0x000001d813e77d80 Exception <a 'java/lang/NoSuchMethodError'{0x000000008c261aa0}: 'int java.lang.invoke.DirectMethodHandle$Holder.invokeSpecialIFC(java.lang.Object, java.lang.Object, java.lang.Object, java.lang.Object)'> (0x000000008c261aa0) 
thrown [s\open\src\hotspot\share\interpreter\linkResolver.cpp, line 759]
Event: 5.470 Thread 0x000001d813e77d80 Exception <a 'java/lang/IncompatibleClassChangeError'{0x000000008c270838}: Found class java.lang.Object, but interface was expected> (0x000000008c270838) 
thrown [s\open\src\hotspot\share\interpreter\linkResolver.cpp, line 826]
Event: 5.487 Thread 0x000001d813e77d80 Implicit null exception at 0x000001d7beade1d8 to 0x000001d7beade26e
Event: 5.499 Thread 0x000001d813e77d80 Exception <a 'java/lang/NoSuchMethodError'{0x000000008c071798}: 'int java.lang.invoke.DirectMethodHandle$Holder.invokeStatic(java.lang.Object, java.lang.Object, java.lang.Object, java.lang.Object)'> (0x000000008c071798) 
thrown [s\open\src\hotspot\share\interpreter\linkResolver.cpp, line 759]
Event: 5.500 Thread 0x000001d813e77d80 Exception <a 'java/lang/NoSuchMethodError'{0x000000008c075668}: 'java.lang.Object java.lang.invoke.Invokers$Holder.invokeExact_MT(java.lang.Object, java.lang.Object, java.lang.Object, java.lang.Object, java.lang.Object, java.lang.Object)'> (0x000000008c075668) 
thrown [s\open\src\hotspot\share\interpreter\linkResolver.cpp, line 759]

VM Operations (20 events):
Event: 4.119 Executing VM operation: HandshakeAllThreads
Event: 4.119 Executing VM operation: HandshakeAllThreads done
Event: 4.120 Executing VM operation: HandshakeAllThreads
Event: 4.120 Executing VM operation: HandshakeAllThreads done
Event: 4.182 Executing VM operation: HandshakeAllThreads
Event: 4.182 Executing VM operation: HandshakeAllThreads done
Event: 4.244 Executing VM operation: HandshakeAllThreads
Event: 4.244 Executing VM operation: HandshakeAllThreads done
Event: 4.415 Executing VM operation: HandshakeAllThreads
Event: 4.415 Executing VM operation: HandshakeAllThreads done
Event: 4.465 Executing VM operation: HandshakeAllThreads
Event: 4.465 Executing VM operation: HandshakeAllThreads done
Event: 4.512 Executing VM operation: HandshakeAllThreads
Event: 4.512 Executing VM operation: HandshakeAllThreads done
Event: 4.607 Executing VM operation: HandshakeAllThreads
Event: 4.607 Executing VM operation: HandshakeAllThreads done
Event: 4.962 Executing VM operation: ICBufferFull
Event: 4.962 Executing VM operation: ICBufferFull done
Event: 5.974 Executing VM operation: Cleanup
Event: 5.974 Executing VM operation: Cleanup done

Events (20 events):
Event: 5.417 loading class sun/security/provider/SHA5$SHA512
Event: 5.418 loading class sun/security/provider/SHA5
Event: 5.418 loading class sun/security/provider/SHA5 done
Event: 5.418 loading class sun/security/provider/SHA5$SHA512 done
Event: 5.419 loading class sun/security/provider/ByteArrayAccess$LE
Event: 5.419 loading class sun/security/provider/ByteArrayAccess$LE done
Event: 5.430 Thread 0x000001d814d8da90 Thread added: 0x000001d814d8da90
Event: 5.434 loading class java/io/File$TempDirectory
Event: 5.434 loading class java/io/File$TempDirectory done
Event: 5.437 loading class java/io/PrintWriter
Event: 5.438 loading class java/io/PrintWriter done
Event: 5.465 loading class java/util/concurrent/Semaphore
Event: 5.465 loading class java/util/concurrent/Semaphore done
Event: 5.466 loading class java/nio/file/FileVisitOption
Event: 5.466 loading class java/nio/file/FileVisitOption done
Event: 5.470 loading class java/util/stream/ReduceOps$1
Event: 5.470 loading class java/util/stream/ReduceOps$1 done
Event: 5.470 loading class java/util/stream/ReduceOps$1ReducingSink
Event: 5.470 loading class java/util/stream/ReduceOps$1ReducingSink done
Event: 6.239 Thread 0x000001d814d8da90 Thread exited: 0x000001d814d8da90


Dynamic libraries:
0x00007ff65b350000 - 0x00007ff65b360000 	C:\Program Files\Java\jdk-17\bin\java.exe
0x00007ffc421c0000 - 0x00007ffc42427000 	C:\WINDOWS\SYSTEM32\ntdll.dll
0x00007ffc407f0000 - 0x00007ffc408b9000 	C:\WINDOWS\System32\KERNEL32.DLL
0x00007ffc3faa0000 - 0x00007ffc3fe8f000 	C:\WINDOWS\System32\KERNELBASE.dll
0x00007ffc3f950000 - 0x00007ffc3fa9b000 	C:\WINDOWS\System32\ucrtbase.dll
0x00007ffc0ed30000 - 0x00007ffc0ed4b000 	C:\Program Files\Java\jdk-17\bin\VCRUNTIME140.dll
0x00007ffc0e840000 - 0x00007ffc0e859000 	C:\Program Files\Java\jdk-17\bin\jli.dll
0x00007ffc3ffa0000 - 0x00007ffc40054000 	C:\WINDOWS\System32\ADVAPI32.dll
0x00007ffc41fd0000 - 0x00007ffc42079000 	C:\WINDOWS\System32\msvcrt.dll
0x00007ffc418f0000 - 0x00007ffc41996000 	C:\WINDOWS\System32\sechost.dll
0x00007ffc415f0000 - 0x00007ffc41708000 	C:\WINDOWS\System32\RPCRT4.dll
0x00007ffc41720000 - 0x00007ffc418e5000 	C:\WINDOWS\System32\USER32.dll
0x00007ffc2c9a0000 - 0x00007ffc2cc33000 	C:\WINDOWS\WinSxS\amd64_microsoft.windows.common-controls_6595b64144ccf1df_6.0.26100.7309_none_3e05feeae336a044\COMCTL32.dll
0x00007ffc3f310000 - 0x00007ffc3f337000 	C:\WINDOWS\System32\win32u.dll
0x00007ffc3ff70000 - 0x00007ffc3ff9b000 	C:\WINDOWS\System32\GDI32.dll
0x00007ffc3f790000 - 0x00007ffc3f8bc000 	C:\WINDOWS\System32\gdi32full.dll
0x00007ffc3f630000 - 0x00007ffc3f6d3000 	C:\WINDOWS\System32\msvcp_win.dll
0x00007ffc355a0000 - 0x00007ffc355ab000 	C:\WINDOWS\SYSTEM32\VERSION.dll
0x00007ffc414f0000 - 0x00007ffc41521000 	C:\WINDOWS\System32\IMM32.DLL
0x00007ffc0e820000 - 0x00007ffc0e82c000 	C:\Program Files\Java\jdk-17\bin\vcruntime140_1.dll
0x00007ffbe54f0000 - 0x00007ffbe557e000 	C:\Program Files\Java\jdk-17\bin\msvcp140.dll
0x00007ffb80370000 - 0x00007ffb80f51000 	C:\Program Files\Java\jdk-17\bin\server\jvm.dll
0x00007ffc3ff60000 - 0x00007ffc3ff68000 	C:\WINDOWS\System32\PSAPI.DLL
0x00007ffc0e810000 - 0x00007ffc0e81a000 	C:\WINDOWS\SYSTEM32\WSOCK32.dll
0x00007ffc30300000 - 0x00007ffc30335000 	C:\WINDOWS\SYSTEM32\WINMM.dll
0x00007ffc42100000 - 0x00007ffc42174000 	C:\WINDOWS\System32\WS2_32.dll
0x00007ffc3e1c0000 - 0x00007ffc3e1db000 	C:\WINDOWS\SYSTEM32\kernel.appcore.dll
0x00007ffc0c700000 - 0x00007ffc0c70a000 	C:\Program Files\Java\jdk-17\bin\jimage.dll
0x00007ffc3ca40000 - 0x00007ffc3cc82000 	C:\WINDOWS\SYSTEM32\DBGHELP.DLL
0x00007ffc40060000 - 0x00007ffc403e5000 	C:\WINDOWS\System32\combase.dll
0x00007ffc41040000 - 0x00007ffc41116000 	C:\WINDOWS\System32\OLEAUT32.dll
0x00007ffc1a530000 - 0x00007ffc1a56c000 	C:\WINDOWS\SYSTEM32\dbgcore.DLL
0x00007ffc3f6e0000 - 0x00007ffc3f785000 	C:\WINDOWS\System32\bcryptPrimitives.dll
0x00007ffc33300000 - 0x00007ffc3330e000 	C:\Program Files\Java\jdk-17\bin\instrument.dll
0x00007ffc09320000 - 0x00007ffc09345000 	C:\Program Files\Java\jdk-17\bin\java.dll
0x00007ffba1fd0000 - 0x00007ffba20a7000 	C:\Program Files\Java\jdk-17\bin\jsvml.dll
0x00007ffc408c0000 - 0x00007ffc41013000 	C:\WINDOWS\System32\SHELL32.dll
0x00007ffc3f4c0000 - 0x00007ffc3f62a000 	C:\WINDOWS\System32\wintypes.dll
0x00007ffc3cf10000 - 0x00007ffc3d76e000 	C:\WINDOWS\SYSTEM32\windows.storage.dll
0x00007ffc41e60000 - 0x00007ffc41f55000 	C:\WINDOWS\System32\SHCORE.dll
0x00007ffc41380000 - 0x00007ffc413e6000 	C:\WINDOWS\System32\shlwapi.dll
0x00007ffc3f230000 - 0x00007ffc3f259000 	C:\WINDOWS\SYSTEM32\profapi.dll
0x00007ffc0c200000 - 0x00007ffc0c218000 	C:\Program Files\Java\jdk-17\bin\zip.dll
0x00007ffc0b610000 - 0x00007ffc0b629000 	C:\Program Files\Java\jdk-17\bin\net.dll
0x00007ffc35250000 - 0x00007ffc35378000 	C:\WINDOWS\SYSTEM32\WINHTTP.dll
0x00007ffc3e750000 - 0x00007ffc3e7bb000 	C:\WINDOWS\system32\mswsock.dll
0x00007ffc07fc0000 - 0x00007ffc07fd6000 	C:\Program Files\Java\jdk-17\bin\nio.dll
0x00007ffc0c680000 - 0x00007ffc0c690000 	C:\Program Files\Java\jdk-17\bin\verify.dll
0x00007ffc09d60000 - 0x00007ffc09d87000 	E:\Download\gradle-8.5\native\1def1411415f61bf3af743bc5b6707747c0891f09f0c88961ee8f79bc544acac\windows-amd64\native-platform.dll
0x00007ffc0c740000 - 0x00007ffc0c7b8000 	E:\Download\gradle-8.5\native\0.2.7\x86_64-windows-gnu\gradle-fileevents.dll
0x00007ffc2df30000 - 0x00007ffc2df3a000 	C:\Program Files\Java\jdk-17\bin\management.dll
0x00007ffc2df20000 - 0x00007ffc2df2b000 	C:\Program Files\Java\jdk-17\bin\management_ext.dll
0x00007ffc3db60000 - 0x00007ffc3db94000 	C:\WINDOWS\SYSTEM32\IPHLPAPI.DLL
0x00007ffc41710000 - 0x00007ffc4171a000 	C:\WINDOWS\System32\NSI.dll
0x00007ffc35160000 - 0x00007ffc3517e000 	C:\WINDOWS\SYSTEM32\dhcpcsvc6.DLL
0x00007ffc35130000 - 0x00007ffc35153000 	C:\WINDOWS\SYSTEM32\dhcpcsvc.DLL
0x00007ffc3dc00000 - 0x00007ffc3dd2c000 	C:\WINDOWS\SYSTEM32\DNSAPI.dll
0x00007ffc3ea10000 - 0x00007ffc3ea2b000 	C:\WINDOWS\SYSTEM32\CRYPTSP.dll
0x00007ffc3e120000 - 0x00007ffc3e15a000 	C:\WINDOWS\system32\rsaenh.dll
0x00007ffc3e800000 - 0x00007ffc3e82b000 	C:\WINDOWS\SYSTEM32\USERENV.dll
0x00007ffc3f200000 - 0x00007ffc3f22a000 	C:\WINDOWS\SYSTEM32\bcrypt.dll
0x00007ffc3ea30000 - 0x00007ffc3ea3c000 	C:\WINDOWS\SYSTEM32\CRYPTBASE.dll
0x00007ffc332f0000 - 0x00007ffc332fe000 	C:\Program Files\Java\jdk-17\bin\sunmscapi.dll
0x00007ffc3f340000 - 0x00007ffc3f4b7000 	C:\WINDOWS\System32\CRYPT32.dll
0x00007ffc3ec30000 - 0x00007ffc3ec60000 	C:\WINDOWS\SYSTEM32\ncrypt.dll
0x00007ffc3ebe0000 - 0x00007ffc3ec1f000 	C:\WINDOWS\SYSTEM32\NTASN1.dll
0x00007ffc346b0000 - 0x00007ffc346b8000 	C:\WINDOWS\system32\wshunix.dll

dbghelp: loaded successfully - version: 4.0.5 - missing functions: none
symbol engine: initialized successfully - sym options: 0x614 - pdb path: .;C:\Program Files\Java\jdk-17\bin;C:\WINDOWS\SYSTEM32;C:\WINDOWS\WinSxS\amd64_microsoft.windows.common-controls_6595b64144ccf1df_6.0.26100.7309_none_3e05feeae336a044;C:\Program Files\Java\jdk-17\bin\server;E:\Download\gradle-8.5\native\1def1411415f61bf3af743bc5b6707747c0891f09f0c88961ee8f79bc544acac\windows-amd64;E:\Download\gradle-8.5\native\0.2.7\x86_64-windows-gnu

VM Arguments:
jvm_args: --add-opens=java.base/java.lang=ALL-UNNAMED --add-opens=java.base/java.lang.invoke=ALL-UNNAMED --add-opens=java.base/java.util=ALL-UNNAMED --add-opens=java.prefs/java.util.prefs=ALL-UNNAMED --add-exports=jdk.compiler/com.sun.tools.javac.api=ALL-UNNAMED --add-exports=jdk.compiler/com.sun.tools.javac.util=ALL-UNNAMED --add-opens=java.base/java.util=ALL-UNNAMED --add-opens=java.prefs/java.util.prefs=ALL-UNNAMED --add-opens=java.base/java.nio.charset=ALL-UNNAMED --add-opens=java.base/java.net=ALL-UNNAMED --add-opens=java.base/java.util.concurrent.atomic=ALL-UNNAMED --add-opens=java.xml/javax.xml.namespace=ALL-UNNAMED -Xmx2048m -Dfile.encoding=UTF-8 -Duser.country=US -Duser.language=en -Duser.variant -javaagent:E:\Download\gradle-8.5\wrapper\dists\gradle-8.13-bin\5xuhj0ry160q40clulazy9h7d\gradle-8.13\lib\agents\gradle-instrumentation-agent-8.13.jar 
java_command: org.gradle.launcher.daemon.bootstrap.GradleDaemon 8.13
java_class_path (initial): E:\Download\gradle-8.5\wrapper\dists\gradle-8.13-bin\5xuhj0ry160q40clulazy9h7d\gradle-8.13\lib\gradle-daemon-main-8.13.jar
Launcher Type: SUN_STANDARD

[Global flags]
     intx CICompilerCount                          = 4                                         {product} {ergonomic}
     uint ConcGCThreads                            = 3                                         {product} {ergonomic}
     uint G1ConcRefinementThreads                  = 10                                        {product} {ergonomic}
   size_t G1HeapRegionSize                         = 1048576                                   {product} {ergonomic}
    uintx GCDrainStackTargetSize                   = 64                                        {product} {ergonomic}
   size_t InitialHeapSize                          = 266338304                                 {product} {ergonomic}
   size_t MarkStackSize                            = 4194304                                   {product} {ergonomic}
   size_t MaxHeapSize                              = 2147483648                                {product} {command line}
   size_t MaxNewSize                               = 1287651328                                {product} {ergonomic}
   size_t MinHeapDeltaBytes                        = 1048576                                   {product} {ergonomic}
   size_t MinHeapSize                              = 8388608                                   {product} {ergonomic}
    uintx NonNMethodCodeHeapSize                   = 5839372                                {pd product} {ergonomic}
    uintx NonProfiledCodeHeapSize                  = 122909434                              {pd product} {ergonomic}
    uintx ProfiledCodeHeapSize                     = 122909434                              {pd product} {ergonomic}
    uintx ReservedCodeCacheSize                    = 251658240                              {pd product} {ergonomic}
     bool SegmentedCodeCache                       = true                                      {product} {ergonomic}
   size_t SoftMaxHeapSize                          = 2147483648                             {manageable} {ergonomic}
     bool UseCompressedClassPointers               = true                           {product lp64_product} {ergonomic}
     bool UseCompressedOops                        = true                           {product lp64_product} {ergonomic}
     bool UseG1GC                                  = true                                      {product} {ergonomic}
     bool UseLargePagesIndividualAllocation        = false                                  {pd product} {ergonomic}

Logging:
Log output configuration:
 #0: stdout all=warning uptime,level,tags
 #1: stderr all=off uptime,level,tags

Environment Variables:
PATH=C:\Program Files\Common Files\Oracle\Java\javapath;C:\Program Files (x86)\VMware\VMware Workstation\bin\;C:\Windows\system32;C:\Windows;C:\Windows\System32\Wbem;C:\Windows\System32\WindowsPowerShell\v1.0\;C:\Windows\System32\OpenSSH\;C:\Program Files (x86)\Microsoft SQL Server\160\Tools\Binn\;C:\Program Files\Microsoft SQL Server\160\Tools\Binn\;C:\Program Files\Microsoft SQL Server\Client SDK\ODBC\170\Tools\Binn\;C:\Program Files\Microsoft SQL Server\160\DTS\Binn\;C:\Program Files (x86)\Microsoft SQL Server\160\DTS\Binn\;C:\Program Files\Azure Data Studio\bin;C:\WINDOWS\system32;C:\WINDOWS;C:\WINDOWS\System32\Wbem;C:\WINDOWS\System32\WindowsPowerShell\v1.0\;C:\WINDOWS\System32\OpenSSH\;C:\Program Files\nodejs\;C:\Program Files\Microsoft SQL Server\150\Tools\Binn\;C:\Program Files (x86)\NVIDIA Corporation\PhysX\Common;C:\Flutter\flutter\bin;C:\vscode\Microsoft VS Code;C:\Program Files\Git\cmd;C:\Program Files\dotnet\;C:\Program Files (x86)\Windows Kits\10\Windows Performance Toolkit\;C:\Program Files\Cloudflare\Cloudflare WARP\;C:\Composer;;C:\Program Files\NVIDIA Corporation\NVIDIA App\NvDLISR;$newPath;C:\Users\MINH KHA\AppData\Local\Programs\Microsoft VS Code\bin;C:\Users\MINH KHA\.dotnet\tools;C:\Users\MINH KHA\AppData\Roaming\Composer\vendor\bin;C:\Composer;C:\PhP;C:\Android_studio\platform-tools;
USERNAME=MINH KHA
OS=Windows_NT
PROCESSOR_IDENTIFIER=Intel64 Family 6 Model 141 Stepping 1, GenuineIntel



---------------  S Y S T E M  ---------------

OS:
 Windows 11 , 64 bit Build 26100 (10.0.26100.7309)
OS uptime: 0 days 1:25 hours
Hyper-V role detected

CPU: total 12 (initial active 12) (6 cores per cpu, 2 threads per core) family 6 model 141 stepping 1 microcode 0x3c, cx8, cmov, fxsr, ht, mmx, 3dnowpref, sse, sse2, sse3, ssse3, sse4.1, sse4.2, popcnt, lzcnt, tsc, tscinvbit, avx, avx2, aes, erms, clmul, bmi1, bmi2, adx, avx512f, avx512dq, avx512cd, avx512bw, avx512vl, sha, fma, vzeroupper, avx512_vpopcntdq, avx512_vpclmulqdq, avx512_vaes, avx512_vnni, clflush, clflushopt, clwb, avx512_vbmi2, avx512_vbmi, hv

Memory: 4k page, system-wide physical 16163M (4244M free)
TotalPageFile size 17443M (AvailPageFile size 15M)
current process WorkingSet (physical memory assigned to process): 170M, peak: 170M
current process commit charge ("private bytes"): 407M, peak: 409M

vm_info: Java HotSpot(TM) 64-Bit Server VM (17.0.9+11-LTS-201) for windows-amd64 JRE (17.0.9+11-LTS-201), built on Oct 10 2023 23:16:06 by "mach5one" with MS VC++ 17.1 (VS2022)

END.
