#
# There is insufficient memory for the Java Runtime Environment to continue.
# Native memory allocation (mmap) failed to map 89128960 bytes for G1 virtual space
# Possible reasons:
#   The system is out of physical RAM or swap space
#   The process is running with CompressedOops enabled, and the Java Heap may be blocking the growth of the native heap
# Possible solutions:
#   Reduce memory load on the system
#   Increase physical memory or swap space
#   Check if swap backing store is full
#   Decrease Java heap size (-Xmx/-Xms)
#   Decrease number of Java threads
#   Decrease Java thread stack sizes (-Xss)
#   Set larger code cache with -XX:ReservedCodeCacheSize=
#   JVM is running with Unscaled Compressed Oops mode in which the Java heap is
#     placed in the first 4GB address space. The Java Heap base address is the
#     maximum limit for the native heap growth. Please use -XX:HeapBaseMinAddress
#     to set the Java Heap base and to place the Java Heap above 4GB virtual address.
# This output file may be truncated or incomplete.
#
#  Out of Memory Error (os_windows.cpp:3552), pid=17680, tid=14004
#
# JRE version: Java(TM) SE Runtime Environment (17.0.9+11) (build 17.0.9+11-LTS-201)
# Java VM: Java HotSpot(TM) 64-Bit Server VM (17.0.9+11-LTS-201, mixed mode, sharing, tiered, compressed oops, compressed class ptrs, g1 gc, windows-amd64)
# No core dump will be written. Minidumps are not enabled by default on client versions of Windows
#

---------------  S U M M A R Y ------------

Command Line: --add-opens=java.base/java.lang=ALL-UNNAMED --add-opens=java.base/java.lang.invoke=ALL-UNNAMED --add-opens=java.base/java.util=ALL-UNNAMED --add-opens=java.prefs/java.util.prefs=ALL-UNNAMED --add-exports=jdk.compiler/com.sun.tools.javac.api=ALL-UNNAMED --add-exports=jdk.compiler/com.sun.tools.javac.util=ALL-UNNAMED --add-opens=java.base/java.util=ALL-UNNAMED --add-opens=java.prefs/java.util.prefs=ALL-UNNAMED --add-opens=java.base/java.nio.charset=ALL-UNNAMED --add-opens=java.base/java.net=ALL-UNNAMED --add-opens=java.base/java.util.concurrent.atomic=ALL-UNNAMED --add-opens=java.xml/javax.xml.namespace=ALL-UNNAMED -Xmx2048m -Dfile.encoding=UTF-8 -Duser.country=US -Duser.language=en -Duser.variant -javaagent:E:\Download\gradle-8.5\wrapper\dists\gradle-8.13-bin\5xuhj0ry160q40clulazy9h7d\gradle-8.13\lib\agents\gradle-instrumentation-agent-8.13.jar org.gradle.launcher.daemon.bootstrap.GradleDaemon 8.13

Host: 11th Gen Intel(R) Core(TM) i5-11400H @ 2.70GHz, 12 cores, 15G,  Windows 11 , 64 bit Build 26100 (10.0.26100.7309)
Time: Tue Jan 13 21:33:58 2026 SE Asia Standard Time elapsed time: 32.211679 seconds (0d 0h 0m 32s)

---------------  T H R E A D  ---------------

Current thread (0x00000162726c2550):  VMThread "VM Thread" [stack: 0x0000003516f00000,0x0000003517000000] [id=14004]

Stack: [0x0000003516f00000,0x0000003517000000]
Native frames: (J=compiled Java code, j=interpreted, Vv=VM code, C=native code)
V  [jvm.dll+0x678a4a]
V  [jvm.dll+0x7d9cfd]
V  [jvm.dll+0x7db60e]
V  [jvm.dll+0x7dbc73]
V  [jvm.dll+0x245e1f]
V  [jvm.dll+0x6758f9]
V  [jvm.dll+0x66a2a2]
V  [jvm.dll+0x303686]
V  [jvm.dll+0x30ac06]
V  [jvm.dll+0x35a48e]
V  [jvm.dll+0x35a6bf]
V  [jvm.dll+0x2da678]
V  [jvm.dll+0x2d8a85]
V  [jvm.dll+0x2d808c]
V  [jvm.dll+0x31b97b]
V  [jvm.dll+0x7e048b]
V  [jvm.dll+0x7e11c4]
V  [jvm.dll+0x7e16dd]
V  [jvm.dll+0x7e1ab4]
V  [jvm.dll+0x7e1b80]
V  [jvm.dll+0x78998a]
V  [jvm.dll+0x677875]
C  [ucrtbase.dll+0x37b0]
C  [KERNEL32.DLL+0x2e8d7]
C  [ntdll.dll+0x8c53c]

VM_Operation (0x000000351cdfd590): G1CollectForAllocation, mode: safepoint, requested by thread 0x0000016279da3a80


---------------  P R O C E S S  ---------------

Threads class SMR info:
_java_thread_list=0x0000016279127540, length=93, elements={
0x00000162540443f0, 0x00000162726c8fc0, 0x00000162726c96a0, 0x00000162727f4090,
0x00000162726ddba0, 0x00000162726de080, 0x00000162726de560, 0x00000162727f8580,
0x00000162727f8aa0, 0x00000162727fbd10, 0x0000016272913790, 0x00000162729146c0,
0x00000162729155f0, 0x0000016272913ca0, 0x00000162729150e0, 0x0000016272916010,
0x00000162729141b0, 0x0000016272915b00, 0x0000016272916520, 0x0000016272912d70,
0x0000016272913280, 0x00000162784e61a0, 0x00000162784e66b0, 0x00000162784e5780,
0x00000162784e5270, 0x00000162784e8f30, 0x00000162784e7af0, 0x00000162784e8510,
0x00000162784e6bc0, 0x00000162784e5c90, 0x00000162784e70d0, 0x00000162784e9440,
0x00000162784e9950, 0x00000162784e75e0, 0x00000162784ea370, 0x00000162784e9e60,
0x00000162784ea880, 0x00000162784ec1d0, 0x00000162784ebcc0, 0x00000162784ec6e0,
0x00000162784ead90, 0x00000162784eb2a0, 0x00000162784eb7b0, 0x00000162784ecbf0,
0x000001627a687f20, 0x000001627a688940, 0x000001627a685190, 0x000001627a688e50,
0x000001627a6860c0, 0x000001627a686ae0, 0x000001627a688430, 0x000001627a6856a0,
0x000001627a689360, 0x000001627a6865d0, 0x000001627a685bb0, 0x000001627a68a7a0,
0x000001627a689d80, 0x000001627a689870, 0x000001627a68acb0, 0x000001627a687500,
0x000001627a68b1c0, 0x000001627a687a10, 0x000001627a68cb10, 0x000001627a68c0f0,
0x000001627a68b6d0, 0x000001627a68bbe0, 0x000001627a68c600, 0x0000016279da5df0,
0x0000016279da49b0, 0x0000016279da3060, 0x0000016279da6810, 0x0000016279da6300,
0x0000016279da58e0, 0x0000016279da4ec0, 0x0000016279da53d0, 0x0000016279da3f90,
0x0000016279da6d20, 0x0000016279da44a0, 0x0000016279da3570, 0x0000016279da7230,
0x000001627ac0bc10, 0x0000016279da3a80, 0x0000016279da8160, 0x0000016279da7740,
0x0000016279da95a0, 0x0000016279da9090, 0x0000016279da7c50, 0x0000016279da8b80,
0x0000016279da9ab0, 0x0000016279da8670, 0x0000016279da9fc0, 0x0000016279daa4d0,
0x000001627a8b4880
}

Java Threads: ( => current thread )
  0x00000162540443f0 JavaThread "main" [_thread_blocked, id=21208, stack(0x0000003516900000,0x0000003516a00000)]
  0x00000162726c8fc0 JavaThread "Reference Handler" daemon [_thread_blocked, id=1668, stack(0x0000003517000000,0x0000003517100000)]
  0x00000162726c96a0 JavaThread "Finalizer" daemon [_thread_blocked, id=9728, stack(0x0000003517100000,0x0000003517200000)]
  0x00000162727f4090 JavaThread "Signal Dispatcher" daemon [_thread_blocked, id=15680, stack(0x0000003517200000,0x0000003517300000)]
  0x00000162726ddba0 JavaThread "Attach Listener" daemon [_thread_blocked, id=2468, stack(0x0000003517300000,0x0000003517400000)]
  0x00000162726de080 JavaThread "Service Thread" daemon [_thread_blocked, id=18148, stack(0x0000003517400000,0x0000003517500000)]
  0x00000162726de560 JavaThread "Monitor Deflation Thread" daemon [_thread_blocked, id=9240, stack(0x0000003517500000,0x0000003517600000)]
  0x00000162727f8580 JavaThread "C2 CompilerThread0" daemon [_thread_blocked, id=18436, stack(0x0000003517600000,0x0000003517700000)]
  0x00000162727f8aa0 JavaThread "C1 CompilerThread0" daemon [_thread_blocked, id=13900, stack(0x0000003517700000,0x0000003517800000)]
  0x00000162727fbd10 JavaThread "Sweeper thread" daemon [_thread_blocked, id=5740, stack(0x0000003517800000,0x0000003517900000)]
  0x0000016272913790 JavaThread "Common-Cleaner" daemon [_thread_blocked, id=1552, stack(0x0000003517900000,0x0000003517a00000)]
  0x00000162729146c0 JavaThread "Notification Thread" daemon [_thread_blocked, id=20348, stack(0x0000003517a00000,0x0000003517b00000)]
  0x00000162729155f0 JavaThread "Daemon health stats" [_thread_blocked, id=11480, stack(0x0000003518100000,0x0000003518200000)]
  0x0000016272913ca0 JavaThread "Incoming local TCP Connector on port 52801" [_thread_in_native, id=8268, stack(0x0000003518200000,0x0000003518300000)]
  0x00000162729150e0 JavaThread "Daemon periodic checks" [_thread_blocked, id=10012, stack(0x0000003518300000,0x0000003518400000)]
  0x0000016272916010 JavaThread "Daemon" [_thread_blocked, id=20964, stack(0x0000003518400000,0x0000003518500000)]
  0x00000162729141b0 JavaThread "Handler for socket connection from /127.0.0.1:52801 to /127.0.0.1:52802" [_thread_in_native, id=15332, stack(0x0000003518500000,0x0000003518600000)]
  0x0000016272915b00 JavaThread "Cancel handler" [_thread_blocked, id=19284, stack(0x0000003518600000,0x0000003518700000)]
  0x0000016272916520 JavaThread "Daemon worker" [_thread_blocked, id=10868, stack(0x0000003518700000,0x0000003518800000)]
  0x0000016272912d70 JavaThread "Asynchronous log dispatcher for DefaultDaemonConnection: socket connection from /127.0.0.1:52801 to /127.0.0.1:52802" [_thread_blocked, id=14136, stack(0x0000003518800000,0x0000003518900000)]
  0x0000016272913280 JavaThread "Stdin handler" [_thread_blocked, id=1764, stack(0x0000003518900000,0x0000003518a00000)]
  0x00000162784e61a0 JavaThread "Daemon client event forwarder" [_thread_blocked, id=3960, stack(0x0000003518a00000,0x0000003518b00000)]
  0x00000162784e66b0 JavaThread "Cache worker for journal cache (E:\Download\gradle-8.5\caches\journal-1)" [_thread_blocked, id=3568, stack(0x0000003518b00000,0x0000003518c00000)]
  0x00000162784e5780 JavaThread "File lock request listener" [_thread_in_native, id=972, stack(0x0000003518c00000,0x0000003518d00000)]
  0x00000162784e5270 JavaThread "Cache worker for file hash cache (E:\Download\gradle-8.5\caches\8.13\fileHashes)" [_thread_blocked, id=4988, stack(0x0000003518d00000,0x0000003518e00000)]
  0x00000162784e8f30 JavaThread "Cache worker for file hash cache (D:\DoAnDiDongKha\MusicRelaxApp\.gradle\8.13\fileHashes)" [_thread_blocked, id=4228, stack(0x0000003518e00000,0x0000003518f00000)]
  0x00000162784e7af0 JavaThread "Cache worker for Build Output Cleanup Cache (D:\DoAnDiDongKha\MusicRelaxApp\.gradle\buildOutputCleanup)" [_thread_blocked, id=16548, stack(0x0000003518f00000,0x0000003519000000)]
  0x00000162784e8510 JavaThread "File watcher server" daemon [_thread_in_native, id=20540, stack(0x0000003519000000,0x0000003519100000)]
  0x00000162784e6bc0 JavaThread "File watcher consumer" daemon [_thread_blocked, id=3212, stack(0x0000003519700000,0x0000003519800000)]
  0x00000162784e5c90 JavaThread "jar transforms" [_thread_blocked, id=10652, stack(0x0000003519800000,0x0000003519900000)]
  0x00000162784e70d0 JavaThread "jar transforms Thread 2" [_thread_blocked, id=5772, stack(0x0000003519900000,0x0000003519a00000)]
  0x00000162784e9440 JavaThread "Cache worker for checksums cache (D:\DoAnDiDongKha\MusicRelaxApp\.gradle\8.13\checksums)" [_thread_blocked, id=10208, stack(0x0000003519d00000,0x0000003519e00000)]
  0x00000162784e9950 JavaThread "Cache worker for file content cache (E:\Download\gradle-8.5\caches\8.13\fileContent)" [_thread_blocked, id=3784, stack(0x0000003519e00000,0x0000003519f00000)]
  0x00000162784e75e0 JavaThread "jar transforms Thread 3" [_thread_blocked, id=6220, stack(0x0000003519f00000,0x000000351a000000)]
  0x00000162784ea370 JavaThread "jar transforms Thread 4" [_thread_blocked, id=15624, stack(0x0000003519a00000,0x0000003519b00000)]
  0x00000162784e9e60 JavaThread "jar transforms Thread 5" [_thread_blocked, id=19360, stack(0x000000351a000000,0x000000351a100000)]
  0x00000162784ea880 JavaThread "Cache worker for cache directory md-supplier (E:\Download\gradle-8.5\caches\8.13\md-supplier)" [_thread_blocked, id=3636, stack(0x000000351a100000,0x000000351a200000)]
  0x00000162784ec1d0 JavaThread "Cache worker for cache directory md-rule (E:\Download\gradle-8.5\caches\8.13\md-rule)" [_thread_blocked, id=14844, stack(0x0000003519c00000,0x0000003519d00000)]
  0x00000162784ebcc0 JavaThread "Unconstrained build operations" [_thread_blocked, id=16580, stack(0x000000351a300000,0x000000351a400000)]
  0x00000162784ec6e0 JavaThread "Unconstrained build operations Thread 2" [_thread_blocked, id=1492, stack(0x000000351a400000,0x000000351a500000)]
  0x00000162784ead90 JavaThread "Unconstrained build operations Thread 3" [_thread_blocked, id=17980, stack(0x000000351a500000,0x000000351a600000)]
  0x00000162784eb2a0 JavaThread "Unconstrained build operations Thread 4" [_thread_blocked, id=2984, stack(0x000000351a600000,0x000000351a700000)]
  0x00000162784eb7b0 JavaThread "Unconstrained build operations Thread 5" [_thread_blocked, id=20088, stack(0x000000351a700000,0x000000351a800000)]
  0x00000162784ecbf0 JavaThread "Unconstrained build operations Thread 6" [_thread_blocked, id=16244, stack(0x000000351a200000,0x000000351a300000)]
  0x000001627a687f20 JavaThread "Unconstrained build operations Thread 7" [_thread_blocked, id=11776, stack(0x000000351a800000,0x000000351a900000)]
  0x000001627a688940 JavaThread "Unconstrained build operations Thread 8" [_thread_blocked, id=15644, stack(0x000000351a900000,0x000000351aa00000)]
  0x000001627a685190 JavaThread "Unconstrained build operations Thread 9" [_thread_blocked, id=7488, stack(0x000000351aa00000,0x000000351ab00000)]
  0x000001627a688e50 JavaThread "Unconstrained build operations Thread 10" [_thread_blocked, id=14404, stack(0x000000351ab00000,0x000000351ac00000)]
  0x000001627a6860c0 JavaThread "jar transforms Thread 6" [_thread_blocked, id=17312, stack(0x000000351ac00000,0x000000351ad00000)]
  0x000001627a686ae0 JavaThread "jar transforms Thread 7" [_thread_blocked, id=11292, stack(0x000000351ad00000,0x000000351ae00000)]
  0x000001627a688430 JavaThread "Unconstrained build operations Thread 11" [_thread_blocked, id=10656, stack(0x000000351ae00000,0x000000351af00000)]
  0x000001627a6856a0 JavaThread "Unconstrained build operations Thread 12" [_thread_blocked, id=17724, stack(0x000000351af00000,0x000000351b000000)]
  0x000001627a689360 JavaThread "Unconstrained build operations Thread 13" [_thread_blocked, id=12636, stack(0x000000351b000000,0x000000351b100000)]
  0x000001627a6865d0 JavaThread "Unconstrained build operations Thread 14" [_thread_blocked, id=12756, stack(0x000000351b100000,0x000000351b200000)]
  0x000001627a685bb0 JavaThread "Unconstrained build operations Thread 15" [_thread_blocked, id=8696, stack(0x000000351b200000,0x000000351b300000)]
  0x000001627a68a7a0 JavaThread "jar transforms Thread 8" [_thread_blocked, id=15316, stack(0x000000351b300000,0x000000351b400000)]
  0x000001627a689d80 JavaThread "jar transforms Thread 9" [_thread_blocked, id=21436, stack(0x000000351b400000,0x000000351b500000)]
  0x000001627a689870 JavaThread "jar transforms Thread 10" [_thread_blocked, id=18496, stack(0x000000351b500000,0x000000351b600000)]
  0x000001627a68acb0 JavaThread "Unconstrained build operations Thread 16" [_thread_blocked, id=17852, stack(0x000000351b700000,0x000000351b800000)]
  0x000001627a687500 JavaThread "Unconstrained build operations Thread 17" [_thread_blocked, id=8184, stack(0x000000351b800000,0x000000351b900000)]
  0x000001627a68b1c0 JavaThread "Unconstrained build operations Thread 18" [_thread_blocked, id=2832, stack(0x000000351b900000,0x000000351ba00000)]
  0x000001627a687a10 JavaThread "Unconstrained build operations Thread 19" [_thread_blocked, id=11016, stack(0x000000351ba00000,0x000000351bb00000)]
  0x000001627a68cb10 JavaThread "Unconstrained build operations Thread 20" [_thread_blocked, id=12604, stack(0x000000351bb00000,0x000000351bc00000)]
  0x000001627a68c0f0 JavaThread "Unconstrained build operations Thread 21" [_thread_blocked, id=7364, stack(0x000000351bc00000,0x000000351bd00000)]
  0x000001627a68b6d0 JavaThread "Unconstrained build operations Thread 22" [_thread_blocked, id=6340, stack(0x000000351bd00000,0x000000351be00000)]
  0x000001627a68bbe0 JavaThread "Unconstrained build operations Thread 23" [_thread_blocked, id=5892, stack(0x000000351be00000,0x000000351bf00000)]
  0x000001627a68c600 JavaThread "Unconstrained build operations Thread 24" [_thread_blocked, id=7816, stack(0x000000351bf00000,0x000000351c000000)]
  0x0000016279da5df0 JavaThread "Unconstrained build operations Thread 25" [_thread_blocked, id=10284, stack(0x000000351c000000,0x000000351c100000)]
  0x0000016279da49b0 JavaThread "Unconstrained build operations Thread 26" [_thread_blocked, id=2572, stack(0x000000351c100000,0x000000351c200000)]
  0x0000016279da3060 JavaThread "Unconstrained build operations Thread 27" [_thread_blocked, id=3092, stack(0x000000351c200000,0x000000351c300000)]
  0x0000016279da6810 JavaThread "Unconstrained build operations Thread 28" [_thread_blocked, id=8312, stack(0x000000351c300000,0x000000351c400000)]
  0x0000016279da6300 JavaThread "Unconstrained build operations Thread 29" [_thread_blocked, id=10460, stack(0x000000351c400000,0x000000351c500000)]
  0x0000016279da58e0 JavaThread "Unconstrained build operations Thread 30" [_thread_blocked, id=2416, stack(0x000000351c500000,0x000000351c600000)]
  0x0000016279da4ec0 JavaThread "Unconstrained build operations Thread 31" [_thread_blocked, id=17892, stack(0x000000351c600000,0x000000351c700000)]
  0x0000016279da53d0 JavaThread "Unconstrained build operations Thread 32" [_thread_blocked, id=9268, stack(0x000000351b600000,0x000000351b700000)]
  0x0000016279da3f90 JavaThread "Unconstrained build operations Thread 33" [_thread_blocked, id=3720, stack(0x000000351c700000,0x000000351c800000)]
  0x0000016279da6d20 JavaThread "Unconstrained build operations Thread 34" [_thread_blocked, id=14604, stack(0x000000351c800000,0x000000351c900000)]
  0x0000016279da44a0 JavaThread "Unconstrained build operations Thread 35" [_thread_blocked, id=9580, stack(0x000000351c900000,0x000000351ca00000)]
  0x0000016279da3570 JavaThread "Unconstrained build operations Thread 36" [_thread_blocked, id=16524, stack(0x000000351ca00000,0x000000351cb00000)]
  0x0000016279da7230 JavaThread "Unconstrained build operations Thread 37" [_thread_blocked, id=11300, stack(0x000000351cb00000,0x000000351cc00000)]
  0x000001627ac0bc10 JavaThread "C2 CompilerThread1" daemon [_thread_blocked, id=9116, stack(0x000000351cc00000,0x000000351cd00000)]
  0x0000016279da3a80 JavaThread "Unconstrained build operations Thread 38" [_thread_blocked, id=10276, stack(0x000000351cd00000,0x000000351ce00000)]
  0x0000016279da8160 JavaThread "Unconstrained build operations Thread 39" [_thread_blocked, id=13752, stack(0x000000351ce00000,0x000000351cf00000)]
  0x0000016279da7740 JavaThread "Unconstrained build operations Thread 40" [_thread_blocked, id=5452, stack(0x000000351cf00000,0x000000351d000000)]
  0x0000016279da95a0 JavaThread "Unconstrained build operations Thread 41" [_thread_blocked, id=11000, stack(0x000000351d000000,0x000000351d100000)]
  0x0000016279da9090 JavaThread "Unconstrained build operations Thread 42" [_thread_blocked, id=13112, stack(0x000000351d100000,0x000000351d200000)]
  0x0000016279da7c50 JavaThread "Unconstrained build operations Thread 43" [_thread_blocked, id=13792, stack(0x000000351d200000,0x000000351d300000)]
  0x0000016279da8b80 JavaThread "Unconstrained build operations Thread 44" [_thread_blocked, id=16460, stack(0x000000351d300000,0x000000351d400000)]
  0x0000016279da9ab0 JavaThread "Unconstrained build operations Thread 45" [_thread_blocked, id=10152, stack(0x000000351d400000,0x000000351d500000)]
  0x0000016279da8670 JavaThread "Unconstrained build operations Thread 46" [_thread_blocked, id=21164, stack(0x000000351d500000,0x000000351d600000)]
  0x0000016279da9fc0 JavaThread "Unconstrained build operations Thread 47" [_thread_blocked, id=20680, stack(0x000000351d600000,0x000000351d700000)]
  0x0000016279daa4d0 JavaThread "Unconstrained build operations Thread 48" [_thread_blocked, id=20172, stack(0x000000351d700000,0x000000351d800000)]
  0x000001627a8b4880 JavaThread "C2 CompilerThread2" daemon [_thread_blocked, id=7556, stack(0x000000351d800000,0x000000351d900000)]

Other Threads:
=>0x00000162726c2550 VMThread "VM Thread" [stack: 0x0000003516f00000,0x0000003517000000] [id=14004]
  0x00000162540c5d70 WatcherThread [stack: 0x0000003517b00000,0x0000003517c00000] [id=20832]
  0x00000162540a39c0 GCTaskThread "GC Thread#0" [stack: 0x0000003516a00000,0x0000003516b00000] [id=16740]
  0x0000016272b12f50 GCTaskThread "GC Thread#1" [stack: 0x0000003517c00000,0x0000003517d00000] [id=3192]
  0x00000162770e3c70 GCTaskThread "GC Thread#2" [stack: 0x0000003517d00000,0x0000003517e00000] [id=2288]
  0x0000016277165770 GCTaskThread "GC Thread#3" [stack: 0x0000003517e00000,0x0000003517f00000] [id=20796]
  0x0000016277165a30 GCTaskThread "GC Thread#4" [stack: 0x0000003517f00000,0x0000003518000000] [id=21064]
  0x0000016277165cf0 GCTaskThread "GC Thread#5" [stack: 0x0000003518000000,0x0000003518100000] [id=19816]
  0x0000016278b39f80 GCTaskThread "GC Thread#6" [stack: 0x0000003519100000,0x0000003519200000] [id=13980]
  0x000001627969ebe0 GCTaskThread "GC Thread#7" [stack: 0x0000003519200000,0x0000003519300000] [id=10264]
  0x0000016279d90ff0 GCTaskThread "GC Thread#8" [stack: 0x0000003519300000,0x0000003519400000] [id=20244]
  0x000001627850cd00 GCTaskThread "GC Thread#9" [stack: 0x0000003519400000,0x0000003519500000] [id=16264]
  0x00000162540b5990 ConcurrentGCThread "G1 Main Marker" [stack: 0x0000003516b00000,0x0000003516c00000] [id=9312]
  0x00000162540b6e20 ConcurrentGCThread "G1 Conc#0" [stack: 0x0000003516c00000,0x0000003516d00000] [id=11548]
  0x00000162794c2000 ConcurrentGCThread "G1 Conc#1" [stack: 0x0000003519500000,0x0000003519600000] [id=5156]
  0x000001627953f430 ConcurrentGCThread "G1 Conc#2" [stack: 0x0000003519600000,0x0000003519700000] [id=4184]
  0x000001625410e4d0 ConcurrentGCThread "G1 Refine#0" [stack: 0x0000003516d00000,0x0000003516e00000] [id=4576]
  0x0000016278dcf6d0 ConcurrentGCThread "G1 Refine#1" [stack: 0x0000003519b00000,0x0000003519c00000] [id=1956]
  0x000001625410e8c0 ConcurrentGCThread "G1 Service" [stack: 0x0000003516e00000,0x0000003516f00000] [id=12020]

Threads with active compile tasks:
C2 CompilerThread0    32236 8175   !   4       com.google.common.collect.RegularImmutableSortedSet::indexOf (35 bytes)
C1 CompilerThread0    32236 8180       3       java.util.Collections$2::characteristics (33 bytes)
C2 CompilerThread1    32236 8173       4       java.util.Collections::indexedBinarySearch (85 bytes)
C2 CompilerThread2    32236 8174       4       java.util.Collections::binarySearch (43 bytes)

VM state: at safepoint (normal execution)

VM Mutex/Monitor currently owned by a thread:  ([mutex/lock_event])
[0x00000162540417d0] Threads_lock - owner thread: 0x00000162726c2550
[0x00000162540418f0] Heap_lock - owner thread: 0x0000016279da3a80

Heap address: 0x0000000080000000, size: 2048 MB, Compressed Oops mode: 32-bit

CDS archive(s) mapped at: [0x0000016200000000-0x0000016200bd0000-0x0000016200bd0000), size 12386304, SharedBaseAddress: 0x0000016200000000, ArchiveRelocationMode: 1.
Compressed class space mapped at: 0x0000016201000000-0x0000016241000000, reserved size: 1073741824
Narrow klass base: 0x0000016200000000, Narrow klass shift: 0, Narrow klass range: 0x100000000

GC Precious Log:
 CPUs: 12 total, 12 available
 Memory: 16163M
 Large Page Support: Disabled
 NUMA Support: Disabled
 Compressed Oops: Enabled (32-bit)
 Heap Region Size: 1M
 Heap Min Capacity: 8M
 Heap Initial Capacity: 254M
 Heap Max Capacity: 2G
 Pre-touch: Disabled
 Parallel Workers: 10
 Concurrent Workers: 3
 Concurrent Refinement Workers: 10
 Periodic GC: Disabled

Heap:
 garbage-first heap   total 145408K, used 58079K [0x0000000080000000, 0x0000000100000000)
  region size 1024K, 4 young (4096K), 4 survivors (4096K)
 Metaspace       used 56467K, committed 57088K, reserved 1114112K
  class space    used 7855K, committed 8128K, reserved 1048576K

Heap Regions: E=young(eden), S=young(survivor), O=old, HS=humongous(starts), HC=humongous(continues), CS=collection set, F=free, OA=open archive, CA=closed archive, TAMS=top-at-mark-start (previous, next)
|   0|0x0000000080000000, 0x0000000080100000, 0x0000000080100000|100%|HS|  |TAMS 0x0000000080100000, 0x0000000080000000| Complete 
|   1|0x0000000080100000, 0x0000000080200000, 0x0000000080200000|100%|HC|  |TAMS 0x0000000080200000, 0x0000000080100000| Complete 
|   2|0x0000000080200000, 0x0000000080300000, 0x0000000080300000|100%|HC|  |TAMS 0x0000000080300000, 0x0000000080200000| Complete 
|   3|0x0000000080300000, 0x0000000080400000, 0x0000000080400000|100%| O|  |TAMS 0x0000000080400000, 0x0000000080300000| Untracked 
|   4|0x0000000080400000, 0x0000000080500000, 0x0000000080500000|100%| O|  |TAMS 0x0000000080500000, 0x0000000080400000| Untracked 
|   5|0x0000000080500000, 0x0000000080600000, 0x0000000080600000|100%| O|  |TAMS 0x0000000080600000, 0x0000000080500000| Untracked 
|   6|0x0000000080600000, 0x0000000080700000, 0x0000000080700000|100%|HS|  |TAMS 0x0000000080700000, 0x0000000080600000| Complete 
|   7|0x0000000080700000, 0x0000000080800000, 0x0000000080800000|100%| O|  |TAMS 0x0000000080800000, 0x0000000080700000| Untracked 
|   8|0x0000000080800000, 0x0000000080900000, 0x0000000080900000|100%| O|  |TAMS 0x0000000080900000, 0x0000000080800000| Untracked 
|   9|0x0000000080900000, 0x00000000809f1a00, 0x0000000080a00000| 94%| O|  |TAMS 0x00000000809f1a00, 0x0000000080900000| Untracked 
|  10|0x0000000080a00000, 0x0000000080b00000, 0x0000000080b00000|100%| O|  |TAMS 0x0000000080b00000, 0x0000000080a00000| Untracked 
|  11|0x0000000080b00000, 0x0000000080c00000, 0x0000000080c00000|100%| O|  |TAMS 0x0000000080c00000, 0x0000000080b00000| Untracked 
|  12|0x0000000080c00000, 0x0000000080d00000, 0x0000000080d00000|100%| O|  |TAMS 0x0000000080d00000, 0x0000000080c00000| Untracked 
|  13|0x0000000080d00000, 0x0000000080e00000, 0x0000000080e00000|100%| O|  |TAMS 0x0000000080e00000, 0x0000000080d00000| Untracked 
|  14|0x0000000080e00000, 0x0000000080f00000, 0x0000000080f00000|100%| O|  |TAMS 0x0000000080f00000, 0x0000000080e00000| Untracked 
|  15|0x0000000080f00000, 0x0000000081000000, 0x0000000081000000|100%| O|  |TAMS 0x0000000081000000, 0x0000000080f00000| Untracked 
|  16|0x0000000081000000, 0x0000000081100000, 0x0000000081100000|100%| O|  |TAMS 0x0000000081100000, 0x0000000081000000| Untracked 
|  17|0x0000000081100000, 0x0000000081200000, 0x0000000081200000|100%| O|  |TAMS 0x0000000081200000, 0x0000000081100000| Untracked 
|  18|0x0000000081200000, 0x0000000081300000, 0x0000000081300000|100%| O|  |TAMS 0x0000000081300000, 0x0000000081200000| Untracked 
|  19|0x0000000081300000, 0x0000000081400000, 0x0000000081400000|100%| O|  |TAMS 0x0000000081400000, 0x0000000081300000| Untracked 
|  20|0x0000000081400000, 0x0000000081500000, 0x0000000081500000|100%| O|  |TAMS 0x0000000081500000, 0x0000000081400000| Untracked 
|  21|0x0000000081500000, 0x0000000081600000, 0x0000000081600000|100%| O|  |TAMS 0x0000000081600000, 0x0000000081500000| Untracked 
|  22|0x0000000081600000, 0x0000000081700000, 0x0000000081700000|100%| O|  |TAMS 0x0000000081700000, 0x0000000081600000| Untracked 
|  23|0x0000000081700000, 0x0000000081800000, 0x0000000081800000|100%| O|  |TAMS 0x0000000081800000, 0x0000000081700000| Untracked 
|  24|0x0000000081800000, 0x0000000081900000, 0x0000000081900000|100%| O|  |TAMS 0x0000000081900000, 0x0000000081800000| Untracked 
|  25|0x0000000081900000, 0x0000000081993800, 0x0000000081a00000| 57%| O|  |TAMS 0x0000000081900000, 0x0000000081900000| Untracked 
|  26|0x0000000081a00000, 0x0000000081b00000, 0x0000000081b00000|100%| O|  |TAMS 0x0000000081b00000, 0x0000000081a00000| Untracked 
|  27|0x0000000081b00000, 0x0000000081c00000, 0x0000000081c00000|100%| O|  |TAMS 0x0000000081c00000, 0x0000000081b00000| Untracked 
|  28|0x0000000081c00000, 0x0000000081d00000, 0x0000000081d00000|100%| O|  |TAMS 0x0000000081d00000, 0x0000000081c00000| Complete 
|  29|0x0000000081d00000, 0x0000000081e00000, 0x0000000081e00000|100%| O|  |TAMS 0x0000000081e00000, 0x0000000081d00000| Complete 
|  30|0x0000000081e00000, 0x0000000081f00000, 0x0000000081f00000|100%| O|  |TAMS 0x0000000081f00000, 0x0000000081e00000| Untracked 
|  31|0x0000000081f00000, 0x0000000082000000, 0x0000000082000000|100%| O|  |TAMS 0x0000000082000000, 0x0000000081f00000| Untracked 
|  32|0x0000000082000000, 0x0000000082100000, 0x0000000082100000|100%| O|  |TAMS 0x0000000082100000, 0x0000000082000000| Untracked 
|  33|0x0000000082100000, 0x0000000082200000, 0x0000000082200000|100%| O|  |TAMS 0x0000000082200000, 0x0000000082100000| Untracked 
|  34|0x0000000082200000, 0x0000000082300000, 0x0000000082300000|100%|HS|  |TAMS 0x0000000082300000, 0x0000000082200000| Complete 
|  35|0x0000000082300000, 0x0000000082400000, 0x0000000082400000|100%|HC|  |TAMS 0x0000000082400000, 0x0000000082300000| Complete 
|  36|0x0000000082400000, 0x0000000082500000, 0x0000000082500000|100%| O|  |TAMS 0x0000000082500000, 0x0000000082400000| Untracked 
|  37|0x0000000082500000, 0x0000000082600000, 0x0000000082600000|100%| O|  |TAMS 0x0000000082600000, 0x0000000082500000| Untracked 
|  38|0x0000000082600000, 0x0000000082700000, 0x0000000082700000|100%| O|  |TAMS 0x0000000082700000, 0x0000000082600000| Untracked 
|  39|0x0000000082700000, 0x0000000082800000, 0x0000000082800000|100%| O|  |TAMS 0x0000000082800000, 0x0000000082700000| Untracked 
|  40|0x0000000082800000, 0x0000000082900000, 0x0000000082900000|100%| O|  |TAMS 0x0000000082900000, 0x0000000082800000| Untracked 
|  41|0x0000000082900000, 0x0000000082900000, 0x0000000082a00000|  0%| F|  |TAMS 0x0000000082900000, 0x0000000082900000| Untracked 
|  42|0x0000000082a00000, 0x0000000082b00000, 0x0000000082b00000|100%| O|  |TAMS 0x0000000082b00000, 0x0000000082a00000| Untracked 
|  43|0x0000000082b00000, 0x0000000082c00000, 0x0000000082c00000|100%| O|  |TAMS 0x0000000082c00000, 0x0000000082b00000| Untracked 
|  44|0x0000000082c00000, 0x0000000082d00000, 0x0000000082d00000|100%| O|  |TAMS 0x0000000082d00000, 0x0000000082c00000| Untracked 
|  45|0x0000000082d00000, 0x0000000082e00000, 0x0000000082e00000|100%| O|  |TAMS 0x0000000082e00000, 0x0000000082d00000| Untracked 
|  46|0x0000000082e00000, 0x0000000082f00000, 0x0000000082f00000|100%| O|  |TAMS 0x0000000082f00000, 0x0000000082e00000| Untracked 
|  47|0x0000000082f00000, 0x0000000083000000, 0x0000000083000000|100%| O|  |TAMS 0x0000000083000000, 0x0000000082f00000| Untracked 
|  48|0x0000000083000000, 0x0000000083100000, 0x0000000083100000|100%| O|  |TAMS 0x0000000083100000, 0x0000000083000000| Untracked 
|  49|0x0000000083100000, 0x0000000083200000, 0x0000000083200000|100%| O|  |TAMS 0x0000000083200000, 0x0000000083100000| Untracked 
|  50|0x0000000083200000, 0x0000000083300000, 0x0000000083300000|100%| O|  |TAMS 0x0000000083300000, 0x0000000083200000| Untracked 
|  51|0x0000000083300000, 0x0000000083400000, 0x0000000083400000|100%| O|  |TAMS 0x0000000083400000, 0x0000000083300000| Untracked 
|  52|0x0000000083400000, 0x0000000083500000, 0x0000000083500000|100%| O|  |TAMS 0x0000000083500000, 0x0000000083400000| Untracked 
|  53|0x0000000083500000, 0x0000000083600000, 0x0000000083600000|100%| O|  |TAMS 0x0000000083600000, 0x0000000083500000| Complete 
|  54|0x0000000083600000, 0x0000000083700000, 0x0000000083700000|100%| O|  |TAMS 0x0000000083700000, 0x0000000083600000| Complete 
|  55|0x0000000083700000, 0x0000000083700000, 0x0000000083800000|  0%| F|  |TAMS 0x0000000083700000, 0x0000000083700000| Untracked 
|  56|0x0000000083800000, 0x0000000083800000, 0x0000000083900000|  0%| F|  |TAMS 0x0000000083800000, 0x0000000083800000| Untracked 
|  57|0x0000000083900000, 0x0000000083900000, 0x0000000083a00000|  0%| F|  |TAMS 0x0000000083900000, 0x0000000083900000| Untracked 
|  58|0x0000000083a00000, 0x0000000083a00000, 0x0000000083b00000|  0%| F|  |TAMS 0x0000000083a00000, 0x0000000083a00000| Untracked 
|  59|0x0000000083b00000, 0x0000000083b00000, 0x0000000083c00000|  0%| F|  |TAMS 0x0000000083b00000, 0x0000000083b00000| Untracked 
|  60|0x0000000083c00000, 0x0000000083c00000, 0x0000000083d00000|  0%| F|  |TAMS 0x0000000083c00000, 0x0000000083c00000| Untracked 
|  61|0x0000000083d00000, 0x0000000083d00000, 0x0000000083e00000|  0%| F|  |TAMS 0x0000000083d00000, 0x0000000083d00000| Untracked 
|  62|0x0000000083e00000, 0x0000000083e00000, 0x0000000083f00000|  0%| F|  |TAMS 0x0000000083e00000, 0x0000000083e00000| Untracked 
|  63|0x0000000083f00000, 0x0000000083f00000, 0x0000000084000000|  0%| F|  |TAMS 0x0000000083f00000, 0x0000000083f00000| Untracked 
|  64|0x0000000084000000, 0x0000000084000000, 0x0000000084100000|  0%| F|  |TAMS 0x0000000084000000, 0x0000000084000000| Untracked 
|  65|0x0000000084100000, 0x0000000084100000, 0x0000000084200000|  0%| F|  |TAMS 0x0000000084100000, 0x0000000084100000| Untracked 
|  66|0x0000000084200000, 0x0000000084200000, 0x0000000084300000|  0%| F|  |TAMS 0x0000000084200000, 0x0000000084200000| Untracked 
|  67|0x0000000084300000, 0x0000000084300000, 0x0000000084400000|  0%| F|  |TAMS 0x0000000084300000, 0x0000000084300000| Untracked 
|  68|0x0000000084400000, 0x0000000084400000, 0x0000000084500000|  0%| F|  |TAMS 0x0000000084400000, 0x0000000084400000| Untracked 
|  69|0x0000000084500000, 0x0000000084500000, 0x0000000084600000|  0%| F|  |TAMS 0x0000000084500000, 0x0000000084500000| Untracked 
|  70|0x0000000084600000, 0x0000000084600000, 0x0000000084700000|  0%| F|  |TAMS 0x0000000084600000, 0x0000000084600000| Untracked 
|  71|0x0000000084700000, 0x0000000084700000, 0x0000000084800000|  0%| F|  |TAMS 0x0000000084700000, 0x0000000084700000| Untracked 
|  72|0x0000000084800000, 0x0000000084800000, 0x0000000084900000|  0%| F|  |TAMS 0x0000000084800000, 0x0000000084800000| Untracked 
|  73|0x0000000084900000, 0x0000000084900000, 0x0000000084a00000|  0%| F|  |TAMS 0x0000000084900000, 0x0000000084900000| Untracked 
|  74|0x0000000084a00000, 0x0000000084a00000, 0x0000000084b00000|  0%| F|  |TAMS 0x0000000084a00000, 0x0000000084a00000| Untracked 
|  75|0x0000000084b00000, 0x0000000084b00000, 0x0000000084c00000|  0%| F|  |TAMS 0x0000000084b00000, 0x0000000084b00000| Untracked 
|  76|0x0000000084c00000, 0x0000000084c00000, 0x0000000084d00000|  0%| F|  |TAMS 0x0000000084c00000, 0x0000000084c00000| Untracked 
|  77|0x0000000084d00000, 0x0000000084d32a00, 0x0000000084e00000| 19%| S|CS|TAMS 0x0000000084d00000, 0x0000000084d00000| Complete 
|  78|0x0000000084e00000, 0x0000000084f00000, 0x0000000084f00000|100%| S|CS|TAMS 0x0000000084e00000, 0x0000000084e00000| Complete 
|  79|0x0000000084f00000, 0x0000000085000000, 0x0000000085000000|100%| S|CS|TAMS 0x0000000084f00000, 0x0000000084f00000| Complete 
|  80|0x0000000085000000, 0x0000000085100000, 0x0000000085100000|100%| S|CS|TAMS 0x0000000085000000, 0x0000000085000000| Complete 
|  81|0x0000000085100000, 0x0000000085100000, 0x0000000085200000|  0%| F|  |TAMS 0x0000000085100000, 0x0000000085100000| Untracked 
|  82|0x0000000085200000, 0x0000000085200000, 0x0000000085300000|  0%| F|  |TAMS 0x0000000085200000, 0x0000000085200000| Untracked 
|  83|0x0000000085300000, 0x0000000085300000, 0x0000000085400000|  0%| F|  |TAMS 0x0000000085300000, 0x0000000085300000| Untracked 
|  84|0x0000000085400000, 0x0000000085400000, 0x0000000085500000|  0%| F|  |TAMS 0x0000000085400000, 0x0000000085400000| Untracked 
|  85|0x0000000085500000, 0x0000000085500000, 0x0000000085600000|  0%| F|  |TAMS 0x0000000085500000, 0x0000000085500000| Untracked 
|  86|0x0000000085600000, 0x0000000085600000, 0x0000000085700000|  0%| F|  |TAMS 0x0000000085600000, 0x0000000085600000| Untracked 
|  87|0x0000000085700000, 0x0000000085700000, 0x0000000085800000|  0%| F|  |TAMS 0x0000000085700000, 0x0000000085700000| Untracked 
|  88|0x0000000085800000, 0x0000000085800000, 0x0000000085900000|  0%| F|  |TAMS 0x0000000085800000, 0x0000000085800000| Untracked 
|  89|0x0000000085900000, 0x0000000085900000, 0x0000000085a00000|  0%| F|  |TAMS 0x0000000085900000, 0x0000000085900000| Untracked 
|  90|0x0000000085a00000, 0x0000000085a00000, 0x0000000085b00000|  0%| F|  |TAMS 0x0000000085a00000, 0x0000000085a00000| Untracked 
|  91|0x0000000085b00000, 0x0000000085b00000, 0x0000000085c00000|  0%| F|  |TAMS 0x0000000085b00000, 0x0000000085b00000| Untracked 
|  92|0x0000000085c00000, 0x0000000085c00000, 0x0000000085d00000|  0%| F|  |TAMS 0x0000000085c00000, 0x0000000085c00000| Untracked 
|  93|0x0000000085d00000, 0x0000000085d00000, 0x0000000085e00000|  0%| F|  |TAMS 0x0000000085d00000, 0x0000000085d00000| Untracked 
|  94|0x0000000085e00000, 0x0000000085e00000, 0x0000000085f00000|  0%| F|  |TAMS 0x0000000085e00000, 0x0000000085e00000| Untracked 
|  95|0x0000000085f00000, 0x0000000085f00000, 0x0000000086000000|  0%| F|  |TAMS 0x0000000085f00000, 0x0000000085f00000| Untracked 
|  96|0x0000000086000000, 0x0000000086000000, 0x0000000086100000|  0%| F|  |TAMS 0x0000000086000000, 0x0000000086000000| Untracked 
|  97|0x0000000086100000, 0x0000000086100000, 0x0000000086200000|  0%| F|  |TAMS 0x0000000086100000, 0x0000000086100000| Untracked 
|  98|0x0000000086200000, 0x0000000086200000, 0x0000000086300000|  0%| F|  |TAMS 0x0000000086200000, 0x0000000086200000| Untracked 
|  99|0x0000000086300000, 0x0000000086300000, 0x0000000086400000|  0%| F|  |TAMS 0x0000000086300000, 0x0000000086300000| Untracked 
| 100|0x0000000086400000, 0x0000000086400000, 0x0000000086500000|  0%| F|  |TAMS 0x0000000086400000, 0x0000000086400000| Untracked 
| 101|0x0000000086500000, 0x0000000086500000, 0x0000000086600000|  0%| F|  |TAMS 0x0000000086500000, 0x0000000086500000| Untracked 
| 102|0x0000000086600000, 0x0000000086600000, 0x0000000086700000|  0%| F|  |TAMS 0x0000000086600000, 0x0000000086600000| Untracked 
| 103|0x0000000086700000, 0x0000000086700000, 0x0000000086800000|  0%| F|  |TAMS 0x0000000086700000, 0x0000000086700000| Untracked 
| 104|0x0000000086800000, 0x0000000086800000, 0x0000000086900000|  0%| F|  |TAMS 0x0000000086800000, 0x0000000086800000| Untracked 
| 105|0x0000000086900000, 0x0000000086900000, 0x0000000086a00000|  0%| F|  |TAMS 0x0000000086900000, 0x0000000086900000| Untracked 
| 106|0x0000000086a00000, 0x0000000086a00000, 0x0000000086b00000|  0%| F|  |TAMS 0x0000000086a00000, 0x0000000086a00000| Untracked 
| 107|0x0000000086b00000, 0x0000000086b00000, 0x0000000086c00000|  0%| F|  |TAMS 0x0000000086b00000, 0x0000000086b00000| Untracked 
| 108|0x0000000086c00000, 0x0000000086c00000, 0x0000000086d00000|  0%| F|  |TAMS 0x0000000086c00000, 0x0000000086c00000| Untracked 
| 109|0x0000000086d00000, 0x0000000086d00000, 0x0000000086e00000|  0%| F|  |TAMS 0x0000000086d00000, 0x0000000086d00000| Untracked 
| 110|0x0000000086e00000, 0x0000000086e00000, 0x0000000086f00000|  0%| F|  |TAMS 0x0000000086e00000, 0x0000000086e00000| Untracked 
| 111|0x0000000086f00000, 0x0000000086f00000, 0x0000000087000000|  0%| F|  |TAMS 0x0000000086f00000, 0x0000000086f00000| Untracked 
| 112|0x0000000087000000, 0x0000000087000000, 0x0000000087100000|  0%| F|  |TAMS 0x0000000087000000, 0x0000000087000000| Untracked 
| 113|0x0000000087100000, 0x0000000087100000, 0x0000000087200000|  0%| F|  |TAMS 0x0000000087100000, 0x0000000087100000| Untracked 
| 114|0x0000000087200000, 0x0000000087200000, 0x0000000087300000|  0%| F|  |TAMS 0x0000000087200000, 0x0000000087200000| Untracked 
| 115|0x0000000087300000, 0x0000000087300000, 0x0000000087400000|  0%| F|  |TAMS 0x0000000087300000, 0x0000000087300000| Untracked 
| 116|0x0000000087400000, 0x0000000087400000, 0x0000000087500000|  0%| F|  |TAMS 0x0000000087400000, 0x0000000087400000| Untracked 
| 117|0x0000000087500000, 0x0000000087500000, 0x0000000087600000|  0%| F|  |TAMS 0x0000000087500000, 0x0000000087500000| Untracked 
| 118|0x0000000087600000, 0x0000000087600000, 0x0000000087700000|  0%| F|  |TAMS 0x0000000087600000, 0x0000000087600000| Untracked 
| 119|0x0000000087700000, 0x0000000087700000, 0x0000000087800000|  0%| F|  |TAMS 0x0000000087700000, 0x0000000087700000| Untracked 
| 120|0x0000000087800000, 0x0000000087800000, 0x0000000087900000|  0%| F|  |TAMS 0x0000000087800000, 0x0000000087800000| Untracked 
| 121|0x0000000087900000, 0x0000000087900000, 0x0000000087a00000|  0%| F|  |TAMS 0x0000000087900000, 0x0000000087900000| Untracked 
| 122|0x0000000087a00000, 0x0000000087a00000, 0x0000000087b00000|  0%| F|  |TAMS 0x0000000087a00000, 0x0000000087a00000| Untracked 
| 123|0x0000000087b00000, 0x0000000087b00000, 0x0000000087c00000|  0%| F|  |TAMS 0x0000000087b00000, 0x0000000087b00000| Untracked 
| 124|0x0000000087c00000, 0x0000000087c00000, 0x0000000087d00000|  0%| F|  |TAMS 0x0000000087c00000, 0x0000000087c00000| Untracked 
| 125|0x0000000087d00000, 0x0000000087d00000, 0x0000000087e00000|  0%| F|  |TAMS 0x0000000087d00000, 0x0000000087d00000| Untracked 
| 126|0x0000000087e00000, 0x0000000087e00000, 0x0000000087f00000|  0%| F|  |TAMS 0x0000000087e00000, 0x0000000087e00000| Untracked 
| 127|0x0000000087f00000, 0x0000000087f00000, 0x0000000088000000|  0%| F|  |TAMS 0x0000000087f00000, 0x0000000087f00000| Untracked 
| 128|0x0000000088000000, 0x0000000088000000, 0x0000000088100000|  0%| F|  |TAMS 0x0000000088000000, 0x0000000088000000| Untracked 
| 129|0x0000000088100000, 0x0000000088100000, 0x0000000088200000|  0%| F|  |TAMS 0x0000000088100000, 0x0000000088100000| Untracked 
| 130|0x0000000088200000, 0x0000000088200000, 0x0000000088300000|  0%| F|  |TAMS 0x0000000088200000, 0x0000000088200000| Untracked 
| 131|0x0000000088300000, 0x0000000088300000, 0x0000000088400000|  0%| F|  |TAMS 0x0000000088300000, 0x0000000088300000| Untracked 
| 132|0x0000000088400000, 0x0000000088400000, 0x0000000088500000|  0%| F|  |TAMS 0x0000000088400000, 0x0000000088400000| Untracked 
| 133|0x0000000088500000, 0x0000000088500000, 0x0000000088600000|  0%| F|  |TAMS 0x0000000088500000, 0x0000000088500000| Untracked 
| 134|0x0000000088600000, 0x0000000088600000, 0x0000000088700000|  0%| F|  |TAMS 0x0000000088600000, 0x0000000088600000| Untracked 
| 135|0x0000000088700000, 0x0000000088700000, 0x0000000088800000|  0%| F|  |TAMS 0x0000000088700000, 0x0000000088700000| Untracked 
| 136|0x0000000088800000, 0x0000000088800000, 0x0000000088900000|  0%| F|  |TAMS 0x0000000088800000, 0x0000000088800000| Untracked 
| 137|0x0000000088900000, 0x0000000088900000, 0x0000000088a00000|  0%| F|  |TAMS 0x0000000088900000, 0x0000000088900000| Untracked 
| 138|0x0000000088a00000, 0x0000000088a00000, 0x0000000088b00000|  0%| F|  |TAMS 0x0000000088a00000, 0x0000000088a00000| Untracked 
| 139|0x0000000088b00000, 0x0000000088b00000, 0x0000000088c00000|  0%| F|  |TAMS 0x0000000088b00000, 0x0000000088b00000| Untracked 
| 140|0x0000000088c00000, 0x0000000088c00000, 0x0000000088d00000|  0%| F|  |TAMS 0x0000000088c00000, 0x0000000088c00000| Untracked 
| 253|0x000000008fd00000, 0x000000008fd00000, 0x000000008fe00000|  0%| F|  |TAMS 0x000000008fd00000, 0x000000008fd00000| Untracked 

Card table byte_map: [0x000001626b230000,0x000001626b630000] _byte_map_base: 0x000001626ae30000

Marking Bits (Prev, Next): (CMBitMap*) 0x00000162540a4f00, (CMBitMap*) 0x00000162540a4f40
 Prev Bits: [0x000001626ba30000, 0x000001626da30000)
 Next Bits: [0x000001626da30000, 0x000001626fa30000)

Polling page: 0x0000016251ed0000

Metaspace:

Usage:
  Non-class:     47.47 MB used.
      Class:      7.67 MB used.
       Both:     55.14 MB used.

Virtual space:
  Non-class space:       64.00 MB reserved,      47.81 MB ( 75%) committed,  1 nodes.
      Class space:        1.00 GB reserved,       7.94 MB ( <1%) committed,  1 nodes.
             Both:        1.06 GB reserved,      55.75 MB (  5%) committed. 

Chunk freelists:
   Non-Class:  64.00 KB
       Class:  8.06 MB
        Both:  8.12 MB

MaxMetaspaceSize: unlimited
CompressedClassSpaceSize: 1.00 GB
Initial GC threshold: 21.00 MB
Current GC threshold: 92.94 MB
CDS: on
MetaspaceReclaimPolicy: balanced
 - commit_granule_bytes: 65536.
 - commit_granule_words: 8192.
 - virtual_space_node_default_size: 8388608.
 - enlarge_chunks_in_place: 1.
 - new_chunks_are_fully_committed: 0.
 - uncommit_free_chunks: 1.
 - use_allocation_guard: 0.
 - handle_deallocations: 1.


Internal statistics:

num_allocs_failed_limit: 6.
num_arena_births: 764.
num_arena_deaths: 0.
num_vsnodes_births: 2.
num_vsnodes_deaths: 0.
num_space_committed: 892.
num_space_uncommitted: 0.
num_chunks_returned_to_freelist: 6.
num_chunks_taken_from_freelist: 3104.
num_chunk_merges: 6.
num_chunk_splits: 2048.
num_chunks_enlarged: 1369.
num_inconsistent_stats: 0.

CodeHeap 'non-profiled nmethods': size=120000Kb used=4052Kb max_used=4052Kb free=115947Kb
 bounds [0x00000162633b0000, 0x00000162637b0000, 0x000001626a8e0000]
CodeHeap 'profiled nmethods': size=120000Kb used=13972Kb max_used=13972Kb free=106027Kb
 bounds [0x000001625b8e0000, 0x000001625c690000, 0x0000016262e10000]
CodeHeap 'non-nmethods': size=5760Kb used=2362Kb max_used=2412Kb free=3397Kb
 bounds [0x0000016262e10000, 0x0000016263080000, 0x00000162633b0000]
 total_blobs=8269 nmethods=7397 adapters=784
 compilation: enabled
              stopped_count=0, restarted_count=0
 full_count=0

Compilation events (20 events):
Event: 30.180 Thread 0x00000162727f8aa0 nmethod 8170 0x000001625c67fa90 code [0x000001625c67fc20, 0x000001625c67fd68]
Event: 30.180 Thread 0x00000162727f8aa0 8166       3       com.google.common.collect.CollectCollectors$$Lambda$365/0x0000016201391388::get (8 bytes)
Event: 30.180 Thread 0x00000162727f8aa0 nmethod 8166 0x000001625c67fe10 code [0x000001625c67ffc0, 0x000001625c680358]
Event: 30.180 Thread 0x00000162727f8aa0 8164       3       org.gradle.internal.watch.registry.impl.HierarchicalFileWatcherUpdater::lambda$handleVirtualFileSystemContentsChanged$0 (34 bytes)
Event: 30.180 Thread 0x00000162727f8aa0 nmethod 8164 0x000001625c680490 code [0x000001625c680660, 0x000001625c6809f8]
Event: 30.180 Thread 0x00000162727f8aa0 8165       3       org.gradle.internal.vfs.impl.DefaultSnapshotHierarchy::hasDescendantsUnder (27 bytes)
Event: 30.181 Thread 0x000001627a8b4880 nmethod 8142 0x00000162637a3b90 code [0x00000162637a3d40, 0x00000162637a46a8]
Event: 30.181 Thread 0x00000162727f8aa0 nmethod 8165 0x000001625c680b90 code [0x000001625c680e00, 0x000001625c681a18]
Event: 30.181 Thread 0x00000162727f8aa0 8176       3       java.nio.ByteBuffer::put (124 bytes)
Event: 30.181 Thread 0x000001627a8b4880 8174       4       java.util.Collections::binarySearch (43 bytes)
Event: 30.181 Thread 0x00000162727f8580 nmethod 8171 0x00000162637a4d90 code [0x00000162637a4f20, 0x00000162637a51a8]
Event: 30.181 Thread 0x00000162727f8aa0 nmethod 8176 0x000001625c681d90 code [0x000001625c681fc0, 0x000001625c682808]
Event: 30.181 Thread 0x00000162727f8aa0 8177       3       java.util.concurrent.locks.AbstractQueuedSynchronizer::acquireInterruptibly (36 bytes)
Event: 30.181 Thread 0x00000162727f8580 8175   !   4       com.google.common.collect.RegularImmutableSortedSet::indexOf (35 bytes)
Event: 30.182 Thread 0x00000162727f8aa0 nmethod 8177 0x000001625c682a90 code [0x000001625c682c80, 0x000001625c683158]
Event: 30.182 Thread 0x00000162727f8aa0 8178       3       sun.nio.ch.FileDispatcherImpl::size (5 bytes)
Event: 30.182 Thread 0x00000162727f8aa0 nmethod 8178 0x000001625c683310 code [0x000001625c6834a0, 0x000001625c6835e8]
Event: 30.182 Thread 0x00000162727f8aa0 8179   !   3       sun.nio.ch.FileChannelImpl::size (239 bytes)
Event: 30.183 Thread 0x00000162727f8aa0 nmethod 8179 0x000001625c683690 code [0x000001625c683960, 0x000001625c6848b8]
Event: 30.183 Thread 0x00000162727f8aa0 8180       3       java.util.Collections$2::characteristics (33 bytes)

GC Heap History (20 events):
Event: 23.381 GC heap after
{Heap after GC invocations=16 (full 0):
 garbage-first heap   total 86016K, used 42736K [0x0000000080000000, 0x0000000100000000)
  region size 1024K, 1 young (1024K), 1 survivors (1024K)
 Metaspace       used 42597K, committed 43136K, reserved 1114112K
  class space    used 5927K, committed 6144K, reserved 1048576K
}
Event: 24.257 GC heap before
{Heap before GC invocations=16 (full 0):
 garbage-first heap   total 86016K, used 68336K [0x0000000080000000, 0x0000000100000000)
  region size 1024K, 26 young (26624K), 1 survivors (1024K)
 Metaspace       used 44913K, committed 45504K, reserved 1114112K
  class space    used 6268K, committed 6528K, reserved 1048576K
}
Event: 24.259 GC heap after
{Heap after GC invocations=17 (full 0):
 garbage-first heap   total 86016K, used 44174K [0x0000000080000000, 0x0000000100000000)
  region size 1024K, 2 young (2048K), 2 survivors (2048K)
 Metaspace       used 44913K, committed 45504K, reserved 1114112K
  class space    used 6268K, committed 6528K, reserved 1048576K
}
Event: 24.970 GC heap before
{Heap before GC invocations=18 (full 0):
 garbage-first heap   total 86016K, used 69774K [0x0000000080000000, 0x0000000100000000)
  region size 1024K, 27 young (27648K), 2 survivors (2048K)
 Metaspace       used 48170K, committed 48768K, reserved 1114112K
  class space    used 6716K, committed 6976K, reserved 1048576K
}
Event: 24.972 GC heap after
{Heap after GC invocations=19 (full 0):
 garbage-first heap   total 103424K, used 45252K [0x0000000080000000, 0x0000000100000000)
  region size 1024K, 3 young (3072K), 3 survivors (3072K)
 Metaspace       used 48170K, committed 48768K, reserved 1114112K
  class space    used 6716K, committed 6976K, reserved 1048576K
}
Event: 26.389 GC heap before
{Heap before GC invocations=19 (full 0):
 garbage-first heap   total 103424K, used 82116K [0x0000000080000000, 0x0000000100000000)
  region size 1024K, 40 young (40960K), 3 survivors (3072K)
 Metaspace       used 52154K, committed 52800K, reserved 1114112K
  class space    used 7315K, committed 7616K, reserved 1048576K
}
Event: 26.392 GC heap after
{Heap after GC invocations=20 (full 0):
 garbage-first heap   total 103424K, used 47692K [0x0000000080000000, 0x0000000100000000)
  region size 1024K, 5 young (5120K), 5 survivors (5120K)
 Metaspace       used 52154K, committed 52800K, reserved 1114112K
  class space    used 7315K, committed 7616K, reserved 1048576K
}
Event: 28.037 GC heap before
{Heap before GC invocations=20 (full 0):
 garbage-first heap   total 103424K, used 83532K [0x0000000080000000, 0x0000000100000000)
  region size 1024K, 40 young (40960K), 5 survivors (5120K)
 Metaspace       used 55539K, committed 56192K, reserved 1114112K
  class space    used 7824K, committed 8128K, reserved 1048576K
}
Event: 28.041 GC heap after
{Heap after GC invocations=21 (full 0):
 garbage-first heap   total 103424K, used 50249K [0x0000000080000000, 0x0000000100000000)
  region size 1024K, 5 young (5120K), 5 survivors (5120K)
 Metaspace       used 55539K, committed 56192K, reserved 1114112K
  class space    used 7824K, committed 8128K, reserved 1048576K
}
Event: 29.560 GC heap before
{Heap before GC invocations=21 (full 0):
 garbage-first heap   total 103424K, used 81993K [0x0000000080000000, 0x0000000100000000)
  region size 1024K, 37 young (37888K), 5 survivors (5120K)
 Metaspace       used 56123K, committed 56704K, reserved 1114112K
  class space    used 7855K, committed 8128K, reserved 1048576K
}
Event: 29.566 GC heap after
{Heap after GC invocations=22 (full 0):
 garbage-first heap   total 103424K, used 54530K [0x0000000080000000, 0x0000000100000000)
  region size 1024K, 5 young (5120K), 5 survivors (5120K)
 Metaspace       used 56123K, committed 56704K, reserved 1114112K
  class space    used 7855K, committed 8128K, reserved 1048576K
}
Event: 29.879 GC heap before
{Heap before GC invocations=22 (full 0):
 garbage-first heap   total 103424K, used 81154K [0x0000000080000000, 0x0000000100000000)
  region size 1024K, 32 young (32768K), 5 survivors (5120K)
 Metaspace       used 56278K, committed 56896K, reserved 1114112K
  class space    used 7855K, committed 8128K, reserved 1048576K
}
Event: 29.884 GC heap after
{Heap after GC invocations=23 (full 0):
 garbage-first heap   total 103424K, used 55911K [0x0000000080000000, 0x0000000100000000)
  region size 1024K, 4 young (4096K), 4 survivors (4096K)
 Metaspace       used 56278K, committed 56896K, reserved 1114112K
  class space    used 7855K, committed 8128K, reserved 1048576K
}
Event: 30.049 GC heap before
{Heap before GC invocations=24 (full 0):
 garbage-first heap   total 104448K, used 80487K [0x0000000080000000, 0x0000000100000000)
  region size 1024K, 29 young (29696K), 4 survivors (4096K)
 Metaspace       used 56385K, committed 56960K, reserved 1114112K
  class space    used 7855K, committed 8128K, reserved 1048576K
}
Event: 30.052 GC heap after
{Heap after GC invocations=25 (full 0):
 garbage-first heap   total 104448K, used 56690K [0x0000000080000000, 0x0000000100000000)
  region size 1024K, 4 young (4096K), 4 survivors (4096K)
 Metaspace       used 56385K, committed 56960K, reserved 1114112K
  class space    used 7855K, committed 8128K, reserved 1048576K
}
Event: 30.054 GC heap before
{Heap before GC invocations=25 (full 0):
 garbage-first heap   total 104448K, used 57714K [0x0000000080000000, 0x0000000100000000)
  region size 1024K, 5 young (5120K), 4 survivors (4096K)
 Metaspace       used 56385K, committed 56960K, reserved 1114112K
  class space    used 7855K, committed 8128K, reserved 1048576K
}
Event: 30.056 GC heap after
{Heap after GC invocations=26 (full 0):
 garbage-first heap   total 104448K, used 55324K [0x0000000080000000, 0x0000000100000000)
  region size 1024K, 1 young (1024K), 1 survivors (1024K)
 Metaspace       used 56385K, committed 56960K, reserved 1114112K
  class space    used 7855K, committed 8128K, reserved 1048576K
}
Event: 30.112 GC heap before
{Heap before GC invocations=26 (full 0):
 garbage-first heap   total 104448K, used 80924K [0x0000000080000000, 0x0000000100000000)
  region size 1024K, 27 young (27648K), 1 survivors (1024K)
 Metaspace       used 56423K, committed 57088K, reserved 1114112K
  class space    used 7855K, committed 8128K, reserved 1048576K
}
Event: 30.115 GC heap after
{Heap after GC invocations=27 (full 0):
 garbage-first heap   total 104448K, used 57716K [0x0000000080000000, 0x0000000100000000)
  region size 1024K, 4 young (4096K), 4 survivors (4096K)
 Metaspace       used 56423K, committed 57088K, reserved 1114112K
  class space    used 7855K, committed 8128K, reserved 1048576K
}
Event: 30.183 GC heap before
{Heap before GC invocations=28 (full 0):
 garbage-first heap   total 107520K, used 80945K [0x0000000080000000, 0x0000000100000000)
  region size 1024K, 28 young (28672K), 4 survivors (4096K)
 Metaspace       used 56467K, committed 57088K, reserved 1114112K
  class space    used 7855K, committed 8128K, reserved 1048576K
}

Deoptimization events (20 events):
Event: 30.083 Thread 0x0000016279da8670 DEOPT PACKING pc=0x00000162636f3274 sp=0x000000351d5fe0b0
Event: 30.083 Thread 0x0000016279da8670 DEOPT UNPACKING pc=0x0000016262e65ba3 sp=0x000000351d5fe040 mode 2
Event: 30.084 Thread 0x0000016279da7c50 Uncommon trap: trap_request=0xffffffde fr.pc=0x000001626341c49c relative=0x000000000000027c
Event: 30.084 Thread 0x0000016279da7c50 Uncommon trap: reason=class_check action=maybe_recompile pc=0x000001626341c49c method=java.util.concurrent.ConcurrentHashMap.get(Ljava/lang/Object;)Ljava/lang/Object; @ 93 c2
Event: 30.084 Thread 0x0000016279da3a80 Uncommon trap: trap_request=0xffffffde fr.pc=0x000001626341c49c relative=0x000000000000027c
Event: 30.084 Thread 0x0000016279da7c50 DEOPT PACKING pc=0x000001626341c49c sp=0x000000351d2fdcc0
Event: 30.084 Thread 0x0000016279da3a80 Uncommon trap: reason=class_check action=maybe_recompile pc=0x000001626341c49c method=java.util.concurrent.ConcurrentHashMap.get(Ljava/lang/Object;)Ljava/lang/Object; @ 93 c2
Event: 30.084 Thread 0x0000016279da9ab0 Uncommon trap: trap_request=0xffffffde fr.pc=0x000001626341c49c relative=0x000000000000027c
Event: 30.084 Thread 0x0000016279da3a80 DEOPT PACKING pc=0x000001626341c49c sp=0x000000351cdfe250
Event: 30.084 Thread 0x0000016279da9ab0 Uncommon trap: reason=class_check action=maybe_recompile pc=0x000001626341c49c method=java.util.concurrent.ConcurrentHashMap.get(Ljava/lang/Object;)Ljava/lang/Object; @ 93 c2
Event: 30.084 Thread 0x0000016279da7c50 DEOPT UNPACKING pc=0x0000016262e65ba3 sp=0x000000351d2fdc18 mode 2
Event: 30.084 Thread 0x0000016279da9ab0 DEOPT PACKING pc=0x000001626341c49c sp=0x000000351d4fe030
Event: 30.084 Thread 0x0000016279da3a80 DEOPT UNPACKING pc=0x0000016262e65ba3 sp=0x000000351cdfe1a8 mode 2
Event: 30.084 Thread 0x0000016279da9ab0 DEOPT UNPACKING pc=0x0000016262e65ba3 sp=0x000000351d4fdf88 mode 2
Event: 30.084 Thread 0x0000016279da9fc0 DEOPT PACKING pc=0x000001625b93eb49 sp=0x000000351d6fdc50
Event: 30.084 Thread 0x0000016279da9fc0 DEOPT UNPACKING pc=0x0000016262e666e3 sp=0x000000351d6fd160 mode 0
Event: 30.167 Thread 0x0000016272916520 Uncommon trap: trap_request=0xfffffff4 fr.pc=0x00000162637a0200 relative=0x00000000000001c0
Event: 30.167 Thread 0x0000016272916520 Uncommon trap: reason=null_check action=make_not_entrant pc=0x00000162637a0200 method=org.gradle.tooling.internal.provider.runner.ClientBuildEventGenerator$Enabled.accept(Lorg/gradle/internal/operations/BuildOperationDescriptor;)Lorg/gradle/tooling/intern
Event: 30.167 Thread 0x0000016272916520 DEOPT PACKING pc=0x00000162637a0200 sp=0x00000035187f7bb0
Event: 30.167 Thread 0x0000016272916520 DEOPT UNPACKING pc=0x0000016262e65ba3 sp=0x00000035187f7b38 mode 2

Classes unloaded (0 events):
No events

Classes redefined (0 events):
No events

Internal exceptions (20 events):
Event: 26.019 Thread 0x00000162784e61a0 Exception <a 'java/lang/NoSuchMethodError'{0x00000000845c0e38}: static Lorg/gradle/internal/build/event/types/DefaultOperationDescriptor;.<clinit>()V> (0x00000000845c0e38) 
thrown [s\open\src\hotspot\share\prims\jni.cpp, line 1107]
Event: 26.020 Thread 0x00000162784e61a0 Exception <a 'java/lang/NoSuchMethodError'{0x00000000845dc320}: static Lorg/gradle/internal/operations/OperationIdentifier;.<clinit>()V> (0x00000000845dc320) 
thrown [s\open\src\hotspot\share\prims\jni.cpp, line 1107]
Event: 26.152 Thread 0x0000016272916520 Exception <a 'java/lang/ClassNotFoundException'{0x00000000843a8860}: org/gradle/internal/serialize/codecs/core/ClosureCodec$BrokenScriptBeanInfo> (0x00000000843a8860) 
thrown [s\open\src\hotspot\share\classfile\systemDictionary.cpp, line 256]
Event: 26.152 Thread 0x0000016272916520 Exception <a 'java/lang/ClassNotFoundException'{0x00000000843b8da0}: org/gradle/internal/serialize/codecs/core/ClosureCodec$BrokenScriptCustomizer> (0x00000000843b8da0) 
thrown [s\open\src\hotspot\share\classfile\systemDictionary.cpp, line 256]
Event: 26.153 Thread 0x0000016272916520 Exception <a 'java/lang/ClassNotFoundException'{0x00000000843d5898}: org/gradle/api/invocation/GradleBeanInfo> (0x00000000843d5898) 
thrown [s\open\src\hotspot\share\classfile\systemDictionary.cpp, line 256]
Event: 26.153 Thread 0x0000016272916520 Exception <a 'java/lang/ClassNotFoundException'{0x00000000843e2de0}: org/gradle/api/invocation/GradleCustomizer> (0x00000000843e2de0) 
thrown [s\open\src\hotspot\share\classfile\systemDictionary.cpp, line 256]
Event: 26.560 Thread 0x0000016272916520 Exception <a 'java/lang/NoSuchMethodError'{0x00000000888ab308}: 'long java.lang.invoke.DirectMethodHandle$Holder.invokeStatic(java.lang.Object, long)'> (0x00000000888ab308) 
thrown [s\open\src\hotspot\share\interpreter\linkResolver.cpp, line 759]
Event: 26.633 Thread 0x0000016272916520 Implicit null exception at 0x00000162636a607f to 0x00000162636a6344
Event: 27.314 Thread 0x0000016272916520 Exception <a 'java/lang/NoSuchMethodError'{0x000000008529c3e0}: static Lorg/gradle/api/internal/catalog/DefaultVersionCatalog;.<clinit>()V> (0x000000008529c3e0) 
thrown [s\open\src\hotspot\share\prims\jni.cpp, line 1107]
Event: 27.330 Thread 0x0000016272916520 Exception <a 'java/lang/NoSuchMethodError'{0x00000000852d2990}: static [Ljava/lang/Object;.<clinit>()V> (0x00000000852d2990) 
thrown [s\open\src\hotspot\share\prims\jni.cpp, line 1107]
Event: 27.331 Thread 0x0000016272916520 Exception <a 'java/lang/NoSuchMethodError'{0x00000000852fa2a0}: static Lorg/gradle/api/internal/catalog/DependencyModel;.<clinit>()V> (0x00000000852fa2a0) 
thrown [s\open\src\hotspot\share\prims\jni.cpp, line 1107]
Event: 27.332 Thread 0x0000016272916520 Exception <a 'java/lang/NoSuchMethodError'{0x00000000852fe188}: static Lorg/gradle/api/internal/catalog/AbstractContextAwareModel;.<clinit>()V> (0x00000000852fe188) 
thrown [s\open\src\hotspot\share\prims\jni.cpp, line 1107]
Event: 27.332 Thread 0x0000016272916520 Exception <a 'java/lang/NoSuchMethodError'{0x00000000851177e8}: static Lorg/gradle/api/internal/artifacts/dependencies/AbstractVersionConstraint;.<clinit>()V> (0x00000000851177e8) 
thrown [s\open\src\hotspot\share\prims\jni.cpp, line 1107]
Event: 27.343 Thread 0x0000016272916520 Exception <a 'java/lang/NoSuchMethodError'{0x000000008517abc8}: static Lorg/gradle/api/internal/catalog/PluginModel;.<clinit>()V> (0x000000008517abc8) 
thrown [s\open\src\hotspot\share\prims\jni.cpp, line 1107]
Event: 27.344 Thread 0x0000016272916520 Exception <a 'java/lang/NoSuchMethodError'{0x0000000085191ae8}: static Lorg/gradle/api/internal/catalog/VersionModel;.<clinit>()V> (0x0000000085191ae8) 
thrown [s\open\src\hotspot\share\prims\jni.cpp, line 1107]
Event: 27.345 Thread 0x0000016272916520 Exception <a 'java/lang/NoSuchMethodError'{0x00000000851ac620}: 'void java.lang.invoke.DirectMethodHandle$Holder.invokeSpecial(java.lang.Object, java.lang.Object, java.lang.Object, int)'> (0x00000000851ac620) 
thrown [s\open\src\hotspot\share\interpreter\linkResolver.cpp, line 759]
Event: 27.507 Thread 0x0000016272916520 Exception <a 'java/lang/NoSuchMethodError'{0x0000000084c93490}: 'int java.lang.invoke.DirectMethodHandle$Holder.invokeSpecialIFC(java.lang.Object, java.lang.Object, java.lang.Object)'> (0x0000000084c93490) 
thrown [s\open\src\hotspot\share\interpreter\linkResolver.cpp, line 759]
Event: 27.569 Thread 0x0000016272916520 Exception <a 'java/lang/NoSuchMethodError'{0x0000000084860dc8}: 'void java.lang.invoke.DirectMethodHandle$Holder.invokeStatic(java.lang.Object, java.lang.Object, java.lang.Object, int, java.lang.Object)'> (0x0000000084860dc8) 
thrown [s\open\src\hotspot\share\interpreter\linkResolver.cpp, line 759]
Event: 28.560 Thread 0x0000016272916520 Exception <a 'java/lang/IncompatibleClassChangeError'{0x0000000088531e30}: Found class java.lang.Object, but interface was expected> (0x0000000088531e30) 
thrown [s\open\src\hotspot\share\interpreter\linkResolver.cpp, line 826]
Event: 30.167 Thread 0x0000016272916520 Implicit null exception at 0x00000162637a0084 to 0x00000162637a01f4

VM Operations (20 events):
Event: 29.042 Executing VM operation: ICBufferFull done
Event: 29.560 Executing VM operation: G1CollectForAllocation
Event: 29.566 Executing VM operation: G1CollectForAllocation done
Event: 29.879 Executing VM operation: G1CollectForAllocation
Event: 29.884 Executing VM operation: G1CollectForAllocation done
Event: 29.907 Executing VM operation: G1Concurrent
Event: 29.910 Executing VM operation: G1Concurrent done
Event: 29.920 Executing VM operation: G1Concurrent
Event: 29.920 Executing VM operation: G1Concurrent done
Event: 30.049 Executing VM operation: G1CollectForAllocation
Event: 30.052 Executing VM operation: G1CollectForAllocation done
Event: 30.054 Executing VM operation: G1CollectForAllocation
Event: 30.056 Executing VM operation: G1CollectForAllocation done
Event: 30.112 Executing VM operation: G1CollectForAllocation
Event: 30.116 Executing VM operation: G1CollectForAllocation done
Event: 30.142 Executing VM operation: G1Concurrent
Event: 30.145 Executing VM operation: G1Concurrent done
Event: 30.153 Executing VM operation: G1Concurrent
Event: 30.153 Executing VM operation: G1Concurrent done
Event: 30.183 Executing VM operation: G1CollectForAllocation

Events (20 events):
Event: 28.773 Thread 0x000001627c5cd910 Thread exited: 0x000001627c5cd910
Event: 28.794 Thread 0x0000016279da53d0 Thread added: 0x0000016279da53d0
Event: 28.814 Thread 0x0000016279da3f90 Thread added: 0x0000016279da3f90
Event: 28.863 Thread 0x0000016279da6d20 Thread added: 0x0000016279da6d20
Event: 28.880 Thread 0x0000016279da44a0 Thread added: 0x0000016279da44a0
Event: 28.923 Thread 0x0000016279da3570 Thread added: 0x0000016279da3570
Event: 28.930 Thread 0x0000016279da7230 Thread added: 0x0000016279da7230
Event: 29.864 Thread 0x000001627ac0bc10 Thread added: 0x000001627ac0bc10
Event: 29.869 Thread 0x0000016279da3a80 Thread added: 0x0000016279da3a80
Event: 29.870 Thread 0x0000016279da8160 Thread added: 0x0000016279da8160
Event: 29.870 Thread 0x0000016279da7740 Thread added: 0x0000016279da7740
Event: 29.870 Thread 0x0000016279da95a0 Thread added: 0x0000016279da95a0
Event: 29.871 Thread 0x0000016279da9090 Thread added: 0x0000016279da9090
Event: 29.871 Thread 0x0000016279da7c50 Thread added: 0x0000016279da7c50
Event: 29.871 Thread 0x0000016279da8b80 Thread added: 0x0000016279da8b80
Event: 29.871 Thread 0x0000016279da9ab0 Thread added: 0x0000016279da9ab0
Event: 29.871 Thread 0x0000016279da8670 Thread added: 0x0000016279da8670
Event: 29.872 Thread 0x0000016279da9fc0 Thread added: 0x0000016279da9fc0
Event: 29.872 Thread 0x0000016279daa4d0 Thread added: 0x0000016279daa4d0
Event: 30.058 Thread 0x000001627a8b4880 Thread added: 0x000001627a8b4880


Dynamic libraries:
0x00007ff65b350000 - 0x00007ff65b360000 	C:\Program Files\Java\jdk-17\bin\java.exe
0x00007ffc421c0000 - 0x00007ffc42427000 	C:\WINDOWS\SYSTEM32\ntdll.dll
0x00007ffc407f0000 - 0x00007ffc408b9000 	C:\WINDOWS\System32\KERNEL32.DLL
0x00007ffc3faa0000 - 0x00007ffc3fe8f000 	C:\WINDOWS\System32\KERNELBASE.dll
0x00007ffc3f950000 - 0x00007ffc3fa9b000 	C:\WINDOWS\System32\ucrtbase.dll
0x00007ffc0e840000 - 0x00007ffc0e859000 	C:\Program Files\Java\jdk-17\bin\jli.dll
0x00007ffc0ed30000 - 0x00007ffc0ed4b000 	C:\Program Files\Java\jdk-17\bin\VCRUNTIME140.dll
0x00007ffc3ffa0000 - 0x00007ffc40054000 	C:\WINDOWS\System32\ADVAPI32.dll
0x00007ffc41fd0000 - 0x00007ffc42079000 	C:\WINDOWS\System32\msvcrt.dll
0x00007ffc418f0000 - 0x00007ffc41996000 	C:\WINDOWS\System32\sechost.dll
0x00007ffc415f0000 - 0x00007ffc41708000 	C:\WINDOWS\System32\RPCRT4.dll
0x00007ffc41720000 - 0x00007ffc418e5000 	C:\WINDOWS\System32\USER32.dll
0x00007ffc2c9a0000 - 0x00007ffc2cc33000 	C:\WINDOWS\WinSxS\amd64_microsoft.windows.common-controls_6595b64144ccf1df_6.0.26100.7309_none_3e05feeae336a044\COMCTL32.dll
0x00007ffc3f310000 - 0x00007ffc3f337000 	C:\WINDOWS\System32\win32u.dll
0x00007ffc3ff70000 - 0x00007ffc3ff9b000 	C:\WINDOWS\System32\GDI32.dll
0x00007ffc3f790000 - 0x00007ffc3f8bc000 	C:\WINDOWS\System32\gdi32full.dll
0x00007ffc3f630000 - 0x00007ffc3f6d3000 	C:\WINDOWS\System32\msvcp_win.dll
0x00007ffc355a0000 - 0x00007ffc355ab000 	C:\WINDOWS\SYSTEM32\VERSION.dll
0x00007ffc414f0000 - 0x00007ffc41521000 	C:\WINDOWS\System32\IMM32.DLL
0x00007ffc0e820000 - 0x00007ffc0e82c000 	C:\Program Files\Java\jdk-17\bin\vcruntime140_1.dll
0x00007ffbe54f0000 - 0x00007ffbe557e000 	C:\Program Files\Java\jdk-17\bin\msvcp140.dll
0x00007ffb80370000 - 0x00007ffb80f51000 	C:\Program Files\Java\jdk-17\bin\server\jvm.dll
0x00007ffc3ff60000 - 0x00007ffc3ff68000 	C:\WINDOWS\System32\PSAPI.DLL
0x00007ffc0e810000 - 0x00007ffc0e81a000 	C:\WINDOWS\SYSTEM32\WSOCK32.dll
0x00007ffc30300000 - 0x00007ffc30335000 	C:\WINDOWS\SYSTEM32\WINMM.dll
0x00007ffc42100000 - 0x00007ffc42174000 	C:\WINDOWS\System32\WS2_32.dll
0x00007ffc3e1c0000 - 0x00007ffc3e1db000 	C:\WINDOWS\SYSTEM32\kernel.appcore.dll
0x00007ffc0c700000 - 0x00007ffc0c70a000 	C:\Program Files\Java\jdk-17\bin\jimage.dll
0x00007ffc3ca40000 - 0x00007ffc3cc82000 	C:\WINDOWS\SYSTEM32\DBGHELP.DLL
0x00007ffc40060000 - 0x00007ffc403e5000 	C:\WINDOWS\System32\combase.dll
0x00007ffc41040000 - 0x00007ffc41116000 	C:\WINDOWS\System32\OLEAUT32.dll
0x00007ffc1a530000 - 0x00007ffc1a56c000 	C:\WINDOWS\SYSTEM32\dbgcore.DLL
0x00007ffc3f6e0000 - 0x00007ffc3f785000 	C:\WINDOWS\System32\bcryptPrimitives.dll
0x00007ffc33300000 - 0x00007ffc3330e000 	C:\Program Files\Java\jdk-17\bin\instrument.dll
0x00007ffc09320000 - 0x00007ffc09345000 	C:\Program Files\Java\jdk-17\bin\java.dll
0x00007ffba1fd0000 - 0x00007ffba20a7000 	C:\Program Files\Java\jdk-17\bin\jsvml.dll
0x00007ffc408c0000 - 0x00007ffc41013000 	C:\WINDOWS\System32\SHELL32.dll
0x00007ffc3f4c0000 - 0x00007ffc3f62a000 	C:\WINDOWS\System32\wintypes.dll
0x00007ffc3cf10000 - 0x00007ffc3d76e000 	C:\WINDOWS\SYSTEM32\windows.storage.dll
0x00007ffc41e60000 - 0x00007ffc41f55000 	C:\WINDOWS\System32\SHCORE.dll
0x00007ffc41380000 - 0x00007ffc413e6000 	C:\WINDOWS\System32\shlwapi.dll
0x00007ffc3f230000 - 0x00007ffc3f259000 	C:\WINDOWS\SYSTEM32\profapi.dll
0x00007ffc0c200000 - 0x00007ffc0c218000 	C:\Program Files\Java\jdk-17\bin\zip.dll
0x00007ffc0b610000 - 0x00007ffc0b629000 	C:\Program Files\Java\jdk-17\bin\net.dll
0x00007ffc35250000 - 0x00007ffc35378000 	C:\WINDOWS\SYSTEM32\WINHTTP.dll
0x00007ffc3e750000 - 0x00007ffc3e7bb000 	C:\WINDOWS\system32\mswsock.dll
0x00007ffc07fc0000 - 0x00007ffc07fd6000 	C:\Program Files\Java\jdk-17\bin\nio.dll
0x00007ffc0c680000 - 0x00007ffc0c690000 	C:\Program Files\Java\jdk-17\bin\verify.dll
0x00007ffc09d60000 - 0x00007ffc09d87000 	E:\Download\gradle-8.5\native\1def1411415f61bf3af743bc5b6707747c0891f09f0c88961ee8f79bc544acac\windows-amd64\native-platform.dll
0x00007ffc0c740000 - 0x00007ffc0c7b8000 	E:\Download\gradle-8.5\native\0.2.7\x86_64-windows-gnu\gradle-fileevents.dll
0x00007ffc2df30000 - 0x00007ffc2df3a000 	C:\Program Files\Java\jdk-17\bin\management.dll
0x00007ffc2df20000 - 0x00007ffc2df2b000 	C:\Program Files\Java\jdk-17\bin\management_ext.dll
0x00007ffc3db60000 - 0x00007ffc3db94000 	C:\WINDOWS\SYSTEM32\IPHLPAPI.DLL
0x00007ffc41710000 - 0x00007ffc4171a000 	C:\WINDOWS\System32\NSI.dll
0x00007ffc35160000 - 0x00007ffc3517e000 	C:\WINDOWS\SYSTEM32\dhcpcsvc6.DLL
0x00007ffc35130000 - 0x00007ffc35153000 	C:\WINDOWS\SYSTEM32\dhcpcsvc.DLL
0x00007ffc3dc00000 - 0x00007ffc3dd2c000 	C:\WINDOWS\SYSTEM32\DNSAPI.dll
0x00007ffc3ea10000 - 0x00007ffc3ea2b000 	C:\WINDOWS\SYSTEM32\CRYPTSP.dll
0x00007ffc3e120000 - 0x00007ffc3e15a000 	C:\WINDOWS\system32\rsaenh.dll
0x00007ffc3e800000 - 0x00007ffc3e82b000 	C:\WINDOWS\SYSTEM32\USERENV.dll
0x00007ffc3f200000 - 0x00007ffc3f22a000 	C:\WINDOWS\SYSTEM32\bcrypt.dll
0x00007ffc3ea30000 - 0x00007ffc3ea3c000 	C:\WINDOWS\SYSTEM32\CRYPTBASE.dll
0x00007ffc332f0000 - 0x00007ffc332fe000 	C:\Program Files\Java\jdk-17\bin\sunmscapi.dll
0x00007ffc3f340000 - 0x00007ffc3f4b7000 	C:\WINDOWS\System32\CRYPT32.dll
0x00007ffc3ec30000 - 0x00007ffc3ec60000 	C:\WINDOWS\SYSTEM32\ncrypt.dll
0x00007ffc3ebe0000 - 0x00007ffc3ec1f000 	C:\WINDOWS\SYSTEM32\NTASN1.dll
0x00007ffc346b0000 - 0x00007ffc346b8000 	C:\WINDOWS\system32\wshunix.dll

dbghelp: loaded successfully - version: 4.0.5 - missing functions: none
symbol engine: initialized successfully - sym options: 0x614 - pdb path: .;C:\Program Files\Java\jdk-17\bin;C:\WINDOWS\SYSTEM32;C:\WINDOWS\WinSxS\amd64_microsoft.windows.common-controls_6595b64144ccf1df_6.0.26100.7309_none_3e05feeae336a044;C:\Program Files\Java\jdk-17\bin\server;E:\Download\gradle-8.5\native\1def1411415f61bf3af743bc5b6707747c0891f09f0c88961ee8f79bc544acac\windows-amd64;E:\Download\gradle-8.5\native\0.2.7\x86_64-windows-gnu

VM Arguments:
jvm_args: --add-opens=java.base/java.lang=ALL-UNNAMED --add-opens=java.base/java.lang.invoke=ALL-UNNAMED --add-opens=java.base/java.util=ALL-UNNAMED --add-opens=java.prefs/java.util.prefs=ALL-UNNAMED --add-exports=jdk.compiler/com.sun.tools.javac.api=ALL-UNNAMED --add-exports=jdk.compiler/com.sun.tools.javac.util=ALL-UNNAMED --add-opens=java.base/java.util=ALL-UNNAMED --add-opens=java.prefs/java.util.prefs=ALL-UNNAMED --add-opens=java.base/java.nio.charset=ALL-UNNAMED --add-opens=java.base/java.net=ALL-UNNAMED --add-opens=java.base/java.util.concurrent.atomic=ALL-UNNAMED --add-opens=java.xml/javax.xml.namespace=ALL-UNNAMED -Xmx2048m -Dfile.encoding=UTF-8 -Duser.country=US -Duser.language=en -Duser.variant -javaagent:E:\Download\gradle-8.5\wrapper\dists\gradle-8.13-bin\5xuhj0ry160q40clulazy9h7d\gradle-8.13\lib\agents\gradle-instrumentation-agent-8.13.jar 
java_command: org.gradle.launcher.daemon.bootstrap.GradleDaemon 8.13
java_class_path (initial): E:\Download\gradle-8.5\wrapper\dists\gradle-8.13-bin\5xuhj0ry160q40clulazy9h7d\gradle-8.13\lib\gradle-daemon-main-8.13.jar
Launcher Type: SUN_STANDARD

[Global flags]
     intx CICompilerCount                          = 4                                         {product} {ergonomic}
     uint ConcGCThreads                            = 3                                         {product} {ergonomic}
     uint G1ConcRefinementThreads                  = 10                                        {product} {ergonomic}
   size_t G1HeapRegionSize                         = 1048576                                   {product} {ergonomic}
    uintx GCDrainStackTargetSize                   = 64                                        {product} {ergonomic}
   size_t InitialHeapSize                          = 266338304                                 {product} {ergonomic}
   size_t MarkStackSize                            = 4194304                                   {product} {ergonomic}
   size_t MaxHeapSize                              = 2147483648                                {product} {command line}
   size_t MaxNewSize                               = 1287651328                                {product} {ergonomic}
   size_t MinHeapDeltaBytes                        = 1048576                                   {product} {ergonomic}
   size_t MinHeapSize                              = 8388608                                   {product} {ergonomic}
    uintx NonNMethodCodeHeapSize                   = 5839372                                {pd product} {ergonomic}
    uintx NonProfiledCodeHeapSize                  = 122909434                              {pd product} {ergonomic}
    uintx ProfiledCodeHeapSize                     = 122909434                              {pd product} {ergonomic}
    uintx ReservedCodeCacheSize                    = 251658240                              {pd product} {ergonomic}
     bool SegmentedCodeCache                       = true                                      {product} {ergonomic}
   size_t SoftMaxHeapSize                          = 2147483648                             {manageable} {ergonomic}
     bool UseCompressedClassPointers               = true                           {product lp64_product} {ergonomic}
     bool UseCompressedOops                        = true                           {product lp64_product} {ergonomic}
     bool UseG1GC                                  = true                                      {product} {ergonomic}
     bool UseLargePagesIndividualAllocation        = false                                  {pd product} {ergonomic}

Logging:
Log output configuration:
 #0: stdout all=warning uptime,level,tags
 #1: stderr all=off uptime,level,tags

Environment Variables:
PATH=C:\Program Files\Common Files\Oracle\Java\javapath;C:\Program Files (x86)\VMware\VMware Workstation\bin\;C:\Windows\system32;C:\Windows;C:\Windows\System32\Wbem;C:\Windows\System32\WindowsPowerShell\v1.0\;C:\Windows\System32\OpenSSH\;C:\Program Files (x86)\Microsoft SQL Server\160\Tools\Binn\;C:\Program Files\Microsoft SQL Server\160\Tools\Binn\;C:\Program Files\Microsoft SQL Server\Client SDK\ODBC\170\Tools\Binn\;C:\Program Files\Microsoft SQL Server\160\DTS\Binn\;C:\Program Files (x86)\Microsoft SQL Server\160\DTS\Binn\;C:\Program Files\Azure Data Studio\bin;C:\WINDOWS\system32;C:\WINDOWS;C:\WINDOWS\System32\Wbem;C:\WINDOWS\System32\WindowsPowerShell\v1.0\;C:\WINDOWS\System32\OpenSSH\;C:\Program Files\nodejs\;C:\Program Files\Microsoft SQL Server\150\Tools\Binn\;C:\Program Files (x86)\NVIDIA Corporation\PhysX\Common;C:\Flutter\flutter\bin;C:\vscode\Microsoft VS Code;C:\Program Files\Git\cmd;C:\Program Files\dotnet\;C:\Program Files (x86)\Windows Kits\10\Windows Performance Toolkit\;C:\Program Files\Cloudflare\Cloudflare WARP\;C:\Composer;;C:\Program Files\NVIDIA Corporation\NVIDIA App\NvDLISR;$newPath;C:\Users\MINH KHA\AppData\Local\Programs\Microsoft VS Code\bin;C:\Users\MINH KHA\.dotnet\tools;C:\Users\MINH KHA\AppData\Roaming\Composer\vendor\bin;C:\Composer;C:\PhP;C:\Android_studio\platform-tools;
USERNAME=MINH KHA
OS=Windows_NT
PROCESSOR_IDENTIFIER=Intel64 Family 6 Model 141 Stepping 1, GenuineIntel



---------------  S Y S T E M  ---------------

OS:
 Windows 11 , 64 bit Build 26100 (10.0.26100.7309)
OS uptime: 0 days 1:23 hours
Hyper-V role detected

CPU: total 12 (initial active 12) (6 cores per cpu, 2 threads per core) family 6 model 141 stepping 1 microcode 0x3c, cx8, cmov, fxsr, ht, mmx, 3dnowpref, sse, sse2, sse3, ssse3, sse4.1, sse4.2, popcnt, lzcnt, tsc, tscinvbit, avx, avx2, aes, erms, clmul, bmi1, bmi2, adx, avx512f, avx512dq, avx512cd, avx512bw, avx512vl, sha, fma, vzeroupper, avx512_vpopcntdq, avx512_vpclmulqdq, avx512_vaes, avx512_vnni, clflush, clflushopt, clwb, avx512_vbmi2, avx512_vbmi, hv

Memory: 4k page, system-wide physical 16163M (4146M free)
TotalPageFile size 17443M (AvailPageFile size 77M)
current process WorkingSet (physical memory assigned to process): 273M, peak: 290M
current process commit charge ("private bytes"): 358M, peak: 458M

vm_info: Java HotSpot(TM) 64-Bit Server VM (17.0.9+11-LTS-201) for windows-amd64 JRE (17.0.9+11-LTS-201), built on Oct 10 2023 23:16:06 by "mach5one" with MS VC++ 17.1 (VS2022)

END.
