#
# There is insufficient memory for the Java Runtime Environment to continue.
# Native memory allocation (malloc) failed to allocate 1161616 bytes for Chunk::new
# Possible reasons:
#   The system is out of physical RAM or swap space
#   The process is running with CompressedOops enabled, and the Java Heap may be blocking the growth of the native heap
# Possible solutions:
#   Reduce memory load on the system
#   Increase physical memory or swap space
#   Check if swap backing store is full
#   Decrease Java heap size (-Xmx/-Xms)
#   Decrease number of Java threads
#   Decrease Java thread stack sizes (-Xss)
#   Set larger code cache with -XX:ReservedCodeCacheSize=
#   JVM is running with Unscaled Compressed Oops mode in which the Java heap is
#     placed in the first 4GB address space. The Java Heap base address is the
#     maximum limit for the native heap growth. Please use -XX:HeapBaseMinAddress
#     to set the Java Heap base and to place the Java Heap above 4GB virtual address.
# This output file may be truncated or incomplete.
#
#  Out of Memory Error (arena.cpp:189), pid=21092, tid=2092
#
# JRE version: Java(TM) SE Runtime Environment (17.0.9+11) (build 17.0.9+11-LTS-201)
# Java VM: Java HotSpot(TM) 64-Bit Server VM (17.0.9+11-LTS-201, mixed mode, sharing, tiered, compressed oops, compressed class ptrs, g1 gc, windows-amd64)
# No core dump will be written. Minidumps are not enabled by default on client versions of Windows
#

---------------  S U M M A R Y ------------

Command Line: --add-opens=java.base/java.lang=ALL-UNNAMED --add-opens=java.base/java.lang.invoke=ALL-UNNAMED --add-opens=java.base/java.util=ALL-UNNAMED --add-opens=java.prefs/java.util.prefs=ALL-UNNAMED --add-exports=jdk.compiler/com.sun.tools.javac.api=ALL-UNNAMED --add-exports=jdk.compiler/com.sun.tools.javac.util=ALL-UNNAMED --add-opens=java.base/java.util=ALL-UNNAMED --add-opens=java.prefs/java.util.prefs=ALL-UNNAMED --add-opens=java.base/java.nio.charset=ALL-UNNAMED --add-opens=java.base/java.net=ALL-UNNAMED --add-opens=java.base/java.util.concurrent.atomic=ALL-UNNAMED --add-opens=java.xml/javax.xml.namespace=ALL-UNNAMED -Xmx2048m -Dfile.encoding=UTF-8 -Duser.country=US -Duser.language=en -Duser.variant -javaagent:E:\Download\gradle-8.5\wrapper\dists\gradle-8.13-bin\5xuhj0ry160q40clulazy9h7d\gradle-8.13\lib\agents\gradle-instrumentation-agent-8.13.jar org.gradle.launcher.daemon.bootstrap.GradleDaemon 8.13

Host: 11th Gen Intel(R) Core(TM) i5-11400H @ 2.70GHz, 12 cores, 15G,  Windows 11 , 64 bit Build 26100 (10.0.26100.7309)
Time: Tue Jan 13 21:32:08 2026 SE Asia Standard Time elapsed time: 34.576653 seconds (0d 0h 0m 34s)

---------------  T H R E A D  ---------------

Current thread (0x000001da003260a0):  JavaThread "C2 CompilerThread0" daemon [_thread_in_native, id=2092, stack(0x000000d68ba00000,0x000000d68bb00000)]


Current CompileTask:
C2:  34576 8758       4       org.gradle.internal.service.DefaultServiceRegistry$SingletonService::get (5 bytes)

Stack: [0x000000d68ba00000,0x000000d68bb00000]
Native frames: (J=compiled Java code, j=interpreted, Vv=VM code, C=native code)
V  [jvm.dll+0x678a4a]
V  [jvm.dll+0x7d9cfd]
V  [jvm.dll+0x7db60e]
V  [jvm.dll+0x7dbc73]
V  [jvm.dll+0x245e1f]
V  [jvm.dll+0xaaafb]
V  [jvm.dll+0xab09c]
V  [jvm.dll+0x36237e]
V  [jvm.dll+0x32ca01]
V  [jvm.dll+0x32be9a]
V  [jvm.dll+0x21812f]
V  [jvm.dll+0x217561]
V  [jvm.dll+0x1a3bc0]
V  [jvm.dll+0x2272de]
V  [jvm.dll+0x22548b]
V  [jvm.dll+0x78f58c]
V  [jvm.dll+0x78998a]
V  [jvm.dll+0x677875]
C  [ucrtbase.dll+0x37b0]
C  [KERNEL32.DLL+0x2e8d7]
C  [ntdll.dll+0x8c53c]


---------------  P R O C E S S  ---------------

Threads class SMR info:
_java_thread_list=0x000001da49246e90, length=90, elements={
0x000001da5f9e1b50, 0x000001da001e35c0, 0x000001da001e3ca0, 0x000001da001fb690,
0x000001da001fdb80, 0x000001da001fe060, 0x000001da001fe540, 0x000001da003260a0,
0x000001da0032e5d0, 0x000001da00331ff0, 0x000001da001d18b0, 0x000001da004e6040,
0x000001da007fa0a0, 0x000001da00e00820, 0x000001da00d40e80, 0x000001da4731e4d0,
0x000001da4731ed80, 0x000001da0090e5f0, 0x000001da0090eb00, 0x000001da00910960,
0x000001da0090f010, 0x000001da0090ff40, 0x000001da0090e0e0, 0x000001da00910450,
0x000001da00910e70, 0x000001da0090fa30, 0x000001da00911380, 0x000001da0090dbd0,
0x000001da46ece0e0, 0x000001da46eceb00, 0x000001da46ecf010, 0x000001da46ecb860,
0x000001da46ece5f0, 0x000001da46ecbd70, 0x000001da46eccca0, 0x000001da46ecc790,
0x000001da46ecd1b0, 0x000001da46ecd6c0, 0x000001da4750c2f0, 0x000001da4750c800,
0x000001da4750d730, 0x000001da4750b8d0, 0x000001da4750cd10, 0x000001da4750d220,
0x000001da4750dc40, 0x000001da4750bde0, 0x000001da4750e150, 0x000001da4750aeb0,
0x000001da4750e660, 0x000001da4750b3c0, 0x000001da49ec6170, 0x000001da49ec6680,
0x000001da49ec2ed0, 0x000001da49ec5c60, 0x000001da49ec6b90, 0x000001da49ec3e00,
0x000001da49ec5750, 0x000001da49ec4820, 0x000001da49ec70a0, 0x000001da49ec75b0,
0x000001da49ec7ac0, 0x000001da49ec4310, 0x000001da49ec7fd0, 0x000001da49ec4d30,
0x000001da49ec84e0, 0x000001da49ec89f0, 0x000001da49ec5240, 0x000001da49ec8f00,
0x000001da49ec9410, 0x000001da49ec9e30, 0x000001da49ec9920, 0x000001da49eca340,
0x000001da49eca850, 0x000001da49d15560, 0x000001da49d13700, 0x000001da49d15a70,
0x000001da49d13c10, 0x000001da49d131f0, 0x000001da49d169a0, 0x000001da49d15f80,
0x000001da49d14b40, 0x000001da49d178d0, 0x000001da49d16490, 0x000001da49d14120,
0x000001da49d16eb0, 0x000001da49d15050, 0x000001da49d173c0, 0x000001da49d17de0,
0x000001da49d14630, 0x000001da49d19220
}

Java Threads: ( => current thread )
  0x000001da5f9e1b50 JavaThread "main" [_thread_blocked, id=776, stack(0x000000d68ad00000,0x000000d68ae00000)]
  0x000001da001e35c0 JavaThread "Reference Handler" daemon [_thread_blocked, id=16920, stack(0x000000d68b400000,0x000000d68b500000)]
  0x000001da001e3ca0 JavaThread "Finalizer" daemon [_thread_blocked, id=20552, stack(0x000000d68b500000,0x000000d68b600000)]
  0x000001da001fb690 JavaThread "Signal Dispatcher" daemon [_thread_blocked, id=6560, stack(0x000000d68b600000,0x000000d68b700000)]
  0x000001da001fdb80 JavaThread "Attach Listener" daemon [_thread_blocked, id=21400, stack(0x000000d68b700000,0x000000d68b800000)]
  0x000001da001fe060 JavaThread "Service Thread" daemon [_thread_blocked, id=21316, stack(0x000000d68b800000,0x000000d68b900000)]
  0x000001da001fe540 JavaThread "Monitor Deflation Thread" daemon [_thread_blocked, id=19036, stack(0x000000d68b900000,0x000000d68ba00000)]
=>0x000001da003260a0 JavaThread "C2 CompilerThread0" daemon [_thread_in_native, id=2092, stack(0x000000d68ba00000,0x000000d68bb00000)]
  0x000001da0032e5d0 JavaThread "C1 CompilerThread0" daemon [_thread_blocked, id=13948, stack(0x000000d68bb00000,0x000000d68bc00000)]
  0x000001da00331ff0 JavaThread "Sweeper thread" daemon [_thread_blocked, id=17588, stack(0x000000d68bc00000,0x000000d68bd00000)]
  0x000001da001d18b0 JavaThread "Common-Cleaner" daemon [_thread_blocked, id=12580, stack(0x000000d68bd00000,0x000000d68be00000)]
  0x000001da004e6040 JavaThread "Notification Thread" daemon [_thread_blocked, id=3568, stack(0x000000d68be00000,0x000000d68bf00000)]
  0x000001da007fa0a0 JavaThread "Daemon health stats" [_thread_blocked, id=20964, stack(0x000000d68c500000,0x000000d68c600000)]
  0x000001da00e00820 JavaThread "Incoming local TCP Connector on port 52761" [_thread_in_native, id=14628, stack(0x000000d68c700000,0x000000d68c800000)]
  0x000001da00d40e80 JavaThread "Daemon periodic checks" [_thread_blocked, id=6064, stack(0x000000d68c800000,0x000000d68c900000)]
  0x000001da4731e4d0 JavaThread "Daemon" [_thread_blocked, id=12064, stack(0x000000d68ca00000,0x000000d68cb00000)]
  0x000001da4731ed80 JavaThread "Handler for socket connection from /127.0.0.1:52761 to /127.0.0.1:52762" [_thread_in_native, id=16808, stack(0x000000d68cb00000,0x000000d68cc00000)]
  0x000001da0090e5f0 JavaThread "Cancel handler" [_thread_blocked, id=9192, stack(0x000000d68c900000,0x000000d68ca00000)]
  0x000001da0090eb00 JavaThread "Daemon worker" [_thread_in_native, id=16556, stack(0x000000d68cc00000,0x000000d68cd00000)]
  0x000001da00910960 JavaThread "Asynchronous log dispatcher for DefaultDaemonConnection: socket connection from /127.0.0.1:52761 to /127.0.0.1:52762" [_thread_blocked, id=2516, stack(0x000000d68cd00000,0x000000d68ce00000)]
  0x000001da0090f010 JavaThread "Stdin handler" [_thread_blocked, id=19472, stack(0x000000d68ce00000,0x000000d68cf00000)]
  0x000001da0090ff40 JavaThread "Daemon client event forwarder" [_thread_blocked, id=13984, stack(0x000000d68cf00000,0x000000d68d000000)]
  0x000001da0090e0e0 JavaThread "Cache worker for journal cache (E:\Download\gradle-8.5\caches\journal-1)" [_thread_blocked, id=19804, stack(0x000000d68d000000,0x000000d68d100000)]
  0x000001da00910450 JavaThread "File lock request listener" [_thread_in_native, id=18996, stack(0x000000d68d100000,0x000000d68d200000)]
  0x000001da00910e70 JavaThread "Cache worker for file hash cache (E:\Download\gradle-8.5\caches\8.13\fileHashes)" [_thread_blocked, id=6880, stack(0x000000d68d200000,0x000000d68d300000)]
  0x000001da0090fa30 JavaThread "Cache worker for file hash cache (D:\DoAnDiDongKha\MusicRelaxApp\.gradle\8.13\fileHashes)" [_thread_blocked, id=16224, stack(0x000000d68d300000,0x000000d68d400000)]
  0x000001da00911380 JavaThread "Cache worker for Build Output Cleanup Cache (D:\DoAnDiDongKha\MusicRelaxApp\.gradle\buildOutputCleanup)" [_thread_blocked, id=19780, stack(0x000000d68d400000,0x000000d68d500000)]
  0x000001da0090dbd0 JavaThread "File watcher server" daemon [_thread_in_native, id=15992, stack(0x000000d68d500000,0x000000d68d600000)]
  0x000001da46ece0e0 JavaThread "File watcher consumer" daemon [_thread_blocked, id=15836, stack(0x000000d68dc00000,0x000000d68dd00000)]
  0x000001da46eceb00 JavaThread "jar transforms" [_thread_blocked, id=16196, stack(0x000000d68dd00000,0x000000d68de00000)]
  0x000001da46ecf010 JavaThread "jar transforms Thread 2" [_thread_blocked, id=20696, stack(0x000000d68de00000,0x000000d68df00000)]
  0x000001da46ecb860 JavaThread "Cache worker for checksums cache (D:\DoAnDiDongKha\MusicRelaxApp\.gradle\8.13\checksums)" [_thread_blocked, id=10540, stack(0x000000d68e100000,0x000000d68e200000)]
  0x000001da46ece5f0 JavaThread "Cache worker for file content cache (E:\Download\gradle-8.5\caches\8.13\fileContent)" [_thread_blocked, id=20420, stack(0x000000d68e000000,0x000000d68e100000)]
  0x000001da46ecbd70 JavaThread "jar transforms Thread 3" [_thread_blocked, id=9276, stack(0x000000d68e200000,0x000000d68e300000)]
  0x000001da46eccca0 JavaThread "Cache worker for cache directory md-supplier (E:\Download\gradle-8.5\caches\8.13\md-supplier)" [_thread_blocked, id=4228, stack(0x000000d68e300000,0x000000d68e400000)]
  0x000001da46ecc790 JavaThread "Cache worker for cache directory md-rule (E:\Download\gradle-8.5\caches\8.13\md-rule)" [_thread_blocked, id=16548, stack(0x000000d68e400000,0x000000d68e500000)]
  0x000001da46ecd1b0 JavaThread "Unconstrained build operations" [_thread_blocked, id=7340, stack(0x000000d68e500000,0x000000d68e600000)]
  0x000001da46ecd6c0 JavaThread "Unconstrained build operations Thread 2" [_thread_blocked, id=13980, stack(0x000000d68e600000,0x000000d68e700000)]
  0x000001da4750c2f0 JavaThread "Unconstrained build operations Thread 3" [_thread_blocked, id=20244, stack(0x000000d68e700000,0x000000d68e800000)]
  0x000001da4750c800 JavaThread "Unconstrained build operations Thread 4" [_thread_blocked, id=16264, stack(0x000000d68e800000,0x000000d68e900000)]
  0x000001da4750d730 JavaThread "Unconstrained build operations Thread 5" [_thread_blocked, id=5156, stack(0x000000d68e900000,0x000000d68ea00000)]
  0x000001da4750b8d0 JavaThread "Unconstrained build operations Thread 6" [_thread_blocked, id=8664, stack(0x000000d68df00000,0x000000d68e000000)]
  0x000001da4750cd10 JavaThread "Unconstrained build operations Thread 7" [_thread_blocked, id=20980, stack(0x000000d68ea00000,0x000000d68eb00000)]
  0x000001da4750d220 JavaThread "Unconstrained build operations Thread 8" [_thread_blocked, id=4184, stack(0x000000d68eb00000,0x000000d68ec00000)]
  0x000001da4750dc40 JavaThread "Unconstrained build operations Thread 9" [_thread_blocked, id=6496, stack(0x000000d68ec00000,0x000000d68ed00000)]
  0x000001da4750bde0 JavaThread "Unconstrained build operations Thread 10" [_thread_blocked, id=20540, stack(0x000000d68ed00000,0x000000d68ee00000)]
  0x000001da4750e150 JavaThread "jar transforms Thread 4" [_thread_blocked, id=3212, stack(0x000000d68ee00000,0x000000d68ef00000)]
  0x000001da4750aeb0 JavaThread "jar transforms Thread 5" [_thread_blocked, id=3704, stack(0x000000d68ef00000,0x000000d68f000000)]
  0x000001da4750e660 JavaThread "Unconstrained build operations Thread 11" [_thread_blocked, id=20512, stack(0x000000d68f000000,0x000000d68f100000)]
  0x000001da4750b3c0 JavaThread "Unconstrained build operations Thread 12" [_thread_blocked, id=6992, stack(0x000000d68f100000,0x000000d68f200000)]
  0x000001da49ec6170 JavaThread "Unconstrained build operations Thread 13" [_thread_blocked, id=7676, stack(0x000000d68f200000,0x000000d68f300000)]
  0x000001da49ec6680 JavaThread "Unconstrained build operations Thread 14" [_thread_blocked, id=12016, stack(0x000000d68f300000,0x000000d68f400000)]
  0x000001da49ec2ed0 JavaThread "Unconstrained build operations Thread 15" [_thread_blocked, id=10652, stack(0x000000d68f400000,0x000000d68f500000)]
  0x000001da49ec5c60 JavaThread "jar transforms Thread 6" [_thread_blocked, id=10264, stack(0x000000d68f500000,0x000000d68f600000)]
  0x000001da49ec6b90 JavaThread "jar transforms Thread 7" [_thread_blocked, id=21080, stack(0x000000d68f600000,0x000000d68f700000)]
  0x000001da49ec3e00 JavaThread "jar transforms Thread 8" [_thread_blocked, id=21228, stack(0x000000d68f700000,0x000000d68f800000)]
  0x000001da49ec5750 JavaThread "Unconstrained build operations Thread 16" [_thread_blocked, id=5808, stack(0x000000d68f900000,0x000000d68fa00000)]
  0x000001da49ec4820 JavaThread "Unconstrained build operations Thread 17" [_thread_blocked, id=3032, stack(0x000000d68fa00000,0x000000d68fb00000)]
  0x000001da49ec70a0 JavaThread "Unconstrained build operations Thread 18" [_thread_blocked, id=16436, stack(0x000000d68fb00000,0x000000d68fc00000)]
  0x000001da49ec75b0 JavaThread "Unconstrained build operations Thread 19" [_thread_blocked, id=15948, stack(0x000000d68fc00000,0x000000d68fd00000)]
  0x000001da49ec7ac0 JavaThread "Unconstrained build operations Thread 20" [_thread_blocked, id=6060, stack(0x000000d68fd00000,0x000000d68fe00000)]
  0x000001da49ec4310 JavaThread "Unconstrained build operations Thread 21" [_thread_blocked, id=15356, stack(0x000000d68fe00000,0x000000d68ff00000)]
  0x000001da49ec7fd0 JavaThread "Unconstrained build operations Thread 22" [_thread_blocked, id=6736, stack(0x000000d68ff00000,0x000000d690000000)]
  0x000001da49ec4d30 JavaThread "Unconstrained build operations Thread 23" [_thread_blocked, id=5772, stack(0x000000d690000000,0x000000d690100000)]
  0x000001da49ec84e0 JavaThread "Unconstrained build operations Thread 24" [_thread_blocked, id=18964, stack(0x000000d690100000,0x000000d690200000)]
  0x000001da49ec89f0 JavaThread "Unconstrained build operations Thread 25" [_thread_blocked, id=5848, stack(0x000000d690200000,0x000000d690300000)]
  0x000001da49ec5240 JavaThread "Unconstrained build operations Thread 26" [_thread_blocked, id=1956, stack(0x000000d690300000,0x000000d690400000)]
  0x000001da49ec8f00 JavaThread "Unconstrained build operations Thread 27" [_thread_blocked, id=18652, stack(0x000000d690400000,0x000000d690500000)]
  0x000001da49ec9410 JavaThread "Unconstrained build operations Thread 28" [_thread_blocked, id=20928, stack(0x000000d690500000,0x000000d690600000)]
  0x000001da49ec9e30 JavaThread "Unconstrained build operations Thread 29" [_thread_blocked, id=4068, stack(0x000000d690600000,0x000000d690700000)]
  0x000001da49ec9920 JavaThread "Unconstrained build operations Thread 30" [_thread_blocked, id=19524, stack(0x000000d690700000,0x000000d690800000)]
  0x000001da49eca340 JavaThread "Unconstrained build operations Thread 31" [_thread_blocked, id=14040, stack(0x000000d690800000,0x000000d690900000)]
  0x000001da49eca850 JavaThread "Unconstrained build operations Thread 32" [_thread_blocked, id=19864, stack(0x000000d690900000,0x000000d690a00000)]
  0x000001da49d15560 JavaThread "Unconstrained build operations Thread 33" [_thread_blocked, id=3784, stack(0x000000d690a00000,0x000000d690b00000)]
  0x000001da49d13700 JavaThread "Unconstrained build operations Thread 34" [_thread_blocked, id=6220, stack(0x000000d690b00000,0x000000d690c00000)]
  0x000001da49d15a70 JavaThread "Unconstrained build operations Thread 35" [_thread_blocked, id=20224, stack(0x000000d68f800000,0x000000d68f900000)]
  0x000001da49d13c10 JavaThread "Unconstrained build operations Thread 36" [_thread_blocked, id=15624, stack(0x000000d690c00000,0x000000d690d00000)]
  0x000001da49d131f0 JavaThread "Unconstrained build operations Thread 37" [_thread_blocked, id=16756, stack(0x000000d690d00000,0x000000d690e00000)]
  0x000001da49d169a0 JavaThread "Unconstrained build operations Thread 38" [_thread_blocked, id=3044, stack(0x000000d690f00000,0x000000d691000000)]
  0x000001da49d15f80 JavaThread "Unconstrained build operations Thread 39" [_thread_blocked, id=1624, stack(0x000000d691000000,0x000000d691100000)]
  0x000001da49d14b40 JavaThread "Unconstrained build operations Thread 40" [_thread_blocked, id=2636, stack(0x000000d691100000,0x000000d691200000)]
  0x000001da49d178d0 JavaThread "Unconstrained build operations Thread 41" [_thread_blocked, id=3636, stack(0x000000d691200000,0x000000d691300000)]
  0x000001da49d16490 JavaThread "Unconstrained build operations Thread 42" [_thread_blocked, id=14844, stack(0x000000d691300000,0x000000d691400000)]
  0x000001da49d14120 JavaThread "Unconstrained build operations Thread 43" [_thread_blocked, id=21044, stack(0x000000d691400000,0x000000d691500000)]
  0x000001da49d16eb0 JavaThread "Unconstrained build operations Thread 44" [_thread_blocked, id=8280, stack(0x000000d691500000,0x000000d691600000)]
  0x000001da49d15050 JavaThread "Unconstrained build operations Thread 45" [_thread_blocked, id=4056, stack(0x000000d691600000,0x000000d691700000)]
  0x000001da49d173c0 JavaThread "Unconstrained build operations Thread 46" [_thread_blocked, id=19360, stack(0x000000d691700000,0x000000d691800000)]
  0x000001da49d17de0 JavaThread "Unconstrained build operations Thread 47" [_thread_blocked, id=13824, stack(0x000000d691800000,0x000000d691900000)]
  0x000001da49d14630 JavaThread "Unconstrained build operations Thread 48" [_thread_blocked, id=10208, stack(0x000000d691900000,0x000000d691a00000)]
  0x000001da49d19220 JavaThread "build event listener" [_thread_blocked, id=5360, stack(0x000000d690e00000,0x000000d690f00000)]

Other Threads:
  0x000001da001dfb30 VMThread "VM Thread" [stack: 0x000000d68b300000,0x000000d68b400000] [id=12988]
  0x000001da5fa69620 WatcherThread [stack: 0x000000d68bf00000,0x000000d68c000000] [id=972]
  0x000001da5fa436f0 GCTaskThread "GC Thread#0" [stack: 0x000000d68ae00000,0x000000d68af00000] [id=14136]
  0x000001da00b10610 GCTaskThread "GC Thread#1" [stack: 0x000000d68c000000,0x000000d68c100000] [id=4988]
  0x000001da00b108d0 GCTaskThread "GC Thread#2" [stack: 0x000000d68c100000,0x000000d68c200000] [id=6252]
  0x000001da007e20f0 GCTaskThread "GC Thread#3" [stack: 0x000000d68c200000,0x000000d68c300000] [id=13892]
  0x000001da007e23b0 GCTaskThread "GC Thread#4" [stack: 0x000000d68c300000,0x000000d68c400000] [id=17816]
  0x000001da006be790 GCTaskThread "GC Thread#5" [stack: 0x000000d68c400000,0x000000d68c500000] [id=10388]
  0x000001da474dcdf0 GCTaskThread "GC Thread#6" [stack: 0x000000d68d600000,0x000000d68d700000] [id=15172]
  0x000001da4829cf80 GCTaskThread "GC Thread#7" [stack: 0x000000d68d700000,0x000000d68d800000] [id=11144]
  0x000001da48797f50 GCTaskThread "GC Thread#8" [stack: 0x000000d68d800000,0x000000d68d900000] [id=15256]
  0x000001da00990bf0 GCTaskThread "GC Thread#9" [stack: 0x000000d68d900000,0x000000d68da00000] [id=19048]
  0x000001da5fa556c0 ConcurrentGCThread "G1 Main Marker" [stack: 0x000000d68af00000,0x000000d68b000000] [id=1764]
  0x000001da5fa57a00 ConcurrentGCThread "G1 Conc#0" [stack: 0x000000d68b000000,0x000000d68b100000] [id=3960]
  0x000001da0098f5f0 ConcurrentGCThread "G1 Conc#1" [stack: 0x000000d68da00000,0x000000d68db00000] [id=3368]
  0x000001da00990670 ConcurrentGCThread "G1 Conc#2" [stack: 0x000000d68db00000,0x000000d68dc00000] [id=10696]
  0x000001da5faadf00 ConcurrentGCThread "G1 Refine#0" [stack: 0x000000d68b100000,0x000000d68b200000] [id=5068]
  0x000001da00d211b0 ConcurrentGCThread "G1 Refine#1" [stack: 0x000000d68c600000,0x000000d68c700000] [id=17552]
  0x000001da5faae2f0 ConcurrentGCThread "G1 Service" [stack: 0x000000d68b200000,0x000000d68b300000] [id=10708]

Threads with active compile tasks:
C2 CompilerThread0    34599 8758       4       org.gradle.internal.service.DefaultServiceRegistry$SingletonService::get (5 bytes)

VM state: not at safepoint (normal execution)

VM Mutex/Monitor currently owned by a thread: None

Heap address: 0x0000000080000000, size: 2048 MB, Compressed Oops mode: 32-bit

CDS archive(s) mapped at: [0x000001da01000000-0x000001da01bd0000-0x000001da01bd0000), size 12386304, SharedBaseAddress: 0x000001da01000000, ArchiveRelocationMode: 1.
Compressed class space mapped at: 0x000001da02000000-0x000001da42000000, reserved size: 1073741824
Narrow klass base: 0x000001da01000000, Narrow klass shift: 0, Narrow klass range: 0x100000000

GC Precious Log:
 CPUs: 12 total, 12 available
 Memory: 16163M
 Large Page Support: Disabled
 NUMA Support: Disabled
 Compressed Oops: Enabled (32-bit)
 Heap Region Size: 1M
 Heap Min Capacity: 8M
 Heap Initial Capacity: 254M
 Heap Max Capacity: 2G
 Pre-touch: Disabled
 Parallel Workers: 10
 Concurrent Workers: 3
 Concurrent Refinement Workers: 10
 Periodic GC: Disabled

Heap:
 garbage-first heap   total 155648K, used 94102K [0x0000000080000000, 0x0000000100000000)
  region size 1024K, 16 young (16384K), 1 survivors (1024K)
 Metaspace       used 62661K, committed 63424K, reserved 1114112K
  class space    used 8565K, committed 8960K, reserved 1048576K

Heap Regions: E=young(eden), S=young(survivor), O=old, HS=humongous(starts), HC=humongous(continues), CS=collection set, F=free, OA=open archive, CA=closed archive, TAMS=top-at-mark-start (previous, next)
|   0|0x0000000080000000, 0x0000000080100000, 0x0000000080100000|100%|HS|  |TAMS 0x0000000080100000, 0x0000000080000000| Complete 
|   1|0x0000000080100000, 0x0000000080200000, 0x0000000080200000|100%|HC|  |TAMS 0x0000000080200000, 0x0000000080100000| Complete 
|   2|0x0000000080200000, 0x0000000080300000, 0x0000000080300000|100%|HC|  |TAMS 0x0000000080300000, 0x0000000080200000| Complete 
|   3|0x0000000080300000, 0x0000000080400000, 0x0000000080400000|100%| O|  |TAMS 0x0000000080400000, 0x0000000080300000| Untracked 
|   4|0x0000000080400000, 0x0000000080500000, 0x0000000080500000|100%| O|  |TAMS 0x0000000080500000, 0x0000000080400000| Untracked 
|   5|0x0000000080500000, 0x0000000080600000, 0x0000000080600000|100%| O|  |TAMS 0x0000000080600000, 0x0000000080500000| Untracked 
|   6|0x0000000080600000, 0x0000000080700000, 0x0000000080700000|100%|HS|  |TAMS 0x0000000080700000, 0x0000000080600000| Complete 
|   7|0x0000000080700000, 0x0000000080800000, 0x0000000080800000|100%| O|  |TAMS 0x0000000080800000, 0x0000000080700000| Untracked 
|   8|0x0000000080800000, 0x0000000080900000, 0x0000000080900000|100%| O|  |TAMS 0x0000000080900000, 0x0000000080800000| Untracked 
|   9|0x0000000080900000, 0x0000000080a00000, 0x0000000080a00000|100%| O|  |TAMS 0x0000000080a00000, 0x0000000080900000| Untracked 
|  10|0x0000000080a00000, 0x0000000080b00000, 0x0000000080b00000|100%| O|  |TAMS 0x0000000080b00000, 0x0000000080a00000| Untracked 
|  11|0x0000000080b00000, 0x0000000080c00000, 0x0000000080c00000|100%| O|  |TAMS 0x0000000080c00000, 0x0000000080b00000| Untracked 
|  12|0x0000000080c00000, 0x0000000080d00000, 0x0000000080d00000|100%| O|  |TAMS 0x0000000080d00000, 0x0000000080c00000| Untracked 
|  13|0x0000000080d00000, 0x0000000080e00000, 0x0000000080e00000|100%| O|  |TAMS 0x0000000080e00000, 0x0000000080d00000| Untracked 
|  14|0x0000000080e00000, 0x0000000080f00000, 0x0000000080f00000|100%| O|  |TAMS 0x0000000080f00000, 0x0000000080e00000| Untracked 
|  15|0x0000000080f00000, 0x0000000081000000, 0x0000000081000000|100%| O|  |TAMS 0x0000000081000000, 0x0000000080f00000| Untracked 
|  16|0x0000000081000000, 0x0000000081100000, 0x0000000081100000|100%| O|  |TAMS 0x0000000081100000, 0x0000000081000000| Untracked 
|  17|0x0000000081100000, 0x0000000081200000, 0x0000000081200000|100%| O|  |TAMS 0x0000000081200000, 0x0000000081100000| Untracked 
|  18|0x0000000081200000, 0x0000000081300000, 0x0000000081300000|100%| O|  |TAMS 0x0000000081300000, 0x0000000081200000| Untracked 
|  19|0x0000000081300000, 0x0000000081400000, 0x0000000081400000|100%| O|  |TAMS 0x0000000081400000, 0x0000000081300000| Untracked 
|  20|0x0000000081400000, 0x0000000081500000, 0x0000000081500000|100%| O|  |TAMS 0x0000000081500000, 0x0000000081400000| Untracked 
|  21|0x0000000081500000, 0x0000000081600000, 0x0000000081600000|100%| O|  |TAMS 0x0000000081600000, 0x0000000081500000| Untracked 
|  22|0x0000000081600000, 0x0000000081700000, 0x0000000081700000|100%| O|  |TAMS 0x0000000081700000, 0x0000000081600000| Untracked 
|  23|0x0000000081700000, 0x0000000081800000, 0x0000000081800000|100%| O|  |TAMS 0x0000000081800000, 0x0000000081700000| Untracked 
|  24|0x0000000081800000, 0x0000000081900000, 0x0000000081900000|100%| O|  |TAMS 0x0000000081900000, 0x0000000081800000| Untracked 
|  25|0x0000000081900000, 0x0000000081a00000, 0x0000000081a00000|100%| O|  |TAMS 0x0000000081a00000, 0x0000000081900000| Complete 
|  26|0x0000000081a00000, 0x0000000081b00000, 0x0000000081b00000|100%| O|  |TAMS 0x0000000081b00000, 0x0000000081a00000| Untracked 
|  27|0x0000000081b00000, 0x0000000081c00000, 0x0000000081c00000|100%| O|  |TAMS 0x0000000081c00000, 0x0000000081b00000| Untracked 
|  28|0x0000000081c00000, 0x0000000081d00000, 0x0000000081d00000|100%| O|  |TAMS 0x0000000081d00000, 0x0000000081c00000| Complete 
|  29|0x0000000081d00000, 0x0000000081e00000, 0x0000000081e00000|100%|HS|  |TAMS 0x0000000081e00000, 0x0000000081d00000| Complete 
|  30|0x0000000081e00000, 0x0000000081f00000, 0x0000000081f00000|100%|HC|  |TAMS 0x0000000081f00000, 0x0000000081e00000| Complete 
|  31|0x0000000081f00000, 0x0000000082000000, 0x0000000082000000|100%| O|  |TAMS 0x0000000082000000, 0x0000000081f00000| Untracked 
|  32|0x0000000082000000, 0x0000000082100000, 0x0000000082100000|100%| O|  |TAMS 0x0000000082100000, 0x0000000082000000| Untracked 
|  33|0x0000000082100000, 0x0000000082200000, 0x0000000082200000|100%| O|  |TAMS 0x0000000082200000, 0x0000000082100000| Untracked 
|  34|0x0000000082200000, 0x0000000082200000, 0x0000000082300000|  0%| F|  |TAMS 0x0000000082200000, 0x0000000082200000| Untracked 
|  35|0x0000000082300000, 0x0000000082400000, 0x0000000082400000|100%| O|  |TAMS 0x0000000082400000, 0x0000000082300000| Untracked 
|  36|0x0000000082400000, 0x0000000082500000, 0x0000000082500000|100%| O|  |TAMS 0x0000000082500000, 0x0000000082400000| Untracked 
|  37|0x0000000082500000, 0x0000000082600000, 0x0000000082600000|100%| O|  |TAMS 0x0000000082600000, 0x0000000082500000| Untracked 
|  38|0x0000000082600000, 0x0000000082700000, 0x0000000082700000|100%| O|  |TAMS 0x0000000082700000, 0x0000000082600000| Untracked 
|  39|0x0000000082700000, 0x0000000082800000, 0x0000000082800000|100%| O|  |TAMS 0x0000000082800000, 0x0000000082700000| Untracked 
|  40|0x0000000082800000, 0x0000000082900000, 0x0000000082900000|100%| O|  |TAMS 0x0000000082900000, 0x0000000082800000| Untracked 
|  41|0x0000000082900000, 0x0000000082a00000, 0x0000000082a00000|100%| O|  |TAMS 0x0000000082a00000, 0x0000000082900000| Untracked 
|  42|0x0000000082a00000, 0x0000000082b00000, 0x0000000082b00000|100%| O|  |TAMS 0x0000000082b00000, 0x0000000082a00000| Untracked 
|  43|0x0000000082b00000, 0x0000000082c00000, 0x0000000082c00000|100%| O|  |TAMS 0x0000000082c00000, 0x0000000082b00000| Untracked 
|  44|0x0000000082c00000, 0x0000000082d00000, 0x0000000082d00000|100%| O|  |TAMS 0x0000000082d00000, 0x0000000082c00000| Untracked 
|  45|0x0000000082d00000, 0x0000000082e00000, 0x0000000082e00000|100%| O|  |TAMS 0x0000000082e00000, 0x0000000082d00000| Untracked 
|  46|0x0000000082e00000, 0x0000000082f00000, 0x0000000082f00000|100%| O|  |TAMS 0x0000000082f00000, 0x0000000082e00000| Untracked 
|  47|0x0000000082f00000, 0x0000000083000000, 0x0000000083000000|100%| O|  |TAMS 0x0000000083000000, 0x0000000082f00000| Untracked 
|  48|0x0000000083000000, 0x0000000083100000, 0x0000000083100000|100%| O|  |TAMS 0x0000000083100000, 0x0000000083000000| Untracked 
|  49|0x0000000083100000, 0x0000000083200000, 0x0000000083200000|100%| O|  |TAMS 0x0000000083200000, 0x0000000083100000| Untracked 
|  50|0x0000000083200000, 0x0000000083300000, 0x0000000083300000|100%|HS|  |TAMS 0x0000000083300000, 0x0000000083200000| Complete 
|  51|0x0000000083300000, 0x0000000083400000, 0x0000000083400000|100%|HS|  |TAMS 0x0000000083400000, 0x0000000083300000| Complete 
|  52|0x0000000083400000, 0x0000000083500000, 0x0000000083500000|100%|HS|  |TAMS 0x0000000083500000, 0x0000000083400000| Complete 
|  53|0x0000000083500000, 0x0000000083600000, 0x0000000083600000|100%|HC|  |TAMS 0x0000000083600000, 0x0000000083500000| Complete 
|  54|0x0000000083600000, 0x0000000083700000, 0x0000000083700000|100%|HS|  |TAMS 0x0000000083700000, 0x0000000083600000| Complete 
|  55|0x0000000083700000, 0x0000000083800000, 0x0000000083800000|100%|HC|  |TAMS 0x0000000083800000, 0x0000000083700000| Complete 
|  56|0x0000000083800000, 0x0000000083900000, 0x0000000083900000|100%| O|  |TAMS 0x0000000083900000, 0x0000000083800000| Untracked 
|  57|0x0000000083900000, 0x0000000083a00000, 0x0000000083a00000|100%|HS|  |TAMS 0x0000000083a00000, 0x0000000083900000| Complete 
|  58|0x0000000083a00000, 0x0000000083b00000, 0x0000000083b00000|100%|HC|  |TAMS 0x0000000083b00000, 0x0000000083a00000| Complete 
|  59|0x0000000083b00000, 0x0000000083c00000, 0x0000000083c00000|100%|HC|  |TAMS 0x0000000083c00000, 0x0000000083b00000| Complete 
|  60|0x0000000083c00000, 0x0000000083d00000, 0x0000000083d00000|100%|HS|  |TAMS 0x0000000083d00000, 0x0000000083c00000| Complete 
|  61|0x0000000083d00000, 0x0000000083e00000, 0x0000000083e00000|100%|HS|  |TAMS 0x0000000083e00000, 0x0000000083d00000| Complete 
|  62|0x0000000083e00000, 0x0000000083f00000, 0x0000000083f00000|100%| O|  |TAMS 0x0000000083f00000, 0x0000000083e00000| Untracked 
|  63|0x0000000083f00000, 0x0000000084000000, 0x0000000084000000|100%|HS|  |TAMS 0x0000000084000000, 0x0000000083f00000| Complete 
|  64|0x0000000084000000, 0x0000000084100000, 0x0000000084100000|100%|HS|  |TAMS 0x0000000084100000, 0x0000000084000000| Complete 
|  65|0x0000000084100000, 0x0000000084200000, 0x0000000084200000|100%| O|  |TAMS 0x0000000084200000, 0x0000000084100000| Untracked 
|  66|0x0000000084200000, 0x0000000084300000, 0x0000000084300000|100%| O|  |TAMS 0x0000000084300000, 0x0000000084200000| Untracked 
|  67|0x0000000084300000, 0x0000000084400000, 0x0000000084400000|100%| O|  |TAMS 0x0000000084400000, 0x0000000084300000| Untracked 
|  68|0x0000000084400000, 0x0000000084500000, 0x0000000084500000|100%| O|  |TAMS 0x0000000084500000, 0x0000000084400000| Untracked 
|  69|0x0000000084500000, 0x0000000084600000, 0x0000000084600000|100%| O|  |TAMS 0x0000000084600000, 0x0000000084500000| Untracked 
|  70|0x0000000084600000, 0x0000000084700000, 0x0000000084700000|100%| O|  |TAMS 0x0000000084700000, 0x0000000084600000| Untracked 
|  71|0x0000000084700000, 0x0000000084800000, 0x0000000084800000|100%| O|  |TAMS 0x0000000084800000, 0x0000000084700000| Untracked 
|  72|0x0000000084800000, 0x0000000084900000, 0x0000000084900000|100%| O|  |TAMS 0x0000000084900000, 0x0000000084800000| Untracked 
|  73|0x0000000084900000, 0x0000000084a00000, 0x0000000084a00000|100%| O|  |TAMS 0x0000000084a00000, 0x0000000084900000| Untracked 
|  74|0x0000000084a00000, 0x0000000084b00000, 0x0000000084b00000|100%| O|  |TAMS 0x0000000084b00000, 0x0000000084a00000| Untracked 
|  75|0x0000000084b00000, 0x0000000084c00000, 0x0000000084c00000|100%| O|  |TAMS 0x0000000084c00000, 0x0000000084b00000| Untracked 
|  76|0x0000000084c00000, 0x0000000084d00000, 0x0000000084d00000|100%| O|  |TAMS 0x0000000084d00000, 0x0000000084c00000| Untracked 
|  77|0x0000000084d00000, 0x0000000084e00000, 0x0000000084e00000|100%| O|  |TAMS 0x0000000084e00000, 0x0000000084d00000| Untracked 
|  78|0x0000000084e00000, 0x0000000084e3a000, 0x0000000084f00000| 22%| O|  |TAMS 0x0000000084e3a000, 0x0000000084e00000| Untracked 
|  79|0x0000000084f00000, 0x0000000084f00000, 0x0000000085000000|  0%| F|  |TAMS 0x0000000084f00000, 0x0000000084f00000| Untracked 
|  80|0x0000000085000000, 0x0000000085000000, 0x0000000085100000|  0%| F|  |TAMS 0x0000000085000000, 0x0000000085000000| Untracked 
|  81|0x0000000085100000, 0x0000000085100000, 0x0000000085200000|  0%| F|  |TAMS 0x0000000085100000, 0x0000000085100000| Untracked 
|  82|0x0000000085200000, 0x0000000085200000, 0x0000000085300000|  0%| F|  |TAMS 0x0000000085200000, 0x0000000085200000| Untracked 
|  83|0x0000000085300000, 0x0000000085300000, 0x0000000085400000|  0%| F|  |TAMS 0x0000000085300000, 0x0000000085300000| Untracked 
|  84|0x0000000085400000, 0x0000000085400000, 0x0000000085500000|  0%| F|  |TAMS 0x0000000085400000, 0x0000000085400000| Untracked 
|  85|0x0000000085500000, 0x0000000085500000, 0x0000000085600000|  0%| F|  |TAMS 0x0000000085500000, 0x0000000085500000| Untracked 
|  86|0x0000000085600000, 0x0000000085600000, 0x0000000085700000|  0%| F|  |TAMS 0x0000000085600000, 0x0000000085600000| Untracked 
|  87|0x0000000085700000, 0x0000000085700000, 0x0000000085800000|  0%| F|  |TAMS 0x0000000085700000, 0x0000000085700000| Untracked 
|  88|0x0000000085800000, 0x0000000085800000, 0x0000000085900000|  0%| F|  |TAMS 0x0000000085800000, 0x0000000085800000| Untracked 
|  89|0x0000000085900000, 0x0000000085900000, 0x0000000085a00000|  0%| F|  |TAMS 0x0000000085900000, 0x0000000085900000| Untracked 
|  90|0x0000000085a00000, 0x0000000085a00000, 0x0000000085b00000|  0%| F|  |TAMS 0x0000000085a00000, 0x0000000085a00000| Untracked 
|  91|0x0000000085b00000, 0x0000000085b00000, 0x0000000085c00000|  0%| F|  |TAMS 0x0000000085b00000, 0x0000000085b00000| Untracked 
|  92|0x0000000085c00000, 0x0000000085c00000, 0x0000000085d00000|  0%| F|  |TAMS 0x0000000085c00000, 0x0000000085c00000| Untracked 
|  93|0x0000000085d00000, 0x0000000085d00000, 0x0000000085e00000|  0%| F|  |TAMS 0x0000000085d00000, 0x0000000085d00000| Untracked 
|  94|0x0000000085e00000, 0x0000000085e00000, 0x0000000085f00000|  0%| F|  |TAMS 0x0000000085e00000, 0x0000000085e00000| Untracked 
|  95|0x0000000085f00000, 0x0000000085f00000, 0x0000000086000000|  0%| F|  |TAMS 0x0000000085f00000, 0x0000000085f00000| Untracked 
|  96|0x0000000086000000, 0x0000000086000000, 0x0000000086100000|  0%| F|  |TAMS 0x0000000086000000, 0x0000000086000000| Untracked 
|  97|0x0000000086100000, 0x0000000086100000, 0x0000000086200000|  0%| F|  |TAMS 0x0000000086100000, 0x0000000086100000| Untracked 
|  98|0x0000000086200000, 0x0000000086200000, 0x0000000086300000|  0%| F|  |TAMS 0x0000000086200000, 0x0000000086200000| Untracked 
|  99|0x0000000086300000, 0x0000000086300000, 0x0000000086400000|  0%| F|  |TAMS 0x0000000086300000, 0x0000000086300000| Untracked 
| 100|0x0000000086400000, 0x00000000864aba20, 0x0000000086500000| 67%| S|CS|TAMS 0x0000000086400000, 0x0000000086400000| Complete 
| 101|0x0000000086500000, 0x0000000086500000, 0x0000000086600000|  0%| F|  |TAMS 0x0000000086500000, 0x0000000086500000| Untracked 
| 102|0x0000000086600000, 0x0000000086600000, 0x0000000086700000|  0%| F|  |TAMS 0x0000000086600000, 0x0000000086600000| Untracked 
| 103|0x0000000086700000, 0x0000000086700000, 0x0000000086800000|  0%| F|  |TAMS 0x0000000086700000, 0x0000000086700000| Untracked 
| 104|0x0000000086800000, 0x0000000086800000, 0x0000000086900000|  0%| F|  |TAMS 0x0000000086800000, 0x0000000086800000| Untracked 
| 105|0x0000000086900000, 0x0000000086900000, 0x0000000086a00000|  0%| F|  |TAMS 0x0000000086900000, 0x0000000086900000| Untracked 
| 106|0x0000000086a00000, 0x0000000086a00000, 0x0000000086b00000|  0%| F|  |TAMS 0x0000000086a00000, 0x0000000086a00000| Untracked 
| 107|0x0000000086b00000, 0x0000000086b00000, 0x0000000086c00000|  0%| F|  |TAMS 0x0000000086b00000, 0x0000000086b00000| Untracked 
| 108|0x0000000086c00000, 0x0000000086c00000, 0x0000000086d00000|  0%| F|  |TAMS 0x0000000086c00000, 0x0000000086c00000| Untracked 
| 109|0x0000000086d00000, 0x0000000086d00000, 0x0000000086e00000|  0%| F|  |TAMS 0x0000000086d00000, 0x0000000086d00000| Untracked 
| 110|0x0000000086e00000, 0x0000000086e00000, 0x0000000086f00000|  0%| F|  |TAMS 0x0000000086e00000, 0x0000000086e00000| Untracked 
| 111|0x0000000086f00000, 0x0000000086f00000, 0x0000000087000000|  0%| F|  |TAMS 0x0000000086f00000, 0x0000000086f00000| Untracked 
| 112|0x0000000087000000, 0x0000000087000000, 0x0000000087100000|  0%| F|  |TAMS 0x0000000087000000, 0x0000000087000000| Untracked 
| 113|0x0000000087100000, 0x0000000087100000, 0x0000000087200000|  0%| F|  |TAMS 0x0000000087100000, 0x0000000087100000| Untracked 
| 114|0x0000000087200000, 0x0000000087200000, 0x0000000087300000|  0%| F|  |TAMS 0x0000000087200000, 0x0000000087200000| Untracked 
| 115|0x0000000087300000, 0x0000000087300000, 0x0000000087400000|  0%| F|  |TAMS 0x0000000087300000, 0x0000000087300000| Untracked 
| 116|0x0000000087400000, 0x0000000087400000, 0x0000000087500000|  0%| F|  |TAMS 0x0000000087400000, 0x0000000087400000| Untracked 
| 117|0x0000000087500000, 0x0000000087500000, 0x0000000087600000|  0%| F|  |TAMS 0x0000000087500000, 0x0000000087500000| Untracked 
| 118|0x0000000087600000, 0x0000000087600000, 0x0000000087700000|  0%| F|  |TAMS 0x0000000087600000, 0x0000000087600000| Untracked 
| 119|0x0000000087700000, 0x0000000087700000, 0x0000000087800000|  0%| F|  |TAMS 0x0000000087700000, 0x0000000087700000| Untracked 
| 120|0x0000000087800000, 0x0000000087800000, 0x0000000087900000|  0%| F|  |TAMS 0x0000000087800000, 0x0000000087800000| Untracked 
| 121|0x0000000087900000, 0x0000000087900000, 0x0000000087a00000|  0%| F|  |TAMS 0x0000000087900000, 0x0000000087900000| Untracked 
| 122|0x0000000087a00000, 0x0000000087a00000, 0x0000000087b00000|  0%| F|  |TAMS 0x0000000087a00000, 0x0000000087a00000| Untracked 
| 123|0x0000000087b00000, 0x0000000087b00000, 0x0000000087c00000|  0%| F|  |TAMS 0x0000000087b00000, 0x0000000087b00000| Untracked 
| 124|0x0000000087c00000, 0x0000000087c00000, 0x0000000087d00000|  0%| F|  |TAMS 0x0000000087c00000, 0x0000000087c00000| Untracked 
| 125|0x0000000087d00000, 0x0000000087d00000, 0x0000000087e00000|  0%| F|  |TAMS 0x0000000087d00000, 0x0000000087d00000| Untracked 
| 126|0x0000000087e00000, 0x0000000087e00000, 0x0000000087f00000|  0%| F|  |TAMS 0x0000000087e00000, 0x0000000087e00000| Untracked 
| 127|0x0000000087f00000, 0x0000000087f00000, 0x0000000088000000|  0%| F|  |TAMS 0x0000000087f00000, 0x0000000087f00000| Untracked 
| 128|0x0000000088000000, 0x0000000088000000, 0x0000000088100000|  0%| F|  |TAMS 0x0000000088000000, 0x0000000088000000| Untracked 
| 129|0x0000000088100000, 0x0000000088100000, 0x0000000088200000|  0%| F|  |TAMS 0x0000000088100000, 0x0000000088100000| Untracked 
| 130|0x0000000088200000, 0x0000000088200000, 0x0000000088300000|  0%| F|  |TAMS 0x0000000088200000, 0x0000000088200000| Untracked 
| 131|0x0000000088300000, 0x0000000088300000, 0x0000000088400000|  0%| F|  |TAMS 0x0000000088300000, 0x0000000088300000| Untracked 
| 132|0x0000000088400000, 0x0000000088400000, 0x0000000088500000|  0%| F|  |TAMS 0x0000000088400000, 0x0000000088400000| Untracked 
| 133|0x0000000088500000, 0x0000000088500000, 0x0000000088600000|  0%| F|  |TAMS 0x0000000088500000, 0x0000000088500000| Untracked 
| 134|0x0000000088600000, 0x0000000088600000, 0x0000000088700000|  0%| F|  |TAMS 0x0000000088600000, 0x0000000088600000| Untracked 
| 135|0x0000000088700000, 0x0000000088700000, 0x0000000088800000|  0%| F|  |TAMS 0x0000000088700000, 0x0000000088700000| Untracked 
| 136|0x0000000088800000, 0x0000000088800000, 0x0000000088900000|  0%| F|  |TAMS 0x0000000088800000, 0x0000000088800000| Untracked 
| 137|0x0000000088900000, 0x0000000088984668, 0x0000000088a00000| 51%| E|  |TAMS 0x0000000088900000, 0x0000000088900000| Complete 
| 138|0x0000000088a00000, 0x0000000088b00000, 0x0000000088b00000|100%| E|CS|TAMS 0x0000000088a00000, 0x0000000088a00000| Complete 
| 139|0x0000000088b00000, 0x0000000088c00000, 0x0000000088c00000|100%| E|CS|TAMS 0x0000000088b00000, 0x0000000088b00000| Complete 
| 140|0x0000000088c00000, 0x0000000088d00000, 0x0000000088d00000|100%| E|CS|TAMS 0x0000000088c00000, 0x0000000088c00000| Complete 
| 141|0x0000000088d00000, 0x0000000088e00000, 0x0000000088e00000|100%| E|CS|TAMS 0x0000000088d00000, 0x0000000088d00000| Complete 
| 142|0x0000000088e00000, 0x0000000088f00000, 0x0000000088f00000|100%| E|CS|TAMS 0x0000000088e00000, 0x0000000088e00000| Complete 
| 143|0x0000000088f00000, 0x0000000089000000, 0x0000000089000000|100%| E|CS|TAMS 0x0000000088f00000, 0x0000000088f00000| Complete 
| 144|0x0000000089000000, 0x0000000089100000, 0x0000000089100000|100%| E|CS|TAMS 0x0000000089000000, 0x0000000089000000| Complete 
| 145|0x0000000089100000, 0x0000000089200000, 0x0000000089200000|100%| E|CS|TAMS 0x0000000089100000, 0x0000000089100000| Complete 
| 146|0x0000000089200000, 0x0000000089300000, 0x0000000089300000|100%| E|CS|TAMS 0x0000000089200000, 0x0000000089200000| Complete 
| 147|0x0000000089300000, 0x0000000089400000, 0x0000000089400000|100%| E|CS|TAMS 0x0000000089300000, 0x0000000089300000| Complete 
| 148|0x0000000089400000, 0x0000000089500000, 0x0000000089500000|100%| E|CS|TAMS 0x0000000089400000, 0x0000000089400000| Complete 
| 149|0x0000000089500000, 0x0000000089600000, 0x0000000089600000|100%| E|CS|TAMS 0x0000000089500000, 0x0000000089500000| Complete 
| 150|0x0000000089600000, 0x0000000089700000, 0x0000000089700000|100%| E|CS|TAMS 0x0000000089600000, 0x0000000089600000| Complete 
| 253|0x000000008fd00000, 0x000000008fe00000, 0x000000008fe00000|100%| E|CS|TAMS 0x000000008fd00000, 0x000000008fd00000| Complete 

Card table byte_map: [0x000001da78af0000,0x000001da78ef0000] _byte_map_base: 0x000001da786f0000

Marking Bits (Prev, Next): (CMBitMap*) 0x000001da5fa44c70, (CMBitMap*) 0x000001da5fa44c30
 Prev Bits: [0x000001da7b2f0000, 0x000001da7d2f0000)
 Next Bits: [0x000001da792f0000, 0x000001da7b2f0000)

Polling page: 0x000001da5f750000

Metaspace:

Usage:
  Non-class:     52.83 MB used.
      Class:      8.36 MB used.
       Both:     61.19 MB used.

Virtual space:
  Non-class space:       64.00 MB reserved,      53.19 MB ( 83%) committed,  1 nodes.
      Class space:        1.00 GB reserved,       8.75 MB ( <1%) committed,  1 nodes.
             Both:        1.06 GB reserved,      61.94 MB (  6%) committed. 

Chunk freelists:
   Non-Class:  9.91 MB
       Class:  7.11 MB
        Both:  17.02 MB

MaxMetaspaceSize: unlimited
CompressedClassSpaceSize: 1.00 GB
Initial GC threshold: 21.00 MB
Current GC threshold: 101.25 MB
CDS: on
MetaspaceReclaimPolicy: balanced
 - commit_granule_bytes: 65536.
 - commit_granule_words: 8192.
 - virtual_space_node_default_size: 8388608.
 - enlarge_chunks_in_place: 1.
 - new_chunks_are_fully_committed: 0.
 - uncommit_free_chunks: 1.
 - use_allocation_guard: 0.
 - handle_deallocations: 1.


Internal statistics:

num_allocs_failed_limit: 6.
num_arena_births: 912.
num_arena_deaths: 0.
num_vsnodes_births: 2.
num_vsnodes_deaths: 0.
num_space_committed: 991.
num_space_uncommitted: 0.
num_chunks_returned_to_freelist: 6.
num_chunks_taken_from_freelist: 3527.
num_chunk_merges: 6.
num_chunk_splits: 2329.
num_chunks_enlarged: 1557.
num_inconsistent_stats: 0.

CodeHeap 'non-profiled nmethods': size=120000Kb used=4529Kb max_used=4529Kb free=115470Kb
 bounds [0x000001da70530000, 0x000001da709a0000, 0x000001da77a60000]
CodeHeap 'profiled nmethods': size=120000Kb used=15501Kb max_used=15501Kb free=104498Kb
 bounds [0x000001da68a60000, 0x000001da69990000, 0x000001da6ff90000]
CodeHeap 'non-nmethods': size=5760Kb used=2373Kb max_used=2400Kb free=3386Kb
 bounds [0x000001da6ff90000, 0x000001da70200000, 0x000001da70530000]
 total_blobs=8888 nmethods=8003 adapters=797
 compilation: enabled
              stopped_count=0, restarted_count=0
 full_count=0

Compilation events (20 events):
Event: 34.487 Thread 0x000001da0032e5d0 8769       3       org.gradle.internal.serialization.Cached::<init> (5 bytes)
Event: 34.487 Thread 0x000001da0032e5d0 nmethod 8769 0x000001da6997b210 code [0x000001da6997b3a0, 0x000001da6997b4f8]
Event: 34.487 Thread 0x000001da0032e5d0 8772       3       org.gradle.internal.isolated.IsolationScheme::collectTypeParameters (139 bytes)
Event: 34.487 Thread 0x000001da0032e5d0 nmethod 8772 0x000001da6997b590 code [0x000001da6997b860, 0x000001da6997cca8]
Event: 34.487 Thread 0x000001da0032e5d0 8765       3       org.gradle.api.internal.provider.AbstractMinimalProvider::unpackState (5 bytes)
Event: 34.488 Thread 0x000001da0032e5d0 nmethod 8765 0x000001da6997d210 code [0x000001da6997d3c0, 0x000001da6997d738]
Event: 34.488 Thread 0x000001da0032e5d0 8766       3       org.gradle.internal.service.DefaultServiceRegistry$ClassInspector::<init> (5 bytes)
Event: 34.488 Thread 0x000001da0032e5d0 nmethod 8766 0x000001da6997d890 code [0x000001da6997da60, 0x000001da6997de18]
Event: 34.488 Thread 0x000001da0032e5d0 8774       3       org.gradle.internal.isolated.IsolationScheme::lambda$inferParameterType$0 (78 bytes)
Event: 34.488 Thread 0x000001da0032e5d0 nmethod 8774 0x000001da6997df90 code [0x000001da6997e280, 0x000001da6997f368]
Event: 34.488 Thread 0x000001da0032e5d0 8773       3       org.gradle.internal.isolated.IsolationScheme$$Lambda$642/0x000001da0251e7c8::visitType (21 bytes)
Event: 34.488 Thread 0x000001da0032e5d0 nmethod 8773 0x000001da6997f910 code [0x000001da6997fac0, 0x000001da6997fc28]
Event: 34.488 Thread 0x000001da0032e5d0 8775   !   3       org.gradle.api.internal.provider.AbstractProperty::doCalculateValue (49 bytes)
Event: 34.489 Thread 0x000001da0032e5d0 nmethod 8775 0x000001da6997fd10 code [0x000001da6997ffa0, 0x000001da69980cd8]
Event: 34.489 Thread 0x000001da0032e5d0 8776       3       org.gradle.api.internal.provider.AbstractProperty::attachOwner (6 bytes)
Event: 34.489 Thread 0x000001da0032e5d0 nmethod 8776 0x000001da69981190 code [0x000001da69981320, 0x000001da69981478]
Event: 34.554 Thread 0x000001da0032e5d0 8777       3       java.lang.invoke.DelegatingMethodHandle$Holder::reinvoke_L (20 bytes)
Event: 34.555 Thread 0x000001da0032e5d0 nmethod 8777 0x000001da69981510 code [0x000001da699816e0, 0x000001da69981ad8]
Event: 34.555 Thread 0x000001da0032e5d0 8778       3       javax.management.ObjectName::setCanonicalName (251 bytes)
Event: 34.555 Thread 0x000001da0032e5d0 nmethod 8778 0x000001da69981c10 code [0x000001da69981ea0, 0x000001da69982ea8]

GC Heap History (20 events):
Event: 19.895 GC heap before
{Heap before GC invocations=14 (full 0):
 garbage-first heap   total 86016K, used 66402K [0x0000000080000000, 0x0000000100000000)
  region size 1024K, 26 young (26624K), 1 survivors (1024K)
 Metaspace       used 44967K, committed 45568K, reserved 1114112K
  class space    used 6275K, committed 6528K, reserved 1048576K
}
Event: 19.897 GC heap after
{Heap after GC invocations=15 (full 0):
 garbage-first heap   total 129024K, used 42845K [0x0000000080000000, 0x0000000100000000)
  region size 1024K, 2 young (2048K), 2 survivors (2048K)
 Metaspace       used 44967K, committed 45568K, reserved 1114112K
  class space    used 6275K, committed 6528K, reserved 1048576K
}
Event: 21.763 GC heap before
{Heap before GC invocations=16 (full 0):
 garbage-first heap   total 129024K, used 102237K [0x0000000080000000, 0x0000000100000000)
  region size 1024K, 60 young (61440K), 2 survivors (2048K)
 Metaspace       used 51826K, committed 52416K, reserved 1114112K
  class space    used 7271K, committed 7552K, reserved 1048576K
}
Event: 21.766 GC heap after
{Heap after GC invocations=17 (full 0):
 garbage-first heap   total 129024K, used 46093K [0x0000000080000000, 0x0000000100000000)
  region size 1024K, 5 young (5120K), 5 survivors (5120K)
 Metaspace       used 51826K, committed 52416K, reserved 1114112K
  class space    used 7271K, committed 7552K, reserved 1048576K
}
Event: 24.280 GC heap before
{Heap before GC invocations=17 (full 0):
 garbage-first heap   total 129024K, used 101389K [0x0000000080000000, 0x0000000100000000)
  region size 1024K, 60 young (61440K), 5 survivors (5120K)
 Metaspace       used 55926K, committed 56512K, reserved 1114112K
  class space    used 7851K, committed 8128K, reserved 1048576K
}
Event: 24.286 GC heap after
{Heap after GC invocations=18 (full 0):
 garbage-first heap   total 129024K, used 50790K [0x0000000080000000, 0x0000000100000000)
  region size 1024K, 8 young (8192K), 8 survivors (8192K)
 Metaspace       used 55926K, committed 56512K, reserved 1114112K
  class space    used 7851K, committed 8128K, reserved 1048576K
}
Event: 25.620 GC heap before
{Heap before GC invocations=18 (full 0):
 garbage-first heap   total 129024K, used 103014K [0x0000000080000000, 0x0000000100000000)
  region size 1024K, 59 young (60416K), 8 survivors (8192K)
 Metaspace       used 56225K, committed 56832K, reserved 1114112K
  class space    used 7851K, committed 8128K, reserved 1048576K
}
Event: 25.625 GC heap after
{Heap after GC invocations=19 (full 0):
 garbage-first heap   total 129024K, used 53216K [0x0000000080000000, 0x0000000100000000)
  region size 1024K, 5 young (5120K), 5 survivors (5120K)
 Metaspace       used 56225K, committed 56832K, reserved 1114112K
  class space    used 7851K, committed 8128K, reserved 1048576K
}
Event: 25.768 GC heap before
{Heap before GC invocations=19 (full 0):
 garbage-first heap   total 129024K, used 101344K [0x0000000080000000, 0x0000000100000000)
  region size 1024K, 53 young (54272K), 5 survivors (5120K)
 Metaspace       used 56399K, committed 57024K, reserved 1114112K
  class space    used 7851K, committed 8128K, reserved 1048576K
}
Event: 25.771 GC heap after
{Heap after GC invocations=20 (full 0):
 garbage-first heap   total 129024K, used 54748K [0x0000000080000000, 0x0000000100000000)
  region size 1024K, 4 young (4096K), 4 survivors (4096K)
 Metaspace       used 56399K, committed 57024K, reserved 1114112K
  class space    used 7851K, committed 8128K, reserved 1048576K
}
Event: 25.892 GC heap before
{Heap before GC invocations=20 (full 0):
 garbage-first heap   total 129024K, used 101852K [0x0000000080000000, 0x0000000100000000)
  region size 1024K, 51 young (52224K), 4 survivors (4096K)
 Metaspace       used 56436K, committed 57024K, reserved 1114112K
  class space    used 7852K, committed 8128K, reserved 1048576K
}
Event: 25.894 GC heap after
{Heap after GC invocations=21 (full 0):
 garbage-first heap   total 129024K, used 55536K [0x0000000080000000, 0x0000000100000000)
  region size 1024K, 5 young (5120K), 5 survivors (5120K)
 Metaspace       used 56436K, committed 57024K, reserved 1114112K
  class space    used 7852K, committed 8128K, reserved 1048576K
}
Event: 27.812 GC heap before
{Heap before GC invocations=21 (full 0):
 garbage-first heap   total 129024K, used 102640K [0x0000000080000000, 0x0000000100000000)
  region size 1024K, 47 young (48128K), 5 survivors (5120K)
 Metaspace       used 56990K, committed 57600K, reserved 1114112K
  class space    used 7914K, committed 8192K, reserved 1048576K
}
Event: 27.815 GC heap after
{Heap after GC invocations=22 (full 0):
 garbage-first heap   total 129024K, used 65254K [0x0000000080000000, 0x0000000100000000)
  region size 1024K, 7 young (7168K), 7 survivors (7168K)
 Metaspace       used 56990K, committed 57600K, reserved 1114112K
  class space    used 7914K, committed 8192K, reserved 1048576K
}
Event: 32.147 GC heap before
{Heap before GC invocations=23 (full 0):
 garbage-first heap   total 129024K, used 109286K [0x0000000080000000, 0x0000000100000000)
  region size 1024K, 43 young (44032K), 7 survivors (7168K)
 Metaspace       used 59081K, committed 59840K, reserved 1114112K
  class space    used 8174K, committed 8512K, reserved 1048576K
}
Event: 32.151 GC heap after
{Heap after GC invocations=24 (full 0):
 garbage-first heap   total 129024K, used 78751K [0x0000000080000000, 0x0000000100000000)
  region size 1024K, 6 young (6144K), 6 survivors (6144K)
 Metaspace       used 59081K, committed 59840K, reserved 1114112K
  class space    used 8174K, committed 8512K, reserved 1048576K
}
Event: 32.215 GC heap before
{Heap before GC invocations=24 (full 0):
 garbage-first heap   total 129024K, used 78751K [0x0000000080000000, 0x0000000100000000)
  region size 1024K, 7 young (7168K), 6 survivors (6144K)
 Metaspace       used 59170K, committed 59904K, reserved 1114112K
  class space    used 8181K, committed 8512K, reserved 1048576K
}
Event: 32.217 GC heap after
{Heap after GC invocations=25 (full 0):
 garbage-first heap   total 129024K, used 79703K [0x0000000080000000, 0x0000000100000000)
  region size 1024K, 1 young (1024K), 1 survivors (1024K)
 Metaspace       used 59170K, committed 59904K, reserved 1114112K
  class space    used 8181K, committed 8512K, reserved 1048576K
}
Event: 33.780 GC heap before
{Heap before GC invocations=25 (full 0):
 garbage-first heap   total 129024K, used 103255K [0x0000000080000000, 0x0000000100000000)
  region size 1024K, 25 young (25600K), 1 survivors (1024K)
 Metaspace       used 61445K, committed 62144K, reserved 1114112K
  class space    used 8419K, committed 8768K, reserved 1048576K
}
Event: 33.782 GC heap after
{Heap after GC invocations=26 (full 0):
 garbage-first heap   total 155648K, used 79766K [0x0000000080000000, 0x0000000100000000)
  region size 1024K, 1 young (1024K), 1 survivors (1024K)
 Metaspace       used 61445K, committed 62144K, reserved 1114112K
  class space    used 8419K, committed 8768K, reserved 1048576K
}

Deoptimization events (20 events):
Event: 33.863 Thread 0x000001da0090eb00 Uncommon trap: trap_request=0xffffffc6 fr.pc=0x000001da70929744 relative=0x0000000000000184
Event: 33.863 Thread 0x000001da0090eb00 Uncommon trap: reason=bimorphic_or_optimized_type_check action=maybe_recompile pc=0x000001da70929744 method=java.util.stream.ReduceOps$ReduceOp.evaluateSequential(Ljava/util/stream/PipelineHelper;Ljava/util/Spliterator;)Ljava/lang/Object; @ 2 c2
Event: 33.863 Thread 0x000001da0090eb00 DEOPT PACKING pc=0x000001da70929744 sp=0x000000d68ccf6aa0
Event: 33.863 Thread 0x000001da0090eb00 DEOPT UNPACKING pc=0x000001da6ffe5ba3 sp=0x000000d68ccf6a20 mode 2
Event: 33.863 Thread 0x000001da0090eb00 Uncommon trap: trap_request=0xffffffc6 fr.pc=0x000001da70929744 relative=0x0000000000000184
Event: 33.863 Thread 0x000001da0090eb00 Uncommon trap: reason=bimorphic_or_optimized_type_check action=maybe_recompile pc=0x000001da70929744 method=java.util.stream.ReduceOps$ReduceOp.evaluateSequential(Ljava/util/stream/PipelineHelper;Ljava/util/Spliterator;)Ljava/lang/Object; @ 2 c2
Event: 33.863 Thread 0x000001da0090eb00 DEOPT PACKING pc=0x000001da70929744 sp=0x000000d68ccf6aa0
Event: 33.863 Thread 0x000001da0090eb00 DEOPT UNPACKING pc=0x000001da6ffe5ba3 sp=0x000000d68ccf6a20 mode 2
Event: 33.943 Thread 0x000001da0090eb00 Uncommon trap: trap_request=0xffffffc6 fr.pc=0x000001da70929744 relative=0x0000000000000184
Event: 33.943 Thread 0x000001da0090eb00 Uncommon trap: reason=bimorphic_or_optimized_type_check action=maybe_recompile pc=0x000001da70929744 method=java.util.stream.ReduceOps$ReduceOp.evaluateSequential(Ljava/util/stream/PipelineHelper;Ljava/util/Spliterator;)Ljava/lang/Object; @ 2 c2
Event: 33.943 Thread 0x000001da0090eb00 DEOPT PACKING pc=0x000001da70929744 sp=0x000000d68ccf6aa0
Event: 33.943 Thread 0x000001da0090eb00 DEOPT UNPACKING pc=0x000001da6ffe5ba3 sp=0x000000d68ccf6a20 mode 2
Event: 34.401 Thread 0x000001da0090eb00 Uncommon trap: trap_request=0xffffffc6 fr.pc=0x000001da708e0198 relative=0x0000000000000058
Event: 34.401 Thread 0x000001da0090eb00 Uncommon trap: reason=bimorphic_or_optimized_type_check action=maybe_recompile pc=0x000001da708e0198 method=java.util.AbstractQueue.add(Ljava/lang/Object;)Z @ 2 c2
Event: 34.401 Thread 0x000001da0090eb00 DEOPT PACKING pc=0x000001da708e0198 sp=0x000000d68ccf7870
Event: 34.401 Thread 0x000001da0090eb00 DEOPT UNPACKING pc=0x000001da6ffe5ba3 sp=0x000000d68ccf7838 mode 2
Event: 34.401 Thread 0x000001da0090eb00 Uncommon trap: trap_request=0xffffffc6 fr.pc=0x000001da708e0198 relative=0x0000000000000058
Event: 34.401 Thread 0x000001da0090eb00 Uncommon trap: reason=bimorphic_or_optimized_type_check action=maybe_recompile pc=0x000001da708e0198 method=java.util.AbstractQueue.add(Ljava/lang/Object;)Z @ 2 c2
Event: 34.401 Thread 0x000001da0090eb00 DEOPT PACKING pc=0x000001da708e0198 sp=0x000000d68ccf7870
Event: 34.401 Thread 0x000001da0090eb00 DEOPT UNPACKING pc=0x000001da6ffe5ba3 sp=0x000000d68ccf7838 mode 2

Classes unloaded (0 events):
No events

Classes redefined (0 events):
No events

Internal exceptions (20 events):
Event: 26.067 Thread 0x000001da0090eb00 Exception <a 'java/lang/ClassNotFoundException'{0x00000000860ec718}: org/gradle/api/internal/DefaultNamedDomainObjectCollectionCustomizer> (0x00000000860ec718) 
thrown [s\open\src\hotspot\share\classfile\systemDictionary.cpp, line 256]
Event: 26.068 Thread 0x000001da0090eb00 Exception <a 'java/lang/ClassNotFoundException'{0x0000000085f223b0}: org/gradle/api/internal/DefaultNamedDomainObjectSetCustomizer> (0x0000000085f223b0) 
thrown [s\open\src\hotspot\share\classfile\systemDictionary.cpp, line 256]
Event: 26.070 Thread 0x000001da0090eb00 Exception <a 'java/lang/ClassNotFoundException'{0x0000000085f4a3d0}: org/gradle/api/internal/tasks/DefaultTaskCollectionCustomizer> (0x0000000085f4a3d0) 
thrown [s\open\src\hotspot\share\classfile\systemDictionary.cpp, line 256]
Event: 26.071 Thread 0x000001da0090eb00 Exception <a 'java/lang/ClassNotFoundException'{0x0000000085f8b528}: org/gradle/api/internal/tasks/DefaultTaskCollection_DecoratedCustomizer> (0x0000000085f8b528) 
thrown [s\open\src\hotspot\share\classfile\systemDictionary.cpp, line 256]
Event: 26.077 Thread 0x000001da0090eb00 Exception <a 'java/lang/NoSuchMethodError'{0x0000000085ff5d98}: 'long java.lang.invoke.DirectMethodHandle$Holder.invokeVirtual(java.lang.Object, java.lang.Object)'> (0x0000000085ff5d98) 
thrown [s\open\src\hotspot\share\interpreter\linkResolver.cpp, line 759]
Event: 26.090 Thread 0x000001da0090ff40 Exception <a 'java/lang/NoSuchMethodError'{0x0000000085e4c358}: static Lorg/gradle/internal/build/event/types/DefaultOperationFinishedProgressEvent;.<clinit>()V> (0x0000000085e4c358) 
thrown [s\open\src\hotspot\share\prims\jni.cpp, line 1107]
Event: 26.091 Thread 0x000001da0090ff40 Exception <a 'java/lang/NoSuchMethodError'{0x0000000085e76e70}: static Lorg/gradle/internal/build/event/types/DefaultProjectConfigurationSuccessResult;.<clinit>()V> (0x0000000085e76e70) 
thrown [s\open\src\hotspot\share\prims\jni.cpp, line 1107]
Event: 26.091 Thread 0x000001da0090ff40 Exception <a 'java/lang/NoSuchMethodError'{0x0000000085e7b870}: static Lorg/gradle/internal/build/event/types/AbstractProjectConfigurationResult;.<clinit>()V> (0x0000000085e7b870) 
thrown [s\open\src\hotspot\share\prims\jni.cpp, line 1107]
Event: 26.091 Thread 0x000001da0090ff40 Exception <a 'java/lang/NoSuchMethodError'{0x0000000085e7cfb8}: static Lorg/gradle/internal/build/event/types/AbstractOperationResult;.<clinit>()V> (0x0000000085e7cfb8) 
thrown [s\open\src\hotspot\share\prims\jni.cpp, line 1107]
Event: 26.092 Thread 0x000001da0090ff40 Exception <a 'java/lang/NoSuchMethodError'{0x0000000085e7e408}: static Lorg/gradle/internal/build/event/types/AbstractResult;.<clinit>()V> (0x0000000085e7e408) 
thrown [s\open\src\hotspot\share\prims\jni.cpp, line 1107]
Event: 26.092 Thread 0x000001da0090ff40 Exception <a 'java/lang/NoSuchMethodError'{0x0000000085e97370}: static Lorg/gradle/internal/build/event/types/DefaultPluginApplicationResult;.<clinit>()V> (0x0000000085e97370) 
thrown [s\open\src\hotspot\share\prims\jni.cpp, line 1107]
Event: 26.093 Thread 0x000001da0090ff40 Exception <a 'java/lang/NoSuchMethodError'{0x0000000085ea3f58}: static Lorg/gradle/internal/build/event/types/DefaultBinaryPluginIdentifier;.<clinit>()V> (0x0000000085ea3f58) 
thrown [s\open\src\hotspot\share\prims\jni.cpp, line 1107]
Event: 26.094 Thread 0x000001da0090ff40 Exception <a 'java/lang/NoSuchMethodError'{0x0000000085ebe0e8}: static Lorg/gradle/internal/build/event/types/DefaultScriptPluginIdentifier;.<clinit>()V> (0x0000000085ebe0e8) 
thrown [s\open\src\hotspot\share\prims\jni.cpp, line 1107]
Event: 26.140 Thread 0x000001da0090eb00 Implicit null exception at 0x000001da70870d8f to 0x000001da708713f4
Event: 26.140 Thread 0x000001da0090eb00 Implicit null exception at 0x000001da70871c14 to 0x000001da70872264
Event: 29.452 Thread 0x000001da0090eb00 Exception <a 'java/lang/ClassNotFoundException'{0x00000000888ea190}: org/gradle/api/internal/plugins/DefaultObjectConfigurationActionBeanInfo> (0x00000000888ea190) 
thrown [s\open\src\hotspot\share\classfile\systemDictionary.cpp, line 256]
Event: 29.453 Thread 0x000001da0090eb00 Exception <a 'java/lang/ClassNotFoundException'{0x00000000888ffc00}: org/gradle/api/internal/plugins/DefaultObjectConfigurationActionCustomizer> (0x00000000888ffc00) 
thrown [s\open\src\hotspot\share\classfile\systemDictionary.cpp, line 256]
Event: 31.947 Thread 0x000001da0090eb00 Exception <a 'java/lang/NoSuchMethodError'{0x0000000085c35450}: 'java.lang.Object java.lang.invoke.DirectMethodHandle$Holder.invokeSpecial(java.lang.Object, java.lang.Object, long, java.lang.Object, java.lang.Object, java.lang.Object, java.lang.Object, java.lang.Object, java.lang.Object, java.lang.Object, java.lang.Object, java.lang.Object)'> (0x0000000085c35450) 
thrown [s\open\src\hotspot\share\interpreter\linkResolver.cpp, line 759]
Event: 31.947 Thread 0x000001da0090eb00 Exception <a 'java/lang/NoSuchMethodError'{0x0000000085c3abe8}: 'java.lang.Object java.lang.invoke.DelegatingMethodHandle$Holder.reinvoke_L(java.lang.Object, long, java.lang.Object, java.lang.Object, java.lang.Object, java.lang.Object, java.lang.Object, java.lang.Object, java.lang.Object, java.lang.Object, java.lang.Object)'> (0x0000000085c3abe8) 
thrown [s\open\src\hotspot\share\interpreter\linkResolver.cpp, line 759]
Event: 32.821 Thread 0x000001da0090eb00 Exception <a 'java/lang/NoSuchMethodError'{0x00000000883cf468}: 'int java.lang.invoke.DirectMethodHandle$Holder.invokeSpecialIFC(java.lang.Object, java.lang.Object, java.lang.Object, java.lang.Object, java.lang.Object)'> (0x00000000883cf468) 
thrown [s\open\src\hotspot\share\interpreter\linkResolver.cpp, line 759]

VM Operations (20 events):
Event: 29.890 Executing VM operation: Cleanup
Event: 29.890 Executing VM operation: Cleanup done
Event: 30.901 Executing VM operation: Cleanup
Event: 30.902 Executing VM operation: Cleanup done
Event: 31.917 Executing VM operation: Cleanup
Event: 31.918 Executing VM operation: Cleanup done
Event: 32.147 Executing VM operation: G1CollectForAllocation
Event: 32.151 Executing VM operation: G1CollectForAllocation done
Event: 32.215 Executing VM operation: G1CollectForAllocation
Event: 32.217 Executing VM operation: G1CollectForAllocation done
Event: 33.229 Executing VM operation: Cleanup
Event: 33.229 Executing VM operation: Cleanup done
Event: 33.779 Executing VM operation: G1CollectForAllocation
Event: 33.782 Executing VM operation: G1CollectForAllocation done
Event: 33.802 Executing VM operation: G1Concurrent
Event: 33.805 Executing VM operation: G1Concurrent done
Event: 33.815 Executing VM operation: G1Concurrent
Event: 33.815 Executing VM operation: G1Concurrent done
Event: 34.159 Executing VM operation: HandshakeAllThreads
Event: 34.159 Executing VM operation: HandshakeAllThreads done

Events (20 events):
Event: 32.821 loading class java/util/Comparators$NullComparator done
Event: 33.863 loading class java/util/stream/ReduceOps$2
Event: 33.863 loading class java/util/stream/ReduceOps$2 done
Event: 33.863 loading class java/util/stream/ReduceOps$2ReducingSink
Event: 33.863 loading class java/util/stream/ReduceOps$2ReducingSink done
Event: 33.863 loading class java/lang/management/ClassLoadingMXBean
Event: 33.863 loading class java/lang/management/ClassLoadingMXBean done
Event: 33.863 loading class sun/management/ClassLoadingImpl
Event: 33.863 loading class sun/management/ClassLoadingImpl done
Event: 33.943 loading class java/lang/management/ThreadMXBean
Event: 33.943 loading class java/lang/management/ThreadMXBean done
Event: 33.943 loading class com/sun/management/internal/HotSpotThreadImpl
Event: 33.944 loading class com/sun/management/ThreadMXBean
Event: 33.944 loading class com/sun/management/ThreadMXBean done
Event: 33.944 loading class sun/management/ThreadImpl
Event: 33.944 loading class sun/management/ThreadImpl done
Event: 33.944 loading class com/sun/management/internal/HotSpotThreadImpl done
Event: 33.974 loading class java/util/concurrent/Executors$DefaultThreadFactory
Event: 33.974 loading class java/util/concurrent/Executors$DefaultThreadFactory done
Event: 34.183 Thread 0x000001da49d19220 Thread added: 0x000001da49d19220


Dynamic libraries:
0x00007ff65b350000 - 0x00007ff65b360000 	C:\Program Files\Java\jdk-17\bin\java.exe
0x00007ffc421c0000 - 0x00007ffc42427000 	C:\WINDOWS\SYSTEM32\ntdll.dll
0x00007ffc407f0000 - 0x00007ffc408b9000 	C:\WINDOWS\System32\KERNEL32.DLL
0x00007ffc3faa0000 - 0x00007ffc3fe8f000 	C:\WINDOWS\System32\KERNELBASE.dll
0x00007ffc3f950000 - 0x00007ffc3fa9b000 	C:\WINDOWS\System32\ucrtbase.dll
0x00007ffc0e840000 - 0x00007ffc0e859000 	C:\Program Files\Java\jdk-17\bin\jli.dll
0x00007ffc0ed30000 - 0x00007ffc0ed4b000 	C:\Program Files\Java\jdk-17\bin\VCRUNTIME140.dll
0x00007ffc3ffa0000 - 0x00007ffc40054000 	C:\WINDOWS\System32\ADVAPI32.dll
0x00007ffc41fd0000 - 0x00007ffc42079000 	C:\WINDOWS\System32\msvcrt.dll
0x00007ffc418f0000 - 0x00007ffc41996000 	C:\WINDOWS\System32\sechost.dll
0x00007ffc415f0000 - 0x00007ffc41708000 	C:\WINDOWS\System32\RPCRT4.dll
0x00007ffc41720000 - 0x00007ffc418e5000 	C:\WINDOWS\System32\USER32.dll
0x00007ffc3f310000 - 0x00007ffc3f337000 	C:\WINDOWS\System32\win32u.dll
0x00007ffc2c9a0000 - 0x00007ffc2cc33000 	C:\WINDOWS\WinSxS\amd64_microsoft.windows.common-controls_6595b64144ccf1df_6.0.26100.7309_none_3e05feeae336a044\COMCTL32.dll
0x00007ffc3ff70000 - 0x00007ffc3ff9b000 	C:\WINDOWS\System32\GDI32.dll
0x00007ffc3f790000 - 0x00007ffc3f8bc000 	C:\WINDOWS\System32\gdi32full.dll
0x00007ffc3f630000 - 0x00007ffc3f6d3000 	C:\WINDOWS\System32\msvcp_win.dll
0x00007ffc355a0000 - 0x00007ffc355ab000 	C:\WINDOWS\SYSTEM32\VERSION.dll
0x00007ffc414f0000 - 0x00007ffc41521000 	C:\WINDOWS\System32\IMM32.DLL
0x00007ffc0e820000 - 0x00007ffc0e82c000 	C:\Program Files\Java\jdk-17\bin\vcruntime140_1.dll
0x00007ffbe54f0000 - 0x00007ffbe557e000 	C:\Program Files\Java\jdk-17\bin\msvcp140.dll
0x00007ffb80370000 - 0x00007ffb80f51000 	C:\Program Files\Java\jdk-17\bin\server\jvm.dll
0x00007ffc3ff60000 - 0x00007ffc3ff68000 	C:\WINDOWS\System32\PSAPI.DLL
0x00007ffc0e810000 - 0x00007ffc0e81a000 	C:\WINDOWS\SYSTEM32\WSOCK32.dll
0x00007ffc30300000 - 0x00007ffc30335000 	C:\WINDOWS\SYSTEM32\WINMM.dll
0x00007ffc42100000 - 0x00007ffc42174000 	C:\WINDOWS\System32\WS2_32.dll
0x00007ffc3e1c0000 - 0x00007ffc3e1db000 	C:\WINDOWS\SYSTEM32\kernel.appcore.dll
0x00007ffc0c700000 - 0x00007ffc0c70a000 	C:\Program Files\Java\jdk-17\bin\jimage.dll
0x00007ffc3ca40000 - 0x00007ffc3cc82000 	C:\WINDOWS\SYSTEM32\DBGHELP.DLL
0x00007ffc40060000 - 0x00007ffc403e5000 	C:\WINDOWS\System32\combase.dll
0x00007ffc41040000 - 0x00007ffc41116000 	C:\WINDOWS\System32\OLEAUT32.dll
0x00007ffc1a530000 - 0x00007ffc1a56c000 	C:\WINDOWS\SYSTEM32\dbgcore.DLL
0x00007ffc3f6e0000 - 0x00007ffc3f785000 	C:\WINDOWS\System32\bcryptPrimitives.dll
0x00007ffc33300000 - 0x00007ffc3330e000 	C:\Program Files\Java\jdk-17\bin\instrument.dll
0x00007ffc09320000 - 0x00007ffc09345000 	C:\Program Files\Java\jdk-17\bin\java.dll
0x00007ffba1fd0000 - 0x00007ffba20a7000 	C:\Program Files\Java\jdk-17\bin\jsvml.dll
0x00007ffc408c0000 - 0x00007ffc41013000 	C:\WINDOWS\System32\SHELL32.dll
0x00007ffc3f4c0000 - 0x00007ffc3f62a000 	C:\WINDOWS\System32\wintypes.dll
0x00007ffc3cf10000 - 0x00007ffc3d76e000 	C:\WINDOWS\SYSTEM32\windows.storage.dll
0x00007ffc41e60000 - 0x00007ffc41f55000 	C:\WINDOWS\System32\SHCORE.dll
0x00007ffc41380000 - 0x00007ffc413e6000 	C:\WINDOWS\System32\shlwapi.dll
0x00007ffc3f230000 - 0x00007ffc3f259000 	C:\WINDOWS\SYSTEM32\profapi.dll
0x00007ffc0c200000 - 0x00007ffc0c218000 	C:\Program Files\Java\jdk-17\bin\zip.dll
0x00007ffc0b610000 - 0x00007ffc0b629000 	C:\Program Files\Java\jdk-17\bin\net.dll
0x00007ffc35250000 - 0x00007ffc35378000 	C:\WINDOWS\SYSTEM32\WINHTTP.dll
0x00007ffc3e750000 - 0x00007ffc3e7bb000 	C:\WINDOWS\system32\mswsock.dll
0x00007ffc07fc0000 - 0x00007ffc07fd6000 	C:\Program Files\Java\jdk-17\bin\nio.dll
0x00007ffc0c680000 - 0x00007ffc0c690000 	C:\Program Files\Java\jdk-17\bin\verify.dll
0x00007ffc09d60000 - 0x00007ffc09d87000 	E:\Download\gradle-8.5\native\1def1411415f61bf3af743bc5b6707747c0891f09f0c88961ee8f79bc544acac\windows-amd64\native-platform.dll
0x00007ffc0c740000 - 0x00007ffc0c7b8000 	E:\Download\gradle-8.5\native\0.2.7\x86_64-windows-gnu\gradle-fileevents.dll
0x00007ffc2df30000 - 0x00007ffc2df3a000 	C:\Program Files\Java\jdk-17\bin\management.dll
0x00007ffc2df20000 - 0x00007ffc2df2b000 	C:\Program Files\Java\jdk-17\bin\management_ext.dll
0x00007ffc3db60000 - 0x00007ffc3db94000 	C:\WINDOWS\SYSTEM32\IPHLPAPI.DLL
0x00007ffc41710000 - 0x00007ffc4171a000 	C:\WINDOWS\System32\NSI.dll
0x00007ffc35160000 - 0x00007ffc3517e000 	C:\WINDOWS\SYSTEM32\dhcpcsvc6.DLL
0x00007ffc35130000 - 0x00007ffc35153000 	C:\WINDOWS\SYSTEM32\dhcpcsvc.DLL
0x00007ffc3dc00000 - 0x00007ffc3dd2c000 	C:\WINDOWS\SYSTEM32\DNSAPI.dll
0x00007ffc3ea10000 - 0x00007ffc3ea2b000 	C:\WINDOWS\SYSTEM32\CRYPTSP.dll
0x00007ffc3e120000 - 0x00007ffc3e15a000 	C:\WINDOWS\system32\rsaenh.dll
0x00007ffc3e800000 - 0x00007ffc3e82b000 	C:\WINDOWS\SYSTEM32\USERENV.dll
0x00007ffc3f200000 - 0x00007ffc3f22a000 	C:\WINDOWS\SYSTEM32\bcrypt.dll
0x00007ffc3ea30000 - 0x00007ffc3ea3c000 	C:\WINDOWS\SYSTEM32\CRYPTBASE.dll
0x00007ffc332f0000 - 0x00007ffc332fe000 	C:\Program Files\Java\jdk-17\bin\sunmscapi.dll
0x00007ffc3f340000 - 0x00007ffc3f4b7000 	C:\WINDOWS\System32\CRYPT32.dll
0x00007ffc3ec30000 - 0x00007ffc3ec60000 	C:\WINDOWS\SYSTEM32\ncrypt.dll
0x00007ffc3ebe0000 - 0x00007ffc3ec1f000 	C:\WINDOWS\SYSTEM32\NTASN1.dll
0x00007ffc346b0000 - 0x00007ffc346b8000 	C:\WINDOWS\system32\wshunix.dll

dbghelp: loaded successfully - version: 4.0.5 - missing functions: none
symbol engine: initialized successfully - sym options: 0x614 - pdb path: .;C:\Program Files\Java\jdk-17\bin;C:\WINDOWS\SYSTEM32;C:\WINDOWS\WinSxS\amd64_microsoft.windows.common-controls_6595b64144ccf1df_6.0.26100.7309_none_3e05feeae336a044;C:\Program Files\Java\jdk-17\bin\server;E:\Download\gradle-8.5\native\1def1411415f61bf3af743bc5b6707747c0891f09f0c88961ee8f79bc544acac\windows-amd64;E:\Download\gradle-8.5\native\0.2.7\x86_64-windows-gnu

VM Arguments:
jvm_args: --add-opens=java.base/java.lang=ALL-UNNAMED --add-opens=java.base/java.lang.invoke=ALL-UNNAMED --add-opens=java.base/java.util=ALL-UNNAMED --add-opens=java.prefs/java.util.prefs=ALL-UNNAMED --add-exports=jdk.compiler/com.sun.tools.javac.api=ALL-UNNAMED --add-exports=jdk.compiler/com.sun.tools.javac.util=ALL-UNNAMED --add-opens=java.base/java.util=ALL-UNNAMED --add-opens=java.prefs/java.util.prefs=ALL-UNNAMED --add-opens=java.base/java.nio.charset=ALL-UNNAMED --add-opens=java.base/java.net=ALL-UNNAMED --add-opens=java.base/java.util.concurrent.atomic=ALL-UNNAMED --add-opens=java.xml/javax.xml.namespace=ALL-UNNAMED -Xmx2048m -Dfile.encoding=UTF-8 -Duser.country=US -Duser.language=en -Duser.variant -javaagent:E:\Download\gradle-8.5\wrapper\dists\gradle-8.13-bin\5xuhj0ry160q40clulazy9h7d\gradle-8.13\lib\agents\gradle-instrumentation-agent-8.13.jar 
java_command: org.gradle.launcher.daemon.bootstrap.GradleDaemon 8.13
java_class_path (initial): E:\Download\gradle-8.5\wrapper\dists\gradle-8.13-bin\5xuhj0ry160q40clulazy9h7d\gradle-8.13\lib\gradle-daemon-main-8.13.jar
Launcher Type: SUN_STANDARD

[Global flags]
     intx CICompilerCount                          = 4                                         {product} {ergonomic}
     uint ConcGCThreads                            = 3                                         {product} {ergonomic}
     uint G1ConcRefinementThreads                  = 10                                        {product} {ergonomic}
   size_t G1HeapRegionSize                         = 1048576                                   {product} {ergonomic}
    uintx GCDrainStackTargetSize                   = 64                                        {product} {ergonomic}
   size_t InitialHeapSize                          = 266338304                                 {product} {ergonomic}
   size_t MarkStackSize                            = 4194304                                   {product} {ergonomic}
   size_t MaxHeapSize                              = 2147483648                                {product} {command line}
   size_t MaxNewSize                               = 1287651328                                {product} {ergonomic}
   size_t MinHeapDeltaBytes                        = 1048576                                   {product} {ergonomic}
   size_t MinHeapSize                              = 8388608                                   {product} {ergonomic}
    uintx NonNMethodCodeHeapSize                   = 5839372                                {pd product} {ergonomic}
    uintx NonProfiledCodeHeapSize                  = 122909434                              {pd product} {ergonomic}
    uintx ProfiledCodeHeapSize                     = 122909434                              {pd product} {ergonomic}
    uintx ReservedCodeCacheSize                    = 251658240                              {pd product} {ergonomic}
     bool SegmentedCodeCache                       = true                                      {product} {ergonomic}
   size_t SoftMaxHeapSize                          = 2147483648                             {manageable} {ergonomic}
     bool UseCompressedClassPointers               = true                           {product lp64_product} {ergonomic}
     bool UseCompressedOops                        = true                           {product lp64_product} {ergonomic}
     bool UseG1GC                                  = true                                      {product} {ergonomic}
     bool UseLargePagesIndividualAllocation        = false                                  {pd product} {ergonomic}

Logging:
Log output configuration:
 #0: stdout all=warning uptime,level,tags
 #1: stderr all=off uptime,level,tags

Environment Variables:
PATH=C:\Program Files\Common Files\Oracle\Java\javapath;C:\Program Files (x86)\VMware\VMware Workstation\bin\;C:\Windows\system32;C:\Windows;C:\Windows\System32\Wbem;C:\Windows\System32\WindowsPowerShell\v1.0\;C:\Windows\System32\OpenSSH\;C:\Program Files (x86)\Microsoft SQL Server\160\Tools\Binn\;C:\Program Files\Microsoft SQL Server\160\Tools\Binn\;C:\Program Files\Microsoft SQL Server\Client SDK\ODBC\170\Tools\Binn\;C:\Program Files\Microsoft SQL Server\160\DTS\Binn\;C:\Program Files (x86)\Microsoft SQL Server\160\DTS\Binn\;C:\Program Files\Azure Data Studio\bin;C:\WINDOWS\system32;C:\WINDOWS;C:\WINDOWS\System32\Wbem;C:\WINDOWS\System32\WindowsPowerShell\v1.0\;C:\WINDOWS\System32\OpenSSH\;C:\Program Files\nodejs\;C:\Program Files\Microsoft SQL Server\150\Tools\Binn\;C:\Program Files (x86)\NVIDIA Corporation\PhysX\Common;C:\Flutter\flutter\bin;C:\vscode\Microsoft VS Code;C:\Program Files\Git\cmd;C:\Program Files\dotnet\;C:\Program Files (x86)\Windows Kits\10\Windows Performance Toolkit\;C:\Program Files\Cloudflare\Cloudflare WARP\;C:\Composer;;C:\Program Files\NVIDIA Corporation\NVIDIA App\NvDLISR;$newPath;C:\Users\MINH KHA\AppData\Local\Programs\Microsoft VS Code\bin;C:\Users\MINH KHA\.dotnet\tools;C:\Users\MINH KHA\AppData\Roaming\Composer\vendor\bin;C:\Composer;C:\PhP;C:\Android_studio\platform-tools;
USERNAME=MINH KHA
OS=Windows_NT
PROCESSOR_IDENTIFIER=Intel64 Family 6 Model 141 Stepping 1, GenuineIntel



---------------  S Y S T E M  ---------------

OS:
 Windows 11 , 64 bit Build 26100 (10.0.26100.7309)
OS uptime: 0 days 1:22 hours
Hyper-V role detected

CPU: total 12 (initial active 12) (6 cores per cpu, 2 threads per core) family 6 model 141 stepping 1 microcode 0x3c, cx8, cmov, fxsr, ht, mmx, 3dnowpref, sse, sse2, sse3, ssse3, sse4.1, sse4.2, popcnt, lzcnt, tsc, tscinvbit, avx, avx2, aes, erms, clmul, bmi1, bmi2, adx, avx512f, avx512dq, avx512cd, avx512bw, avx512vl, sha, fma, vzeroupper, avx512_vpopcntdq, avx512_vpclmulqdq, avx512_vaes, avx512_vnni, clflush, clflushopt, clwb, avx512_vbmi2, avx512_vbmi, hv

Memory: 4k page, system-wide physical 16163M (4149M free)
TotalPageFile size 17443M (AvailPageFile size 11M)
current process WorkingSet (physical memory assigned to process): 325M, peak: 325M
current process commit charge ("private bytes"): 390M, peak: 420M

vm_info: Java HotSpot(TM) 64-Bit Server VM (17.0.9+11-LTS-201) for windows-amd64 JRE (17.0.9+11-LTS-201), built on Oct 10 2023 23:16:06 by "mach5one" with MS VC++ 17.1 (VS2022)

END.
