#
# There is insufficient memory for the Java Runtime Environment to continue.
# Native memory allocation (malloc) failed to allocate 2004832 bytes for Chunk::new
# Possible reasons:
#   The system is out of physical RAM or swap space
#   The process is running with CompressedOops enabled, and the Java Heap may be blocking the growth of the native heap
# Possible solutions:
#   Reduce memory load on the system
#   Increase physical memory or swap space
#   Check if swap backing store is full
#   Decrease Java heap size (-Xmx/-Xms)
#   Decrease number of Java threads
#   Decrease Java thread stack sizes (-Xss)
#   Set larger code cache with -XX:ReservedCodeCacheSize=
#   JVM is running with Unscaled Compressed Oops mode in which the Java heap is
#     placed in the first 4GB address space. The Java Heap base address is the
#     maximum limit for the native heap growth. Please use -XX:HeapBaseMinAddress
#     to set the Java Heap base and to place the Java Heap above 4GB virtual address.
# This output file may be truncated or incomplete.
#
#  Out of Memory Error (arena.cpp:189), pid=5740, tid=20732
#
# JRE version: Java(TM) SE Runtime Environment (17.0.9+11) (build 17.0.9+11-LTS-201)
# Java VM: Java HotSpot(TM) 64-Bit Server VM (17.0.9+11-LTS-201, mixed mode, sharing, tiered, compressed oops, compressed class ptrs, g1 gc, windows-amd64)
# No core dump will be written. Minidumps are not enabled by default on client versions of Windows
#

---------------  S U M M A R Y ------------

Command Line: --add-opens=java.base/java.lang=ALL-UNNAMED --add-opens=java.base/java.lang.invoke=ALL-UNNAMED --add-opens=java.base/java.util=ALL-UNNAMED --add-opens=java.prefs/java.util.prefs=ALL-UNNAMED --add-exports=jdk.compiler/com.sun.tools.javac.api=ALL-UNNAMED --add-exports=jdk.compiler/com.sun.tools.javac.util=ALL-UNNAMED --add-opens=java.base/java.util=ALL-UNNAMED --add-opens=java.prefs/java.util.prefs=ALL-UNNAMED --add-opens=java.base/java.nio.charset=ALL-UNNAMED --add-opens=java.base/java.net=ALL-UNNAMED --add-opens=java.base/java.util.concurrent.atomic=ALL-UNNAMED --add-opens=java.xml/javax.xml.namespace=ALL-UNNAMED -Xmx2048m -Dfile.encoding=UTF-8 -Duser.country=US -Duser.language=en -Duser.variant -javaagent:E:\Download\gradle-8.5\wrapper\dists\gradle-8.13-bin\5xuhj0ry160q40clulazy9h7d\gradle-8.13\lib\agents\gradle-instrumentation-agent-8.13.jar org.gradle.launcher.daemon.bootstrap.GradleDaemon 8.13

Host: 11th Gen Intel(R) Core(TM) i5-11400H @ 2.70GHz, 12 cores, 15G,  Windows 11 , 64 bit Build 26100 (10.0.26100.7309)
Time: Tue Jan 13 21:30:44 2026 SE Asia Standard Time elapsed time: 47.322348 seconds (0d 0h 0m 47s)

---------------  T H R E A D  ---------------

Current thread (0x00000154ee12a7d0):  JavaThread "C2 CompilerThread0" daemon [_thread_in_native, id=20732, stack(0x00000020fae00000,0x00000020faf00000)]


Current CompileTask:
C2:  47322 10616       4       org.gradle.internal.instantiation.generator.AbstractClassGenerator$PropertyMetadata::backingFieldAnnotationOf (20 bytes)

Stack: [0x00000020fae00000,0x00000020faf00000]
Native frames: (J=compiled Java code, j=interpreted, Vv=VM code, C=native code)
V  [jvm.dll+0x678a4a]
V  [jvm.dll+0x7d9cfd]
V  [jvm.dll+0x7db60e]
V  [jvm.dll+0x7dbc73]
V  [jvm.dll+0x245e1f]
V  [jvm.dll+0xaaafb]
V  [jvm.dll+0xab09c]
V  [jvm.dll+0x36237e]
V  [jvm.dll+0x32ca01]
V  [jvm.dll+0x32be9a]
V  [jvm.dll+0x21812f]
V  [jvm.dll+0x217561]
V  [jvm.dll+0x1a3bc0]
V  [jvm.dll+0x2272de]
V  [jvm.dll+0x22548b]
V  [jvm.dll+0x78f58c]
V  [jvm.dll+0x78998a]
V  [jvm.dll+0x677875]
C  [ucrtbase.dll+0x37b0]
C  [KERNEL32.DLL+0x2e8d7]
C  [ntdll.dll+0x8c53c]


---------------  P R O C E S S  ---------------

Threads class SMR info:
_java_thread_list=0x00000154f2fb76a0, length=94, elements={
0x00000154c9b122f0, 0x00000154e9f5b570, 0x00000154e9f5c040, 0x00000154ee124140,
0x00000154ee126a20, 0x00000154ee1272f0, 0x00000154ee127bc0, 0x00000154ee12a7d0,
0x00000154ee14b0f0, 0x00000154ee15ba10, 0x00000154ee26f480, 0x00000154ee3ee6d0,
0x00000154ee1db280, 0x00000154ee55e870, 0x00000154ee6545c0, 0x00000154ee623e20,
0x00000154efa11ab0, 0x00000154ef008e00, 0x00000154ef006070, 0x00000154ef006580,
0x00000154ef006a90, 0x00000154ef0083e0, 0x00000154ef009820, 0x00000154ef006fa0,
0x00000154ef0088f0, 0x00000154ef0079c0, 0x00000154ef007ed0, 0x00000154ef009310,
0x00000154f0c769e0, 0x00000154f0c74b80, 0x00000154f0c764d0, 0x00000154f0c76ef0,
0x00000154f0c75090, 0x00000154f0c77910, 0x00000154f0c77e20, 0x00000154f0c755a0,
0x00000154f0c78330, 0x00000154f0c78840, 0x00000154f0c78d50, 0x00000154f0c79260,
0x00000154f0c75ab0, 0x00000154f0c79770, 0x00000154f0c75fc0, 0x00000154f0c79c80,
0x00000154f0c7bff0, 0x00000154f0c7c500, 0x00000154f0c7b0c0, 0x00000154f0c7a190,
0x00000154f0c7a6a0, 0x00000154f0c7b5d0, 0x00000154f0c7bae0, 0x00000154f1246c80,
0x00000154f1247190, 0x00000154f1245d50, 0x00000154f1246260, 0x00000154f1246770,
0x00000154f1245840, 0x00000154f1244e20, 0x00000154f12476a0, 0x00000154f1243ef0,
0x00000154f1247bb0, 0x00000154f1244400, 0x00000154f1244910, 0x00000154f12480c0,
0x00000154f12485d0, 0x00000154f1248ae0, 0x00000154f1245330, 0x00000154f1248ff0,
0x00000154f1249f20, 0x00000154f124a940, 0x00000154f124b360, 0x00000154f1249500,
0x00000154f1249a10, 0x00000154f124a430, 0x00000154f124ae50, 0x00000154f08eae30,
0x00000154f08ebd60, 0x00000154f08e8fd0, 0x00000154f08ea920, 0x00000154f08e9f00,
0x00000154f08eb850, 0x00000154f08e94e0, 0x00000154f08e99f0, 0x00000154f08ea410,
0x00000154f08eb340, 0x00000154f08ec270, 0x00000154f08ec780, 0x00000154f2ab3f10,
0x00000154f2ab4930, 0x00000154f2ab5350, 0x00000154f2ab34f0, 0x00000154f2ab3a00,
0x00000154f2ab5860, 0x00000154f2ab25c0
}

Java Threads: ( => current thread )
  0x00000154c9b122f0 JavaThread "main" [_thread_blocked, id=3004, stack(0x00000020fa100000,0x00000020fa200000)]
  0x00000154e9f5b570 JavaThread "Reference Handler" daemon [_thread_blocked, id=21228, stack(0x00000020fa800000,0x00000020fa900000)]
  0x00000154e9f5c040 JavaThread "Finalizer" daemon [_thread_blocked, id=9220, stack(0x00000020fa900000,0x00000020faa00000)]
  0x00000154ee124140 JavaThread "Signal Dispatcher" daemon [_thread_blocked, id=21308, stack(0x00000020faa00000,0x00000020fab00000)]
  0x00000154ee126a20 JavaThread "Attach Listener" daemon [_thread_blocked, id=12864, stack(0x00000020fab00000,0x00000020fac00000)]
  0x00000154ee1272f0 JavaThread "Service Thread" daemon [_thread_blocked, id=10508, stack(0x00000020fac00000,0x00000020fad00000)]
  0x00000154ee127bc0 JavaThread "Monitor Deflation Thread" daemon [_thread_blocked, id=10768, stack(0x00000020fad00000,0x00000020fae00000)]
=>0x00000154ee12a7d0 JavaThread "C2 CompilerThread0" daemon [_thread_in_native, id=20732, stack(0x00000020fae00000,0x00000020faf00000)]
  0x00000154ee14b0f0 JavaThread "C1 CompilerThread0" daemon [_thread_blocked, id=18612, stack(0x00000020faf00000,0x00000020fb000000)]
  0x00000154ee15ba10 JavaThread "Sweeper thread" daemon [_thread_blocked, id=4388, stack(0x00000020fb000000,0x00000020fb100000)]
  0x00000154ee26f480 JavaThread "Common-Cleaner" daemon [_thread_blocked, id=16820, stack(0x00000020fb100000,0x00000020fb200000)]
  0x00000154ee3ee6d0 JavaThread "Notification Thread" daemon [_thread_blocked, id=20580, stack(0x00000020fb200000,0x00000020fb300000)]
  0x00000154ee1db280 JavaThread "Daemon health stats" [_thread_blocked, id=3108, stack(0x00000020fb400000,0x00000020fb500000)]
  0x00000154ee55e870 JavaThread "Incoming local TCP Connector on port 52708" [_thread_in_native, id=7576, stack(0x00000020fba00000,0x00000020fbb00000)]
  0x00000154ee6545c0 JavaThread "Daemon periodic checks" [_thread_blocked, id=11256, stack(0x00000020fbb00000,0x00000020fbc00000)]
  0x00000154ee623e20 JavaThread "Daemon" [_thread_blocked, id=960, stack(0x00000020fbc00000,0x00000020fbd00000)]
  0x00000154efa11ab0 JavaThread "Handler for socket connection from /127.0.0.1:52708 to /127.0.0.1:52709" [_thread_in_native, id=10188, stack(0x00000020fbd00000,0x00000020fbe00000)]
  0x00000154ef008e00 JavaThread "Cancel handler" [_thread_blocked, id=10212, stack(0x00000020fbe00000,0x00000020fbf00000)]
  0x00000154ef006070 JavaThread "Daemon worker" [_thread_in_native, id=18436, stack(0x00000020fbf00000,0x00000020fc000000)]
  0x00000154ef006580 JavaThread "Asynchronous log dispatcher for DefaultDaemonConnection: socket connection from /127.0.0.1:52708 to /127.0.0.1:52709" [_thread_blocked, id=18876, stack(0x00000020fc000000,0x00000020fc100000)]
  0x00000154ef006a90 JavaThread "Stdin handler" [_thread_blocked, id=5964, stack(0x00000020fc100000,0x00000020fc200000)]
  0x00000154ef0083e0 JavaThread "Daemon client event forwarder" [_thread_blocked, id=3784, stack(0x00000020fc200000,0x00000020fc300000)]
  0x00000154ef009820 JavaThread "Cache worker for journal cache (E:\Download\gradle-8.5\caches\journal-1)" [_thread_blocked, id=10532, stack(0x00000020fc300000,0x00000020fc400000)]
  0x00000154ef006fa0 JavaThread "File lock request listener" [_thread_in_native, id=9256, stack(0x00000020fc400000,0x00000020fc500000)]
  0x00000154ef0088f0 JavaThread "Cache worker for file hash cache (E:\Download\gradle-8.5\caches\8.13\fileHashes)" [_thread_blocked, id=19388, stack(0x00000020fc500000,0x00000020fc600000)]
  0x00000154ef0079c0 JavaThread "Cache worker for file hash cache (D:\DoAnDiDongKha\MusicRelaxApp\.gradle\8.13\fileHashes)" [_thread_blocked, id=3272, stack(0x00000020fc600000,0x00000020fc700000)]
  0x00000154ef007ed0 JavaThread "Cache worker for Build Output Cleanup Cache (D:\DoAnDiDongKha\MusicRelaxApp\.gradle\buildOutputCleanup)" [_thread_blocked, id=21312, stack(0x00000020fc700000,0x00000020fc800000)]
  0x00000154ef009310 JavaThread "File watcher server" daemon [_thread_in_native, id=7256, stack(0x00000020fcf00000,0x00000020fd000000)]
  0x00000154f0c769e0 JavaThread "File watcher consumer" daemon [_thread_blocked, id=4024, stack(0x00000020fd000000,0x00000020fd100000)]
  0x00000154f0c74b80 JavaThread "jar transforms" [_thread_blocked, id=17520, stack(0x00000020fc800000,0x00000020fc900000)]
  0x00000154f0c764d0 JavaThread "jar transforms Thread 2" [_thread_blocked, id=1716, stack(0x00000020fd100000,0x00000020fd200000)]
  0x00000154f0c76ef0 JavaThread "Cache worker for checksums cache (D:\DoAnDiDongKha\MusicRelaxApp\.gradle\8.13\checksums)" [_thread_blocked, id=16436, stack(0x00000020fd400000,0x00000020fd500000)]
  0x00000154f0c75090 JavaThread "Cache worker for file content cache (E:\Download\gradle-8.5\caches\8.13\fileContent)" [_thread_blocked, id=15948, stack(0x00000020fd500000,0x00000020fd600000)]
  0x00000154f0c77910 JavaThread "jar transforms Thread 3" [_thread_blocked, id=3032, stack(0x00000020fd300000,0x00000020fd400000)]
  0x00000154f0c77e20 JavaThread "jar transforms Thread 4" [_thread_blocked, id=6060, stack(0x00000020fd200000,0x00000020fd300000)]
  0x00000154f0c755a0 JavaThread "jar transforms Thread 5" [_thread_blocked, id=5808, stack(0x00000020fd700000,0x00000020fd800000)]
  0x00000154f0c78330 JavaThread "Cache worker for cache directory md-supplier (E:\Download\gradle-8.5\caches\8.13\md-supplier)" [_thread_blocked, id=15356, stack(0x00000020fd800000,0x00000020fd900000)]
  0x00000154f0c78840 JavaThread "Cache worker for cache directory md-rule (E:\Download\gradle-8.5\caches\8.13\md-rule)" [_thread_blocked, id=6736, stack(0x00000020fd900000,0x00000020fda00000)]
  0x00000154f0c78d50 JavaThread "Unconstrained build operations" [_thread_blocked, id=5772, stack(0x00000020fd600000,0x00000020fd700000)]
  0x00000154f0c79260 JavaThread "Unconstrained build operations Thread 2" [_thread_blocked, id=1580, stack(0x00000020fda00000,0x00000020fdb00000)]
  0x00000154f0c75ab0 JavaThread "Unconstrained build operations Thread 3" [_thread_blocked, id=18964, stack(0x00000020fdb00000,0x00000020fdc00000)]
  0x00000154f0c79770 JavaThread "Unconstrained build operations Thread 4" [_thread_blocked, id=5848, stack(0x00000020fdc00000,0x00000020fdd00000)]
  0x00000154f0c75fc0 JavaThread "Unconstrained build operations Thread 5" [_thread_blocked, id=1956, stack(0x00000020fdd00000,0x00000020fde00000)]
  0x00000154f0c79c80 JavaThread "Unconstrained build operations Thread 6" [_thread_blocked, id=19724, stack(0x00000020fde00000,0x00000020fdf00000)]
  0x00000154f0c7bff0 JavaThread "Unconstrained build operations Thread 7" [_thread_blocked, id=19324, stack(0x00000020fdf00000,0x00000020fe000000)]
  0x00000154f0c7c500 JavaThread "Unconstrained build operations Thread 8" [_thread_blocked, id=5332, stack(0x00000020fe000000,0x00000020fe100000)]
  0x00000154f0c7b0c0 JavaThread "Unconstrained build operations Thread 9" [_thread_blocked, id=17680, stack(0x00000020fe100000,0x00000020fe200000)]
  0x00000154f0c7a190 JavaThread "Unconstrained build operations Thread 10" [_thread_blocked, id=19124, stack(0x00000020fe200000,0x00000020fe300000)]
  0x00000154f0c7a6a0 JavaThread "jar transforms Thread 6" [_thread_blocked, id=4448, stack(0x00000020fe300000,0x00000020fe400000)]
  0x00000154f0c7b5d0 JavaThread "jar transforms Thread 7" [_thread_blocked, id=20928, stack(0x00000020fe400000,0x00000020fe500000)]
  0x00000154f0c7bae0 JavaThread "Unconstrained build operations Thread 11" [_thread_blocked, id=4068, stack(0x00000020fe500000,0x00000020fe600000)]
  0x00000154f1246c80 JavaThread "Unconstrained build operations Thread 12" [_thread_blocked, id=20232, stack(0x00000020fe600000,0x00000020fe700000)]
  0x00000154f1247190 JavaThread "Unconstrained build operations Thread 13" [_thread_blocked, id=19524, stack(0x00000020fe700000,0x00000020fe800000)]
  0x00000154f1245d50 JavaThread "Unconstrained build operations Thread 14" [_thread_blocked, id=19160, stack(0x00000020fe800000,0x00000020fe900000)]
  0x00000154f1246260 JavaThread "Unconstrained build operations Thread 15" [_thread_blocked, id=15072, stack(0x00000020fe900000,0x00000020fea00000)]
  0x00000154f1246770 JavaThread "jar transforms Thread 8" [_thread_blocked, id=14040, stack(0x00000020fea00000,0x00000020feb00000)]
  0x00000154f1245840 JavaThread "jar transforms Thread 9" [_thread_blocked, id=3096, stack(0x00000020feb00000,0x00000020fec00000)]
  0x00000154f1244e20 JavaThread "jar transforms Thread 10" [_thread_blocked, id=19016, stack(0x00000020fec00000,0x00000020fed00000)]
  0x00000154f12476a0 JavaThread "Unconstrained build operations Thread 16" [_thread_blocked, id=19864, stack(0x00000020fed00000,0x00000020fee00000)]
  0x00000154f1243ef0 JavaThread "Unconstrained build operations Thread 17" [_thread_blocked, id=18652, stack(0x00000020fee00000,0x00000020fef00000)]
  0x00000154f1247bb0 JavaThread "Unconstrained build operations Thread 18" [_thread_blocked, id=4008, stack(0x00000020fef00000,0x00000020ff000000)]
  0x00000154f1244400 JavaThread "Unconstrained build operations Thread 19" [_thread_blocked, id=6220, stack(0x00000020ff000000,0x00000020ff100000)]
  0x00000154f1244910 JavaThread "Unconstrained build operations Thread 20" [_thread_blocked, id=20224, stack(0x00000020ff100000,0x00000020ff200000)]
  0x00000154f12480c0 JavaThread "Unconstrained build operations Thread 21" [_thread_blocked, id=15624, stack(0x00000020ff200000,0x00000020ff300000)]
  0x00000154f12485d0 JavaThread "Unconstrained build operations Thread 22" [_thread_blocked, id=16756, stack(0x00000020ff300000,0x00000020ff400000)]
  0x00000154f1248ae0 JavaThread "Unconstrained build operations Thread 23" [_thread_blocked, id=16740, stack(0x00000020ff400000,0x00000020ff500000)]
  0x00000154f1245330 JavaThread "Unconstrained build operations Thread 24" [_thread_blocked, id=21208, stack(0x00000020ff500000,0x00000020ff600000)]
  0x00000154f1248ff0 JavaThread "Unconstrained build operations Thread 25" [_thread_blocked, id=3044, stack(0x00000020ff600000,0x00000020ff700000)]
  0x00000154f1249f20 JavaThread "Unconstrained build operations Thread 26" [_thread_blocked, id=1624, stack(0x00000020ff700000,0x00000020ff800000)]
  0x00000154f124a940 JavaThread "Unconstrained build operations Thread 27" [_thread_blocked, id=2636, stack(0x00000020ff900000,0x00000020ffa00000)]
  0x00000154f124b360 JavaThread "Unconstrained build operations Thread 28" [_thread_blocked, id=3636, stack(0x00000020ffa00000,0x00000020ffb00000)]
  0x00000154f1249500 JavaThread "Unconstrained build operations Thread 29" [_thread_blocked, id=21044, stack(0x00000020ffb00000,0x00000020ffc00000)]
  0x00000154f1249a10 JavaThread "Unconstrained build operations Thread 30" [_thread_blocked, id=8280, stack(0x00000020ffc00000,0x00000020ffd00000)]
  0x00000154f124a430 JavaThread "Unconstrained build operations Thread 31" [_thread_blocked, id=4056, stack(0x00000020ffd00000,0x00000020ffe00000)]
  0x00000154f124ae50 JavaThread "Unconstrained build operations Thread 32" [_thread_blocked, id=13824, stack(0x00000020ff800000,0x00000020ff900000)]
  0x00000154f08eae30 JavaThread "Unconstrained build operations Thread 33" [_thread_blocked, id=12584, stack(0x00000020ffe00000,0x00000020fff00000)]
  0x00000154f08ebd60 JavaThread "Unconstrained build operations Thread 34" [_thread_blocked, id=17632, stack(0x00000020fff00000,0x0000002100000000)]
  0x00000154f08e8fd0 JavaThread "Unconstrained build operations Thread 35" [_thread_blocked, id=11480, stack(0x0000002080000000,0x0000002080100000)]
  0x00000154f08ea920 JavaThread "Unconstrained build operations Thread 36" [_thread_blocked, id=19360, stack(0x0000002080100000,0x0000002080200000)]
  0x00000154f08e9f00 JavaThread "Unconstrained build operations Thread 37" [_thread_blocked, id=20684, stack(0x0000002080200000,0x0000002080300000)]
  0x00000154f08eb850 JavaThread "Unconstrained build operations Thread 38" [_thread_blocked, id=9312, stack(0x0000002080400000,0x0000002080500000)]
  0x00000154f08e94e0 JavaThread "Unconstrained build operations Thread 39" [_thread_blocked, id=2288, stack(0x0000002080500000,0x0000002080600000)]
  0x00000154f08e99f0 JavaThread "Unconstrained build operations Thread 40" [_thread_blocked, id=6068, stack(0x0000002080600000,0x0000002080700000)]
  0x00000154f08ea410 JavaThread "Unconstrained build operations Thread 41" [_thread_blocked, id=10208, stack(0x0000002080700000,0x0000002080800000)]
  0x00000154f08eb340 JavaThread "Unconstrained build operations Thread 42" [_thread_blocked, id=20612, stack(0x0000002080800000,0x0000002080900000)]
  0x00000154f08ec270 JavaThread "Unconstrained build operations Thread 43" [_thread_blocked, id=6764, stack(0x0000002080900000,0x0000002080a00000)]
  0x00000154f08ec780 JavaThread "Unconstrained build operations Thread 44" [_thread_blocked, id=4576, stack(0x0000002080a00000,0x0000002080b00000)]
  0x00000154f2ab3f10 JavaThread "Unconstrained build operations Thread 45" [_thread_blocked, id=11548, stack(0x0000002080b00000,0x0000002080c00000)]
  0x00000154f2ab4930 JavaThread "Unconstrained build operations Thread 46" [_thread_blocked, id=14844, stack(0x0000002080c00000,0x0000002080d00000)]
  0x00000154f2ab5350 JavaThread "Unconstrained build operations Thread 47" [_thread_blocked, id=12020, stack(0x0000002080d00000,0x0000002080e00000)]
  0x00000154f2ab34f0 JavaThread "Unconstrained build operations Thread 48" [_thread_blocked, id=14004, stack(0x0000002080e00000,0x0000002080f00000)]
  0x00000154f2ab3a00 JavaThread "build event listener" [_thread_blocked, id=15680, stack(0x0000002080300000,0x0000002080400000)]
  0x00000154f2ab5860 JavaThread "Memory manager" [_thread_blocked, id=2468, stack(0x0000002081000000,0x0000002081100000)]
  0x00000154f2ab25c0 JavaThread "build event listener" [_thread_blocked, id=9728, stack(0x0000002081200000,0x0000002081300000)]

Other Threads:
  0x00000154e9f54f00 VMThread "VM Thread" [stack: 0x00000020fa700000,0x00000020fa800000] [id=21080]
  0x00000154c9b14090 WatcherThread [stack: 0x00000020fb300000,0x00000020fb400000] [id=17112]
  0x00000154c9b726f0 GCTaskThread "GC Thread#0" [stack: 0x00000020fa200000,0x00000020fa300000] [id=7676]
  0x00000154ee577810 GCTaskThread "GC Thread#1" [stack: 0x00000020fb500000,0x00000020fb600000] [id=18136]
  0x00000154ee6aba80 GCTaskThread "GC Thread#2" [stack: 0x00000020fb600000,0x00000020fb700000] [id=9492]
  0x00000154ee6abd40 GCTaskThread "GC Thread#3" [stack: 0x00000020fb700000,0x00000020fb800000] [id=9348]
  0x00000154ee5073d0 GCTaskThread "GC Thread#4" [stack: 0x00000020fb800000,0x00000020fb900000] [id=7820]
  0x00000154ee507690 GCTaskThread "GC Thread#5" [stack: 0x00000020fb900000,0x00000020fba00000] [id=20668]
  0x00000154f0213070 GCTaskThread "GC Thread#6" [stack: 0x00000020fc900000,0x00000020fca00000] [id=21500]
  0x00000154f02135f0 GCTaskThread "GC Thread#7" [stack: 0x00000020fca00000,0x00000020fcb00000] [id=15328]
  0x00000154f02138b0 GCTaskThread "GC Thread#8" [stack: 0x00000020fcb00000,0x00000020fcc00000] [id=11348]
  0x00000154f0213b70 GCTaskThread "GC Thread#9" [stack: 0x00000020fcc00000,0x00000020fcd00000] [id=5916]
  0x00000154c9b85230 ConcurrentGCThread "G1 Main Marker" [stack: 0x00000020fa300000,0x00000020fa400000] [id=12016]
  0x00000154c9b86a00 ConcurrentGCThread "G1 Conc#0" [stack: 0x00000020fa400000,0x00000020fa500000] [id=10652]
  0x00000154f0214930 ConcurrentGCThread "G1 Conc#1" [stack: 0x00000020fcd00000,0x00000020fce00000] [id=2124]
  0x00000154f0213e30 ConcurrentGCThread "G1 Conc#2" [stack: 0x00000020fce00000,0x00000020fcf00000] [id=20548]
  0x00000154e9e13a80 ConcurrentGCThread "G1 Refine#0" [stack: 0x00000020fa500000,0x00000020fa600000] [id=21276]
  0x00000154e9e14160 ConcurrentGCThread "G1 Service" [stack: 0x00000020fa600000,0x00000020fa700000] [id=10264]

Threads with active compile tasks:
C2 CompilerThread0    47336 10616       4       org.gradle.internal.instantiation.generator.AbstractClassGenerator$PropertyMetadata::backingFieldAnnotationOf (20 bytes)

VM state: not at safepoint (normal execution)

VM Mutex/Monitor currently owned by a thread: None

Heap address: 0x0000000080000000, size: 2048 MB, Compressed Oops mode: 32-bit

CDS archive(s) mapped at: [0x0000015480000000-0x0000015480bd0000-0x0000015480bd0000), size 12386304, SharedBaseAddress: 0x0000015480000000, ArchiveRelocationMode: 1.
Compressed class space mapped at: 0x0000015481000000-0x00000154c1000000, reserved size: 1073741824
Narrow klass base: 0x0000015480000000, Narrow klass shift: 0, Narrow klass range: 0x100000000

GC Precious Log:
 CPUs: 12 total, 12 available
 Memory: 16163M
 Large Page Support: Disabled
 NUMA Support: Disabled
 Compressed Oops: Enabled (32-bit)
 Heap Region Size: 1M
 Heap Min Capacity: 8M
 Heap Initial Capacity: 254M
 Heap Max Capacity: 2G
 Pre-touch: Disabled
 Parallel Workers: 10
 Concurrent Workers: 3
 Concurrent Refinement Workers: 10
 Periodic GC: Disabled

Heap:
 garbage-first heap   total 176128K, used 109123K [0x0000000080000000, 0x0000000100000000)
  region size 1024K, 11 young (11264K), 1 survivors (1024K)
 Metaspace       used 85500K, committed 86336K, reserved 1179648K
  class space    used 11709K, committed 12096K, reserved 1048576K

Heap Regions: E=young(eden), S=young(survivor), O=old, HS=humongous(starts), HC=humongous(continues), CS=collection set, F=free, OA=open archive, CA=closed archive, TAMS=top-at-mark-start (previous, next)
|   0|0x0000000080000000, 0x0000000080100000, 0x0000000080100000|100%|HS|  |TAMS 0x0000000080100000, 0x0000000080000000| Complete 
|   1|0x0000000080100000, 0x0000000080200000, 0x0000000080200000|100%|HC|  |TAMS 0x0000000080200000, 0x0000000080100000| Complete 
|   2|0x0000000080200000, 0x0000000080300000, 0x0000000080300000|100%|HC|  |TAMS 0x0000000080300000, 0x0000000080200000| Complete 
|   3|0x0000000080300000, 0x0000000080400000, 0x0000000080400000|100%| O|  |TAMS 0x0000000080400000, 0x0000000080300000| Untracked 
|   4|0x0000000080400000, 0x0000000080500000, 0x0000000080500000|100%| O|  |TAMS 0x0000000080500000, 0x0000000080400000| Untracked 
|   5|0x0000000080500000, 0x0000000080600000, 0x0000000080600000|100%| O|  |TAMS 0x0000000080600000, 0x0000000080500000| Untracked 
|   6|0x0000000080600000, 0x0000000080700000, 0x0000000080700000|100%|HS|  |TAMS 0x0000000080700000, 0x0000000080600000| Complete 
|   7|0x0000000080700000, 0x0000000080800000, 0x0000000080800000|100%| O|  |TAMS 0x0000000080800000, 0x0000000080700000| Untracked 
|   8|0x0000000080800000, 0x0000000080900000, 0x0000000080900000|100%| O|  |TAMS 0x0000000080900000, 0x0000000080800000| Untracked 
|   9|0x0000000080900000, 0x0000000080a00000, 0x0000000080a00000|100%| O|  |TAMS 0x0000000080a00000, 0x0000000080900000| Untracked 
|  10|0x0000000080a00000, 0x0000000080b00000, 0x0000000080b00000|100%| O|  |TAMS 0x0000000080b00000, 0x0000000080a00000| Untracked 
|  11|0x0000000080b00000, 0x0000000080c00000, 0x0000000080c00000|100%| O|  |TAMS 0x0000000080c00000, 0x0000000080b00000| Untracked 
|  12|0x0000000080c00000, 0x0000000080d00000, 0x0000000080d00000|100%| O|  |TAMS 0x0000000080d00000, 0x0000000080c00000| Untracked 
|  13|0x0000000080d00000, 0x0000000080e00000, 0x0000000080e00000|100%| O|  |TAMS 0x0000000080e00000, 0x0000000080d00000| Untracked 
|  14|0x0000000080e00000, 0x0000000080f00000, 0x0000000080f00000|100%| O|  |TAMS 0x0000000080f00000, 0x0000000080e00000| Untracked 
|  15|0x0000000080f00000, 0x0000000081000000, 0x0000000081000000|100%| O|  |TAMS 0x0000000081000000, 0x0000000080f00000| Untracked 
|  16|0x0000000081000000, 0x0000000081100000, 0x0000000081100000|100%| O|  |TAMS 0x0000000081100000, 0x0000000081000000| Untracked 
|  17|0x0000000081100000, 0x0000000081200000, 0x0000000081200000|100%| O|  |TAMS 0x0000000081200000, 0x0000000081100000| Untracked 
|  18|0x0000000081200000, 0x0000000081300000, 0x0000000081300000|100%| O|  |TAMS 0x0000000081300000, 0x0000000081200000| Untracked 
|  19|0x0000000081300000, 0x0000000081400000, 0x0000000081400000|100%| O|  |TAMS 0x0000000081400000, 0x0000000081300000| Untracked 
|  20|0x0000000081400000, 0x0000000081500000, 0x0000000081500000|100%| O|  |TAMS 0x0000000081500000, 0x0000000081400000| Untracked 
|  21|0x0000000081500000, 0x0000000081600000, 0x0000000081600000|100%| O|  |TAMS 0x0000000081600000, 0x0000000081500000| Untracked 
|  22|0x0000000081600000, 0x0000000081700000, 0x0000000081700000|100%| O|  |TAMS 0x0000000081700000, 0x0000000081600000| Untracked 
|  23|0x0000000081700000, 0x0000000081800000, 0x0000000081800000|100%| O|  |TAMS 0x0000000081800000, 0x0000000081700000| Untracked 
|  24|0x0000000081800000, 0x0000000081900000, 0x0000000081900000|100%| O|  |TAMS 0x0000000081900000, 0x0000000081800000| Untracked 
|  25|0x0000000081900000, 0x0000000081a00000, 0x0000000081a00000|100%| O|  |TAMS 0x0000000081a00000, 0x0000000081900000| Untracked 
|  26|0x0000000081a00000, 0x0000000081b00000, 0x0000000081b00000|100%| O|  |TAMS 0x0000000081b00000, 0x0000000081a00000| Untracked 
|  27|0x0000000081b00000, 0x0000000081c00000, 0x0000000081c00000|100%| O|  |TAMS 0x0000000081c00000, 0x0000000081b00000| Untracked 
|  28|0x0000000081c00000, 0x0000000081d00000, 0x0000000081d00000|100%| O|  |TAMS 0x0000000081d00000, 0x0000000081c00000| Untracked 
|  29|0x0000000081d00000, 0x0000000081e00000, 0x0000000081e00000|100%| O|  |TAMS 0x0000000081e00000, 0x0000000081d00000| Untracked 
|  30|0x0000000081e00000, 0x0000000081f00000, 0x0000000081f00000|100%| O|  |TAMS 0x0000000081f00000, 0x0000000081e00000| Untracked 
|  31|0x0000000081f00000, 0x0000000082000000, 0x0000000082000000|100%| O|  |TAMS 0x0000000082000000, 0x0000000081f00000| Untracked 
|  32|0x0000000082000000, 0x0000000082100000, 0x0000000082100000|100%| O|  |TAMS 0x0000000082100000, 0x0000000082000000| Untracked 
|  33|0x0000000082100000, 0x0000000082200000, 0x0000000082200000|100%| O|  |TAMS 0x0000000082200000, 0x0000000082100000| Untracked 
|  34|0x0000000082200000, 0x0000000082300000, 0x0000000082300000|100%|HS|  |TAMS 0x0000000082300000, 0x0000000082200000| Complete 
|  35|0x0000000082300000, 0x0000000082400000, 0x0000000082400000|100%|HC|  |TAMS 0x0000000082400000, 0x0000000082300000| Complete 
|  36|0x0000000082400000, 0x0000000082500000, 0x0000000082500000|100%| O|  |TAMS 0x0000000082500000, 0x0000000082400000| Untracked 
|  37|0x0000000082500000, 0x0000000082600000, 0x0000000082600000|100%| O|  |TAMS 0x0000000082600000, 0x0000000082500000| Untracked 
|  38|0x0000000082600000, 0x0000000082700000, 0x0000000082700000|100%| O|  |TAMS 0x0000000082700000, 0x0000000082600000| Untracked 
|  39|0x0000000082700000, 0x0000000082800000, 0x0000000082800000|100%| O|  |TAMS 0x0000000082800000, 0x0000000082700000| Untracked 
|  40|0x0000000082800000, 0x0000000082900000, 0x0000000082900000|100%| O|  |TAMS 0x0000000082900000, 0x0000000082800000| Untracked 
|  41|0x0000000082900000, 0x0000000082a00000, 0x0000000082a00000|100%| O|  |TAMS 0x0000000082a00000, 0x0000000082900000| Untracked 
|  42|0x0000000082a00000, 0x0000000082b00000, 0x0000000082b00000|100%| O|  |TAMS 0x0000000082b00000, 0x0000000082a00000| Untracked 
|  43|0x0000000082b00000, 0x0000000082c00000, 0x0000000082c00000|100%| O|  |TAMS 0x0000000082c00000, 0x0000000082b00000| Untracked 
|  44|0x0000000082c00000, 0x0000000082d00000, 0x0000000082d00000|100%| O|  |TAMS 0x0000000082d00000, 0x0000000082c00000| Untracked 
|  45|0x0000000082d00000, 0x0000000082e00000, 0x0000000082e00000|100%| O|  |TAMS 0x0000000082e00000, 0x0000000082d00000| Untracked 
|  46|0x0000000082e00000, 0x0000000082f00000, 0x0000000082f00000|100%| O|  |TAMS 0x0000000082f00000, 0x0000000082e00000| Untracked 
|  47|0x0000000082f00000, 0x0000000083000000, 0x0000000083000000|100%| O|  |TAMS 0x0000000083000000, 0x0000000082f00000| Untracked 
|  48|0x0000000083000000, 0x0000000083100000, 0x0000000083100000|100%| O|  |TAMS 0x0000000083100000, 0x0000000083000000| Untracked 
|  49|0x0000000083100000, 0x0000000083200000, 0x0000000083200000|100%| O|  |TAMS 0x0000000083200000, 0x0000000083100000| Untracked 
|  50|0x0000000083200000, 0x0000000083300000, 0x0000000083300000|100%| O|  |TAMS 0x0000000083300000, 0x0000000083200000| Untracked 
|  51|0x0000000083300000, 0x0000000083400000, 0x0000000083400000|100%| O|  |TAMS 0x0000000083400000, 0x0000000083300000| Untracked 
|  52|0x0000000083400000, 0x0000000083500000, 0x0000000083500000|100%| O|  |TAMS 0x0000000083500000, 0x0000000083400000| Untracked 
|  53|0x0000000083500000, 0x0000000083600000, 0x0000000083600000|100%| O|  |TAMS 0x0000000083600000, 0x0000000083500000| Untracked 
|  54|0x0000000083600000, 0x0000000083700000, 0x0000000083700000|100%| O|  |TAMS 0x0000000083700000, 0x0000000083600000| Untracked 
|  55|0x0000000083700000, 0x0000000083800000, 0x0000000083800000|100%|HS|  |TAMS 0x0000000083800000, 0x0000000083700000| Complete 
|  56|0x0000000083800000, 0x0000000083900000, 0x0000000083900000|100%|HS|  |TAMS 0x0000000083900000, 0x0000000083800000| Complete 
|  57|0x0000000083900000, 0x0000000083a00000, 0x0000000083a00000|100%|HS|  |TAMS 0x0000000083a00000, 0x0000000083900000| Complete 
|  58|0x0000000083a00000, 0x0000000083b00000, 0x0000000083b00000|100%|HC|  |TAMS 0x0000000083b00000, 0x0000000083a00000| Complete 
|  59|0x0000000083b00000, 0x0000000083c00000, 0x0000000083c00000|100%|HS|  |TAMS 0x0000000083c00000, 0x0000000083b00000| Complete 
|  60|0x0000000083c00000, 0x0000000083d00000, 0x0000000083d00000|100%|HC|  |TAMS 0x0000000083d00000, 0x0000000083c00000| Complete 
|  61|0x0000000083d00000, 0x0000000083e00000, 0x0000000083e00000|100%|HS|  |TAMS 0x0000000083e00000, 0x0000000083d00000| Complete 
|  62|0x0000000083e00000, 0x0000000083f00000, 0x0000000083f00000|100%|HC|  |TAMS 0x0000000083f00000, 0x0000000083e00000| Complete 
|  63|0x0000000083f00000, 0x0000000084000000, 0x0000000084000000|100%|HC|  |TAMS 0x0000000084000000, 0x0000000083f00000| Complete 
|  64|0x0000000084000000, 0x0000000084100000, 0x0000000084100000|100%|HS|  |TAMS 0x0000000084100000, 0x0000000084000000| Complete 
|  65|0x0000000084100000, 0x0000000084200000, 0x0000000084200000|100%|HS|  |TAMS 0x0000000084200000, 0x0000000084100000| Complete 
|  66|0x0000000084200000, 0x0000000084300000, 0x0000000084300000|100%| O|  |TAMS 0x0000000084300000, 0x0000000084200000| Untracked 
|  67|0x0000000084300000, 0x0000000084400000, 0x0000000084400000|100%|HS|  |TAMS 0x0000000084400000, 0x0000000084300000| Complete 
|  68|0x0000000084400000, 0x0000000084500000, 0x0000000084500000|100%|HS|  |TAMS 0x0000000084500000, 0x0000000084400000| Complete 
|  69|0x0000000084500000, 0x0000000084500000, 0x0000000084600000|  0%| F|  |TAMS 0x0000000084500000, 0x0000000084500000| Untracked 
|  70|0x0000000084600000, 0x0000000084600000, 0x0000000084700000|  0%| F|  |TAMS 0x0000000084600000, 0x0000000084600000| Untracked 
|  71|0x0000000084700000, 0x0000000084800000, 0x0000000084800000|100%| O|  |TAMS 0x0000000084800000, 0x0000000084700000| Untracked 
|  72|0x0000000084800000, 0x0000000084900000, 0x0000000084900000|100%| O|  |TAMS 0x0000000084900000, 0x0000000084800000| Untracked 
|  73|0x0000000084900000, 0x0000000084a00000, 0x0000000084a00000|100%| O|  |TAMS 0x0000000084a00000, 0x0000000084900000| Untracked 
|  74|0x0000000084a00000, 0x0000000084b00000, 0x0000000084b00000|100%| O|  |TAMS 0x0000000084b00000, 0x0000000084a00000| Untracked 
|  75|0x0000000084b00000, 0x0000000084c00000, 0x0000000084c00000|100%| O|  |TAMS 0x0000000084c00000, 0x0000000084b00000| Untracked 
|  76|0x0000000084c00000, 0x0000000084d00000, 0x0000000084d00000|100%| O|  |TAMS 0x0000000084d00000, 0x0000000084c00000| Untracked 
|  77|0x0000000084d00000, 0x0000000084e00000, 0x0000000084e00000|100%|HS|  |TAMS 0x0000000084e00000, 0x0000000084d00000| Complete 
|  78|0x0000000084e00000, 0x0000000084f00000, 0x0000000084f00000|100%| O|  |TAMS 0x0000000084f00000, 0x0000000084e00000| Untracked 
|  79|0x0000000084f00000, 0x0000000085000000, 0x0000000085000000|100%| O|  |TAMS 0x0000000085000000, 0x0000000084f00000| Untracked 
|  80|0x0000000085000000, 0x0000000085100000, 0x0000000085100000|100%| O|  |TAMS 0x0000000085100000, 0x0000000085000000| Untracked 
|  81|0x0000000085100000, 0x0000000085200000, 0x0000000085200000|100%| O|  |TAMS 0x0000000085200000, 0x0000000085100000| Untracked 
|  82|0x0000000085200000, 0x0000000085300000, 0x0000000085300000|100%| O|  |TAMS 0x0000000085300000, 0x0000000085200000| Untracked 
|  83|0x0000000085300000, 0x0000000085400000, 0x0000000085400000|100%| O|  |TAMS 0x0000000085400000, 0x0000000085300000| Untracked 
|  84|0x0000000085400000, 0x0000000085500000, 0x0000000085500000|100%| O|  |TAMS 0x0000000085500000, 0x0000000085400000| Untracked 
|  85|0x0000000085500000, 0x0000000085600000, 0x0000000085600000|100%| O|  |TAMS 0x0000000085600000, 0x0000000085500000| Untracked 
|  86|0x0000000085600000, 0x0000000085700000, 0x0000000085700000|100%|HS|  |TAMS 0x0000000085700000, 0x0000000085600000| Complete 
|  87|0x0000000085700000, 0x0000000085800000, 0x0000000085800000|100%|HC|  |TAMS 0x0000000085800000, 0x0000000085700000| Complete 
|  88|0x0000000085800000, 0x0000000085900000, 0x0000000085900000|100%|HC|  |TAMS 0x0000000085900000, 0x0000000085800000| Complete 
|  89|0x0000000085900000, 0x0000000085a00000, 0x0000000085a00000|100%| O|  |TAMS 0x0000000085a00000, 0x0000000085900000| Untracked 
|  90|0x0000000085a00000, 0x0000000085b00000, 0x0000000085b00000|100%| O|  |TAMS 0x0000000085b00000, 0x0000000085a00000| Untracked 
|  91|0x0000000085b00000, 0x0000000085c00000, 0x0000000085c00000|100%| O|  |TAMS 0x0000000085c00000, 0x0000000085b00000| Untracked 
|  92|0x0000000085c00000, 0x0000000085d00000, 0x0000000085d00000|100%| O|  |TAMS 0x0000000085d00000, 0x0000000085c00000| Untracked 
|  93|0x0000000085d00000, 0x0000000085e00000, 0x0000000085e00000|100%| O|  |TAMS 0x0000000085e00000, 0x0000000085d00000| Untracked 
|  94|0x0000000085e00000, 0x0000000085f00000, 0x0000000085f00000|100%| O|  |TAMS 0x0000000085f00000, 0x0000000085e00000| Untracked 
|  95|0x0000000085f00000, 0x0000000086000000, 0x0000000086000000|100%| O|  |TAMS 0x0000000086000000, 0x0000000085f00000| Untracked 
|  96|0x0000000086000000, 0x0000000086100000, 0x0000000086100000|100%| O|  |TAMS 0x0000000086007200, 0x0000000086000000| Untracked 
|  97|0x0000000086100000, 0x0000000086200000, 0x0000000086200000|100%| O|  |TAMS 0x0000000086100000, 0x0000000086100000| Untracked 
|  98|0x0000000086200000, 0x00000000862c3600, 0x0000000086300000| 76%| O|  |TAMS 0x0000000086200000, 0x0000000086200000| Untracked 
|  99|0x0000000086300000, 0x0000000086300000, 0x0000000086400000|  0%| F|  |TAMS 0x0000000086300000, 0x0000000086300000| Untracked 
| 100|0x0000000086400000, 0x0000000086400000, 0x0000000086500000|  0%| F|  |TAMS 0x0000000086400000, 0x0000000086400000| Untracked 
| 101|0x0000000086500000, 0x0000000086500000, 0x0000000086600000|  0%| F|  |TAMS 0x0000000086500000, 0x0000000086500000| Untracked 
| 102|0x0000000086600000, 0x0000000086600000, 0x0000000086700000|  0%| F|  |TAMS 0x0000000086600000, 0x0000000086600000| Untracked 
| 103|0x0000000086700000, 0x0000000086700000, 0x0000000086800000|  0%| F|  |TAMS 0x0000000086700000, 0x0000000086700000| Untracked 
| 104|0x0000000086800000, 0x0000000086800000, 0x0000000086900000|  0%| F|  |TAMS 0x0000000086800000, 0x0000000086800000| Untracked 
| 105|0x0000000086900000, 0x0000000086900000, 0x0000000086a00000|  0%| F|  |TAMS 0x0000000086900000, 0x0000000086900000| Untracked 
| 106|0x0000000086a00000, 0x0000000086a00000, 0x0000000086b00000|  0%| F|  |TAMS 0x0000000086a00000, 0x0000000086a00000| Untracked 
| 107|0x0000000086b00000, 0x0000000086b00000, 0x0000000086c00000|  0%| F|  |TAMS 0x0000000086b00000, 0x0000000086b00000| Untracked 
| 108|0x0000000086c00000, 0x0000000086c00000, 0x0000000086d00000|  0%| F|  |TAMS 0x0000000086c00000, 0x0000000086c00000| Untracked 
| 109|0x0000000086d00000, 0x0000000086d00000, 0x0000000086e00000|  0%| F|  |TAMS 0x0000000086d00000, 0x0000000086d00000| Untracked 
| 110|0x0000000086e00000, 0x0000000086e00000, 0x0000000086f00000|  0%| F|  |TAMS 0x0000000086e00000, 0x0000000086e00000| Untracked 
| 111|0x0000000086f00000, 0x0000000086f00000, 0x0000000087000000|  0%| F|  |TAMS 0x0000000086f00000, 0x0000000086f00000| Untracked 
| 112|0x0000000087000000, 0x0000000087000000, 0x0000000087100000|  0%| F|  |TAMS 0x0000000087000000, 0x0000000087000000| Untracked 
| 113|0x0000000087100000, 0x0000000087100000, 0x0000000087200000|  0%| F|  |TAMS 0x0000000087100000, 0x0000000087100000| Untracked 
| 114|0x0000000087200000, 0x0000000087200000, 0x0000000087300000|  0%| F|  |TAMS 0x0000000087200000, 0x0000000087200000| Untracked 
| 115|0x0000000087300000, 0x0000000087300000, 0x0000000087400000|  0%| F|  |TAMS 0x0000000087300000, 0x0000000087300000| Untracked 
| 116|0x0000000087400000, 0x0000000087400000, 0x0000000087500000|  0%| F|  |TAMS 0x0000000087400000, 0x0000000087400000| Untracked 
| 117|0x0000000087500000, 0x0000000087500000, 0x0000000087600000|  0%| F|  |TAMS 0x0000000087500000, 0x0000000087500000| Untracked 
| 118|0x0000000087600000, 0x0000000087600000, 0x0000000087700000|  0%| F|  |TAMS 0x0000000087600000, 0x0000000087600000| Untracked 
| 119|0x0000000087700000, 0x0000000087700000, 0x0000000087800000|  0%| F|  |TAMS 0x0000000087700000, 0x0000000087700000| Untracked 
| 120|0x0000000087800000, 0x0000000087800000, 0x0000000087900000|  0%| F|  |TAMS 0x0000000087800000, 0x0000000087800000| Untracked 
| 121|0x0000000087900000, 0x0000000087900000, 0x0000000087a00000|  0%| F|  |TAMS 0x0000000087900000, 0x0000000087900000| Untracked 
| 122|0x0000000087a00000, 0x0000000087a00000, 0x0000000087b00000|  0%| F|  |TAMS 0x0000000087a00000, 0x0000000087a00000| Untracked 
| 123|0x0000000087b00000, 0x0000000087b00000, 0x0000000087c00000|  0%| F|  |TAMS 0x0000000087b00000, 0x0000000087b00000| Untracked 
| 124|0x0000000087c00000, 0x0000000087c00000, 0x0000000087d00000|  0%| F|  |TAMS 0x0000000087c00000, 0x0000000087c00000| Untracked 
| 125|0x0000000087d00000, 0x0000000087d00000, 0x0000000087e00000|  0%| F|  |TAMS 0x0000000087d00000, 0x0000000087d00000| Untracked 
| 126|0x0000000087e00000, 0x0000000087e00000, 0x0000000087f00000|  0%| F|  |TAMS 0x0000000087e00000, 0x0000000087e00000| Untracked 
| 127|0x0000000087f00000, 0x0000000087f00000, 0x0000000088000000|  0%| F|  |TAMS 0x0000000087f00000, 0x0000000087f00000| Untracked 
| 128|0x0000000088000000, 0x0000000088000000, 0x0000000088100000|  0%| F|  |TAMS 0x0000000088000000, 0x0000000088000000| Untracked 
| 129|0x0000000088100000, 0x0000000088100000, 0x0000000088200000|  0%| F|  |TAMS 0x0000000088100000, 0x0000000088100000| Untracked 
| 130|0x0000000088200000, 0x0000000088200000, 0x0000000088300000|  0%| F|  |TAMS 0x0000000088200000, 0x0000000088200000| Untracked 
| 131|0x0000000088300000, 0x0000000088300000, 0x0000000088400000|  0%| F|  |TAMS 0x0000000088300000, 0x0000000088300000| Untracked 
| 132|0x0000000088400000, 0x0000000088400000, 0x0000000088500000|  0%| F|  |TAMS 0x0000000088400000, 0x0000000088400000| Untracked 
| 133|0x0000000088500000, 0x0000000088500000, 0x0000000088600000|  0%| F|  |TAMS 0x0000000088500000, 0x0000000088500000| Untracked 
| 134|0x0000000088600000, 0x0000000088600000, 0x0000000088700000|  0%| F|  |TAMS 0x0000000088600000, 0x0000000088600000| Untracked 
| 135|0x0000000088700000, 0x0000000088700000, 0x0000000088800000|  0%| F|  |TAMS 0x0000000088700000, 0x0000000088700000| Untracked 
| 136|0x0000000088800000, 0x0000000088800000, 0x0000000088900000|  0%| F|  |TAMS 0x0000000088800000, 0x0000000088800000| Untracked 
| 137|0x0000000088900000, 0x0000000088900000, 0x0000000088a00000|  0%| F|  |TAMS 0x0000000088900000, 0x0000000088900000| Untracked 
| 138|0x0000000088a00000, 0x0000000088a00000, 0x0000000088b00000|  0%| F|  |TAMS 0x0000000088a00000, 0x0000000088a00000| Untracked 
| 139|0x0000000088b00000, 0x0000000088b00000, 0x0000000088c00000|  0%| F|  |TAMS 0x0000000088b00000, 0x0000000088b00000| Untracked 
| 140|0x0000000088c00000, 0x0000000088c00000, 0x0000000088d00000|  0%| F|  |TAMS 0x0000000088c00000, 0x0000000088c00000| Untracked 
| 141|0x0000000088d00000, 0x0000000088d00000, 0x0000000088e00000|  0%| F|  |TAMS 0x0000000088d00000, 0x0000000088d00000| Untracked 
| 142|0x0000000088e00000, 0x0000000088e00000, 0x0000000088f00000|  0%| F|  |TAMS 0x0000000088e00000, 0x0000000088e00000| Untracked 
| 143|0x0000000088f00000, 0x0000000088f00000, 0x0000000089000000|  0%| F|  |TAMS 0x0000000088f00000, 0x0000000088f00000| Untracked 
| 144|0x0000000089000000, 0x0000000089000000, 0x0000000089100000|  0%| F|  |TAMS 0x0000000089000000, 0x0000000089000000| Untracked 
| 145|0x0000000089100000, 0x0000000089100000, 0x0000000089200000|  0%| F|  |TAMS 0x0000000089100000, 0x0000000089100000| Untracked 
| 146|0x0000000089200000, 0x0000000089200000, 0x0000000089300000|  0%| F|  |TAMS 0x0000000089200000, 0x0000000089200000| Untracked 
| 147|0x0000000089300000, 0x0000000089300000, 0x0000000089400000|  0%| F|  |TAMS 0x0000000089300000, 0x0000000089300000| Untracked 
| 148|0x0000000089400000, 0x0000000089400000, 0x0000000089500000|  0%| F|  |TAMS 0x0000000089400000, 0x0000000089400000| Untracked 
| 149|0x0000000089500000, 0x0000000089500000, 0x0000000089600000|  0%| F|  |TAMS 0x0000000089500000, 0x0000000089500000| Untracked 
| 150|0x0000000089600000, 0x0000000089600000, 0x0000000089700000|  0%| F|  |TAMS 0x0000000089600000, 0x0000000089600000| Untracked 
| 151|0x0000000089700000, 0x0000000089700000, 0x0000000089800000|  0%| F|  |TAMS 0x0000000089700000, 0x0000000089700000| Untracked 
| 152|0x0000000089800000, 0x0000000089800000, 0x0000000089900000|  0%| F|  |TAMS 0x0000000089800000, 0x0000000089800000| Untracked 
| 153|0x0000000089900000, 0x0000000089900000, 0x0000000089a00000|  0%| F|  |TAMS 0x0000000089900000, 0x0000000089900000| Untracked 
| 154|0x0000000089a00000, 0x0000000089a00000, 0x0000000089b00000|  0%| F|  |TAMS 0x0000000089a00000, 0x0000000089a00000| Untracked 
| 155|0x0000000089b00000, 0x0000000089b00000, 0x0000000089c00000|  0%| F|  |TAMS 0x0000000089b00000, 0x0000000089b00000| Untracked 
| 156|0x0000000089c00000, 0x0000000089c00000, 0x0000000089d00000|  0%| F|  |TAMS 0x0000000089c00000, 0x0000000089c00000| Untracked 
| 157|0x0000000089d00000, 0x0000000089d00000, 0x0000000089e00000|  0%| F|  |TAMS 0x0000000089d00000, 0x0000000089d00000| Untracked 
| 158|0x0000000089e00000, 0x0000000089e00000, 0x0000000089f00000|  0%| F|  |TAMS 0x0000000089e00000, 0x0000000089e00000| Untracked 
| 159|0x0000000089f00000, 0x0000000089f00000, 0x000000008a000000|  0%| F|  |TAMS 0x0000000089f00000, 0x0000000089f00000| Untracked 
| 160|0x000000008a000000, 0x000000008a000000, 0x000000008a100000|  0%| F|  |TAMS 0x000000008a000000, 0x000000008a000000| Untracked 
| 161|0x000000008a100000, 0x000000008a191a98, 0x000000008a200000| 56%| E|  |TAMS 0x000000008a100000, 0x000000008a100000| Complete 
| 162|0x000000008a200000, 0x000000008a300000, 0x000000008a300000|100%| E|CS|TAMS 0x000000008a200000, 0x000000008a200000| Complete 
| 163|0x000000008a300000, 0x000000008a400000, 0x000000008a400000|100%| E|CS|TAMS 0x000000008a300000, 0x000000008a300000| Complete 
| 164|0x000000008a400000, 0x000000008a500000, 0x000000008a500000|100%| E|CS|TAMS 0x000000008a400000, 0x000000008a400000| Complete 
| 165|0x000000008a500000, 0x000000008a5cd668, 0x000000008a600000| 80%| S|CS|TAMS 0x000000008a500000, 0x000000008a500000| Complete 
| 166|0x000000008a600000, 0x000000008a700000, 0x000000008a700000|100%| E|CS|TAMS 0x000000008a600000, 0x000000008a600000| Complete 
| 167|0x000000008a700000, 0x000000008a800000, 0x000000008a800000|100%| E|CS|TAMS 0x000000008a700000, 0x000000008a700000| Complete 
| 168|0x000000008a800000, 0x000000008a900000, 0x000000008a900000|100%| E|CS|TAMS 0x000000008a800000, 0x000000008a800000| Complete 
| 169|0x000000008a900000, 0x000000008aa00000, 0x000000008aa00000|100%| E|CS|TAMS 0x000000008a900000, 0x000000008a900000| Complete 
| 170|0x000000008aa00000, 0x000000008ab00000, 0x000000008ab00000|100%| E|CS|TAMS 0x000000008aa00000, 0x000000008aa00000| Complete 
| 253|0x000000008fd00000, 0x000000008fe00000, 0x000000008fe00000|100%| E|CS|TAMS 0x000000008fd00000, 0x000000008fd00000| Complete 

Card table byte_map: [0x00000154e2a20000,0x00000154e2e20000] _byte_map_base: 0x00000154e2620000

Marking Bits (Prev, Next): (CMBitMap*) 0x00000154c9b73c70, (CMBitMap*) 0x00000154c9b73c30
 Prev Bits: [0x00000154e5220000, 0x00000154e7220000)
 Next Bits: [0x00000154e3220000, 0x00000154e5220000)

Polling page: 0x00000154d2960000

Metaspace:

Usage:
  Non-class:     72.06 MB used.
      Class:     11.43 MB used.
       Both:     83.50 MB used.

Virtual space:
  Non-class space:      128.00 MB reserved,      72.50 MB ( 57%) committed,  2 nodes.
      Class space:        1.00 GB reserved,      11.81 MB (  1%) committed,  1 nodes.
             Both:        1.12 GB reserved,      84.31 MB (  7%) committed. 

Chunk freelists:
   Non-Class:  6.91 MB
       Class:  4.03 MB
        Both:  10.94 MB

MaxMetaspaceSize: unlimited
CompressedClassSpaceSize: 1.00 GB
Initial GC threshold: 21.00 MB
Current GC threshold: 136.06 MB
CDS: on
MetaspaceReclaimPolicy: balanced
 - commit_granule_bytes: 65536.
 - commit_granule_words: 8192.
 - virtual_space_node_default_size: 8388608.
 - enlarge_chunks_in_place: 1.
 - new_chunks_are_fully_committed: 0.
 - uncommit_free_chunks: 1.
 - use_allocation_guard: 0.
 - handle_deallocations: 1.


Internal statistics:

num_allocs_failed_limit: 6.
num_arena_births: 1066.
num_arena_deaths: 0.
num_vsnodes_births: 3.
num_vsnodes_deaths: 0.
num_space_committed: 1349.
num_space_uncommitted: 0.
num_chunks_returned_to_freelist: 6.
num_chunks_taken_from_freelist: 4694.
num_chunk_merges: 6.
num_chunk_splits: 3102.
num_chunks_enlarged: 2060.
num_inconsistent_stats: 0.

CodeHeap 'non-profiled nmethods': size=120000Kb used=5605Kb max_used=5668Kb free=114394Kb
 bounds [0x00000154da450000, 0x00000154da9f0000, 0x00000154e1980000]
CodeHeap 'profiled nmethods': size=120000Kb used=16979Kb max_used=17737Kb free=103020Kb
 bounds [0x00000154d2980000, 0x00000154d3af0000, 0x00000154d9eb0000]
CodeHeap 'non-nmethods': size=5760Kb used=2414Kb max_used=2473Kb free=3345Kb
 bounds [0x00000154d9eb0000, 0x00000154da130000, 0x00000154da450000]
 total_blobs=9986 nmethods=9050 adapters=848
 compilation: enabled
              stopped_count=0, restarted_count=0
 full_count=0

Compilation events (20 events):
Event: 44.837 Thread 0x00000154ee12a7d0 nmethod 10612 0x00000154da675e90 code [0x00000154da676120, 0x00000154da678930]
Event: 44.839 Thread 0x00000154ee12a7d0 10615       4       org.gradle.internal.instantiation.generator.AbstractClassGenerator$PropertyMetadata::findAnnotation (22 bytes)
Event: 44.996 Thread 0x00000154ee14b0f0 10619       1       org.gradle.api.internal.provider.DefaultProperty::getType (5 bytes)
Event: 44.996 Thread 0x00000154ee14b0f0 nmethod 10619 0x00000154da675b90 code [0x00000154da675d20, 0x00000154da675df8]
Event: 45.060 Thread 0x00000154ee14b0f0 10620       3       org.gradle.internal.Actions::doNothing (4 bytes)
Event: 45.060 Thread 0x00000154ee14b0f0 nmethod 10620 0x00000154d2dd0110 code [0x00000154d2dd02a0, 0x00000154d2dd0398]
Event: 46.190 Thread 0x00000154ee12a7d0 nmethod 10615 0x00000154da9d9390 code [0x00000154da9d9c20, 0x00000154da9e5350]
Event: 46.191 Thread 0x00000154ee12a7d0 10618       4       com.google.common.collect.AbstractIndexedListIterator::next (31 bytes)
Event: 46.191 Thread 0x00000154ee12a7d0 nmethod 10618 0x00000154da675790 code [0x00000154da675920, 0x00000154da675a38]
Event: 46.191 Thread 0x00000154ee12a7d0 10616       4       org.gradle.internal.instantiation.generator.AbstractClassGenerator$PropertyMetadata::backingFieldAnnotationOf (20 bytes)
Event: 46.311 Thread 0x00000154ee14b0f0 10621       3       org.gradle.api.internal.project.DefaultProject_Decorated::getObjects (32 bytes)
Event: 46.311 Thread 0x00000154ee14b0f0 nmethod 10621 0x00000154d307e810 code [0x00000154d307ea00, 0x00000154d307f078]
Event: 46.311 Thread 0x00000154ee14b0f0 10622       3       org.gradle.api.internal.file.collections.DefaultConfigurableFileCollection::assertMutable (14 bytes)
Event: 46.311 Thread 0x00000154ee14b0f0 nmethod 10622 0x00000154d3909690 code [0x00000154d39098a0, 0x00000154d3909f18]
Event: 46.311 Thread 0x00000154ee14b0f0 10623       3       org.gradle.api.internal.file.collections.DefaultConfigurableFileCollection$$Lambda$688/0x0000015481550b58::<init> (10 bytes)
Event: 46.311 Thread 0x00000154ee14b0f0 nmethod 10623 0x00000154d37b4690 code [0x00000154d37b4820, 0x00000154d37b49d8]
Event: 46.409 Thread 0x00000154ee14b0f0 10624       3       org.gradle.internal.serialize.InputStreamBackedDecoder::readInt (8 bytes)
Event: 46.409 Thread 0x00000154ee14b0f0 nmethod 10624 0x00000154d307e190 code [0x00000154d307e340, 0x00000154d307e488]
Event: 46.410 Thread 0x00000154ee14b0f0 10625       3       org.gradle.internal.serialize.InputStreamBackedDecoder::readString (8 bytes)
Event: 46.410 Thread 0x00000154ee14b0f0 nmethod 10625 0x00000154d3909210 code [0x00000154d39093c0, 0x00000154d3909568]

GC Heap History (20 events):
Event: 34.114 GC heap before
{Heap before GC invocations=33 (full 0):
 garbage-first heap   total 150528K, used 116000K [0x0000000080000000, 0x0000000100000000)
  region size 1024K, 35 young (35840K), 5 survivors (5120K)
 Metaspace       used 70135K, committed 70848K, reserved 1114112K
  class space    used 9546K, committed 9856K, reserved 1048576K
}
Event: 34.117 GC heap after
{Heap after GC invocations=34 (full 0):
 garbage-first heap   total 150528K, used 87106K [0x0000000080000000, 0x0000000100000000)
  region size 1024K, 2 young (2048K), 2 survivors (2048K)
 Metaspace       used 70135K, committed 70848K, reserved 1114112K
  class space    used 9546K, committed 9856K, reserved 1048576K
}
Event: 34.373 GC heap before
{Heap before GC invocations=34 (full 0):
 garbage-first heap   total 150528K, used 92226K [0x0000000080000000, 0x0000000100000000)
  region size 1024K, 7 young (7168K), 2 survivors (2048K)
 Metaspace       used 70442K, committed 71168K, reserved 1114112K
  class space    used 9583K, committed 9920K, reserved 1048576K
}
Event: 34.374 GC heap after
{Heap after GC invocations=35 (full 0):
 garbage-first heap   total 150528K, used 87131K [0x0000000080000000, 0x0000000100000000)
  region size 1024K, 1 young (1024K), 1 survivors (1024K)
 Metaspace       used 70442K, committed 71168K, reserved 1114112K
  class space    used 9583K, committed 9920K, reserved 1048576K
}
Event: 36.722 GC heap before
{Heap before GC invocations=35 (full 0):
 garbage-first heap   total 150528K, used 122971K [0x0000000080000000, 0x0000000100000000)
  region size 1024K, 36 young (36864K), 1 survivors (1024K)
 Metaspace       used 74036K, committed 74816K, reserved 1114112K
  class space    used 10045K, committed 10432K, reserved 1048576K
}
Event: 36.723 GC heap after
{Heap after GC invocations=36 (full 0):
 garbage-first heap   total 150528K, used 88476K [0x0000000080000000, 0x0000000100000000)
  region size 1024K, 2 young (2048K), 2 survivors (2048K)
 Metaspace       used 74036K, committed 74816K, reserved 1114112K
  class space    used 10045K, committed 10432K, reserved 1048576K
}
Event: 38.599 GC heap before
{Heap before GC invocations=36 (full 0):
 garbage-first heap   total 150528K, used 127388K [0x0000000080000000, 0x0000000100000000)
  region size 1024K, 37 young (37888K), 2 survivors (2048K)
 Metaspace       used 76617K, committed 77376K, reserved 1179648K
  class space    used 10391K, committed 10752K, reserved 1048576K
}
Event: 38.602 GC heap after
{Heap after GC invocations=37 (full 0):
 garbage-first heap   total 150528K, used 93497K [0x0000000080000000, 0x0000000100000000)
  region size 1024K, 4 young (4096K), 4 survivors (4096K)
 Metaspace       used 76617K, committed 77376K, reserved 1179648K
  class space    used 10391K, committed 10752K, reserved 1048576K
}
Event: 39.741 GC heap before
{Heap before GC invocations=37 (full 0):
 garbage-first heap   total 150528K, used 126265K [0x0000000080000000, 0x0000000100000000)
  region size 1024K, 36 young (36864K), 4 survivors (4096K)
 Metaspace       used 78514K, committed 79296K, reserved 1179648K
  class space    used 10679K, committed 11072K, reserved 1048576K
}
Event: 39.744 GC heap after
{Heap after GC invocations=38 (full 0):
 garbage-first heap   total 150528K, used 95213K [0x0000000080000000, 0x0000000100000000)
  region size 1024K, 4 young (4096K), 4 survivors (4096K)
 Metaspace       used 78514K, committed 79296K, reserved 1179648K
  class space    used 10679K, committed 11072K, reserved 1048576K
}
Event: 40.298 GC heap before
{Heap before GC invocations=38 (full 0):
 garbage-first heap   total 150528K, used 126957K [0x0000000080000000, 0x0000000100000000)
  region size 1024K, 35 young (35840K), 4 survivors (4096K)
 Metaspace       used 78656K, committed 79424K, reserved 1179648K
  class space    used 10696K, committed 11072K, reserved 1048576K
}
Event: 40.302 GC heap after
{Heap after GC invocations=39 (full 0):
 garbage-first heap   total 150528K, used 98674K [0x0000000080000000, 0x0000000100000000)
  region size 1024K, 5 young (5120K), 5 survivors (5120K)
 Metaspace       used 78656K, committed 79424K, reserved 1179648K
  class space    used 10696K, committed 11072K, reserved 1048576K
}
Event: 41.456 GC heap before
{Heap before GC invocations=39 (full 0):
 garbage-first heap   total 150528K, used 126322K [0x0000000080000000, 0x0000000100000000)
  region size 1024K, 32 young (32768K), 5 survivors (5120K)
 Metaspace       used 80783K, committed 81600K, reserved 1179648K
  class space    used 10961K, committed 11328K, reserved 1048576K
}
Event: 41.459 GC heap after
{Heap after GC invocations=40 (full 0):
 garbage-first heap   total 150528K, used 99897K [0x0000000080000000, 0x0000000100000000)
  region size 1024K, 2 young (2048K), 2 survivors (2048K)
 Metaspace       used 80783K, committed 81600K, reserved 1179648K
  class space    used 10961K, committed 11328K, reserved 1048576K
}
Event: 42.932 GC heap before
{Heap before GC invocations=40 (full 0):
 garbage-first heap   total 150528K, used 127545K [0x0000000080000000, 0x0000000100000000)
  region size 1024K, 28 young (28672K), 2 survivors (2048K)
 Metaspace       used 82648K, committed 83456K, reserved 1179648K
  class space    used 11218K, committed 11584K, reserved 1048576K
}
Event: 42.934 GC heap after
{Heap after GC invocations=41 (full 0):
 garbage-first heap   total 150528K, used 100820K [0x0000000080000000, 0x0000000100000000)
  region size 1024K, 3 young (3072K), 3 survivors (3072K)
 Metaspace       used 82648K, committed 83456K, reserved 1179648K
  class space    used 11218K, committed 11584K, reserved 1048576K
}
Event: 44.445 GC heap before
{Heap before GC invocations=42 (full 0):
 garbage-first heap   total 176128K, used 124372K [0x0000000080000000, 0x0000000100000000)
  region size 1024K, 26 young (26624K), 3 survivors (3072K)
 Metaspace       used 84233K, committed 84992K, reserved 1179648K
  class space    used 11507K, committed 11904K, reserved 1048576K
}
Event: 44.448 GC heap after
{Heap after GC invocations=43 (full 0):
 garbage-first heap   total 176128K, used 101080K [0x0000000080000000, 0x0000000100000000)
  region size 1024K, 2 young (2048K), 2 survivors (2048K)
 Metaspace       used 84233K, committed 84992K, reserved 1179648K
  class space    used 11507K, committed 11904K, reserved 1048576K
}
Event: 44.605 GC heap before
{Heap before GC invocations=43 (full 0):
 garbage-first heap   total 176128K, used 107224K [0x0000000080000000, 0x0000000100000000)
  region size 1024K, 8 young (8192K), 2 survivors (2048K)
 Metaspace       used 84755K, committed 85568K, reserved 1179648K
  class space    used 11584K, committed 11968K, reserved 1048576K
}
Event: 44.607 GC heap after
{Heap after GC invocations=44 (full 0):
 garbage-first heap   total 176128K, used 99907K [0x0000000080000000, 0x0000000100000000)
  region size 1024K, 1 young (1024K), 1 survivors (1024K)
 Metaspace       used 84755K, committed 85568K, reserved 1179648K
  class space    used 11584K, committed 11968K, reserved 1048576K
}

Deoptimization events (20 events):
Event: 44.819 Thread 0x00000154ef006070 Uncommon trap: trap_request=0xffffff45 fr.pc=0x00000154da828c84 relative=0x00000000000002a4
Event: 44.819 Thread 0x00000154ef006070 Uncommon trap: reason=unstable_if action=reinterpret pc=0x00000154da828c84 method=org.gradle.internal.operations.DefaultBuildOperationListenerManager$ProgressShieldingBuildOperationListener.progress(Lorg/gradle/internal/operations/OperationIdentifier;Lorg
Event: 44.819 Thread 0x00000154ef006070 DEOPT PACKING pc=0x00000154da828c84 sp=0x00000020fbff8940
Event: 44.819 Thread 0x00000154ef006070 DEOPT UNPACKING pc=0x00000154d9f05ba3 sp=0x00000020fbff88e8 mode 2
Event: 44.840 Thread 0x00000154ef006070 Uncommon trap: trap_request=0xffffffd6 fr.pc=0x00000154da67be08 relative=0x00000000000016c8
Event: 44.840 Thread 0x00000154ef006070 Uncommon trap: reason=array_check action=maybe_recompile pc=0x00000154da67be08 method=java.util.TimSort.reverseRange([Ljava/lang/Object;II)V @ 20 c2
Event: 44.840 Thread 0x00000154ef006070 DEOPT PACKING pc=0x00000154da67be08 sp=0x00000020fbff84f0
Event: 44.840 Thread 0x00000154ef006070 DEOPT UNPACKING pc=0x00000154d9f05ba3 sp=0x00000020fbff8388 mode 2
Event: 44.841 Thread 0x00000154ef006070 Uncommon trap: trap_request=0xffffffd6 fr.pc=0x00000154da67be08 relative=0x00000000000016c8
Event: 44.841 Thread 0x00000154ef006070 Uncommon trap: reason=array_check action=maybe_recompile pc=0x00000154da67be08 method=java.util.TimSort.reverseRange([Ljava/lang/Object;II)V @ 20 c2
Event: 44.841 Thread 0x00000154ef006070 DEOPT PACKING pc=0x00000154da67be08 sp=0x00000020fbff84f0
Event: 44.841 Thread 0x00000154ef006070 DEOPT UNPACKING pc=0x00000154d9f05ba3 sp=0x00000020fbff8388 mode 2
Event: 44.930 Thread 0x00000154ef006070 Uncommon trap: trap_request=0xffffff45 fr.pc=0x00000154da4bf598 relative=0x00000000000001d8
Event: 44.930 Thread 0x00000154ef006070 Uncommon trap: reason=unstable_if action=reinterpret pc=0x00000154da4bf598 method=java.util.HashMap.hash(Ljava/lang/Object;)I @ 1 c2
Event: 44.930 Thread 0x00000154ef006070 DEOPT PACKING pc=0x00000154da4bf598 sp=0x00000020fbff8920
Event: 44.930 Thread 0x00000154ef006070 DEOPT UNPACKING pc=0x00000154d9f05ba3 sp=0x00000020fbff87e0 mode 2
Event: 44.994 Thread 0x00000154ef006070 Uncommon trap: trap_request=0xffffffde fr.pc=0x00000154da8144fc relative=0x000000000000005c
Event: 44.994 Thread 0x00000154ef006070 Uncommon trap: reason=class_check action=maybe_recompile pc=0x00000154da8144fc method=java.lang.invoke.Invokers$Holder.linkToTargetMethod(Ljava/lang/Object;Ljava/lang/Object;Ljava/lang/Object;Ljava/lang/Object;)Ljava/lang/Object; @ 1 c2
Event: 44.994 Thread 0x00000154ef006070 DEOPT PACKING pc=0x00000154da8144fc sp=0x00000020fbff8e10
Event: 44.994 Thread 0x00000154ef006070 DEOPT UNPACKING pc=0x00000154d9f05ba3 sp=0x00000020fbff8da0 mode 2

Classes unloaded (0 events):
No events

Classes redefined (0 events):
No events

Internal exceptions (20 events):
Event: 36.505 Thread 0x00000154ef006070 Exception <a 'java/lang/NoSuchMethodError'{0x000000008759c588}: static Lorg/jetbrains/kotlin/gradle/plugin/internal/DefaultBasePluginConfigurationVariantFactory;.<clinit>()V> (0x000000008759c588) 
thrown [s\open\src\hotspot\share\prims\jni.cpp, line 1107]
Event: 36.506 Thread 0x00000154ef006070 Exception <a 'java/lang/NoSuchMethodError'{0x00000000875ba500}: static Lorg/jetbrains/kotlin/gradle/plugin/internal/DefaultAttributeConfigurationHelperVariantFactory;.<clinit>()V> (0x00000000875ba500) 
thrown [s\open\src\hotspot\share\prims\jni.cpp, line 1107]
Event: 36.642 Thread 0x00000154ef006070 Exception <a 'java/lang/IncompatibleClassChangeError'{0x00000000871245d0}: Found class java.lang.Object, but interface was expected> (0x00000000871245d0) 
thrown [s\open\src\hotspot\share\interpreter\linkResolver.cpp, line 826]
Event: 39.078 Thread 0x00000154ef006070 Exception <a 'java/lang/ClassNotFoundException'{0x000000008840caa8}: org/jetbrains/kotlin/gradle/targets/js/npm/DefaultNpmDependencyExtensionBeanInfo> (0x000000008840caa8) 
thrown [s\open\src\hotspot\share\classfile\systemDictionary.cpp, line 256]
Event: 39.078 Thread 0x00000154ef006070 Exception <a 'java/lang/ClassNotFoundException'{0x000000008841afe0}: org/jetbrains/kotlin/gradle/targets/js/npm/DefaultNpmDependencyExtensionCustomizer> (0x000000008841afe0) 
thrown [s\open\src\hotspot\share\classfile\systemDictionary.cpp, line 256]
Event: 39.083 Thread 0x00000154ef006070 Exception <a 'java/lang/ClassNotFoundException'{0x00000000884b0f70}: org/jetbrains/kotlin/gradle/targets/js/npm/NpmDependencyExtensionKt$defaultNpmDependencyDelegate$1BeanInfo> (0x00000000884b0f70) 
thrown [s\open\src\hotspot\share\classfile\systemDictionary.cpp, line 256]
Event: 39.083 Thread 0x00000154ef006070 Exception <a 'java/lang/ClassNotFoundException'{0x00000000884c0a28}: org/jetbrains/kotlin/gradle/targets/js/npm/NpmDependencyExtensionDelegateBeanInfo> (0x00000000884c0a28) 
thrown [s\open\src\hotspot\share\classfile\systemDictionary.cpp, line 256]
Event: 39.083 Thread 0x00000154ef006070 Exception <a 'java/lang/ClassNotFoundException'{0x00000000884d0778}: org/jetbrains/kotlin/gradle/targets/js/npm/NpmDependencyExtensionDelegateCustomizer> (0x00000000884d0778) 
thrown [s\open\src\hotspot\share\classfile\systemDictionary.cpp, line 256]
Event: 39.084 Thread 0x00000154ef006070 Exception <a 'java/lang/ClassNotFoundException'{0x00000000884ff8a0}: org/jetbrains/kotlin/gradle/targets/js/npm/NpmDependencyExtensionKt$defaultNpmDependencyDelegate$1Customizer> (0x00000000884ff8a0) 
thrown [s\open\src\hotspot\share\classfile\systemDictionary.cpp, line 256]
Event: 39.086 Thread 0x00000154ef006070 Exception <a 'java/lang/ClassNotFoundException'{0x0000000088340ff8}: org/jetbrains/kotlin/gradle/targets/js/npm/DefaultDevNpmDependencyExtensionBeanInfo> (0x0000000088340ff8) 
thrown [s\open\src\hotspot\share\classfile\systemDictionary.cpp, line 256]
Event: 39.087 Thread 0x00000154ef006070 Exception <a 'java/lang/ClassNotFoundException'{0x000000008834f578}: org/jetbrains/kotlin/gradle/targets/js/npm/DefaultDevNpmDependencyExtensionCustomizer> (0x000000008834f578) 
thrown [s\open\src\hotspot\share\classfile\systemDictionary.cpp, line 256]
Event: 39.089 Thread 0x00000154ef006070 Exception <a 'java/lang/ClassNotFoundException'{0x0000000088398838}: org/jetbrains/kotlin/gradle/targets/js/npm/DefaultPeerNpmDependencyExtensionBeanInfo> (0x0000000088398838) 
thrown [s\open\src\hotspot\share\classfile\systemDictionary.cpp, line 256]
Event: 39.089 Thread 0x00000154ef006070 Exception <a 'java/lang/ClassNotFoundException'{0x00000000883a6de0}: org/jetbrains/kotlin/gradle/targets/js/npm/DefaultPeerNpmDependencyExtensionCustomizer> (0x00000000883a6de0) 
thrown [s\open\src\hotspot\share\classfile\systemDictionary.cpp, line 256]
Event: 39.091 Thread 0x00000154ef006070 Exception <a 'java/lang/ClassNotFoundException'{0x00000000883f8e28}: org/jetbrains/kotlin/gradle/targets/js/npm/DefaultPeerNpmDependencyExtension$delegate$1BeanInfo> (0x00000000883f8e28) 
thrown [s\open\src\hotspot\share\classfile\systemDictionary.cpp, line 256]
Event: 39.091 Thread 0x00000154ef006070 Exception <a 'java/lang/ClassNotFoundException'{0x0000000088207e50}: org/jetbrains/kotlin/gradle/targets/js/npm/DefaultPeerNpmDependencyExtension$delegate$1Customizer> (0x0000000088207e50) 
thrown [s\open\src\hotspot\share\classfile\systemDictionary.cpp, line 256]
Event: 39.098 Thread 0x00000154ef006070 Exception <a 'java/lang/NoSuchMethodError'{0x00000000882bc0a0}: static Lorg/jetbrains/kotlin/gradle/plugin/internal/DefaultIdeaSyncDetector$createIdeaPropertiesEvaluator$1;.<clinit>()V> (0x00000000882bc0a0) 
thrown [s\open\src\hotspot\share\prims\jni.cpp, line 1107]
Event: 39.798 Thread 0x00000154ef006070 Implicit null exception at 0x00000154da7f63b4 to 0x00000154da7f7110
Event: 39.798 Thread 0x00000154ef006070 Implicit null exception at 0x00000154da88bcc8 to 0x00000154da88bf64
Event: 44.819 Thread 0x00000154ef006070 Implicit null exception at 0x00000154da828a79 to 0x00000154da828c61
Event: 44.930 Thread 0x00000154ef006070 Implicit null exception at 0x00000154da4bf491 to 0x00000154da4bf580

VM Operations (20 events):
Event: 42.472 Executing VM operation: Cleanup
Event: 42.472 Executing VM operation: Cleanup done
Event: 42.932 Executing VM operation: G1CollectForAllocation
Event: 42.934 Executing VM operation: G1CollectForAllocation done
Event: 42.963 Executing VM operation: G1Concurrent
Event: 42.970 Executing VM operation: G1Concurrent done
Event: 42.983 Executing VM operation: G1Concurrent
Event: 42.984 Executing VM operation: G1Concurrent done
Event: 43.990 Executing VM operation: Cleanup
Event: 43.990 Executing VM operation: Cleanup done
Event: 44.445 Executing VM operation: G1CollectForAllocation
Event: 44.448 Executing VM operation: G1CollectForAllocation done
Event: 44.601 Executing VM operation: HandshakeAllThreads
Event: 44.601 Executing VM operation: HandshakeAllThreads done
Event: 44.605 Executing VM operation: G1CollectForAllocation
Event: 44.607 Executing VM operation: G1CollectForAllocation done
Event: 45.610 Executing VM operation: Cleanup
Event: 45.610 Executing VM operation: Cleanup done
Event: 46.621 Executing VM operation: Cleanup
Event: 46.621 Executing VM operation: Cleanup done

Events (20 events):
Event: 39.109 Thread 0x00000154ee15ba10 flushing nmethod 0x00000154d3a68110
Event: 39.109 Thread 0x00000154ee15ba10 flushing nmethod 0x00000154d3a6e690
Event: 39.456 Thread 0x00000154ee623890 Thread added: 0x00000154ee623890
Event: 39.602 Thread 0x00000154ee623890 Thread exited: 0x00000154ee623890
Event: 40.296 Thread 0x00000154ee623890 Thread added: 0x00000154ee623890
Event: 40.471 Thread 0x00000154ee623890 Thread exited: 0x00000154ee623890
Event: 42.924 loading class sun/reflect/generics/repository/FieldRepository
Event: 42.924 loading class sun/reflect/generics/repository/FieldRepository done
Event: 42.935 loading class jdk/internal/vm/annotation/ForceInline
Event: 42.936 loading class jdk/internal/vm/annotation/ForceInline done
Event: 42.952 Thread 0x00000154eed715e0 Thread added: 0x00000154eed715e0
Event: 43.017 loading class java/util/regex/Pattern$Caret
Event: 43.017 loading class java/util/regex/Pattern$Caret done
Event: 43.199 Thread 0x00000154eed715e0 Thread exited: 0x00000154eed715e0
Event: 44.638 loading class java/util/stream/ReduceOps$5
Event: 44.638 loading class java/util/stream/ReduceOps$5 done
Event: 44.638 loading class java/util/stream/ReduceOps$CountingSink$OfRef
Event: 44.638 loading class java/util/stream/ReduceOps$CountingSink
Event: 44.638 loading class java/util/stream/ReduceOps$CountingSink done
Event: 44.638 loading class java/util/stream/ReduceOps$CountingSink$OfRef done


Dynamic libraries:
0x00007ff65b350000 - 0x00007ff65b360000 	C:\Program Files\Java\jdk-17\bin\java.exe
0x00007ffc421c0000 - 0x00007ffc42427000 	C:\WINDOWS\SYSTEM32\ntdll.dll
0x00007ffc407f0000 - 0x00007ffc408b9000 	C:\WINDOWS\System32\KERNEL32.DLL
0x00007ffc3faa0000 - 0x00007ffc3fe8f000 	C:\WINDOWS\System32\KERNELBASE.dll
0x00007ffc3f950000 - 0x00007ffc3fa9b000 	C:\WINDOWS\System32\ucrtbase.dll
0x00007ffc0e840000 - 0x00007ffc0e859000 	C:\Program Files\Java\jdk-17\bin\jli.dll
0x00007ffc0ed30000 - 0x00007ffc0ed4b000 	C:\Program Files\Java\jdk-17\bin\VCRUNTIME140.dll
0x00007ffc3ffa0000 - 0x00007ffc40054000 	C:\WINDOWS\System32\ADVAPI32.dll
0x00007ffc41fd0000 - 0x00007ffc42079000 	C:\WINDOWS\System32\msvcrt.dll
0x00007ffc418f0000 - 0x00007ffc41996000 	C:\WINDOWS\System32\sechost.dll
0x00007ffc415f0000 - 0x00007ffc41708000 	C:\WINDOWS\System32\RPCRT4.dll
0x00007ffc41720000 - 0x00007ffc418e5000 	C:\WINDOWS\System32\USER32.dll
0x00007ffc2c9a0000 - 0x00007ffc2cc33000 	C:\WINDOWS\WinSxS\amd64_microsoft.windows.common-controls_6595b64144ccf1df_6.0.26100.7309_none_3e05feeae336a044\COMCTL32.dll
0x00007ffc3f310000 - 0x00007ffc3f337000 	C:\WINDOWS\System32\win32u.dll
0x00007ffc3ff70000 - 0x00007ffc3ff9b000 	C:\WINDOWS\System32\GDI32.dll
0x00007ffc3f790000 - 0x00007ffc3f8bc000 	C:\WINDOWS\System32\gdi32full.dll
0x00007ffc3f630000 - 0x00007ffc3f6d3000 	C:\WINDOWS\System32\msvcp_win.dll
0x00007ffc355a0000 - 0x00007ffc355ab000 	C:\WINDOWS\SYSTEM32\VERSION.dll
0x00007ffc414f0000 - 0x00007ffc41521000 	C:\WINDOWS\System32\IMM32.DLL
0x00007ffc0e820000 - 0x00007ffc0e82c000 	C:\Program Files\Java\jdk-17\bin\vcruntime140_1.dll
0x00007ffbe54f0000 - 0x00007ffbe557e000 	C:\Program Files\Java\jdk-17\bin\msvcp140.dll
0x00007ffb80370000 - 0x00007ffb80f51000 	C:\Program Files\Java\jdk-17\bin\server\jvm.dll
0x00007ffc3ff60000 - 0x00007ffc3ff68000 	C:\WINDOWS\System32\PSAPI.DLL
0x00007ffc30300000 - 0x00007ffc30335000 	C:\WINDOWS\SYSTEM32\WINMM.dll
0x00007ffc0e810000 - 0x00007ffc0e81a000 	C:\WINDOWS\SYSTEM32\WSOCK32.dll
0x00007ffc42100000 - 0x00007ffc42174000 	C:\WINDOWS\System32\WS2_32.dll
0x00007ffc3e1c0000 - 0x00007ffc3e1db000 	C:\WINDOWS\SYSTEM32\kernel.appcore.dll
0x00007ffc0c700000 - 0x00007ffc0c70a000 	C:\Program Files\Java\jdk-17\bin\jimage.dll
0x00007ffc3ca40000 - 0x00007ffc3cc82000 	C:\WINDOWS\SYSTEM32\DBGHELP.DLL
0x00007ffc40060000 - 0x00007ffc403e5000 	C:\WINDOWS\System32\combase.dll
0x00007ffc41040000 - 0x00007ffc41116000 	C:\WINDOWS\System32\OLEAUT32.dll
0x00007ffc1a530000 - 0x00007ffc1a56c000 	C:\WINDOWS\SYSTEM32\dbgcore.DLL
0x00007ffc3f6e0000 - 0x00007ffc3f785000 	C:\WINDOWS\System32\bcryptPrimitives.dll
0x00007ffc31150000 - 0x00007ffc3115e000 	C:\Program Files\Java\jdk-17\bin\instrument.dll
0x00007ffc09320000 - 0x00007ffc09345000 	C:\Program Files\Java\jdk-17\bin\java.dll
0x00007ffba1fd0000 - 0x00007ffba20a7000 	C:\Program Files\Java\jdk-17\bin\jsvml.dll
0x00007ffc408c0000 - 0x00007ffc41013000 	C:\WINDOWS\System32\SHELL32.dll
0x00007ffc3f4c0000 - 0x00007ffc3f62a000 	C:\WINDOWS\System32\wintypes.dll
0x00007ffc3cf10000 - 0x00007ffc3d76e000 	C:\WINDOWS\SYSTEM32\windows.storage.dll
0x00007ffc41e60000 - 0x00007ffc41f55000 	C:\WINDOWS\System32\SHCORE.dll
0x00007ffc41380000 - 0x00007ffc413e6000 	C:\WINDOWS\System32\shlwapi.dll
0x00007ffc3f230000 - 0x00007ffc3f259000 	C:\WINDOWS\SYSTEM32\profapi.dll
0x00007ffc0c200000 - 0x00007ffc0c218000 	C:\Program Files\Java\jdk-17\bin\zip.dll
0x00007ffc0b610000 - 0x00007ffc0b629000 	C:\Program Files\Java\jdk-17\bin\net.dll
0x00007ffc35250000 - 0x00007ffc35378000 	C:\WINDOWS\SYSTEM32\WINHTTP.dll
0x00007ffc3e750000 - 0x00007ffc3e7bb000 	C:\WINDOWS\system32\mswsock.dll
0x00007ffc07fc0000 - 0x00007ffc07fd6000 	C:\Program Files\Java\jdk-17\bin\nio.dll
0x00007ffc0c680000 - 0x00007ffc0c690000 	C:\Program Files\Java\jdk-17\bin\verify.dll
0x00007ffc09d60000 - 0x00007ffc09d87000 	E:\Download\gradle-8.5\native\1def1411415f61bf3af743bc5b6707747c0891f09f0c88961ee8f79bc544acac\windows-amd64\native-platform.dll
0x00007ffc08ae0000 - 0x00007ffc08b58000 	E:\Download\gradle-8.5\native\0.2.7\x86_64-windows-gnu\gradle-fileevents.dll
0x00007ffc2df30000 - 0x00007ffc2df3a000 	C:\Program Files\Java\jdk-17\bin\management.dll
0x00007ffc2df20000 - 0x00007ffc2df2b000 	C:\Program Files\Java\jdk-17\bin\management_ext.dll
0x00007ffc3db60000 - 0x00007ffc3db94000 	C:\WINDOWS\SYSTEM32\IPHLPAPI.DLL
0x00007ffc41710000 - 0x00007ffc4171a000 	C:\WINDOWS\System32\NSI.dll
0x00007ffc35160000 - 0x00007ffc3517e000 	C:\WINDOWS\SYSTEM32\dhcpcsvc6.DLL
0x00007ffc35130000 - 0x00007ffc35153000 	C:\WINDOWS\SYSTEM32\dhcpcsvc.DLL
0x00007ffc3dc00000 - 0x00007ffc3dd2c000 	C:\WINDOWS\SYSTEM32\DNSAPI.dll
0x00007ffc3ea10000 - 0x00007ffc3ea2b000 	C:\WINDOWS\SYSTEM32\CRYPTSP.dll
0x00007ffc3e120000 - 0x00007ffc3e15a000 	C:\WINDOWS\system32\rsaenh.dll
0x00007ffc3e800000 - 0x00007ffc3e82b000 	C:\WINDOWS\SYSTEM32\USERENV.dll
0x00007ffc3f200000 - 0x00007ffc3f22a000 	C:\WINDOWS\SYSTEM32\bcrypt.dll
0x00007ffc3ea30000 - 0x00007ffc3ea3c000 	C:\WINDOWS\SYSTEM32\CRYPTBASE.dll
0x00007ffc31140000 - 0x00007ffc3114e000 	C:\Program Files\Java\jdk-17\bin\sunmscapi.dll
0x00007ffc3f340000 - 0x00007ffc3f4b7000 	C:\WINDOWS\System32\CRYPT32.dll
0x00007ffc3ec30000 - 0x00007ffc3ec60000 	C:\WINDOWS\SYSTEM32\ncrypt.dll
0x00007ffc3ebe0000 - 0x00007ffc3ec1f000 	C:\WINDOWS\SYSTEM32\NTASN1.dll
0x00007ffc346b0000 - 0x00007ffc346b8000 	C:\WINDOWS\system32\wshunix.dll

dbghelp: loaded successfully - version: 4.0.5 - missing functions: none
symbol engine: initialized successfully - sym options: 0x614 - pdb path: .;C:\Program Files\Java\jdk-17\bin;C:\WINDOWS\SYSTEM32;C:\WINDOWS\WinSxS\amd64_microsoft.windows.common-controls_6595b64144ccf1df_6.0.26100.7309_none_3e05feeae336a044;C:\Program Files\Java\jdk-17\bin\server;E:\Download\gradle-8.5\native\1def1411415f61bf3af743bc5b6707747c0891f09f0c88961ee8f79bc544acac\windows-amd64;E:\Download\gradle-8.5\native\0.2.7\x86_64-windows-gnu

VM Arguments:
jvm_args: --add-opens=java.base/java.lang=ALL-UNNAMED --add-opens=java.base/java.lang.invoke=ALL-UNNAMED --add-opens=java.base/java.util=ALL-UNNAMED --add-opens=java.prefs/java.util.prefs=ALL-UNNAMED --add-exports=jdk.compiler/com.sun.tools.javac.api=ALL-UNNAMED --add-exports=jdk.compiler/com.sun.tools.javac.util=ALL-UNNAMED --add-opens=java.base/java.util=ALL-UNNAMED --add-opens=java.prefs/java.util.prefs=ALL-UNNAMED --add-opens=java.base/java.nio.charset=ALL-UNNAMED --add-opens=java.base/java.net=ALL-UNNAMED --add-opens=java.base/java.util.concurrent.atomic=ALL-UNNAMED --add-opens=java.xml/javax.xml.namespace=ALL-UNNAMED -Xmx2048m -Dfile.encoding=UTF-8 -Duser.country=US -Duser.language=en -Duser.variant -javaagent:E:\Download\gradle-8.5\wrapper\dists\gradle-8.13-bin\5xuhj0ry160q40clulazy9h7d\gradle-8.13\lib\agents\gradle-instrumentation-agent-8.13.jar 
java_command: org.gradle.launcher.daemon.bootstrap.GradleDaemon 8.13
java_class_path (initial): E:\Download\gradle-8.5\wrapper\dists\gradle-8.13-bin\5xuhj0ry160q40clulazy9h7d\gradle-8.13\lib\gradle-daemon-main-8.13.jar
Launcher Type: SUN_STANDARD

[Global flags]
     intx CICompilerCount                          = 4                                         {product} {ergonomic}
     uint ConcGCThreads                            = 3                                         {product} {ergonomic}
     uint G1ConcRefinementThreads                  = 10                                        {product} {ergonomic}
   size_t G1HeapRegionSize                         = 1048576                                   {product} {ergonomic}
    uintx GCDrainStackTargetSize                   = 64                                        {product} {ergonomic}
   size_t InitialHeapSize                          = 266338304                                 {product} {ergonomic}
   size_t MarkStackSize                            = 4194304                                   {product} {ergonomic}
   size_t MaxHeapSize                              = 2147483648                                {product} {command line}
   size_t MaxNewSize                               = 1287651328                                {product} {ergonomic}
   size_t MinHeapDeltaBytes                        = 1048576                                   {product} {ergonomic}
   size_t MinHeapSize                              = 8388608                                   {product} {ergonomic}
    uintx NonNMethodCodeHeapSize                   = 5839372                                {pd product} {ergonomic}
    uintx NonProfiledCodeHeapSize                  = 122909434                              {pd product} {ergonomic}
    uintx ProfiledCodeHeapSize                     = 122909434                              {pd product} {ergonomic}
    uintx ReservedCodeCacheSize                    = 251658240                              {pd product} {ergonomic}
     bool SegmentedCodeCache                       = true                                      {product} {ergonomic}
   size_t SoftMaxHeapSize                          = 2147483648                             {manageable} {ergonomic}
     bool UseCompressedClassPointers               = true                           {product lp64_product} {ergonomic}
     bool UseCompressedOops                        = true                           {product lp64_product} {ergonomic}
     bool UseG1GC                                  = true                                      {product} {ergonomic}
     bool UseLargePagesIndividualAllocation        = false                                  {pd product} {ergonomic}

Logging:
Log output configuration:
 #0: stdout all=warning uptime,level,tags
 #1: stderr all=off uptime,level,tags

Environment Variables:
PATH=C:\Program Files\Common Files\Oracle\Java\javapath;C:\Program Files (x86)\VMware\VMware Workstation\bin\;C:\Windows\system32;C:\Windows;C:\Windows\System32\Wbem;C:\Windows\System32\WindowsPowerShell\v1.0\;C:\Windows\System32\OpenSSH\;C:\Program Files (x86)\Microsoft SQL Server\160\Tools\Binn\;C:\Program Files\Microsoft SQL Server\160\Tools\Binn\;C:\Program Files\Microsoft SQL Server\Client SDK\ODBC\170\Tools\Binn\;C:\Program Files\Microsoft SQL Server\160\DTS\Binn\;C:\Program Files (x86)\Microsoft SQL Server\160\DTS\Binn\;C:\Program Files\Azure Data Studio\bin;C:\WINDOWS\system32;C:\WINDOWS;C:\WINDOWS\System32\Wbem;C:\WINDOWS\System32\WindowsPowerShell\v1.0\;C:\WINDOWS\System32\OpenSSH\;C:\Program Files\nodejs\;C:\Program Files\Microsoft SQL Server\150\Tools\Binn\;C:\Program Files (x86)\NVIDIA Corporation\PhysX\Common;C:\Flutter\flutter\bin;C:\vscode\Microsoft VS Code;C:\Program Files\Git\cmd;C:\Program Files\dotnet\;C:\Program Files (x86)\Windows Kits\10\Windows Performance Toolkit\;C:\Program Files\Cloudflare\Cloudflare WARP\;C:\Composer;;C:\Program Files\NVIDIA Corporation\NVIDIA App\NvDLISR;$newPath;C:\Users\MINH KHA\AppData\Local\Programs\Microsoft VS Code\bin;C:\Users\MINH KHA\.dotnet\tools;C:\Users\MINH KHA\AppData\Roaming\Composer\vendor\bin;C:\Composer;C:\PhP;C:\Android_studio\platform-tools;
USERNAME=MINH KHA
OS=Windows_NT
PROCESSOR_IDENTIFIER=Intel64 Family 6 Model 141 Stepping 1, GenuineIntel



---------------  S Y S T E M  ---------------

OS:
 Windows 11 , 64 bit Build 26100 (10.0.26100.7309)
OS uptime: 0 days 1:20 hours
Hyper-V role detected

CPU: total 12 (initial active 12) (6 cores per cpu, 2 threads per core) family 6 model 141 stepping 1 microcode 0x3c, cx8, cmov, fxsr, ht, mmx, 3dnowpref, sse, sse2, sse3, ssse3, sse4.1, sse4.2, popcnt, lzcnt, tsc, tscinvbit, avx, avx2, aes, erms, clmul, bmi1, bmi2, adx, avx512f, avx512dq, avx512cd, avx512bw, avx512vl, sha, fma, vzeroupper, avx512_vpopcntdq, avx512_vpclmulqdq, avx512_vaes, avx512_vnni, clflush, clflushopt, clwb, avx512_vbmi2, avx512_vbmi, hv

Memory: 4k page, system-wide physical 16163M (4202M free)
TotalPageFile size 17443M (AvailPageFile size 9M)
current process WorkingSet (physical memory assigned to process): 418M, peak: 421M
current process commit charge ("private bytes"): 471M, peak: 473M

vm_info: Java HotSpot(TM) 64-Bit Server VM (17.0.9+11-LTS-201) for windows-amd64 JRE (17.0.9+11-LTS-201), built on Oct 10 2023 23:16:06 by "mach5one" with MS VC++ 17.1 (VS2022)

END.
