#
# There is insufficient memory for the Java Runtime Environment to continue.
# Native memory allocation (malloc) failed to allocate 1379696 bytes for Chunk::new
# Possible reasons:
#   The system is out of physical RAM or swap space
#   The process is running with CompressedOops enabled, and the Java Heap may be blocking the growth of the native heap
# Possible solutions:
#   Reduce memory load on the system
#   Increase physical memory or swap space
#   Check if swap backing store is full
#   Decrease Java heap size (-Xmx/-Xms)
#   Decrease number of Java threads
#   Decrease Java thread stack sizes (-Xss)
#   Set larger code cache with -XX:ReservedCodeCacheSize=
#   JVM is running with Unscaled Compressed Oops mode in which the Java heap is
#     placed in the first 4GB address space. The Java Heap base address is the
#     maximum limit for the native heap growth. Please use -XX:HeapBaseMinAddress
#     to set the Java Heap base and to place the Java Heap above 4GB virtual address.
# This output file may be truncated or incomplete.
#
#  Out of Memory Error (arena.cpp:189), pid=17700, tid=20464
#
# JRE version: Java(TM) SE Runtime Environment (17.0.9+11) (build 17.0.9+11-LTS-201)
# Java VM: Java HotSpot(TM) 64-Bit Server VM (17.0.9+11-LTS-201, mixed mode, sharing, tiered, compressed oops, compressed class ptrs, g1 gc, windows-amd64)
# No core dump will be written. Minidumps are not enabled by default on client versions of Windows
#

---------------  S U M M A R Y ------------

Command Line: --add-opens=java.base/java.lang=ALL-UNNAMED --add-opens=java.base/java.lang.invoke=ALL-UNNAMED --add-opens=java.base/java.util=ALL-UNNAMED --add-opens=java.prefs/java.util.prefs=ALL-UNNAMED --add-exports=jdk.compiler/com.sun.tools.javac.api=ALL-UNNAMED --add-exports=jdk.compiler/com.sun.tools.javac.util=ALL-UNNAMED --add-opens=java.base/java.util=ALL-UNNAMED --add-opens=java.prefs/java.util.prefs=ALL-UNNAMED --add-opens=java.base/java.nio.charset=ALL-UNNAMED --add-opens=java.base/java.net=ALL-UNNAMED --add-opens=java.base/java.util.concurrent.atomic=ALL-UNNAMED --add-opens=java.xml/javax.xml.namespace=ALL-UNNAMED -Xmx2048m -Dfile.encoding=UTF-8 -Duser.country=US -Duser.language=en -Duser.variant -javaagent:E:\Download\gradle-8.5\wrapper\dists\gradle-8.13-bin\5xuhj0ry160q40clulazy9h7d\gradle-8.13\lib\agents\gradle-instrumentation-agent-8.13.jar org.gradle.launcher.daemon.bootstrap.GradleDaemon 8.13

Host: 11th Gen Intel(R) Core(TM) i5-11400H @ 2.70GHz, 12 cores, 15G,  Windows 11 , 64 bit Build 26100 (10.0.26100.7309)
Time: Tue Jan 13 21:29:06 2026 SE Asia Standard Time elapsed time: 41.102190 seconds (0d 0h 0m 41s)

---------------  T H R E A D  ---------------

Current thread (0x0000027e8013dce0):  JavaThread "C2 CompilerThread0" daemon [_thread_in_native, id=20464, stack(0x0000009111400000,0x0000009111500000)]


Current CompileTask:
C2:  41102 9225 %     4       org.gradle.internal.instantiation.generator.AbstractClassGenerator::inspectType @ 292 (602 bytes)

Stack: [0x0000009111400000,0x0000009111500000]
Native frames: (J=compiled Java code, j=interpreted, Vv=VM code, C=native code)
V  [jvm.dll+0x678a4a]
V  [jvm.dll+0x7d9cfd]
V  [jvm.dll+0x7db60e]
V  [jvm.dll+0x7dbc73]
V  [jvm.dll+0x245e1f]
V  [jvm.dll+0xaaafb]
V  [jvm.dll+0xab09c]
V  [jvm.dll+0x36232f]
V  [jvm.dll+0x32ca01]
V  [jvm.dll+0x32be9a]
V  [jvm.dll+0x21812f]
V  [jvm.dll+0x217561]
V  [jvm.dll+0x1a3bc0]
V  [jvm.dll+0x2272de]
V  [jvm.dll+0x22548b]
V  [jvm.dll+0x78f58c]
V  [jvm.dll+0x78998a]
V  [jvm.dll+0x677875]
C  [ucrtbase.dll+0x37b0]
C  [KERNEL32.DLL+0x2e8d7]
C  [ntdll.dll+0x8c53c]


---------------  P R O C E S S  ---------------

Threads class SMR info:
_java_thread_list=0x0000027eca177c90, length=91, elements={
0x0000027ee1a52e20, 0x0000027e8011f240, 0x0000027e8011f920, 0x0000027e80136610,
0x0000027e80138b00, 0x0000027e80138fe0, 0x0000027e801394c0, 0x0000027e8013dce0,
0x0000027e801482d0, 0x0000027e80158800, 0x0000027effcacc80, 0x0000027e80336c90,
0x0000027ec677a180, 0x0000027e803afed0, 0x0000027e804f7f80, 0x0000027ec62939d0,
0x0000027ec6afb300, 0x0000027ec60a98d0, 0x0000027ec60a89a0, 0x0000027ec60a9de0,
0x0000027ec60abc40, 0x0000027ec60a93c0, 0x0000027ec60a8eb0, 0x0000027ec60ab220,
0x0000027ec60aa2f0, 0x0000027ec60aad10, 0x0000027ec60ab730, 0x0000027ec60a8490,
0x0000027ec6450d10, 0x0000027ec6452660, 0x0000027ec644fde0, 0x0000027ec6451220,
0x0000027ec644eeb0, 0x0000027ec6451c40, 0x0000027ec6452150, 0x0000027ec6451730,
0x0000027ec644f8d0, 0x0000027ec644f3c0, 0x0000027ec64502f0, 0x0000027ec6453080,
0x0000027ec6453590, 0x0000027ec6453aa0, 0x0000027ec6453fb0, 0x0000027ec6450800,
0x0000027ec6454ee0, 0x0000027ec64553f0, 0x0000027ec6455e10, 0x0000027ec6456320,
0x0000027ec64549d0, 0x0000027ec6455900, 0x0000027ec6456830, 0x0000027ecaa237a0,
0x0000027ecaa22d80, 0x0000027ecaa22360, 0x0000027ecaa21430, 0x0000027ecaa21e50,
0x0000027ecaa22870, 0x0000027ecaa23290, 0x0000027ecaa1fff0, 0x0000027ecaa23cb0,
0x0000027ecaa20500, 0x0000027ecaa241c0, 0x0000027ecaa20a10, 0x0000027ecaa250f0,
0x0000027ecaa25600, 0x0000027ecaa24be0, 0x0000027ecaa27460, 0x0000027ecaa25b10,
0x0000027ecaa26020, 0x0000027ecaa26a40, 0x0000027ecaa26530, 0x0000027ecaa27970,
0x0000027ecaa246d0, 0x0000027ecaa26f50, 0x0000027ec892e770, 0x0000027ec892b4d0,
0x0000027ec892d840, 0x0000027ec892afc0, 0x0000027ec892ec80, 0x0000027ec892c400,
0x0000027ec892c910, 0x0000027ec892e260, 0x0000027ec892dd50, 0x0000027ec892ce20,
0x0000027ec892bef0, 0x0000027ec892f190, 0x0000027ec892b9e0, 0x0000027ec892f6a0,
0x0000027ec892fbb0, 0x0000027ec8930ae0, 0x0000027ec89300c0
}

Java Threads: ( => current thread )
  0x0000027ee1a52e20 JavaThread "main" [_thread_blocked, id=21400, stack(0x0000009110700000,0x0000009110800000)]
  0x0000027e8011f240 JavaThread "Reference Handler" daemon [_thread_blocked, id=20456, stack(0x0000009110e00000,0x0000009110f00000)]
  0x0000027e8011f920 JavaThread "Finalizer" daemon [_thread_blocked, id=1512, stack(0x0000009110f00000,0x0000009111000000)]
  0x0000027e80136610 JavaThread "Signal Dispatcher" daemon [_thread_blocked, id=13148, stack(0x0000009111000000,0x0000009111100000)]
  0x0000027e80138b00 JavaThread "Attach Listener" daemon [_thread_blocked, id=6732, stack(0x0000009111100000,0x0000009111200000)]
  0x0000027e80138fe0 JavaThread "Service Thread" daemon [_thread_blocked, id=21248, stack(0x0000009111200000,0x0000009111300000)]
  0x0000027e801394c0 JavaThread "Monitor Deflation Thread" daemon [_thread_blocked, id=17816, stack(0x0000009111300000,0x0000009111400000)]
=>0x0000027e8013dce0 JavaThread "C2 CompilerThread0" daemon [_thread_in_native, id=20464, stack(0x0000009111400000,0x0000009111500000)]
  0x0000027e801482d0 JavaThread "C1 CompilerThread0" daemon [_thread_blocked, id=13892, stack(0x0000009111500000,0x0000009111600000)]
  0x0000027e80158800 JavaThread "Sweeper thread" daemon [_thread_blocked, id=19796, stack(0x0000009111600000,0x0000009111700000)]
  0x0000027effcacc80 JavaThread "Common-Cleaner" daemon [_thread_blocked, id=6576, stack(0x0000009111700000,0x0000009111800000)]
  0x0000027e80336c90 JavaThread "Notification Thread" daemon [_thread_blocked, id=17768, stack(0x0000009111800000,0x0000009111900000)]
  0x0000027ec677a180 JavaThread "Daemon health stats" [_thread_blocked, id=20052, stack(0x0000009111f00000,0x0000009112000000)]
  0x0000027e803afed0 JavaThread "Incoming local TCP Connector on port 52685" [_thread_in_native, id=21316, stack(0x0000009112100000,0x0000009112200000)]
  0x0000027e804f7f80 JavaThread "Daemon periodic checks" [_thread_blocked, id=2092, stack(0x0000009112200000,0x0000009112300000)]
  0x0000027ec62939d0 JavaThread "Daemon" [_thread_blocked, id=19036, stack(0x0000009112300000,0x0000009112400000)]
  0x0000027ec6afb300 JavaThread "Handler for socket connection from /127.0.0.1:52685 to /127.0.0.1:52686" [_thread_in_native, id=13948, stack(0x0000009112400000,0x0000009112500000)]
  0x0000027ec60a98d0 JavaThread "Cancel handler" [_thread_blocked, id=8660, stack(0x0000009112500000,0x0000009112600000)]
  0x0000027ec60a89a0 JavaThread "Daemon worker" [_thread_in_vm, id=20276, stack(0x0000009112600000,0x0000009112700000)]
  0x0000027ec60a9de0 JavaThread "Asynchronous log dispatcher for DefaultDaemonConnection: socket connection from /127.0.0.1:52685 to /127.0.0.1:52686" [_thread_blocked, id=19772, stack(0x0000009112700000,0x0000009112800000)]
  0x0000027ec60abc40 JavaThread "Stdin handler" [_thread_blocked, id=19356, stack(0x0000009112800000,0x0000009112900000)]
  0x0000027ec60a93c0 JavaThread "Daemon client event forwarder" [_thread_blocked, id=12584, stack(0x0000009112900000,0x0000009112a00000)]
  0x0000027ec60a8eb0 JavaThread "Cache worker for journal cache (E:\Download\gradle-8.5\caches\journal-1)" [_thread_blocked, id=20560, stack(0x0000009112000000,0x0000009112100000)]
  0x0000027ec60ab220 JavaThread "File lock request listener" [_thread_in_native, id=6208, stack(0x0000009112a00000,0x0000009112b00000)]
  0x0000027ec60aa2f0 JavaThread "Cache worker for file hash cache (E:\Download\gradle-8.5\caches\8.13\fileHashes)" [_thread_blocked, id=16512, stack(0x0000009112b00000,0x0000009112c00000)]
  0x0000027ec60aad10 JavaThread "Cache worker for file hash cache (D:\DoAnDiDongKha\MusicRelaxApp\.gradle\8.13\fileHashes)" [_thread_blocked, id=9720, stack(0x0000009112c00000,0x0000009112d00000)]
  0x0000027ec60ab730 JavaThread "Cache worker for Build Output Cleanup Cache (D:\DoAnDiDongKha\MusicRelaxApp\.gradle\buildOutputCleanup)" [_thread_blocked, id=21120, stack(0x0000009112d00000,0x0000009112e00000)]
  0x0000027ec60a8490 JavaThread "File watcher server" daemon [_thread_in_native, id=9588, stack(0x0000009112e00000,0x0000009112f00000)]
  0x0000027ec6450d10 JavaThread "File watcher consumer" daemon [_thread_blocked, id=13400, stack(0x0000009113500000,0x0000009113600000)]
  0x0000027ec6452660 JavaThread "jar transforms" [_thread_blocked, id=2660, stack(0x0000009113600000,0x0000009113700000)]
  0x0000027ec644fde0 JavaThread "jar transforms Thread 2" [_thread_blocked, id=3676, stack(0x0000009113700000,0x0000009113800000)]
  0x0000027ec6451220 JavaThread "Cache worker for checksums cache (D:\DoAnDiDongKha\MusicRelaxApp\.gradle\8.13\checksums)" [_thread_blocked, id=19916, stack(0x0000009113a00000,0x0000009113b00000)]
  0x0000027ec644eeb0 JavaThread "Cache worker for file content cache (E:\Download\gradle-8.5\caches\8.13\fileContent)" [_thread_blocked, id=20852, stack(0x0000009113b00000,0x0000009113c00000)]
  0x0000027ec6451c40 JavaThread "jar transforms Thread 3" [_thread_blocked, id=5568, stack(0x0000009113c00000,0x0000009113d00000)]
  0x0000027ec6452150 JavaThread "Cache worker for cache directory md-supplier (E:\Download\gradle-8.5\caches\8.13\md-supplier)" [_thread_blocked, id=12940, stack(0x0000009113900000,0x0000009113a00000)]
  0x0000027ec6451730 JavaThread "Cache worker for cache directory md-rule (E:\Download\gradle-8.5\caches\8.13\md-rule)" [_thread_blocked, id=14716, stack(0x0000009113800000,0x0000009113900000)]
  0x0000027ec644f8d0 JavaThread "Unconstrained build operations" [_thread_blocked, id=17540, stack(0x0000009113d00000,0x0000009113e00000)]
  0x0000027ec644f3c0 JavaThread "Unconstrained build operations Thread 2" [_thread_blocked, id=5396, stack(0x0000009113e00000,0x0000009113f00000)]
  0x0000027ec64502f0 JavaThread "Unconstrained build operations Thread 3" [_thread_blocked, id=11756, stack(0x0000009113f00000,0x0000009114000000)]
  0x0000027ec6453080 JavaThread "Unconstrained build operations Thread 4" [_thread_blocked, id=18524, stack(0x0000009114000000,0x0000009114100000)]
  0x0000027ec6453590 JavaThread "Unconstrained build operations Thread 5" [_thread_blocked, id=19864, stack(0x0000009114100000,0x0000009114200000)]
  0x0000027ec6453aa0 JavaThread "Unconstrained build operations Thread 6" [_thread_blocked, id=18652, stack(0x0000009114300000,0x0000009114400000)]
  0x0000027ec6453fb0 JavaThread "Unconstrained build operations Thread 7" [_thread_blocked, id=4008, stack(0x0000009114400000,0x0000009114500000)]
  0x0000027ec6450800 JavaThread "Unconstrained build operations Thread 8" [_thread_blocked, id=6220, stack(0x0000009114500000,0x0000009114600000)]
  0x0000027ec6454ee0 JavaThread "Unconstrained build operations Thread 9" [_thread_blocked, id=20224, stack(0x0000009114600000,0x0000009114700000)]
  0x0000027ec64553f0 JavaThread "Unconstrained build operations Thread 10" [_thread_blocked, id=15624, stack(0x0000009114700000,0x0000009114800000)]
  0x0000027ec6455e10 JavaThread "jar transforms Thread 4" [_thread_blocked, id=16756, stack(0x0000009114200000,0x0000009114300000)]
  0x0000027ec6456320 JavaThread "jar transforms Thread 5" [_thread_blocked, id=21208, stack(0x0000009114800000,0x0000009114900000)]
  0x0000027ec64549d0 JavaThread "Unconstrained build operations Thread 11" [_thread_blocked, id=16740, stack(0x0000009114900000,0x0000009114a00000)]
  0x0000027ec6455900 JavaThread "Unconstrained build operations Thread 12" [_thread_blocked, id=3044, stack(0x0000009114a00000,0x0000009114b00000)]
  0x0000027ec6456830 JavaThread "Unconstrained build operations Thread 13" [_thread_blocked, id=1624, stack(0x0000009114b00000,0x0000009114c00000)]
  0x0000027ecaa237a0 JavaThread "Unconstrained build operations Thread 14" [_thread_blocked, id=17552, stack(0x0000009114c00000,0x0000009114d00000)]
  0x0000027ecaa22d80 JavaThread "Unconstrained build operations Thread 15" [_thread_blocked, id=2636, stack(0x0000009114d00000,0x0000009114e00000)]
  0x0000027ecaa22360 JavaThread "jar transforms Thread 6" [_thread_blocked, id=3636, stack(0x0000009114e00000,0x0000009114f00000)]
  0x0000027ecaa21430 JavaThread "jar transforms Thread 7" [_thread_blocked, id=21044, stack(0x0000009114f00000,0x0000009115000000)]
  0x0000027ecaa21e50 JavaThread "jar transforms Thread 8" [_thread_blocked, id=8280, stack(0x0000009115000000,0x0000009115100000)]
  0x0000027ecaa22870 JavaThread "Unconstrained build operations Thread 16" [_thread_blocked, id=4056, stack(0x0000009115100000,0x0000009115200000)]
  0x0000027ecaa23290 JavaThread "Unconstrained build operations Thread 17" [_thread_blocked, id=18920, stack(0x0000009115200000,0x0000009115300000)]
  0x0000027ecaa1fff0 JavaThread "Unconstrained build operations Thread 18" [_thread_blocked, id=17632, stack(0x0000009115300000,0x0000009115400000)]
  0x0000027ecaa23cb0 JavaThread "Unconstrained build operations Thread 19" [_thread_blocked, id=11480, stack(0x0000009115400000,0x0000009115500000)]
  0x0000027ecaa20500 JavaThread "Unconstrained build operations Thread 20" [_thread_blocked, id=19360, stack(0x0000009115500000,0x0000009115600000)]
  0x0000027ecaa241c0 JavaThread "Unconstrained build operations Thread 21" [_thread_blocked, id=20684, stack(0x0000009115600000,0x0000009115700000)]
  0x0000027ecaa20a10 JavaThread "Unconstrained build operations Thread 22" [_thread_blocked, id=10816, stack(0x0000009115700000,0x0000009115800000)]
  0x0000027ecaa250f0 JavaThread "Unconstrained build operations Thread 23" [_thread_blocked, id=3688, stack(0x0000009115800000,0x0000009115900000)]
  0x0000027ecaa25600 JavaThread "Unconstrained build operations Thread 24" [_thread_blocked, id=9312, stack(0x0000009115900000,0x0000009115a00000)]
  0x0000027ecaa24be0 JavaThread "Unconstrained build operations Thread 25" [_thread_blocked, id=2288, stack(0x0000009115a00000,0x0000009115b00000)]
  0x0000027ecaa27460 JavaThread "Unconstrained build operations Thread 26" [_thread_blocked, id=6068, stack(0x0000009115b00000,0x0000009115c00000)]
  0x0000027ecaa25b10 JavaThread "Unconstrained build operations Thread 27" [_thread_blocked, id=10208, stack(0x0000009115c00000,0x0000009115d00000)]
  0x0000027ecaa26020 JavaThread "Unconstrained build operations Thread 28" [_thread_blocked, id=20612, stack(0x0000009115d00000,0x0000009115e00000)]
  0x0000027ecaa26a40 JavaThread "Unconstrained build operations Thread 29" [_thread_blocked, id=6764, stack(0x0000009115e00000,0x0000009115f00000)]
  0x0000027ecaa26530 JavaThread "Unconstrained build operations Thread 30" [_thread_blocked, id=4576, stack(0x0000009115f00000,0x0000009116000000)]
  0x0000027ecaa27970 JavaThread "Unconstrained build operations Thread 31" [_thread_blocked, id=11548, stack(0x0000009116000000,0x0000009116100000)]
  0x0000027ecaa246d0 JavaThread "Unconstrained build operations Thread 32" [_thread_blocked, id=14844, stack(0x0000009116100000,0x0000009116200000)]
  0x0000027ecaa26f50 JavaThread "Unconstrained build operations Thread 33" [_thread_blocked, id=12020, stack(0x0000009116200000,0x0000009116300000)]
  0x0000027ec892e770 JavaThread "Unconstrained build operations Thread 34" [_thread_blocked, id=7404, stack(0x0000009116300000,0x0000009116400000)]
  0x0000027ec892b4d0 JavaThread "Unconstrained build operations Thread 35" [_thread_blocked, id=17604, stack(0x0000009116400000,0x0000009116500000)]
  0x0000027ec892d840 JavaThread "Unconstrained build operations Thread 36" [_thread_blocked, id=13824, stack(0x0000009116500000,0x0000009116600000)]
  0x0000027ec892afc0 JavaThread "Unconstrained build operations Thread 37" [_thread_blocked, id=3276, stack(0x0000009116600000,0x0000009116700000)]
  0x0000027ec892ec80 JavaThread "Unconstrained build operations Thread 38" [_thread_blocked, id=9156, stack(0x0000009116800000,0x0000009116900000)]
  0x0000027ec892c400 JavaThread "Unconstrained build operations Thread 39" [_thread_blocked, id=14004, stack(0x0000009116900000,0x0000009116a00000)]
  0x0000027ec892c910 JavaThread "Unconstrained build operations Thread 40" [_thread_blocked, id=8308, stack(0x0000009116a00000,0x0000009116b00000)]
  0x0000027ec892e260 JavaThread "Unconstrained build operations Thread 41" [_thread_blocked, id=17904, stack(0x0000009116b00000,0x0000009116c00000)]
  0x0000027ec892dd50 JavaThread "Unconstrained build operations Thread 42" [_thread_blocked, id=8976, stack(0x0000009116c00000,0x0000009116d00000)]
  0x0000027ec892ce20 JavaThread "Unconstrained build operations Thread 43" [_thread_blocked, id=1800, stack(0x0000009116d00000,0x0000009116e00000)]
  0x0000027ec892bef0 JavaThread "Unconstrained build operations Thread 44" [_thread_blocked, id=13868, stack(0x0000009116e00000,0x0000009116f00000)]
  0x0000027ec892f190 JavaThread "Unconstrained build operations Thread 45" [_thread_blocked, id=8864, stack(0x0000009116f00000,0x0000009117000000)]
  0x0000027ec892b9e0 JavaThread "Unconstrained build operations Thread 46" [_thread_blocked, id=20048, stack(0x0000009117000000,0x0000009117100000)]
  0x0000027ec892f6a0 JavaThread "Unconstrained build operations Thread 47" [_thread_blocked, id=6568, stack(0x0000009117100000,0x0000009117200000)]
  0x0000027ec892fbb0 JavaThread "Unconstrained build operations Thread 48" [_thread_blocked, id=20536, stack(0x0000009117200000,0x0000009117300000)]
  0x0000027ec8930ae0 JavaThread "build event listener" [_thread_blocked, id=5116, stack(0x0000009116700000,0x0000009116800000)]
  0x0000027ec89300c0 JavaThread "Memory manager" [_thread_blocked, id=20672, stack(0x0000009117500000,0x0000009117600000)]

Other Threads:
  0x0000027e8011abe0 VMThread "VM Thread" [stack: 0x0000009110d00000,0x0000009110e00000] [id=10300]
  0x0000027ee1a53bb0 WatcherThread [stack: 0x0000009111900000,0x0000009111a00000] [id=8872]
  0x0000027ee1ab1aa0 GCTaskThread "GC Thread#0" [stack: 0x0000009110800000,0x0000009110900000] [id=17960]
  0x0000027e806a32f0 GCTaskThread "GC Thread#1" [stack: 0x0000009111a00000,0x0000009111b00000] [id=10236]
  0x0000027e80451af0 GCTaskThread "GC Thread#2" [stack: 0x0000009111b00000,0x0000009111c00000] [id=19844]
  0x0000027e80774ae0 GCTaskThread "GC Thread#3" [stack: 0x0000009111c00000,0x0000009111d00000] [id=6268]
  0x0000027e80774da0 GCTaskThread "GC Thread#4" [stack: 0x0000009111d00000,0x0000009111e00000] [id=2920]
  0x0000027e8047f520 GCTaskThread "GC Thread#5" [stack: 0x0000009111e00000,0x0000009111f00000] [id=18384]
  0x0000027ec7d05990 GCTaskThread "GC Thread#6" [stack: 0x0000009112f00000,0x0000009113000000] [id=14260]
  0x0000027ec7620040 GCTaskThread "GC Thread#7" [stack: 0x0000009113000000,0x0000009113100000] [id=7296]
  0x0000027ec73350f0 GCTaskThread "GC Thread#8" [stack: 0x0000009113100000,0x0000009113200000] [id=8960]
  0x0000027ec68fbfe0 GCTaskThread "GC Thread#9" [stack: 0x0000009113200000,0x0000009113300000] [id=19000]
  0x0000027ee1ac3910 ConcurrentGCThread "G1 Main Marker" [stack: 0x0000009110900000,0x0000009110a00000] [id=4524]
  0x0000027ee1ac4230 ConcurrentGCThread "G1 Conc#0" [stack: 0x0000009110a00000,0x0000009110b00000] [id=19008]
  0x0000027ec68fc560 ConcurrentGCThread "G1 Conc#1" [stack: 0x0000009113300000,0x0000009113400000] [id=20972]
  0x0000027ec68fc820 ConcurrentGCThread "G1 Conc#2" [stack: 0x0000009113400000,0x0000009113500000] [id=10912]
  0x0000027ee1b1d390 ConcurrentGCThread "G1 Refine#0" [stack: 0x0000009110b00000,0x0000009110c00000] [id=20364]
  0x0000027ee1b1db80 ConcurrentGCThread "G1 Service" [stack: 0x0000009110c00000,0x0000009110d00000] [id=21040]

Threads with active compile tasks:
C2 CompilerThread0    41147 9225 %     4       org.gradle.internal.instantiation.generator.AbstractClassGenerator::inspectType @ 292 (602 bytes)

VM state: not at safepoint (normal execution)

VM Mutex/Monitor currently owned by a thread: None

Heap address: 0x0000000080000000, size: 2048 MB, Compressed Oops mode: 32-bit

CDS archive(s) mapped at: [0x0000027e81000000-0x0000027e81bd0000-0x0000027e81bd0000), size 12386304, SharedBaseAddress: 0x0000027e81000000, ArchiveRelocationMode: 1.
Compressed class space mapped at: 0x0000027e82000000-0x0000027ec2000000, reserved size: 1073741824
Narrow klass base: 0x0000027e81000000, Narrow klass shift: 0, Narrow klass range: 0x100000000

GC Precious Log:
 CPUs: 12 total, 12 available
 Memory: 16163M
 Large Page Support: Disabled
 NUMA Support: Disabled
 Compressed Oops: Enabled (32-bit)
 Heap Region Size: 1M
 Heap Min Capacity: 8M
 Heap Initial Capacity: 254M
 Heap Max Capacity: 2G
 Pre-touch: Disabled
 Parallel Workers: 10
 Concurrent Workers: 3
 Concurrent Refinement Workers: 10
 Periodic GC: Disabled

Heap:
 garbage-first heap   total 270336K, used 166079K [0x0000000080000000, 0x0000000100000000)
  region size 1024K, 82 young (83968K), 1 survivors (1024K)
 Metaspace       used 68672K, committed 69376K, reserved 1114112K
  class space    used 9344K, committed 9664K, reserved 1048576K

Heap Regions: E=young(eden), S=young(survivor), O=old, HS=humongous(starts), HC=humongous(continues), CS=collection set, F=free, OA=open archive, CA=closed archive, TAMS=top-at-mark-start (previous, next)
|   0|0x0000000080000000, 0x0000000080100000, 0x0000000080100000|100%|HS|  |TAMS 0x0000000080100000, 0x0000000080000000| Complete 
|   1|0x0000000080100000, 0x0000000080200000, 0x0000000080200000|100%|HC|  |TAMS 0x0000000080200000, 0x0000000080100000| Complete 
|   2|0x0000000080200000, 0x0000000080300000, 0x0000000080300000|100%|HC|  |TAMS 0x0000000080300000, 0x0000000080200000| Complete 
|   3|0x0000000080300000, 0x0000000080400000, 0x0000000080400000|100%| O|  |TAMS 0x0000000080400000, 0x0000000080300000| Untracked 
|   4|0x0000000080400000, 0x0000000080500000, 0x0000000080500000|100%| O|  |TAMS 0x0000000080500000, 0x0000000080400000| Untracked 
|   5|0x0000000080500000, 0x0000000080600000, 0x0000000080600000|100%| O|  |TAMS 0x0000000080600000, 0x0000000080500000| Untracked 
|   6|0x0000000080600000, 0x0000000080700000, 0x0000000080700000|100%|HS|  |TAMS 0x0000000080700000, 0x0000000080600000| Complete 
|   7|0x0000000080700000, 0x0000000080800000, 0x0000000080800000|100%| O|  |TAMS 0x0000000080800000, 0x0000000080700000| Untracked 
|   8|0x0000000080800000, 0x0000000080900000, 0x0000000080900000|100%| O|  |TAMS 0x0000000080900000, 0x0000000080800000| Untracked 
|   9|0x0000000080900000, 0x0000000080a00000, 0x0000000080a00000|100%| O|  |TAMS 0x0000000080a00000, 0x0000000080900000| Untracked 
|  10|0x0000000080a00000, 0x0000000080b00000, 0x0000000080b00000|100%| O|  |TAMS 0x0000000080b00000, 0x0000000080a00000| Untracked 
|  11|0x0000000080b00000, 0x0000000080c00000, 0x0000000080c00000|100%| O|  |TAMS 0x0000000080c00000, 0x0000000080b00000| Untracked 
|  12|0x0000000080c00000, 0x0000000080d00000, 0x0000000080d00000|100%| O|  |TAMS 0x0000000080d00000, 0x0000000080c00000| Untracked 
|  13|0x0000000080d00000, 0x0000000080e00000, 0x0000000080e00000|100%| O|  |TAMS 0x0000000080e00000, 0x0000000080d00000| Untracked 
|  14|0x0000000080e00000, 0x0000000080f00000, 0x0000000080f00000|100%| O|  |TAMS 0x0000000080f00000, 0x0000000080e00000| Untracked 
|  15|0x0000000080f00000, 0x0000000081000000, 0x0000000081000000|100%| O|  |TAMS 0x0000000081000000, 0x0000000080f00000| Untracked 
|  16|0x0000000081000000, 0x0000000081100000, 0x0000000081100000|100%| O|  |TAMS 0x0000000081100000, 0x0000000081000000| Untracked 
|  17|0x0000000081100000, 0x0000000081200000, 0x0000000081200000|100%| O|  |TAMS 0x0000000081200000, 0x0000000081100000| Untracked 
|  18|0x0000000081200000, 0x0000000081300000, 0x0000000081300000|100%| O|  |TAMS 0x0000000081300000, 0x0000000081200000| Complete 
|  19|0x0000000081300000, 0x0000000081400000, 0x0000000081400000|100%|HS|  |TAMS 0x0000000081400000, 0x0000000081300000| Complete 
|  20|0x0000000081400000, 0x0000000081500000, 0x0000000081500000|100%|HC|  |TAMS 0x0000000081500000, 0x0000000081400000| Complete 
|  21|0x0000000081500000, 0x0000000081600000, 0x0000000081600000|100%|HS|  |TAMS 0x0000000081500000, 0x0000000081500000| Complete 
|  22|0x0000000081600000, 0x0000000081700000, 0x0000000081700000|100%| O|  |TAMS 0x0000000081700000, 0x0000000081600000| Untracked 
|  23|0x0000000081700000, 0x0000000081800000, 0x0000000081800000|100%| O|  |TAMS 0x0000000081800000, 0x0000000081700000| Untracked 
|  24|0x0000000081800000, 0x0000000081900000, 0x0000000081900000|100%| O|  |TAMS 0x0000000081900000, 0x0000000081800000| Untracked 
|  25|0x0000000081900000, 0x0000000081a00000, 0x0000000081a00000|100%| O|  |TAMS 0x0000000081a00000, 0x0000000081900000| Untracked 
|  26|0x0000000081a00000, 0x0000000081b00000, 0x0000000081b00000|100%| O|  |TAMS 0x0000000081b00000, 0x0000000081a00000| Untracked 
|  27|0x0000000081b00000, 0x0000000081c00000, 0x0000000081c00000|100%| O|  |TAMS 0x0000000081c00000, 0x0000000081b00000| Untracked 
|  28|0x0000000081c00000, 0x0000000081d00000, 0x0000000081d00000|100%| O|  |TAMS 0x0000000081d00000, 0x0000000081c00000| Untracked 
|  29|0x0000000081d00000, 0x0000000081e00000, 0x0000000081e00000|100%| O|  |TAMS 0x0000000081e00000, 0x0000000081d00000| Untracked 
|  30|0x0000000081e00000, 0x0000000081f00000, 0x0000000081f00000|100%| O|  |TAMS 0x0000000081f00000, 0x0000000081e00000| Untracked 
|  31|0x0000000081f00000, 0x0000000082000000, 0x0000000082000000|100%| O|  |TAMS 0x0000000082000000, 0x0000000081f00000| Untracked 
|  32|0x0000000082000000, 0x0000000082100000, 0x0000000082100000|100%| O|  |TAMS 0x0000000082100000, 0x0000000082000000| Untracked 
|  33|0x0000000082100000, 0x0000000082200000, 0x0000000082200000|100%| O|  |TAMS 0x0000000082200000, 0x0000000082100000| Untracked 
|  34|0x0000000082200000, 0x0000000082300000, 0x0000000082300000|100%| O|  |TAMS 0x0000000082300000, 0x0000000082200000| Untracked 
|  35|0x0000000082300000, 0x0000000082400000, 0x0000000082400000|100%| O|  |TAMS 0x0000000082400000, 0x0000000082300000| Untracked 
|  36|0x0000000082400000, 0x0000000082500000, 0x0000000082500000|100%|HS|  |TAMS 0x0000000082400000, 0x0000000082400000| Complete 
|  37|0x0000000082500000, 0x0000000082600000, 0x0000000082600000|100%| O|  |TAMS 0x0000000082600000, 0x0000000082500000| Untracked 
|  38|0x0000000082600000, 0x0000000082700000, 0x0000000082700000|100%| O|  |TAMS 0x0000000082700000, 0x0000000082600000| Untracked 
|  39|0x0000000082700000, 0x0000000082800000, 0x0000000082800000|100%| O|  |TAMS 0x0000000082800000, 0x0000000082700000| Untracked 
|  40|0x0000000082800000, 0x0000000082900000, 0x0000000082900000|100%| O|  |TAMS 0x0000000082900000, 0x0000000082800000| Untracked 
|  41|0x0000000082900000, 0x0000000082a00000, 0x0000000082a00000|100%| O|  |TAMS 0x0000000082a00000, 0x0000000082900000| Untracked 
|  42|0x0000000082a00000, 0x0000000082b00000, 0x0000000082b00000|100%| O|  |TAMS 0x0000000082b00000, 0x0000000082a00000| Untracked 
|  43|0x0000000082b00000, 0x0000000082c00000, 0x0000000082c00000|100%| O|  |TAMS 0x0000000082c00000, 0x0000000082b00000| Untracked 
|  44|0x0000000082c00000, 0x0000000082d00000, 0x0000000082d00000|100%| O|  |TAMS 0x0000000082d00000, 0x0000000082c00000| Untracked 
|  45|0x0000000082d00000, 0x0000000082e00000, 0x0000000082e00000|100%| O|  |TAMS 0x0000000082e00000, 0x0000000082d00000| Untracked 
|  46|0x0000000082e00000, 0x0000000082f00000, 0x0000000082f00000|100%| O|  |TAMS 0x0000000082f00000, 0x0000000082e00000| Untracked 
|  47|0x0000000082f00000, 0x0000000083000000, 0x0000000083000000|100%| O|  |TAMS 0x0000000083000000, 0x0000000082f00000| Untracked 
|  48|0x0000000083000000, 0x0000000083100000, 0x0000000083100000|100%| O|  |TAMS 0x0000000083100000, 0x0000000083000000| Untracked 
|  49|0x0000000083100000, 0x0000000083200000, 0x0000000083200000|100%| O|  |TAMS 0x0000000083200000, 0x0000000083100000| Untracked 
|  50|0x0000000083200000, 0x0000000083300000, 0x0000000083300000|100%| O|  |TAMS 0x0000000083300000, 0x0000000083200000| Untracked 
|  51|0x0000000083300000, 0x0000000083400000, 0x0000000083400000|100%|HS|  |TAMS 0x0000000083400000, 0x0000000083300000| Complete 
|  52|0x0000000083400000, 0x0000000083500000, 0x0000000083500000|100%|HS|  |TAMS 0x0000000083500000, 0x0000000083400000| Complete 
|  53|0x0000000083500000, 0x0000000083600000, 0x0000000083600000|100%|HS|  |TAMS 0x0000000083600000, 0x0000000083500000| Complete 
|  54|0x0000000083600000, 0x0000000083700000, 0x0000000083700000|100%|HC|  |TAMS 0x0000000083700000, 0x0000000083600000| Complete 
|  55|0x0000000083700000, 0x0000000083800000, 0x0000000083800000|100%|HS|  |TAMS 0x0000000083800000, 0x0000000083700000| Complete 
|  56|0x0000000083800000, 0x0000000083900000, 0x0000000083900000|100%|HC|  |TAMS 0x0000000083900000, 0x0000000083800000| Complete 
|  57|0x0000000083900000, 0x0000000083a00000, 0x0000000083a00000|100%| O|  |TAMS 0x0000000083a00000, 0x0000000083900000| Untracked 
|  58|0x0000000083a00000, 0x0000000083b00000, 0x0000000083b00000|100%|HS|  |TAMS 0x0000000083b00000, 0x0000000083a00000| Complete 
|  59|0x0000000083b00000, 0x0000000083c00000, 0x0000000083c00000|100%|HC|  |TAMS 0x0000000083c00000, 0x0000000083b00000| Complete 
|  60|0x0000000083c00000, 0x0000000083d00000, 0x0000000083d00000|100%|HC|  |TAMS 0x0000000083d00000, 0x0000000083c00000| Complete 
|  61|0x0000000083d00000, 0x0000000083e00000, 0x0000000083e00000|100%|HS|  |TAMS 0x0000000083e00000, 0x0000000083d00000| Complete 
|  62|0x0000000083e00000, 0x0000000083f00000, 0x0000000083f00000|100%|HS|  |TAMS 0x0000000083f00000, 0x0000000083e00000| Complete 
|  63|0x0000000083f00000, 0x0000000084000000, 0x0000000084000000|100%| O|  |TAMS 0x0000000084000000, 0x0000000083f00000| Untracked 
|  64|0x0000000084000000, 0x0000000084100000, 0x0000000084100000|100%|HS|  |TAMS 0x0000000084100000, 0x0000000084000000| Complete 
|  65|0x0000000084100000, 0x0000000084200000, 0x0000000084200000|100%|HS|  |TAMS 0x0000000084200000, 0x0000000084100000| Complete 
|  66|0x0000000084200000, 0x0000000084300000, 0x0000000084300000|100%| O|  |TAMS 0x0000000084300000, 0x0000000084200000| Untracked 
|  67|0x0000000084300000, 0x0000000084400000, 0x0000000084400000|100%| O|  |TAMS 0x0000000084400000, 0x0000000084300000| Untracked 
|  68|0x0000000084400000, 0x0000000084500000, 0x0000000084500000|100%| O|  |TAMS 0x0000000084500000, 0x0000000084400000| Untracked 
|  69|0x0000000084500000, 0x0000000084600000, 0x0000000084600000|100%| O|  |TAMS 0x0000000084600000, 0x0000000084500000| Untracked 
|  70|0x0000000084600000, 0x0000000084700000, 0x0000000084700000|100%| O|  |TAMS 0x0000000084700000, 0x0000000084600000| Untracked 
|  71|0x0000000084700000, 0x0000000084800000, 0x0000000084800000|100%| O|  |TAMS 0x0000000084800000, 0x0000000084700000| Untracked 
|  72|0x0000000084800000, 0x0000000084900000, 0x0000000084900000|100%| O|  |TAMS 0x0000000084900000, 0x0000000084800000| Untracked 
|  73|0x0000000084900000, 0x0000000084a00000, 0x0000000084a00000|100%| O|  |TAMS 0x0000000084a00000, 0x0000000084900000| Untracked 
|  74|0x0000000084a00000, 0x0000000084b00000, 0x0000000084b00000|100%| O|  |TAMS 0x0000000084b00000, 0x0000000084a00000| Untracked 
|  75|0x0000000084b00000, 0x0000000084c00000, 0x0000000084c00000|100%| O|  |TAMS 0x0000000084c00000, 0x0000000084b00000| Untracked 
|  76|0x0000000084c00000, 0x0000000084d00000, 0x0000000084d00000|100%| O|  |TAMS 0x0000000084d00000, 0x0000000084c00000| Untracked 
|  77|0x0000000084d00000, 0x0000000084e00000, 0x0000000084e00000|100%| O|  |TAMS 0x0000000084e00000, 0x0000000084d00000| Untracked 
|  78|0x0000000084e00000, 0x0000000084e71000, 0x0000000084f00000| 44%| O|  |TAMS 0x0000000084e71000, 0x0000000084e00000| Complete 
|  79|0x0000000084f00000, 0x0000000085000000, 0x0000000085000000|100%|HS|  |TAMS 0x0000000084f00000, 0x0000000084f00000| Complete 
|  80|0x0000000085000000, 0x0000000085100000, 0x0000000085100000|100%|HS|  |TAMS 0x0000000085000000, 0x0000000085000000| Complete 
|  81|0x0000000085100000, 0x0000000085200000, 0x0000000085200000|100%|HS|  |TAMS 0x0000000085100000, 0x0000000085100000| Complete 
|  82|0x0000000085200000, 0x0000000085200000, 0x0000000085300000|  0%| F|  |TAMS 0x0000000085200000, 0x0000000085200000| Untracked 
|  83|0x0000000085300000, 0x0000000085300000, 0x0000000085400000|  0%| F|  |TAMS 0x0000000085300000, 0x0000000085300000| Untracked 
|  84|0x0000000085400000, 0x0000000085400000, 0x0000000085500000|  0%| F|  |TAMS 0x0000000085400000, 0x0000000085400000| Untracked 
|  85|0x0000000085500000, 0x0000000085500000, 0x0000000085600000|  0%| F|  |TAMS 0x0000000085500000, 0x0000000085500000| Untracked 
|  86|0x0000000085600000, 0x0000000085600000, 0x0000000085700000|  0%| F|  |TAMS 0x0000000085600000, 0x0000000085600000| Untracked 
|  87|0x0000000085700000, 0x0000000085700000, 0x0000000085800000|  0%| F|  |TAMS 0x0000000085700000, 0x0000000085700000| Untracked 
|  88|0x0000000085800000, 0x0000000085800000, 0x0000000085900000|  0%| F|  |TAMS 0x0000000085800000, 0x0000000085800000| Untracked 
|  89|0x0000000085900000, 0x0000000085900000, 0x0000000085a00000|  0%| F|  |TAMS 0x0000000085900000, 0x0000000085900000| Untracked 
|  90|0x0000000085a00000, 0x0000000085a00000, 0x0000000085b00000|  0%| F|  |TAMS 0x0000000085a00000, 0x0000000085a00000| Untracked 
|  91|0x0000000085b00000, 0x0000000085b00000, 0x0000000085c00000|  0%| F|  |TAMS 0x0000000085b00000, 0x0000000085b00000| Untracked 
|  92|0x0000000085c00000, 0x0000000085c00000, 0x0000000085d00000|  0%| F|  |TAMS 0x0000000085c00000, 0x0000000085c00000| Untracked 
|  93|0x0000000085d00000, 0x0000000085d00000, 0x0000000085e00000|  0%| F|  |TAMS 0x0000000085d00000, 0x0000000085d00000| Untracked 
|  94|0x0000000085e00000, 0x0000000085e00000, 0x0000000085f00000|  0%| F|  |TAMS 0x0000000085e00000, 0x0000000085e00000| Untracked 
|  95|0x0000000085f00000, 0x0000000085f00000, 0x0000000086000000|  0%| F|  |TAMS 0x0000000085f00000, 0x0000000085f00000| Untracked 
|  96|0x0000000086000000, 0x0000000086000000, 0x0000000086100000|  0%| F|  |TAMS 0x0000000086000000, 0x0000000086000000| Untracked 
|  97|0x0000000086100000, 0x0000000086100000, 0x0000000086200000|  0%| F|  |TAMS 0x0000000086100000, 0x0000000086100000| Untracked 
|  98|0x0000000086200000, 0x0000000086200000, 0x0000000086300000|  0%| F|  |TAMS 0x0000000086200000, 0x0000000086200000| Untracked 
|  99|0x0000000086300000, 0x00000000863bef30, 0x0000000086400000| 74%| S|CS|TAMS 0x0000000086300000, 0x0000000086300000| Complete 
| 100|0x0000000086400000, 0x0000000086400000, 0x0000000086500000|  0%| F|  |TAMS 0x0000000086400000, 0x0000000086400000| Untracked 
| 101|0x0000000086500000, 0x0000000086500000, 0x0000000086600000|  0%| F|  |TAMS 0x0000000086500000, 0x0000000086500000| Untracked 
| 102|0x0000000086600000, 0x0000000086600000, 0x0000000086700000|  0%| F|  |TAMS 0x0000000086600000, 0x0000000086600000| Untracked 
| 103|0x0000000086700000, 0x0000000086700000, 0x0000000086800000|  0%| F|  |TAMS 0x0000000086700000, 0x0000000086700000| Untracked 
| 104|0x0000000086800000, 0x0000000086800000, 0x0000000086900000|  0%| F|  |TAMS 0x0000000086800000, 0x0000000086800000| Untracked 
| 105|0x0000000086900000, 0x0000000086900000, 0x0000000086a00000|  0%| F|  |TAMS 0x0000000086900000, 0x0000000086900000| Untracked 
| 106|0x0000000086a00000, 0x0000000086a00000, 0x0000000086b00000|  0%| F|  |TAMS 0x0000000086a00000, 0x0000000086a00000| Untracked 
| 107|0x0000000086b00000, 0x0000000086b00000, 0x0000000086c00000|  0%| F|  |TAMS 0x0000000086b00000, 0x0000000086b00000| Untracked 
| 108|0x0000000086c00000, 0x0000000086c00000, 0x0000000086d00000|  0%| F|  |TAMS 0x0000000086c00000, 0x0000000086c00000| Untracked 
| 109|0x0000000086d00000, 0x0000000086d00000, 0x0000000086e00000|  0%| F|  |TAMS 0x0000000086d00000, 0x0000000086d00000| Untracked 
| 110|0x0000000086e00000, 0x0000000086e00000, 0x0000000086f00000|  0%| F|  |TAMS 0x0000000086e00000, 0x0000000086e00000| Untracked 
| 111|0x0000000086f00000, 0x0000000086f00000, 0x0000000087000000|  0%| F|  |TAMS 0x0000000086f00000, 0x0000000086f00000| Untracked 
| 112|0x0000000087000000, 0x0000000087000000, 0x0000000087100000|  0%| F|  |TAMS 0x0000000087000000, 0x0000000087000000| Untracked 
| 113|0x0000000087100000, 0x0000000087100000, 0x0000000087200000|  0%| F|  |TAMS 0x0000000087100000, 0x0000000087100000| Untracked 
| 114|0x0000000087200000, 0x0000000087200000, 0x0000000087300000|  0%| F|  |TAMS 0x0000000087200000, 0x0000000087200000| Untracked 
| 115|0x0000000087300000, 0x0000000087300000, 0x0000000087400000|  0%| F|  |TAMS 0x0000000087300000, 0x0000000087300000| Untracked 
| 116|0x0000000087400000, 0x0000000087400000, 0x0000000087500000|  0%| F|  |TAMS 0x0000000087400000, 0x0000000087400000| Untracked 
| 117|0x0000000087500000, 0x0000000087500000, 0x0000000087600000|  0%| F|  |TAMS 0x0000000087500000, 0x0000000087500000| Untracked 
| 118|0x0000000087600000, 0x0000000087600000, 0x0000000087700000|  0%| F|  |TAMS 0x0000000087600000, 0x0000000087600000| Untracked 
| 119|0x0000000087700000, 0x0000000087700000, 0x0000000087800000|  0%| F|  |TAMS 0x0000000087700000, 0x0000000087700000| Untracked 
| 120|0x0000000087800000, 0x0000000087800000, 0x0000000087900000|  0%| F|  |TAMS 0x0000000087800000, 0x0000000087800000| Untracked 
| 121|0x0000000087900000, 0x0000000087900000, 0x0000000087a00000|  0%| F|  |TAMS 0x0000000087900000, 0x0000000087900000| Untracked 
| 122|0x0000000087a00000, 0x0000000087a00000, 0x0000000087b00000|  0%| F|  |TAMS 0x0000000087a00000, 0x0000000087a00000| Untracked 
| 123|0x0000000087b00000, 0x0000000087b00000, 0x0000000087c00000|  0%| F|  |TAMS 0x0000000087b00000, 0x0000000087b00000| Untracked 
| 124|0x0000000087c00000, 0x0000000087c00000, 0x0000000087d00000|  0%| F|  |TAMS 0x0000000087c00000, 0x0000000087c00000| Untracked 
| 125|0x0000000087d00000, 0x0000000087d00000, 0x0000000087e00000|  0%| F|  |TAMS 0x0000000087d00000, 0x0000000087d00000| Untracked 
| 126|0x0000000087e00000, 0x0000000087e00000, 0x0000000087f00000|  0%| F|  |TAMS 0x0000000087e00000, 0x0000000087e00000| Untracked 
| 127|0x0000000087f00000, 0x0000000087f00000, 0x0000000088000000|  0%| F|  |TAMS 0x0000000087f00000, 0x0000000087f00000| Untracked 
| 128|0x0000000088000000, 0x0000000088000000, 0x0000000088100000|  0%| F|  |TAMS 0x0000000088000000, 0x0000000088000000| Untracked 
| 129|0x0000000088100000, 0x0000000088100000, 0x0000000088200000|  0%| F|  |TAMS 0x0000000088100000, 0x0000000088100000| Untracked 
| 130|0x0000000088200000, 0x0000000088200000, 0x0000000088300000|  0%| F|  |TAMS 0x0000000088200000, 0x0000000088200000| Untracked 
| 131|0x0000000088300000, 0x0000000088300000, 0x0000000088400000|  0%| F|  |TAMS 0x0000000088300000, 0x0000000088300000| Untracked 
| 132|0x0000000088400000, 0x0000000088400000, 0x0000000088500000|  0%| F|  |TAMS 0x0000000088400000, 0x0000000088400000| Untracked 
| 133|0x0000000088500000, 0x0000000088500000, 0x0000000088600000|  0%| F|  |TAMS 0x0000000088500000, 0x0000000088500000| Untracked 
| 134|0x0000000088600000, 0x0000000088600000, 0x0000000088700000|  0%| F|  |TAMS 0x0000000088600000, 0x0000000088600000| Untracked 
| 135|0x0000000088700000, 0x0000000088700000, 0x0000000088800000|  0%| F|  |TAMS 0x0000000088700000, 0x0000000088700000| Untracked 
| 136|0x0000000088800000, 0x0000000088800000, 0x0000000088900000|  0%| F|  |TAMS 0x0000000088800000, 0x0000000088800000| Untracked 
| 137|0x0000000088900000, 0x0000000088900000, 0x0000000088a00000|  0%| F|  |TAMS 0x0000000088900000, 0x0000000088900000| Untracked 
| 138|0x0000000088a00000, 0x0000000088a00000, 0x0000000088b00000|  0%| F|  |TAMS 0x0000000088a00000, 0x0000000088a00000| Untracked 
| 139|0x0000000088b00000, 0x0000000088b00000, 0x0000000088c00000|  0%| F|  |TAMS 0x0000000088b00000, 0x0000000088b00000| Untracked 
| 140|0x0000000088c00000, 0x0000000088c00000, 0x0000000088d00000|  0%| F|  |TAMS 0x0000000088c00000, 0x0000000088c00000| Untracked 
| 141|0x0000000088d00000, 0x0000000088d00000, 0x0000000088e00000|  0%| F|  |TAMS 0x0000000088d00000, 0x0000000088d00000| Untracked 
| 142|0x0000000088e00000, 0x0000000088e00000, 0x0000000088f00000|  0%| F|  |TAMS 0x0000000088e00000, 0x0000000088e00000| Untracked 
| 143|0x0000000088f00000, 0x0000000088f00000, 0x0000000089000000|  0%| F|  |TAMS 0x0000000088f00000, 0x0000000088f00000| Untracked 
| 144|0x0000000089000000, 0x0000000089000000, 0x0000000089100000|  0%| F|  |TAMS 0x0000000089000000, 0x0000000089000000| Untracked 
| 145|0x0000000089100000, 0x0000000089100000, 0x0000000089200000|  0%| F|  |TAMS 0x0000000089100000, 0x0000000089100000| Untracked 
| 146|0x0000000089200000, 0x0000000089200000, 0x0000000089300000|  0%| F|  |TAMS 0x0000000089200000, 0x0000000089200000| Untracked 
| 147|0x0000000089300000, 0x0000000089300000, 0x0000000089400000|  0%| F|  |TAMS 0x0000000089300000, 0x0000000089300000| Untracked 
| 148|0x0000000089400000, 0x0000000089400000, 0x0000000089500000|  0%| F|  |TAMS 0x0000000089400000, 0x0000000089400000| Untracked 
| 149|0x0000000089500000, 0x0000000089500000, 0x0000000089600000|  0%| F|  |TAMS 0x0000000089500000, 0x0000000089500000| Untracked 
| 150|0x0000000089600000, 0x0000000089600000, 0x0000000089700000|  0%| F|  |TAMS 0x0000000089600000, 0x0000000089600000| Untracked 
| 151|0x0000000089700000, 0x0000000089700000, 0x0000000089800000|  0%| F|  |TAMS 0x0000000089700000, 0x0000000089700000| Untracked 
| 152|0x0000000089800000, 0x0000000089800000, 0x0000000089900000|  0%| F|  |TAMS 0x0000000089800000, 0x0000000089800000| Untracked 
| 153|0x0000000089900000, 0x0000000089900000, 0x0000000089a00000|  0%| F|  |TAMS 0x0000000089900000, 0x0000000089900000| Untracked 
| 154|0x0000000089a00000, 0x0000000089a00000, 0x0000000089b00000|  0%| F|  |TAMS 0x0000000089a00000, 0x0000000089a00000| Untracked 
| 155|0x0000000089b00000, 0x0000000089b00000, 0x0000000089c00000|  0%| F|  |TAMS 0x0000000089b00000, 0x0000000089b00000| Untracked 
| 156|0x0000000089c00000, 0x0000000089c00000, 0x0000000089d00000|  0%| F|  |TAMS 0x0000000089c00000, 0x0000000089c00000| Untracked 
| 157|0x0000000089d00000, 0x0000000089d00000, 0x0000000089e00000|  0%| F|  |TAMS 0x0000000089d00000, 0x0000000089d00000| Untracked 
| 158|0x0000000089e00000, 0x0000000089e00000, 0x0000000089f00000|  0%| F|  |TAMS 0x0000000089e00000, 0x0000000089e00000| Untracked 
| 159|0x0000000089f00000, 0x0000000089f00000, 0x000000008a000000|  0%| F|  |TAMS 0x0000000089f00000, 0x0000000089f00000| Untracked 
| 160|0x000000008a000000, 0x000000008a000000, 0x000000008a100000|  0%| F|  |TAMS 0x000000008a000000, 0x000000008a000000| Untracked 
| 161|0x000000008a100000, 0x000000008a100000, 0x000000008a200000|  0%| F|  |TAMS 0x000000008a100000, 0x000000008a100000| Untracked 
| 162|0x000000008a200000, 0x000000008a200000, 0x000000008a300000|  0%| F|  |TAMS 0x000000008a200000, 0x000000008a200000| Untracked 
| 163|0x000000008a300000, 0x000000008a300000, 0x000000008a400000|  0%| F|  |TAMS 0x000000008a300000, 0x000000008a300000| Untracked 
| 164|0x000000008a400000, 0x000000008a400000, 0x000000008a500000|  0%| F|  |TAMS 0x000000008a400000, 0x000000008a400000| Untracked 
| 165|0x000000008a500000, 0x000000008a500000, 0x000000008a600000|  0%| F|  |TAMS 0x000000008a500000, 0x000000008a500000| Untracked 
| 166|0x000000008a600000, 0x000000008a600000, 0x000000008a700000|  0%| F|  |TAMS 0x000000008a600000, 0x000000008a600000| Untracked 
| 167|0x000000008a700000, 0x000000008a700000, 0x000000008a800000|  0%| F|  |TAMS 0x000000008a700000, 0x000000008a700000| Untracked 
| 168|0x000000008a800000, 0x000000008a800000, 0x000000008a900000|  0%| F|  |TAMS 0x000000008a800000, 0x000000008a800000| Untracked 
| 169|0x000000008a900000, 0x000000008a900000, 0x000000008aa00000|  0%| F|  |TAMS 0x000000008a900000, 0x000000008a900000| Untracked 
| 170|0x000000008aa00000, 0x000000008aa00000, 0x000000008ab00000|  0%| F|  |TAMS 0x000000008aa00000, 0x000000008aa00000| Untracked 
| 171|0x000000008ab00000, 0x000000008ab00000, 0x000000008ac00000|  0%| F|  |TAMS 0x000000008ab00000, 0x000000008ab00000| Untracked 
| 172|0x000000008ac00000, 0x000000008ac00000, 0x000000008ad00000|  0%| F|  |TAMS 0x000000008ac00000, 0x000000008ac00000| Untracked 
| 173|0x000000008ad00000, 0x000000008ad00000, 0x000000008ae00000|  0%| F|  |TAMS 0x000000008ad00000, 0x000000008ad00000| Untracked 
| 174|0x000000008ae00000, 0x000000008ae00000, 0x000000008af00000|  0%| F|  |TAMS 0x000000008ae00000, 0x000000008ae00000| Untracked 
| 175|0x000000008af00000, 0x000000008af00000, 0x000000008b000000|  0%| F|  |TAMS 0x000000008af00000, 0x000000008af00000| Untracked 
| 176|0x000000008b000000, 0x000000008b000000, 0x000000008b100000|  0%| F|  |TAMS 0x000000008b000000, 0x000000008b000000| Untracked 
| 177|0x000000008b100000, 0x000000008b100000, 0x000000008b200000|  0%| F|  |TAMS 0x000000008b100000, 0x000000008b100000| Untracked 
| 178|0x000000008b200000, 0x000000008b200000, 0x000000008b300000|  0%| F|  |TAMS 0x000000008b200000, 0x000000008b200000| Untracked 
| 179|0x000000008b300000, 0x000000008b300000, 0x000000008b400000|  0%| F|  |TAMS 0x000000008b300000, 0x000000008b300000| Untracked 
| 180|0x000000008b400000, 0x000000008b400000, 0x000000008b500000|  0%| F|  |TAMS 0x000000008b400000, 0x000000008b400000| Untracked 
| 181|0x000000008b500000, 0x000000008b500000, 0x000000008b600000|  0%| F|  |TAMS 0x000000008b500000, 0x000000008b500000| Untracked 
| 182|0x000000008b600000, 0x000000008b600000, 0x000000008b700000|  0%| F|  |TAMS 0x000000008b600000, 0x000000008b600000| Untracked 
| 183|0x000000008b700000, 0x000000008b784930, 0x000000008b800000| 51%| E|  |TAMS 0x000000008b700000, 0x000000008b700000| Complete 
| 184|0x000000008b800000, 0x000000008b900000, 0x000000008b900000|100%| E|CS|TAMS 0x000000008b800000, 0x000000008b800000| Complete 
| 185|0x000000008b900000, 0x000000008ba00000, 0x000000008ba00000|100%| E|CS|TAMS 0x000000008b900000, 0x000000008b900000| Complete 
| 186|0x000000008ba00000, 0x000000008bb00000, 0x000000008bb00000|100%| E|CS|TAMS 0x000000008ba00000, 0x000000008ba00000| Complete 
| 187|0x000000008bb00000, 0x000000008bc00000, 0x000000008bc00000|100%| E|CS|TAMS 0x000000008bb00000, 0x000000008bb00000| Complete 
| 188|0x000000008bc00000, 0x000000008bd00000, 0x000000008bd00000|100%| E|CS|TAMS 0x000000008bc00000, 0x000000008bc00000| Complete 
| 189|0x000000008bd00000, 0x000000008be00000, 0x000000008be00000|100%| E|CS|TAMS 0x000000008bd00000, 0x000000008bd00000| Complete 
| 190|0x000000008be00000, 0x000000008bf00000, 0x000000008bf00000|100%| E|CS|TAMS 0x000000008be00000, 0x000000008be00000| Complete 
| 191|0x000000008bf00000, 0x000000008c000000, 0x000000008c000000|100%| E|CS|TAMS 0x000000008bf00000, 0x000000008bf00000| Complete 
| 192|0x000000008c000000, 0x000000008c100000, 0x000000008c100000|100%| E|CS|TAMS 0x000000008c000000, 0x000000008c000000| Complete 
| 193|0x000000008c100000, 0x000000008c200000, 0x000000008c200000|100%| E|CS|TAMS 0x000000008c100000, 0x000000008c100000| Complete 
| 194|0x000000008c200000, 0x000000008c300000, 0x000000008c300000|100%| E|CS|TAMS 0x000000008c200000, 0x000000008c200000| Complete 
| 195|0x000000008c300000, 0x000000008c400000, 0x000000008c400000|100%| E|CS|TAMS 0x000000008c300000, 0x000000008c300000| Complete 
| 196|0x000000008c400000, 0x000000008c500000, 0x000000008c500000|100%| E|CS|TAMS 0x000000008c400000, 0x000000008c400000| Complete 
| 197|0x000000008c500000, 0x000000008c600000, 0x000000008c600000|100%| E|CS|TAMS 0x000000008c500000, 0x000000008c500000| Complete 
| 198|0x000000008c600000, 0x000000008c700000, 0x000000008c700000|100%| E|CS|TAMS 0x000000008c600000, 0x000000008c600000| Complete 
| 199|0x000000008c700000, 0x000000008c800000, 0x000000008c800000|100%| E|CS|TAMS 0x000000008c700000, 0x000000008c700000| Complete 
| 200|0x000000008c800000, 0x000000008c900000, 0x000000008c900000|100%| E|CS|TAMS 0x000000008c800000, 0x000000008c800000| Complete 
| 201|0x000000008c900000, 0x000000008ca00000, 0x000000008ca00000|100%| E|CS|TAMS 0x000000008c900000, 0x000000008c900000| Complete 
| 202|0x000000008ca00000, 0x000000008cb00000, 0x000000008cb00000|100%| E|CS|TAMS 0x000000008ca00000, 0x000000008ca00000| Complete 
| 203|0x000000008cb00000, 0x000000008cc00000, 0x000000008cc00000|100%| E|CS|TAMS 0x000000008cb00000, 0x000000008cb00000| Complete 
| 204|0x000000008cc00000, 0x000000008cd00000, 0x000000008cd00000|100%| E|CS|TAMS 0x000000008cc00000, 0x000000008cc00000| Complete 
| 205|0x000000008cd00000, 0x000000008ce00000, 0x000000008ce00000|100%| E|CS|TAMS 0x000000008cd00000, 0x000000008cd00000| Complete 
| 206|0x000000008ce00000, 0x000000008cf00000, 0x000000008cf00000|100%| E|CS|TAMS 0x000000008ce00000, 0x000000008ce00000| Complete 
| 207|0x000000008cf00000, 0x000000008d000000, 0x000000008d000000|100%| E|CS|TAMS 0x000000008cf00000, 0x000000008cf00000| Complete 
| 208|0x000000008d000000, 0x000000008d100000, 0x000000008d100000|100%| E|CS|TAMS 0x000000008d000000, 0x000000008d000000| Complete 
| 209|0x000000008d100000, 0x000000008d200000, 0x000000008d200000|100%| E|CS|TAMS 0x000000008d100000, 0x000000008d100000| Complete 
| 210|0x000000008d200000, 0x000000008d300000, 0x000000008d300000|100%| E|CS|TAMS 0x000000008d200000, 0x000000008d200000| Complete 
| 211|0x000000008d300000, 0x000000008d400000, 0x000000008d400000|100%| E|CS|TAMS 0x000000008d300000, 0x000000008d300000| Complete 
| 212|0x000000008d400000, 0x000000008d500000, 0x000000008d500000|100%| E|CS|TAMS 0x000000008d400000, 0x000000008d400000| Complete 
| 213|0x000000008d500000, 0x000000008d600000, 0x000000008d600000|100%| E|CS|TAMS 0x000000008d500000, 0x000000008d500000| Complete 
| 214|0x000000008d600000, 0x000000008d700000, 0x000000008d700000|100%| E|CS|TAMS 0x000000008d600000, 0x000000008d600000| Complete 
| 215|0x000000008d700000, 0x000000008d800000, 0x000000008d800000|100%| E|CS|TAMS 0x000000008d700000, 0x000000008d700000| Complete 
| 216|0x000000008d800000, 0x000000008d900000, 0x000000008d900000|100%| E|CS|TAMS 0x000000008d800000, 0x000000008d800000| Complete 
| 217|0x000000008d900000, 0x000000008da00000, 0x000000008da00000|100%| E|CS|TAMS 0x000000008d900000, 0x000000008d900000| Complete 
| 218|0x000000008da00000, 0x000000008db00000, 0x000000008db00000|100%| E|CS|TAMS 0x000000008da00000, 0x000000008da00000| Complete 
| 219|0x000000008db00000, 0x000000008dc00000, 0x000000008dc00000|100%| E|CS|TAMS 0x000000008db00000, 0x000000008db00000| Complete 
| 220|0x000000008dc00000, 0x000000008dd00000, 0x000000008dd00000|100%| E|CS|TAMS 0x000000008dc00000, 0x000000008dc00000| Complete 
| 221|0x000000008dd00000, 0x000000008de00000, 0x000000008de00000|100%| E|CS|TAMS 0x000000008dd00000, 0x000000008dd00000| Complete 
| 222|0x000000008de00000, 0x000000008df00000, 0x000000008df00000|100%| E|CS|TAMS 0x000000008de00000, 0x000000008de00000| Complete 
| 223|0x000000008df00000, 0x000000008e000000, 0x000000008e000000|100%| E|CS|TAMS 0x000000008df00000, 0x000000008df00000| Complete 
| 224|0x000000008e000000, 0x000000008e100000, 0x000000008e100000|100%| E|CS|TAMS 0x000000008e000000, 0x000000008e000000| Complete 
| 225|0x000000008e100000, 0x000000008e200000, 0x000000008e200000|100%| E|CS|TAMS 0x000000008e100000, 0x000000008e100000| Complete 
| 226|0x000000008e200000, 0x000000008e300000, 0x000000008e300000|100%| E|CS|TAMS 0x000000008e200000, 0x000000008e200000| Complete 
| 227|0x000000008e300000, 0x000000008e400000, 0x000000008e400000|100%| E|CS|TAMS 0x000000008e300000, 0x000000008e300000| Complete 
| 228|0x000000008e400000, 0x000000008e500000, 0x000000008e500000|100%| E|CS|TAMS 0x000000008e400000, 0x000000008e400000| Complete 
| 229|0x000000008e500000, 0x000000008e600000, 0x000000008e600000|100%| E|CS|TAMS 0x000000008e500000, 0x000000008e500000| Complete 
| 230|0x000000008e600000, 0x000000008e700000, 0x000000008e700000|100%| E|CS|TAMS 0x000000008e600000, 0x000000008e600000| Complete 
| 231|0x000000008e700000, 0x000000008e800000, 0x000000008e800000|100%| E|CS|TAMS 0x000000008e700000, 0x000000008e700000| Complete 
| 232|0x000000008e800000, 0x000000008e900000, 0x000000008e900000|100%| E|CS|TAMS 0x000000008e800000, 0x000000008e800000| Complete 
| 233|0x000000008e900000, 0x000000008ea00000, 0x000000008ea00000|100%| E|CS|TAMS 0x000000008e900000, 0x000000008e900000| Complete 
| 234|0x000000008ea00000, 0x000000008eb00000, 0x000000008eb00000|100%| E|CS|TAMS 0x000000008ea00000, 0x000000008ea00000| Complete 
| 235|0x000000008eb00000, 0x000000008ec00000, 0x000000008ec00000|100%| E|CS|TAMS 0x000000008eb00000, 0x000000008eb00000| Complete 
| 236|0x000000008ec00000, 0x000000008ed00000, 0x000000008ed00000|100%| E|CS|TAMS 0x000000008ec00000, 0x000000008ec00000| Complete 
| 237|0x000000008ed00000, 0x000000008ee00000, 0x000000008ee00000|100%| E|CS|TAMS 0x000000008ed00000, 0x000000008ed00000| Complete 
| 238|0x000000008ee00000, 0x000000008ef00000, 0x000000008ef00000|100%| E|CS|TAMS 0x000000008ee00000, 0x000000008ee00000| Complete 
| 239|0x000000008ef00000, 0x000000008f000000, 0x000000008f000000|100%| E|CS|TAMS 0x000000008ef00000, 0x000000008ef00000| Complete 
| 240|0x000000008f000000, 0x000000008f100000, 0x000000008f100000|100%| E|CS|TAMS 0x000000008f000000, 0x000000008f000000| Complete 
| 241|0x000000008f100000, 0x000000008f200000, 0x000000008f200000|100%| E|CS|TAMS 0x000000008f100000, 0x000000008f100000| Complete 
| 242|0x000000008f200000, 0x000000008f300000, 0x000000008f300000|100%| E|CS|TAMS 0x000000008f200000, 0x000000008f200000| Complete 
| 243|0x000000008f300000, 0x000000008f400000, 0x000000008f400000|100%| E|CS|TAMS 0x000000008f300000, 0x000000008f300000| Complete 
| 244|0x000000008f400000, 0x000000008f500000, 0x000000008f500000|100%| E|CS|TAMS 0x000000008f400000, 0x000000008f400000| Complete 
| 245|0x000000008f500000, 0x000000008f600000, 0x000000008f600000|100%| E|CS|TAMS 0x000000008f500000, 0x000000008f500000| Complete 
| 246|0x000000008f600000, 0x000000008f700000, 0x000000008f700000|100%| E|CS|TAMS 0x000000008f600000, 0x000000008f600000| Complete 
| 247|0x000000008f700000, 0x000000008f800000, 0x000000008f800000|100%| E|CS|TAMS 0x000000008f700000, 0x000000008f700000| Complete 
| 248|0x000000008f800000, 0x000000008f900000, 0x000000008f900000|100%| E|CS|TAMS 0x000000008f800000, 0x000000008f800000| Complete 
| 249|0x000000008f900000, 0x000000008fa00000, 0x000000008fa00000|100%| E|CS|TAMS 0x000000008f900000, 0x000000008f900000| Complete 
| 250|0x000000008fa00000, 0x000000008fb00000, 0x000000008fb00000|100%| E|CS|TAMS 0x000000008fa00000, 0x000000008fa00000| Complete 
| 251|0x000000008fb00000, 0x000000008fc00000, 0x000000008fc00000|100%| E|CS|TAMS 0x000000008fb00000, 0x000000008fb00000| Complete 
| 252|0x000000008fc00000, 0x000000008fd00000, 0x000000008fd00000|100%| E|CS|TAMS 0x000000008fc00000, 0x000000008fc00000| Complete 
| 253|0x000000008fd00000, 0x000000008fe00000, 0x000000008fe00000|100%| E|CS|TAMS 0x000000008fd00000, 0x000000008fd00000| Complete 
| 254|0x000000008fe00000, 0x000000008ff00000, 0x000000008ff00000|100%| E|CS|TAMS 0x000000008fe00000, 0x000000008fe00000| Complete 
| 255|0x000000008ff00000, 0x0000000090000000, 0x0000000090000000|100%| E|CS|TAMS 0x000000008ff00000, 0x000000008ff00000| Complete 
| 256|0x0000000090000000, 0x0000000090100000, 0x0000000090100000|100%| E|CS|TAMS 0x0000000090000000, 0x0000000090000000| Complete 
| 257|0x0000000090100000, 0x0000000090200000, 0x0000000090200000|100%| E|CS|TAMS 0x0000000090100000, 0x0000000090100000| Complete 
| 258|0x0000000090200000, 0x0000000090300000, 0x0000000090300000|100%| E|CS|TAMS 0x0000000090200000, 0x0000000090200000| Complete 
| 259|0x0000000090300000, 0x0000000090400000, 0x0000000090400000|100%| E|CS|TAMS 0x0000000090300000, 0x0000000090300000| Complete 
| 260|0x0000000090400000, 0x0000000090500000, 0x0000000090500000|100%| E|CS|TAMS 0x0000000090400000, 0x0000000090400000| Complete 
| 261|0x0000000090500000, 0x0000000090600000, 0x0000000090600000|100%| E|CS|TAMS 0x0000000090500000, 0x0000000090500000| Complete 
| 262|0x0000000090600000, 0x0000000090700000, 0x0000000090700000|100%| E|CS|TAMS 0x0000000090600000, 0x0000000090600000| Complete 
| 272|0x0000000091000000, 0x0000000091100000, 0x0000000091100000|100%| E|CS|TAMS 0x0000000091000000, 0x0000000091000000| Complete 

Card table byte_map: [0x0000027ef8c40000,0x0000027ef9040000] _byte_map_base: 0x0000027ef8840000

Marking Bits (Prev, Next): (CMBitMap*) 0x0000027ee1ab2fe0, (CMBitMap*) 0x0000027ee1ab3020
 Prev Bits: [0x0000027ef9440000, 0x0000027efb440000)
 Next Bits: [0x0000027efb440000, 0x0000027efd440000)

Polling page: 0x0000027edf910000

Metaspace:

Usage:
  Non-class:     57.94 MB used.
      Class:      9.13 MB used.
       Both:     67.06 MB used.

Virtual space:
  Non-class space:       64.00 MB reserved,      58.31 MB ( 91%) committed,  1 nodes.
      Class space:        1.00 GB reserved,       9.44 MB ( <1%) committed,  1 nodes.
             Both:        1.06 GB reserved,      67.75 MB (  6%) committed. 

Chunk freelists:
   Non-Class:  5.09 MB
       Class:  6.51 MB
        Both:  11.60 MB

MaxMetaspaceSize: unlimited
CompressedClassSpaceSize: 1.00 GB
Initial GC threshold: 21.00 MB
Current GC threshold: 101.56 MB
CDS: on
MetaspaceReclaimPolicy: balanced
 - commit_granule_bytes: 65536.
 - commit_granule_words: 8192.
 - virtual_space_node_default_size: 8388608.
 - enlarge_chunks_in_place: 1.
 - new_chunks_are_fully_committed: 0.
 - uncommit_free_chunks: 1.
 - use_allocation_guard: 0.
 - handle_deallocations: 1.


Internal statistics:

num_allocs_failed_limit: 6.
num_arena_births: 950.
num_arena_deaths: 0.
num_vsnodes_births: 2.
num_vsnodes_deaths: 0.
num_space_committed: 1084.
num_space_uncommitted: 0.
num_chunks_returned_to_freelist: 6.
num_chunks_taken_from_freelist: 3809.
num_chunk_merges: 3.
num_chunk_splits: 2504.
num_chunks_enlarged: 1666.
num_inconsistent_stats: 0.

CodeHeap 'non-profiled nmethods': size=120000Kb used=5193Kb max_used=5193Kb free=114806Kb
 bounds [0x0000027ef0dc0000, 0x0000027ef12e0000, 0x0000027ef82f0000]
CodeHeap 'profiled nmethods': size=120000Kb used=16353Kb max_used=16353Kb free=103646Kb
 bounds [0x0000027ee92f0000, 0x0000027eea2f0000, 0x0000027ef0820000]
CodeHeap 'non-nmethods': size=5760Kb used=2386Kb max_used=2431Kb free=3373Kb
 bounds [0x0000027ef0820000, 0x0000027ef0a90000, 0x0000027ef0dc0000]
 total_blobs=9382 nmethods=8480 adapters=814
 compilation: enabled
              stopped_count=0, restarted_count=0
 full_count=0

Compilation events (20 events):
Event: 39.942 Thread 0x0000027e801482d0 nmethod 9217 0x0000027eea2e4310 code [0x0000027eea2e4580, 0x0000027eea2e50e8]
Event: 39.942 Thread 0x0000027e801482d0 9216       3       kotlin.text.StringsKt__StringsKt::startsWith$default (15 bytes)
Event: 39.942 Thread 0x0000027e801482d0 nmethod 9216 0x0000027eea2e5610 code [0x0000027eea2e57a0, 0x0000027eea2e5908]
Event: 39.942 Thread 0x0000027e801482d0 9219       1       com.android.build.gradle.internal.dsl.decorator.DslDecorator$ManagedProperty::getSupportedPropertyType (5 bytes)
Event: 39.943 Thread 0x0000027e801482d0 nmethod 9219 0x0000027ef12d1c90 code [0x0000027ef12d1e20, 0x0000027ef12d1ef8]
Event: 39.943 Thread 0x0000027e801482d0 9218       1       com.android.build.gradle.internal.dsl.decorator.SupportedPropertyType$Block::getType (5 bytes)
Event: 39.943 Thread 0x0000027e801482d0 nmethod 9218 0x0000027ef12d1f90 code [0x0000027ef12d2120, 0x0000027ef12d21f8]
Event: 39.943 Thread 0x0000027e801482d0 9220       3       org.objectweb.asm.SymbolTable::addConstantUtf8 (98 bytes)
Event: 39.944 Thread 0x0000027e801482d0 nmethod 9220 0x0000027eea2e5a10 code [0x0000027eea2e5c40, 0x0000027eea2e6238]
Event: 39.944 Thread 0x0000027e801482d0 9221       3       org.objectweb.asm.ByteVector::putShort (52 bytes)
Event: 39.944 Thread 0x0000027e801482d0 nmethod 9221 0x0000027eea2e6590 code [0x0000027eea2e6740, 0x0000027eea2e6948]
Event: 39.946 Thread 0x0000027e801482d0 9222       3       java.lang.String::<init> (10 bytes)
Event: 39.946 Thread 0x0000027e801482d0 nmethod 9222 0x0000027eea2e6a90 code [0x0000027eea2e6c40, 0x0000027eea2e6d88]
Event: 40.002 Thread 0x0000027e8013dce0 9223       4       java.nio.HeapByteBuffer::get (14 bytes)
Event: 40.003 Thread 0x0000027e8013dce0 nmethod 9223 0x0000027ef12d2290 code [0x0000027ef12d2400, 0x0000027ef12d24d8]
Event: 40.003 Thread 0x0000027e8013dce0 9225 %     4       org.gradle.internal.instantiation.generator.AbstractClassGenerator::inspectType @ 292 (602 bytes)
Event: 40.026 Thread 0x0000027e801482d0 9226       3       org.objectweb.asm.AnnotationWriter::computeAnnotationsSize (42 bytes)
Event: 40.026 Thread 0x0000027e801482d0 nmethod 9226 0x0000027eea2e6e90 code [0x0000027eea2e7040, 0x0000027eea2e7288]
Event: 40.053 Thread 0x0000027e801482d0 9227       3       java.util.IdentityHashMap::put (137 bytes)
Event: 40.054 Thread 0x0000027e801482d0 nmethod 9227 0x0000027eea2e7410 code [0x0000027eea2e7640, 0x0000027eea2e8118]

GC Heap History (20 events):
Event: 20.564 GC heap before
{Heap before GC invocations=17 (full 0):
 garbage-first heap   total 84992K, used 68661K [0x0000000080000000, 0x0000000100000000)
  region size 1024K, 25 young (25600K), 1 survivors (1024K)
 Metaspace       used 50695K, committed 51328K, reserved 1114112K
  class space    used 7113K, committed 7424K, reserved 1048576K
}
Event: 20.566 GC heap after
{Heap after GC invocations=18 (full 0):
 garbage-first heap   total 130048K, used 45536K [0x0000000080000000, 0x0000000100000000)
  region size 1024K, 2 young (2048K), 2 survivors (2048K)
 Metaspace       used 50695K, committed 51328K, reserved 1114112K
  class space    used 7113K, committed 7424K, reserved 1048576K
}
Event: 23.649 GC heap before
{Heap before GC invocations=19 (full 0):
 garbage-first heap   total 130048K, used 105952K [0x0000000080000000, 0x0000000100000000)
  region size 1024K, 61 young (62464K), 2 survivors (2048K)
 Metaspace       used 55866K, committed 56512K, reserved 1114112K
  class space    used 7852K, committed 8128K, reserved 1048576K
}
Event: 23.654 GC heap after
{Heap after GC invocations=20 (full 0):
 garbage-first heap   total 130048K, used 50272K [0x0000000080000000, 0x0000000100000000)
  region size 1024K, 7 young (7168K), 7 survivors (7168K)
 Metaspace       used 55866K, committed 56512K, reserved 1114112K
  class space    used 7852K, committed 8128K, reserved 1048576K
}
Event: 23.657 GC heap before
{Heap before GC invocations=20 (full 0):
 garbage-first heap   total 130048K, used 51296K [0x0000000080000000, 0x0000000100000000)
  region size 1024K, 8 young (8192K), 7 survivors (7168K)
 Metaspace       used 55871K, committed 56512K, reserved 1114112K
  class space    used 7852K, committed 8128K, reserved 1048576K
}
Event: 23.660 GC heap after
{Heap after GC invocations=21 (full 0):
 garbage-first heap   total 130048K, used 50650K [0x0000000080000000, 0x0000000100000000)
  region size 1024K, 1 young (1024K), 1 survivors (1024K)
 Metaspace       used 55871K, committed 56512K, reserved 1114112K
  class space    used 7852K, committed 8128K, reserved 1048576K
}
Event: 25.104 GC heap before
{Heap before GC invocations=21 (full 0):
 garbage-first heap   total 130048K, used 104922K [0x0000000080000000, 0x0000000100000000)
  region size 1024K, 55 young (56320K), 1 survivors (1024K)
 Metaspace       used 56230K, committed 56832K, reserved 1114112K
  class space    used 7854K, committed 8128K, reserved 1048576K
}
Event: 25.107 GC heap after
{Heap after GC invocations=22 (full 0):
 garbage-first heap   total 130048K, used 53910K [0x0000000080000000, 0x0000000100000000)
  region size 1024K, 5 young (5120K), 5 survivors (5120K)
 Metaspace       used 56230K, committed 56832K, reserved 1114112K
  class space    used 7854K, committed 8128K, reserved 1048576K
}
Event: 25.300 GC heap before
{Heap before GC invocations=22 (full 0):
 garbage-first heap   total 130048K, used 103062K [0x0000000080000000, 0x0000000100000000)
  region size 1024K, 54 young (55296K), 5 survivors (5120K)
 Metaspace       used 56397K, committed 57024K, reserved 1114112K
  class space    used 7855K, committed 8128K, reserved 1048576K
}
Event: 25.303 GC heap after
{Heap after GC invocations=23 (full 0):
 garbage-first heap   total 130048K, used 55060K [0x0000000080000000, 0x0000000100000000)
  region size 1024K, 4 young (4096K), 4 survivors (4096K)
 Metaspace       used 56397K, committed 57024K, reserved 1114112K
  class space    used 7855K, committed 8128K, reserved 1048576K
}
Event: 25.454 GC heap before
{Heap before GC invocations=23 (full 0):
 garbage-first heap   total 130048K, used 103188K [0x0000000080000000, 0x0000000100000000)
  region size 1024K, 52 young (53248K), 4 survivors (4096K)
 Metaspace       used 56434K, committed 57088K, reserved 1114112K
  class space    used 7855K, committed 8128K, reserved 1048576K
}
Event: 25.458 GC heap after
{Heap after GC invocations=24 (full 0):
 garbage-first heap   total 130048K, used 56096K [0x0000000080000000, 0x0000000100000000)
  region size 1024K, 5 young (5120K), 5 survivors (5120K)
 Metaspace       used 56434K, committed 57088K, reserved 1114112K
  class space    used 7855K, committed 8128K, reserved 1048576K
}
Event: 27.248 GC heap before
{Heap before GC invocations=24 (full 0):
 garbage-first heap   total 130048K, used 103200K [0x0000000080000000, 0x0000000100000000)
  region size 1024K, 47 young (48128K), 5 survivors (5120K)
 Metaspace       used 56995K, committed 57664K, reserved 1114112K
  class space    used 7917K, committed 8192K, reserved 1048576K
}
Event: 27.251 GC heap after
{Heap after GC invocations=25 (full 0):
 garbage-first heap   total 130048K, used 65966K [0x0000000080000000, 0x0000000100000000)
  region size 1024K, 7 young (7168K), 7 survivors (7168K)
 Metaspace       used 56995K, committed 57664K, reserved 1114112K
  class space    used 7917K, committed 8192K, reserved 1048576K
}
Event: 31.751 GC heap before
{Heap before GC invocations=26 (full 0):
 garbage-first heap   total 130048K, used 109998K [0x0000000080000000, 0x0000000100000000)
  region size 1024K, 43 young (44032K), 7 survivors (7168K)
 Metaspace       used 59082K, committed 59776K, reserved 1114112K
  class space    used 8175K, committed 8512K, reserved 1048576K
}
Event: 31.754 GC heap after
{Heap after GC invocations=27 (full 0):
 garbage-first heap   total 130048K, used 79909K [0x0000000080000000, 0x0000000100000000)
  region size 1024K, 6 young (6144K), 6 survivors (6144K)
 Metaspace       used 59082K, committed 59776K, reserved 1114112K
  class space    used 8175K, committed 8512K, reserved 1048576K
}
Event: 31.829 GC heap before
{Heap before GC invocations=27 (full 0):
 garbage-first heap   total 130048K, used 80933K [0x0000000080000000, 0x0000000100000000)
  region size 1024K, 7 young (7168K), 6 survivors (6144K)
 Metaspace       used 59173K, committed 59904K, reserved 1114112K
  class space    used 8183K, committed 8512K, reserved 1048576K
}
Event: 31.831 GC heap after
{Heap after GC invocations=28 (full 0):
 garbage-first heap   total 130048K, used 78769K [0x0000000080000000, 0x0000000100000000)
  region size 1024K, 1 young (1024K), 1 survivors (1024K)
 Metaspace       used 59173K, committed 59904K, reserved 1114112K
  class space    used 8183K, committed 8512K, reserved 1048576K
}
Event: 33.370 GC heap before
{Heap before GC invocations=28 (full 0):
 garbage-first heap   total 130048K, used 104369K [0x0000000080000000, 0x0000000100000000)
  region size 1024K, 27 young (27648K), 1 survivors (1024K)
 Metaspace       used 61671K, committed 62400K, reserved 1114112K
  class space    used 8450K, committed 8768K, reserved 1048576K
}
Event: 33.421 GC heap after
{Heap after GC invocations=29 (full 0):
 garbage-first heap   total 279552K, used 79039K [0x0000000080000000, 0x0000000100000000)
  region size 1024K, 1 young (1024K), 1 survivors (1024K)
 Metaspace       used 61671K, committed 62400K, reserved 1114112K
  class space    used 8450K, committed 8768K, reserved 1048576K
}

Deoptimization events (20 events):
Event: 38.101 Thread 0x0000027ec60a89a0 DEOPT PACKING pc=0x0000027ef1257e3c sp=0x00000091126f0cf0
Event: 38.101 Thread 0x0000027ec60a89a0 DEOPT UNPACKING pc=0x0000027ef0875ba3 sp=0x00000091126f0c88 mode 2
Event: 39.682 Thread 0x0000027ec60a89a0 DEOPT PACKING pc=0x0000027eea18f06a sp=0x00000091126f5af0
Event: 39.682 Thread 0x0000027ec60a89a0 DEOPT UNPACKING pc=0x0000027ef08766e3 sp=0x00000091126f5000 mode 0
Event: 39.895 Thread 0x0000027ec60a89a0 Uncommon trap: trap_request=0xffffff45 fr.pc=0x0000027ef10e6580 relative=0x0000000000002da0
Event: 39.895 Thread 0x0000027ec60a89a0 Uncommon trap: reason=unstable_if action=reinterpret pc=0x0000027ef10e6580 method=java.util.regex.Pattern.has(I)Z @ 6 c2
Event: 39.895 Thread 0x0000027ec60a89a0 DEOPT PACKING pc=0x0000027ef10e6580 sp=0x00000091126f5a70
Event: 39.895 Thread 0x0000027ec60a89a0 DEOPT UNPACKING pc=0x0000027ef0875ba3 sp=0x00000091126f59f0 mode 2
Event: 39.895 Thread 0x0000027ec60a89a0 Uncommon trap: trap_request=0xffffff45 fr.pc=0x0000027ef0e5ecd8 relative=0x0000000000000058
Event: 39.895 Thread 0x0000027ec60a89a0 Uncommon trap: reason=unstable_if action=reinterpret pc=0x0000027ef0e5ecd8 method=java.util.regex.Pattern.has(I)Z @ 6 c2
Event: 39.895 Thread 0x0000027ec60a89a0 DEOPT PACKING pc=0x0000027ef0e5ecd8 sp=0x00000091126f5a50
Event: 39.895 Thread 0x0000027ec60a89a0 DEOPT UNPACKING pc=0x0000027ef0875ba3 sp=0x00000091126f59e0 mode 2
Event: 39.945 Thread 0x0000027ec60a89a0 Uncommon trap: trap_request=0xffffffc6 fr.pc=0x0000027ef116a398 relative=0x0000000000000058
Event: 39.945 Thread 0x0000027ec60a89a0 Uncommon trap: reason=bimorphic_or_optimized_type_check action=maybe_recompile pc=0x0000027ef116a398 method=java.util.AbstractQueue.add(Ljava/lang/Object;)Z @ 2 c2
Event: 39.945 Thread 0x0000027ec60a89a0 DEOPT PACKING pc=0x0000027ef116a398 sp=0x00000091126f6aa0
Event: 39.945 Thread 0x0000027ec60a89a0 DEOPT UNPACKING pc=0x0000027ef0875ba3 sp=0x00000091126f6a68 mode 2
Event: 39.945 Thread 0x0000027ec60a89a0 Uncommon trap: trap_request=0xffffffc6 fr.pc=0x0000027ef116a398 relative=0x0000000000000058
Event: 39.945 Thread 0x0000027ec60a89a0 Uncommon trap: reason=bimorphic_or_optimized_type_check action=maybe_recompile pc=0x0000027ef116a398 method=java.util.AbstractQueue.add(Ljava/lang/Object;)Z @ 2 c2
Event: 39.945 Thread 0x0000027ec60a89a0 DEOPT PACKING pc=0x0000027ef116a398 sp=0x00000091126f6aa0
Event: 39.945 Thread 0x0000027ec60a89a0 DEOPT UNPACKING pc=0x0000027ef0875ba3 sp=0x00000091126f6a68 mode 2

Classes unloaded (0 events):
No events

Classes redefined (0 events):
No events

Internal exceptions (20 events):
Event: 25.620 Thread 0x0000027ec60a89a0 Exception <a 'java/lang/ClassNotFoundException'{0x00000000860bd858}: org/gradle/api/internal/tasks/DefaultTaskCollection_DecoratedCustomizer> (0x00000000860bd858) 
thrown [s\open\src\hotspot\share\classfile\systemDictionary.cpp, line 256]
Event: 25.626 Thread 0x0000027ec60a89a0 Exception <a 'java/lang/NoSuchMethodError'{0x0000000085f28808}: 'long java.lang.invoke.DirectMethodHandle$Holder.invokeVirtual(java.lang.Object, java.lang.Object)'> (0x0000000085f28808) 
thrown [s\open\src\hotspot\share\interpreter\linkResolver.cpp, line 759]
Event: 25.639 Thread 0x0000027ec60a93c0 Exception <a 'java/lang/NoSuchMethodError'{0x0000000085f6cbb0}: static Lorg/gradle/internal/build/event/types/DefaultOperationFinishedProgressEvent;.<clinit>()V> (0x0000000085f6cbb0) 
thrown [s\open\src\hotspot\share\prims\jni.cpp, line 1107]
Event: 25.640 Thread 0x0000027ec60a93c0 Exception <a 'java/lang/NoSuchMethodError'{0x0000000085f97498}: static Lorg/gradle/internal/build/event/types/DefaultProjectConfigurationSuccessResult;.<clinit>()V> (0x0000000085f97498) 
thrown [s\open\src\hotspot\share\prims\jni.cpp, line 1107]
Event: 25.640 Thread 0x0000027ec60a93c0 Exception <a 'java/lang/NoSuchMethodError'{0x0000000085f9be98}: static Lorg/gradle/internal/build/event/types/AbstractProjectConfigurationResult;.<clinit>()V> (0x0000000085f9be98) 
thrown [s\open\src\hotspot\share\prims\jni.cpp, line 1107]
Event: 25.640 Thread 0x0000027ec60a93c0 Exception <a 'java/lang/NoSuchMethodError'{0x0000000085f9d5e0}: static Lorg/gradle/internal/build/event/types/AbstractOperationResult;.<clinit>()V> (0x0000000085f9d5e0) 
thrown [s\open\src\hotspot\share\prims\jni.cpp, line 1107]
Event: 25.640 Thread 0x0000027ec60a93c0 Exception <a 'java/lang/NoSuchMethodError'{0x0000000085f9ea30}: static Lorg/gradle/internal/build/event/types/AbstractResult;.<clinit>()V> (0x0000000085f9ea30) 
thrown [s\open\src\hotspot\share\prims\jni.cpp, line 1107]
Event: 25.641 Thread 0x0000027ec60a93c0 Exception <a 'java/lang/NoSuchMethodError'{0x0000000085fb7998}: static Lorg/gradle/internal/build/event/types/DefaultPluginApplicationResult;.<clinit>()V> (0x0000000085fb7998) 
thrown [s\open\src\hotspot\share\prims\jni.cpp, line 1107]
Event: 25.641 Thread 0x0000027ec60a93c0 Exception <a 'java/lang/NoSuchMethodError'{0x0000000085ff56a8}: static Lorg/gradle/internal/build/event/types/DefaultBinaryPluginIdentifier;.<clinit>()V> (0x0000000085ff56a8) 
thrown [s\open\src\hotspot\share\prims\jni.cpp, line 1107]
Event: 25.642 Thread 0x0000027ec60a93c0 Exception <a 'java/lang/NoSuchMethodError'{0x0000000085e0f580}: static Lorg/gradle/internal/build/event/types/DefaultScriptPluginIdentifier;.<clinit>()V> (0x0000000085e0f580) 
thrown [s\open\src\hotspot\share\prims\jni.cpp, line 1107]
Event: 25.700 Thread 0x0000027ec60a89a0 Implicit null exception at 0x0000027ef10fec8f to 0x0000027ef10ff2f8
Event: 25.700 Thread 0x0000027ec60a89a0 Implicit null exception at 0x0000027ef10ffb14 to 0x0000027ef1100194
Event: 29.140 Thread 0x0000027ec60a89a0 Exception <a 'java/lang/ClassNotFoundException'{0x0000000088aeb050}: org/gradle/api/internal/plugins/DefaultObjectConfigurationActionBeanInfo> (0x0000000088aeb050) 
thrown [s\open\src\hotspot\share\classfile\systemDictionary.cpp, line 256]
Event: 29.141 Thread 0x0000027ec60a89a0 Exception <a 'java/lang/ClassNotFoundException'{0x0000000088901230}: org/gradle/api/internal/plugins/DefaultObjectConfigurationActionCustomizer> (0x0000000088901230) 
thrown [s\open\src\hotspot\share\classfile\systemDictionary.cpp, line 256]
Event: 31.540 Thread 0x0000027ec60a89a0 Exception <a 'java/lang/NoSuchMethodError'{0x0000000085d36cc0}: 'java.lang.Object java.lang.invoke.DirectMethodHandle$Holder.invokeSpecial(java.lang.Object, java.lang.Object, long, java.lang.Object, java.lang.Object, java.lang.Object, java.lang.Object, java.lang.Object, java.lang.Object, java.lang.Object, java.lang.Object, java.lang.Object)'> (0x0000000085d36cc0) 
thrown [s\open\src\hotspot\share\interpreter\linkResolver.cpp, line 759]
Event: 31.540 Thread 0x0000027ec60a89a0 Exception <a 'java/lang/NoSuchMethodError'{0x0000000085d3c860}: 'java.lang.Object java.lang.invoke.DelegatingMethodHandle$Holder.reinvoke_L(java.lang.Object, long, java.lang.Object, java.lang.Object, java.lang.Object, java.lang.Object, java.lang.Object, java.lang.Object, java.lang.Object, java.lang.Object, java.lang.Object)'> (0x0000000085d3c860) 
thrown [s\open\src\hotspot\share\interpreter\linkResolver.cpp, line 759]
Event: 32.381 Thread 0x0000027ec60a89a0 Exception <a 'java/lang/NoSuchMethodError'{0x0000000088597980}: 'int java.lang.invoke.DirectMethodHandle$Holder.invokeSpecialIFC(java.lang.Object, java.lang.Object, java.lang.Object, java.lang.Object, java.lang.Object)'> (0x0000000088597980) 
thrown [s\open\src\hotspot\share\interpreter\linkResolver.cpp, line 759]
Event: 36.708 Thread 0x0000027ec60a89a0 Exception <a 'java/lang/NoSuchMethodError'{0x000000008de02140}: 'void java.lang.invoke.DirectMethodHandle$Holder.invokeVirtual(java.lang.Object, java.lang.Object)'> (0x000000008de02140) 
thrown [s\open\src\hotspot\share\interpreter\linkResolver.cpp, line 759]
Event: 37.838 Thread 0x0000027ec60a89a0 Implicit null exception at 0x0000027ef0fd6e8c to 0x0000027ef0fd6fbe
Event: 38.105 Thread 0x0000027ec60a89a0 Exception <a 'sun/nio/fs/WindowsException'{0x000000008c7452d0}> (0x000000008c7452d0) 
thrown [s\open\src\hotspot\share\prims\jni.cpp, line 516]

VM Operations (20 events):
Event: 35.631 Executing VM operation: HandshakeAllThreads
Event: 35.631 Executing VM operation: HandshakeAllThreads done
Event: 36.438 Executing VM operation: HandshakeAllThreads
Event: 36.438 Executing VM operation: HandshakeAllThreads done
Event: 36.438 Executing VM operation: Cleanup
Event: 36.439 Executing VM operation: Cleanup done
Event: 37.448 Executing VM operation: Cleanup
Event: 37.448 Executing VM operation: Cleanup done
Event: 37.820 Executing VM operation: HandshakeAllThreads
Event: 37.821 Executing VM operation: HandshakeAllThreads done
Event: 37.843 Executing VM operation: HandshakeAllThreads
Event: 37.843 Executing VM operation: HandshakeAllThreads done
Event: 37.844 Executing VM operation: HandshakeAllThreads
Event: 37.844 Executing VM operation: HandshakeAllThreads done
Event: 38.846 Executing VM operation: Cleanup
Event: 38.846 Executing VM operation: Cleanup done
Event: 39.854 Executing VM operation: Cleanup
Event: 39.854 Executing VM operation: Cleanup done
Event: 40.866 Executing VM operation: Cleanup
Event: 40.866 Executing VM operation: Cleanup done

Events (20 events):
Event: 37.865 loading class sun/security/util/KeyUtil
Event: 37.865 loading class sun/security/util/KeyUtil done
Event: 37.865 loading class sun/security/util/Length
Event: 37.865 loading class sun/security/util/Length done
Event: 37.865 loading class javax/crypto/SecretKey
Event: 37.865 loading class javax/crypto/SecretKey done
Event: 37.866 loading class java/util/Base64
Event: 37.866 loading class java/util/Base64 done
Event: 37.866 loading class java/util/Base64$Decoder
Event: 37.866 loading class java/util/Base64$Decoder done
Event: 37.866 loading class java/util/Base64$Encoder
Event: 37.866 loading class java/util/Base64$Encoder done
Event: 37.867 loading class java/util/jar/JarVerifier$VerifierStream
Event: 37.867 loading class java/util/jar/JarVerifier$VerifierStream done
Event: 37.867 loading class sun/security/util/ManifestEntryVerifier$SunProviderHolder
Event: 37.867 loading class sun/security/util/ManifestEntryVerifier$SunProviderHolder done
Event: 38.333 Thread 0x0000027ec9e2c360 Thread exited: 0x0000027ec9e2c360
Event: 38.371 Thread 0x0000027ec999e930 Thread exited: 0x0000027ec999e930
Event: 39.915 loading class sun/reflect/annotation/AnnotationInvocationHandler$1
Event: 39.915 loading class sun/reflect/annotation/AnnotationInvocationHandler$1 done


Dynamic libraries:
0x00007ff65b350000 - 0x00007ff65b360000 	C:\Program Files\Java\jdk-17\bin\java.exe
0x00007ffc421c0000 - 0x00007ffc42427000 	C:\WINDOWS\SYSTEM32\ntdll.dll
0x00007ffc407f0000 - 0x00007ffc408b9000 	C:\WINDOWS\System32\KERNEL32.DLL
0x00007ffc3faa0000 - 0x00007ffc3fe8f000 	C:\WINDOWS\System32\KERNELBASE.dll
0x00007ffc3f950000 - 0x00007ffc3fa9b000 	C:\WINDOWS\System32\ucrtbase.dll
0x00007ffc0ed30000 - 0x00007ffc0ed4b000 	C:\Program Files\Java\jdk-17\bin\VCRUNTIME140.dll
0x00007ffc0e840000 - 0x00007ffc0e859000 	C:\Program Files\Java\jdk-17\bin\jli.dll
0x00007ffc3ffa0000 - 0x00007ffc40054000 	C:\WINDOWS\System32\ADVAPI32.dll
0x00007ffc41fd0000 - 0x00007ffc42079000 	C:\WINDOWS\System32\msvcrt.dll
0x00007ffc418f0000 - 0x00007ffc41996000 	C:\WINDOWS\System32\sechost.dll
0x00007ffc415f0000 - 0x00007ffc41708000 	C:\WINDOWS\System32\RPCRT4.dll
0x00007ffc41720000 - 0x00007ffc418e5000 	C:\WINDOWS\System32\USER32.dll
0x00007ffc2c9a0000 - 0x00007ffc2cc33000 	C:\WINDOWS\WinSxS\amd64_microsoft.windows.common-controls_6595b64144ccf1df_6.0.26100.7309_none_3e05feeae336a044\COMCTL32.dll
0x00007ffc3f310000 - 0x00007ffc3f337000 	C:\WINDOWS\System32\win32u.dll
0x00007ffc3ff70000 - 0x00007ffc3ff9b000 	C:\WINDOWS\System32\GDI32.dll
0x00007ffc3f790000 - 0x00007ffc3f8bc000 	C:\WINDOWS\System32\gdi32full.dll
0x00007ffc3f630000 - 0x00007ffc3f6d3000 	C:\WINDOWS\System32\msvcp_win.dll
0x00007ffc355a0000 - 0x00007ffc355ab000 	C:\WINDOWS\SYSTEM32\VERSION.dll
0x00007ffc414f0000 - 0x00007ffc41521000 	C:\WINDOWS\System32\IMM32.DLL
0x00007ffc0e820000 - 0x00007ffc0e82c000 	C:\Program Files\Java\jdk-17\bin\vcruntime140_1.dll
0x00007ffbe54f0000 - 0x00007ffbe557e000 	C:\Program Files\Java\jdk-17\bin\msvcp140.dll
0x00007ffb80370000 - 0x00007ffb80f51000 	C:\Program Files\Java\jdk-17\bin\server\jvm.dll
0x00007ffc3ff60000 - 0x00007ffc3ff68000 	C:\WINDOWS\System32\PSAPI.DLL
0x00007ffc0e810000 - 0x00007ffc0e81a000 	C:\WINDOWS\SYSTEM32\WSOCK32.dll
0x00007ffc30300000 - 0x00007ffc30335000 	C:\WINDOWS\SYSTEM32\WINMM.dll
0x00007ffc42100000 - 0x00007ffc42174000 	C:\WINDOWS\System32\WS2_32.dll
0x00007ffc3e1c0000 - 0x00007ffc3e1db000 	C:\WINDOWS\SYSTEM32\kernel.appcore.dll
0x00007ffc0c700000 - 0x00007ffc0c70a000 	C:\Program Files\Java\jdk-17\bin\jimage.dll
0x00007ffc3ca40000 - 0x00007ffc3cc82000 	C:\WINDOWS\SYSTEM32\DBGHELP.DLL
0x00007ffc40060000 - 0x00007ffc403e5000 	C:\WINDOWS\System32\combase.dll
0x00007ffc41040000 - 0x00007ffc41116000 	C:\WINDOWS\System32\OLEAUT32.dll
0x00007ffc1a530000 - 0x00007ffc1a56c000 	C:\WINDOWS\SYSTEM32\dbgcore.DLL
0x00007ffc3f6e0000 - 0x00007ffc3f785000 	C:\WINDOWS\System32\bcryptPrimitives.dll
0x00007ffc31150000 - 0x00007ffc3115e000 	C:\Program Files\Java\jdk-17\bin\instrument.dll
0x00007ffc09320000 - 0x00007ffc09345000 	C:\Program Files\Java\jdk-17\bin\java.dll
0x00007ffba1fd0000 - 0x00007ffba20a7000 	C:\Program Files\Java\jdk-17\bin\jsvml.dll
0x00007ffc408c0000 - 0x00007ffc41013000 	C:\WINDOWS\System32\SHELL32.dll
0x00007ffc3f4c0000 - 0x00007ffc3f62a000 	C:\WINDOWS\System32\wintypes.dll
0x00007ffc3cf10000 - 0x00007ffc3d76e000 	C:\WINDOWS\SYSTEM32\windows.storage.dll
0x00007ffc41e60000 - 0x00007ffc41f55000 	C:\WINDOWS\System32\SHCORE.dll
0x00007ffc41380000 - 0x00007ffc413e6000 	C:\WINDOWS\System32\shlwapi.dll
0x00007ffc3f230000 - 0x00007ffc3f259000 	C:\WINDOWS\SYSTEM32\profapi.dll
0x00007ffc0c200000 - 0x00007ffc0c218000 	C:\Program Files\Java\jdk-17\bin\zip.dll
0x00007ffc0b610000 - 0x00007ffc0b629000 	C:\Program Files\Java\jdk-17\bin\net.dll
0x00007ffc35250000 - 0x00007ffc35378000 	C:\WINDOWS\SYSTEM32\WINHTTP.dll
0x00007ffc3e750000 - 0x00007ffc3e7bb000 	C:\WINDOWS\system32\mswsock.dll
0x00007ffc07fc0000 - 0x00007ffc07fd6000 	C:\Program Files\Java\jdk-17\bin\nio.dll
0x00007ffc0c680000 - 0x00007ffc0c690000 	C:\Program Files\Java\jdk-17\bin\verify.dll
0x00007ffc09d60000 - 0x00007ffc09d87000 	E:\Download\gradle-8.5\native\1def1411415f61bf3af743bc5b6707747c0891f09f0c88961ee8f79bc544acac\windows-amd64\native-platform.dll
0x00007ffc08ae0000 - 0x00007ffc08b58000 	E:\Download\gradle-8.5\native\0.2.7\x86_64-windows-gnu\gradle-fileevents.dll
0x00007ffc2df30000 - 0x00007ffc2df3a000 	C:\Program Files\Java\jdk-17\bin\management.dll
0x00007ffc2df20000 - 0x00007ffc2df2b000 	C:\Program Files\Java\jdk-17\bin\management_ext.dll
0x00007ffc3db60000 - 0x00007ffc3db94000 	C:\WINDOWS\SYSTEM32\IPHLPAPI.DLL
0x00007ffc41710000 - 0x00007ffc4171a000 	C:\WINDOWS\System32\NSI.dll
0x00007ffc35160000 - 0x00007ffc3517e000 	C:\WINDOWS\SYSTEM32\dhcpcsvc6.DLL
0x00007ffc35130000 - 0x00007ffc35153000 	C:\WINDOWS\SYSTEM32\dhcpcsvc.DLL
0x00007ffc3dc00000 - 0x00007ffc3dd2c000 	C:\WINDOWS\SYSTEM32\DNSAPI.dll
0x00007ffc3ea10000 - 0x00007ffc3ea2b000 	C:\WINDOWS\SYSTEM32\CRYPTSP.dll
0x00007ffc3e120000 - 0x00007ffc3e15a000 	C:\WINDOWS\system32\rsaenh.dll
0x00007ffc3e800000 - 0x00007ffc3e82b000 	C:\WINDOWS\SYSTEM32\USERENV.dll
0x00007ffc3f200000 - 0x00007ffc3f22a000 	C:\WINDOWS\SYSTEM32\bcrypt.dll
0x00007ffc3ea30000 - 0x00007ffc3ea3c000 	C:\WINDOWS\SYSTEM32\CRYPTBASE.dll
0x00007ffc31140000 - 0x00007ffc3114e000 	C:\Program Files\Java\jdk-17\bin\sunmscapi.dll
0x00007ffc3f340000 - 0x00007ffc3f4b7000 	C:\WINDOWS\System32\CRYPT32.dll
0x00007ffc3ec30000 - 0x00007ffc3ec60000 	C:\WINDOWS\SYSTEM32\ncrypt.dll
0x00007ffc3ebe0000 - 0x00007ffc3ec1f000 	C:\WINDOWS\SYSTEM32\NTASN1.dll
0x00007ffc346b0000 - 0x00007ffc346b8000 	C:\WINDOWS\system32\wshunix.dll

dbghelp: loaded successfully - version: 4.0.5 - missing functions: none
symbol engine: initialized successfully - sym options: 0x614 - pdb path: .;C:\Program Files\Java\jdk-17\bin;C:\WINDOWS\SYSTEM32;C:\WINDOWS\WinSxS\amd64_microsoft.windows.common-controls_6595b64144ccf1df_6.0.26100.7309_none_3e05feeae336a044;C:\Program Files\Java\jdk-17\bin\server;E:\Download\gradle-8.5\native\1def1411415f61bf3af743bc5b6707747c0891f09f0c88961ee8f79bc544acac\windows-amd64;E:\Download\gradle-8.5\native\0.2.7\x86_64-windows-gnu

VM Arguments:
jvm_args: --add-opens=java.base/java.lang=ALL-UNNAMED --add-opens=java.base/java.lang.invoke=ALL-UNNAMED --add-opens=java.base/java.util=ALL-UNNAMED --add-opens=java.prefs/java.util.prefs=ALL-UNNAMED --add-exports=jdk.compiler/com.sun.tools.javac.api=ALL-UNNAMED --add-exports=jdk.compiler/com.sun.tools.javac.util=ALL-UNNAMED --add-opens=java.base/java.util=ALL-UNNAMED --add-opens=java.prefs/java.util.prefs=ALL-UNNAMED --add-opens=java.base/java.nio.charset=ALL-UNNAMED --add-opens=java.base/java.net=ALL-UNNAMED --add-opens=java.base/java.util.concurrent.atomic=ALL-UNNAMED --add-opens=java.xml/javax.xml.namespace=ALL-UNNAMED -Xmx2048m -Dfile.encoding=UTF-8 -Duser.country=US -Duser.language=en -Duser.variant -javaagent:E:\Download\gradle-8.5\wrapper\dists\gradle-8.13-bin\5xuhj0ry160q40clulazy9h7d\gradle-8.13\lib\agents\gradle-instrumentation-agent-8.13.jar 
java_command: org.gradle.launcher.daemon.bootstrap.GradleDaemon 8.13
java_class_path (initial): E:\Download\gradle-8.5\wrapper\dists\gradle-8.13-bin\5xuhj0ry160q40clulazy9h7d\gradle-8.13\lib\gradle-daemon-main-8.13.jar
Launcher Type: SUN_STANDARD

[Global flags]
     intx CICompilerCount                          = 4                                         {product} {ergonomic}
     uint ConcGCThreads                            = 3                                         {product} {ergonomic}
     uint G1ConcRefinementThreads                  = 10                                        {product} {ergonomic}
   size_t G1HeapRegionSize                         = 1048576                                   {product} {ergonomic}
    uintx GCDrainStackTargetSize                   = 64                                        {product} {ergonomic}
   size_t InitialHeapSize                          = 266338304                                 {product} {ergonomic}
   size_t MarkStackSize                            = 4194304                                   {product} {ergonomic}
   size_t MaxHeapSize                              = 2147483648                                {product} {command line}
   size_t MaxNewSize                               = 1287651328                                {product} {ergonomic}
   size_t MinHeapDeltaBytes                        = 1048576                                   {product} {ergonomic}
   size_t MinHeapSize                              = 8388608                                   {product} {ergonomic}
    uintx NonNMethodCodeHeapSize                   = 5839372                                {pd product} {ergonomic}
    uintx NonProfiledCodeHeapSize                  = 122909434                              {pd product} {ergonomic}
    uintx ProfiledCodeHeapSize                     = 122909434                              {pd product} {ergonomic}
    uintx ReservedCodeCacheSize                    = 251658240                              {pd product} {ergonomic}
     bool SegmentedCodeCache                       = true                                      {product} {ergonomic}
   size_t SoftMaxHeapSize                          = 2147483648                             {manageable} {ergonomic}
     bool UseCompressedClassPointers               = true                           {product lp64_product} {ergonomic}
     bool UseCompressedOops                        = true                           {product lp64_product} {ergonomic}
     bool UseG1GC                                  = true                                      {product} {ergonomic}
     bool UseLargePagesIndividualAllocation        = false                                  {pd product} {ergonomic}

Logging:
Log output configuration:
 #0: stdout all=warning uptime,level,tags
 #1: stderr all=off uptime,level,tags

Environment Variables:
PATH=C:\Program Files\Common Files\Oracle\Java\javapath;C:\Program Files (x86)\VMware\VMware Workstation\bin\;C:\Windows\system32;C:\Windows;C:\Windows\System32\Wbem;C:\Windows\System32\WindowsPowerShell\v1.0\;C:\Windows\System32\OpenSSH\;C:\Program Files (x86)\Microsoft SQL Server\160\Tools\Binn\;C:\Program Files\Microsoft SQL Server\160\Tools\Binn\;C:\Program Files\Microsoft SQL Server\Client SDK\ODBC\170\Tools\Binn\;C:\Program Files\Microsoft SQL Server\160\DTS\Binn\;C:\Program Files (x86)\Microsoft SQL Server\160\DTS\Binn\;C:\Program Files\Azure Data Studio\bin;C:\WINDOWS\system32;C:\WINDOWS;C:\WINDOWS\System32\Wbem;C:\WINDOWS\System32\WindowsPowerShell\v1.0\;C:\WINDOWS\System32\OpenSSH\;C:\Program Files\nodejs\;C:\Program Files\Microsoft SQL Server\150\Tools\Binn\;C:\Program Files (x86)\NVIDIA Corporation\PhysX\Common;C:\Flutter\flutter\bin;C:\vscode\Microsoft VS Code;C:\Program Files\Git\cmd;C:\Program Files\dotnet\;C:\Program Files (x86)\Windows Kits\10\Windows Performance Toolkit\;C:\Program Files\Cloudflare\Cloudflare WARP\;C:\Composer;;C:\Program Files\NVIDIA Corporation\NVIDIA App\NvDLISR;$newPath;C:\Users\MINH KHA\AppData\Local\Programs\Microsoft VS Code\bin;C:\Users\MINH KHA\.dotnet\tools;C:\Users\MINH KHA\AppData\Roaming\Composer\vendor\bin;C:\Composer;C:\PhP;C:\Android_studio\platform-tools;
USERNAME=MINH KHA
OS=Windows_NT
PROCESSOR_IDENTIFIER=Intel64 Family 6 Model 141 Stepping 1, GenuineIntel



---------------  S Y S T E M  ---------------

OS:
 Windows 11 , 64 bit Build 26100 (10.0.26100.7309)
OS uptime: 0 days 1:18 hours
Hyper-V role detected

CPU: total 12 (initial active 12) (6 cores per cpu, 2 threads per core) family 6 model 141 stepping 1 microcode 0x3c, cx8, cmov, fxsr, ht, mmx, 3dnowpref, sse, sse2, sse3, ssse3, sse4.1, sse4.2, popcnt, lzcnt, tsc, tscinvbit, avx, avx2, aes, erms, clmul, bmi1, bmi2, adx, avx512f, avx512dq, avx512cd, avx512bw, avx512vl, sha, fma, vzeroupper, avx512_vpopcntdq, avx512_vpclmulqdq, avx512_vaes, avx512_vnni, clflush, clflushopt, clwb, avx512_vbmi2, avx512_vbmi, hv

Memory: 4k page, system-wide physical 16163M (4361M free)
TotalPageFile size 17443M (AvailPageFile size 22M)
current process WorkingSet (physical memory assigned to process): 409M, peak: 427M
current process commit charge ("private bytes"): 516M, peak: 535M

vm_info: Java HotSpot(TM) 64-Bit Server VM (17.0.9+11-LTS-201) for windows-amd64 JRE (17.0.9+11-LTS-201), built on Oct 10 2023 23:16:06 by "mach5one" with MS VC++ 17.1 (VS2022)

END.
